23:58:45.311 [JavaFX Application Thread] DEBUG GameApplication      - Logger initialized
23:58:45.317 [JavaFX Application Thread] DEBUG MainWindow           - Creating a JavaFX scene
23:58:45.438 [JavaFX Application Thread] DEBUG MainWindow           - Target settings size: 860.0 x 600.0
23:58:45.438 [JavaFX Application Thread] DEBUG MainWindow           - Scaled scene size:    860.0 x 600.0
23:58:45.439 [JavaFX Application Thread] DEBUG MainWindow           - Scaled ratio: (1.0, 1.0)
23:58:45.444 [JavaFX Application Thread] DEBUG GameApplication      - Starting FXGL
23:58:45.447 [JavaFX Application Thread] INFO  FXGL                 - FXGL-0.5.3 on DESKTOP
23:58:45.448 [JavaFX Application Thread] INFO  FXGL                 - Source code and latest versions at: https://github.com/AlmasB/FXGL
23:58:45.448 [JavaFX Application Thread] INFO  FXGL                 -              Join the FXGL chat at: https://gitter.im/AlmasB/FXGL
23:58:45.456 [JavaFX Application Thread] DEBUG FS                   - Loaded DesktopFSService
23:58:45.457 [JavaFX Application Thread] DEBUG FXGL                 - Loading FXGL system data
23:58:45.464 [JavaFX Application Thread] DEBUG DesktopFSService     - Reading from: system/fxgl.bundle
23:58:45.472 [JavaFX Application Thread] DEBUG Bundle               - Logging bundle: FXGL
23:58:45.472 [JavaFX Application Thread] DEBUG Bundle               - FXGL.offline.timer.version.check=2019-02-21T16:31:03.317
23:58:45.501 [JavaFX Application Thread] DEBUG GameApplication      - FXGL started
23:58:45.501 [JavaFX Application Thread] DEBUG GameApplication      - Logging game settings
Title: Alpha
Version: 0.0
Width: 860
Height: 600
Fullscreen: false
Intro: false
Menus: false
Profiling: false
Single step:false
App Mode: DEVELOPER
Menu Key: ESCAPE
Stage Style: DECORATED
Scene Factory: class com.almasb.fxgl.scene.SceneFactory
Dialog Factory: class com.almasb.fxgl.ui.FXGLDialogFactory
UI Factory: class com.almasb.fxgl.ui.FXGLUIFactory
Notification Service: class com.almasb.fxgl.gameplay.notification.XboxNotificationView
Exception Handler: class com.almasb.fxgl.app.FXGLExceptionHandler
23:58:45.502 [JavaFX Application Thread] DEBUG GameApplication      - Configuring GameApplication
23:58:45.502 [JavaFX Application Thread] DEBUG GameApplication      - Initializing state machine and application states
23:58:45.514 [JavaFX Application Thread] DEBUG AssetLoader          - Loading from disk: /assets/ui/cursors/fxgl_default.png
23:58:45.537 [JavaFX Application Thread] DEBUG AssetLoader          - Loading from disk: /assets/ui/cursors/fxgl_default.png
23:58:45.564 [JavaFX Application Thread] DEBUG FXGLAssets           - Loading FXGLAssets
23:58:45.587 [JavaFX Application Thread] DEBUG AssetLoader          - Loading from disk: /assets/ui/fonts/VarelaRound-Regular.ttf
23:58:45.599 [JavaFX Application Thread] DEBUG AssetLoader          - Loading from disk: /assets/ui/fonts/lucida_console.ttf
23:58:45.601 [JavaFX Application Thread] DEBUG AssetLoader          - Loading from disk: /assets/ui/fonts/Courier-Prime.ttf
23:58:45.603 [JavaFX Application Thread] DEBUG AssetLoader          - Loading from disk: /assets/ui/fonts/Abel-Regular.ttf
23:58:45.604 [JavaFX Application Thread] DEBUG AssetLoader          - Loading from disk: /assets/ui/css/fxgl_dark.css
23:58:45.631 [JavaFX Application Thread] DEBUG AssetLoader          - Loading from disk: /assets/ui/cursors/fxgl_default.png
23:58:45.662 [JavaFX Application Thread] DEBUG AssetLoader          - Loading from disk: /assets/ui/cursors/fxgl_default.png
23:58:45.682 [JavaFX Application Thread] DEBUG GameScene            - Game scene initialized: 860x600
23:58:45.685 [JavaFX Application Thread] DEBUG GameWorld            - Game world initialized
23:58:45.723 [JavaFX Application Thread] DEBUG PhysicsWorld         - Physics world initialized: appHeight=600, physics.ppm=50.0
23:58:45.739 [JavaFX Application Thread] DEBUG Input                - Registered new binding: Pause - Esc
23:58:45.755 [JavaFX Application Thread] DEBUG Input                - Clearing active input actions
23:58:45.795 [JavaFX Application Thread] DEBUG AppStateMachine      - StartupState -> StartupState
23:58:45.798 [JavaFX Application Thread] INFO  GameApplication      - Game configuration took:  0.296 sec
23:58:45.800 [JavaFX Application Thread] DEBUG AssetLoader          - Loading from disk: /assets/textures/fxgl_icon.png
23:58:45.815 [JavaFX Application Thread] DEBUG MainWindow           - Opening main window
23:58:45.884 [JavaFX Application Thread] DEBUG MainWindow           - Window border size: (0.0, 0.0)
23:58:45.884 [JavaFX Application Thread] DEBUG MainWindow           - Scaled size: 860.0 x 600.0
23:58:45.884 [JavaFX Application Thread] DEBUG MainWindow           - Scaled ratio: (1.0, 1.0)
23:58:45.885 [JavaFX Application Thread] DEBUG MainWindow           - Scene size: 860.0 x 600.0
23:58:45.885 [JavaFX Application Thread] DEBUG MainWindow           - Stage size: 860.0 x 600.0
23:58:45.885 [JavaFX Application Thread] DEBUG GameApplication      - Running preInit()
23:58:45.886 [JavaFX Application Thread] DEBUG Input                - Registered new binding: Screenshot - P
23:58:45.887 [JavaFX Application Thread] DEBUG Input                - Registered new binding: Dev Options - CTRL+0
23:58:45.887 [JavaFX Application Thread] DEBUG Input                - Registered new binding: System info dump - CTRL+9
23:58:45.887 [JavaFX Application Thread] DEBUG Input                - Registered new binding: Restart - CTRL+R
23:58:45.888 [JavaFX Application Thread] DEBUG Input                - Registered new binding: Up 1 - W
23:58:45.888 [JavaFX Application Thread] DEBUG Input                - Registered new binding: Down 1 - S
23:58:45.888 [JavaFX Application Thread] DEBUG Input                - Registered new binding: Right 1 - D
23:58:45.888 [JavaFX Application Thread] DEBUG Input                - Registered new binding: Left 1 - A
23:58:45.888 [JavaFX Application Thread] DEBUG Input                - Registered new binding: Tab - Tab
23:58:45.920 [JavaFX Application Thread] DEBUG GameApplication      - Starting main loop
23:58:45.935 [JavaFX Application Thread] DEBUG StartupState         - STARTUP
23:58:45.935 [JavaFX Application Thread] DEBUG GameApplication      - Starting new game
23:58:45.936 [JavaFX Application Thread] DEBUG Input                - Clearing active input actions
23:58:45.942 [JavaFX Application Thread] DEBUG AppStateMachine      - StartupState -> LoadingState
23:58:45.947 [FXGL Background Thread 1 ] DEBUG InitAppTask          - Clearing previous game
23:58:45.947 [FXGL Background Thread 1 ] DEBUG GameWorld            - Clearing game world
23:58:45.948 [FXGL Background Thread 1 ] DEBUG PhysicsWorld         - Clearing physics world
23:58:45.948 [FXGL Background Thread 1 ] DEBUG GameScene            - Clearing game scene
23:58:45.949 [FXGL Background Thread 1 ] DEBUG InitAppTask          - Initializing Game
23:58:45.954 [FXGL Background Thread 1 ] DEBUG InitAppTask          - Initializing Physics
23:58:45.955 [FXGL Background Thread 1 ] DEBUG InitAppTask          - Initializing UI
23:58:45.955 [FXGL Background Thread 1 ] DEBUG AssetLoader          - Loading from disk: /assets/ui/login.fxml
23:58:47.012 [FXGL Background Thread 1 ] DEBUG AssetLoader          - Loading from disk: /assets/ui/mainpanel.fxml
23:58:47.035 [FXGL Background Thread 1 ] DEBUG AssetLoader          - Loading from disk: /assets/textures/ui/box.png
23:58:47.038 [FXGL Background Thread 1 ] DEBUG AssetLoader          - Loading from cache: /assets/textures/ui/box.png
23:58:47.038 [FXGL Background Thread 1 ] DEBUG AssetLoader          - Loading from cache: /assets/textures/ui/box.png
23:58:47.038 [FXGL Background Thread 1 ] DEBUG AssetLoader          - Loading from cache: /assets/textures/ui/box.png
23:58:47.038 [FXGL Background Thread 1 ] DEBUG AssetLoader          - Loading from cache: /assets/textures/ui/box.png
23:58:47.039 [FXGL Background Thread 1 ] DEBUG AssetLoader          - Loading from cache: /assets/textures/ui/box.png
23:58:47.039 [FXGL Background Thread 1 ] DEBUG AssetLoader          - Loading from cache: /assets/textures/ui/box.png
23:58:47.039 [FXGL Background Thread 1 ] DEBUG AssetLoader          - Loading from cache: /assets/textures/ui/box.png
23:58:47.039 [FXGL Background Thread 1 ] DEBUG AssetLoader          - Loading from cache: /assets/textures/ui/box.png
23:58:47.040 [FXGL Background Thread 1 ] DEBUG AssetLoader          - Loading from cache: /assets/textures/ui/box.png
23:58:47.040 [FXGL Background Thread 1 ] DEBUG AssetLoader          - Loading from cache: /assets/textures/ui/box.png
23:58:47.040 [FXGL Background Thread 1 ] DEBUG AssetLoader          - Loading from cache: /assets/textures/ui/box.png
23:58:47.040 [FXGL Background Thread 1 ] DEBUG AssetLoader          - Loading from cache: /assets/textures/ui/box.png
23:58:47.041 [FXGL Background Thread 1 ] DEBUG AssetLoader          - Loading from cache: /assets/textures/ui/box.png
23:58:47.041 [FXGL Background Thread 1 ] DEBUG AssetLoader          - Loading from cache: /assets/textures/ui/box.png
23:58:47.041 [FXGL Background Thread 1 ] DEBUG AssetLoader          - Loading from cache: /assets/textures/ui/box.png
23:58:47.041 [FXGL Background Thread 1 ] DEBUG InitAppTask          - Initialization Complete
23:58:47.042 [FXGL Background Thread 1 ] INFO  InitAppTask          - Game initialization took: 1.094 sec
23:58:47.056 [JavaFX Application Thread] DEBUG Input                - Clearing active input actions
23:58:47.069 [JavaFX Application Thread] DEBUG AppStateMachine      - LoadingState -> PlayState
23:58:50.473 [JavaFX Application Thread] DEBUG GameApplication      - Exiting game application
23:58:50.474 [JavaFX Application Thread] DEBUG GameApplication      - Shutting down background threads
23:58:50.474 [JavaFX Application Thread] DEBUG GameApplication      - Exiting FXGL
23:58:50.475 [JavaFX Application Thread] DEBUG FXGL                 - Saving FXGL system data
23:58:50.478 [JavaFX Application Thread] DEBUG DesktopFSService     - Writing to: system/fxgl.bundle
23:58:50.481 [JavaFX Application Thread] DEBUG GameApplication      - Closing logger and exiting JavaFX
