20:54:53.896 [JavaFX Application Thread] DEBUG GameApplication      - Logger initialized
20:54:53.902 [JavaFX Application Thread] DEBUG MainWindow           - Creating a JavaFX scene
20:54:54.028 [JavaFX Application Thread] DEBUG MainWindow           - Target settings size: 1024.0 x 860.0
20:54:54.028 [JavaFX Application Thread] DEBUG MainWindow           - Scaled scene size:    1024.0 x 860.0
20:54:54.028 [JavaFX Application Thread] DEBUG MainWindow           - Scaled ratio: (1.0, 1.0)
20:54:54.035 [JavaFX Application Thread] DEBUG GameApplication      - Starting FXGL
20:54:54.039 [JavaFX Application Thread] INFO  FXGL                 - FXGL-0.5.3 on DESKTOP
20:54:54.040 [JavaFX Application Thread] INFO  FXGL                 - Source code and latest versions at: https://github.com/AlmasB/FXGL
20:54:54.040 [JavaFX Application Thread] INFO  FXGL                 -              Join the FXGL chat at: https://gitter.im/AlmasB/FXGL
20:54:54.049 [JavaFX Application Thread] DEBUG FS                   - Loaded DesktopFSService
20:54:54.050 [JavaFX Application Thread] DEBUG FXGL                 - Loading FXGL system data
20:54:54.057 [JavaFX Application Thread] DEBUG DesktopFSService     - Reading from: system/fxgl.bundle
20:54:54.066 [JavaFX Application Thread] DEBUG Bundle               - Logging bundle: FXGL
20:54:54.067 [JavaFX Application Thread] DEBUG Bundle               - FXGL.offline.timer.version.check=2019-01-23T12:24:56.214
20:54:54.091 [JavaFX Application Thread] DEBUG GameApplication      - FXGL started
20:54:54.091 [JavaFX Application Thread] DEBUG GameApplication      - Logging game settings
Title: Basic Game App
Version: 0.0
Width: 1024
Height: 860
Fullscreen: false
Intro: false
Menus: false
Profiling: false
Single step:false
App Mode: DEVELOPER
Menu Key: ESCAPE
Stage Style: DECORATED
Scene Factory: class com.almasb.fxgl.scene.SceneFactory
Dialog Factory: class com.almasb.fxgl.ui.FXGLDialogFactory
UI Factory: class com.almasb.fxgl.ui.FXGLUIFactory
Notification Service: class com.almasb.fxgl.gameplay.notification.XboxNotificationView
Exception Handler: class com.almasb.fxgl.app.FXGLExceptionHandler
20:54:54.092 [JavaFX Application Thread] DEBUG GameApplication      - Configuring GameApplication
20:54:54.093 [JavaFX Application Thread] DEBUG GameApplication      - Initializing state machine and application states
20:54:54.114 [JavaFX Application Thread] DEBUG AssetLoader          - Loading from disk: /assets/ui/cursors/fxgl_default.png
20:54:54.137 [JavaFX Application Thread] DEBUG AssetLoader          - Loading from disk: /assets/ui/cursors/fxgl_default.png
20:54:54.169 [JavaFX Application Thread] DEBUG FXGLAssets           - Loading FXGLAssets
20:54:54.196 [JavaFX Application Thread] DEBUG AssetLoader          - Loading from disk: /assets/ui/fonts/VarelaRound-Regular.ttf
20:54:54.209 [JavaFX Application Thread] DEBUG AssetLoader          - Loading from disk: /assets/ui/fonts/lucida_console.ttf
20:54:54.212 [JavaFX Application Thread] DEBUG AssetLoader          - Loading from disk: /assets/ui/fonts/Courier-Prime.ttf
20:54:54.214 [JavaFX Application Thread] DEBUG AssetLoader          - Loading from disk: /assets/ui/fonts/Abel-Regular.ttf
20:54:54.215 [JavaFX Application Thread] DEBUG AssetLoader          - Loading from disk: /assets/ui/css/fxgl_dark.css
20:54:54.244 [JavaFX Application Thread] DEBUG AssetLoader          - Loading from disk: /assets/ui/cursors/fxgl_default.png
20:54:54.280 [JavaFX Application Thread] DEBUG AssetLoader          - Loading from disk: /assets/ui/cursors/fxgl_default.png
20:54:54.303 [JavaFX Application Thread] DEBUG GameScene            - Game scene initialized: 1024x860
20:54:54.308 [JavaFX Application Thread] DEBUG GameWorld            - Game world initialized
20:54:54.359 [JavaFX Application Thread] DEBUG PhysicsWorld         - Physics world initialized: appHeight=860, physics.ppm=50.0
20:54:54.375 [JavaFX Application Thread] DEBUG Input                - Registered new binding: Pause - Esc
20:54:54.391 [JavaFX Application Thread] DEBUG Input                - Clearing active input actions
20:54:54.434 [JavaFX Application Thread] DEBUG AppStateMachine      - StartupState -> StartupState
20:54:54.438 [JavaFX Application Thread] INFO  GameApplication      - Game configuration took:  0.345 sec
20:54:54.440 [JavaFX Application Thread] DEBUG AssetLoader          - Loading from disk: /assets/textures/fxgl_icon.png
20:54:54.455 [JavaFX Application Thread] DEBUG MainWindow           - Opening main window
20:54:54.523 [JavaFX Application Thread] DEBUG MainWindow           - Window border size: (0.0, 0.0)
20:54:54.524 [JavaFX Application Thread] DEBUG MainWindow           - Scaled size: 1024.0 x 860.0
20:54:54.524 [JavaFX Application Thread] DEBUG MainWindow           - Scaled ratio: (1.0, 1.0)
20:54:54.524 [JavaFX Application Thread] DEBUG MainWindow           - Scene size: 1024.0 x 860.0
20:54:54.524 [JavaFX Application Thread] DEBUG MainWindow           - Stage size: 1024.0 x 860.0
20:54:54.524 [JavaFX Application Thread] DEBUG GameApplication      - Running preInit()
20:54:54.526 [JavaFX Application Thread] DEBUG Input                - Registered new binding: Screenshot - P
20:54:54.526 [JavaFX Application Thread] DEBUG Input                - Registered new binding: Dev Options - CTRL+0
20:54:54.527 [JavaFX Application Thread] DEBUG Input                - Registered new binding: System info dump - CTRL+9
20:54:54.527 [JavaFX Application Thread] DEBUG Input                - Registered new binding: Restart - CTRL+R
20:54:54.527 [JavaFX Application Thread] DEBUG Input                - Registered new binding: Up 1 - W
20:54:54.527 [JavaFX Application Thread] DEBUG Input                - Registered new binding: Down 1 - S
20:54:54.528 [JavaFX Application Thread] DEBUG Input                - Registered new binding: Right 1 - D
20:54:54.528 [JavaFX Application Thread] DEBUG Input                - Registered new binding: Left 1 - A
20:54:54.559 [JavaFX Application Thread] DEBUG GameApplication      - Starting main loop
20:54:54.575 [JavaFX Application Thread] DEBUG StartupState         - STARTUP
20:54:54.576 [JavaFX Application Thread] DEBUG GameApplication      - Starting new game
20:54:54.576 [JavaFX Application Thread] DEBUG Input                - Clearing active input actions
20:54:54.583 [JavaFX Application Thread] DEBUG AppStateMachine      - StartupState -> LoadingState
20:54:54.587 [FXGL Background Thread 1 ] DEBUG InitAppTask          - Clearing previous game
20:54:54.588 [FXGL Background Thread 1 ] DEBUG GameWorld            - Clearing game world
20:54:54.588 [FXGL Background Thread 1 ] DEBUG PhysicsWorld         - Clearing physics world
20:54:54.588 [FXGL Background Thread 1 ] DEBUG GameScene            - Clearing game scene
20:54:54.589 [FXGL Background Thread 1 ] DEBUG InitAppTask          - Initializing Game
20:54:54.595 [FXGL Background Thread 1 ] DEBUG InitAppTask          - Initializing Physics
20:54:54.596 [FXGL Background Thread 1 ] DEBUG InitAppTask          - Initializing UI
20:54:54.596 [FXGL Background Thread 1 ] DEBUG AssetLoader          - Loading from disk: /assets/ui/login.fxml
20:54:54.670 [FXGL Background Thread 1 ] DEBUG InitAppTask          - Initialization Complete
20:54:54.670 [FXGL Background Thread 1 ] INFO  InitAppTask          - Game initialization took: 0.083 sec
20:54:54.706 [JavaFX Application Thread] DEBUG Input                - Clearing active input actions
20:54:54.718 [JavaFX Application Thread] DEBUG AppStateMachine      - LoadingState -> PlayState
20:54:56.737 [JavaFX Application Thread] DEBUG GameApplication      - Exiting game application
20:54:56.739 [JavaFX Application Thread] DEBUG GameApplication      - Shutting down background threads
20:54:56.739 [JavaFX Application Thread] DEBUG GameApplication      - Exiting FXGL
20:54:56.739 [JavaFX Application Thread] DEBUG FXGL                 - Saving FXGL system data
20:54:56.742 [JavaFX Application Thread] DEBUG DesktopFSService     - Writing to: system/fxgl.bundle
20:54:56.746 [JavaFX Application Thread] DEBUG GameApplication      - Closing logger and exiting JavaFX
