17:21:54.774 [JavaFX Application Thread] DEBUG GameApplication      - Logger initialized
17:21:54.782 [JavaFX Application Thread] DEBUG MainWindow           - Creating a JavaFX scene
17:21:54.910 [JavaFX Application Thread] DEBUG MainWindow           - Target settings size: 1024.0 x 860.0
17:21:54.911 [JavaFX Application Thread] DEBUG MainWindow           - Scaled scene size:    1024.0 x 860.0
17:21:54.911 [JavaFX Application Thread] DEBUG MainWindow           - Scaled ratio: (1.0, 1.0)
17:21:54.917 [JavaFX Application Thread] DEBUG GameApplication      - Starting FXGL
17:21:54.921 [JavaFX Application Thread] INFO  FXGL                 - FXGL-0.5.3 on DESKTOP
17:21:54.921 [JavaFX Application Thread] INFO  FXGL                 - Source code and latest versions at: https://github.com/AlmasB/FXGL
17:21:54.921 [JavaFX Application Thread] INFO  FXGL                 -              Join the FXGL chat at: https://gitter.im/AlmasB/FXGL
17:21:54.928 [JavaFX Application Thread] DEBUG FS                   - Loaded DesktopFSService
17:21:54.929 [JavaFX Application Thread] DEBUG FXGL                 - Loading FXGL system data
17:21:54.935 [JavaFX Application Thread] DEBUG DesktopFSService     - Reading from: system/fxgl.bundle
17:21:54.945 [JavaFX Application Thread] DEBUG Bundle               - Logging bundle: FXGL
17:21:54.946 [JavaFX Application Thread] DEBUG Bundle               - FXGL.offline.timer.version.check=2019-01-23T12:24:56.214
17:21:54.970 [JavaFX Application Thread] DEBUG GameApplication      - FXGL started
17:21:54.970 [JavaFX Application Thread] DEBUG GameApplication      - Logging game settings
Title: Basic Game App
Version: 0.0
Width: 1024
Height: 860
Fullscreen: false
Intro: false
Menus: false
Profiling: false
Single step:false
App Mode: DEVELOPER
Menu Key: ESCAPE
Stage Style: DECORATED
Scene Factory: class com.almasb.fxgl.scene.SceneFactory
Dialog Factory: class com.almasb.fxgl.ui.FXGLDialogFactory
UI Factory: class com.almasb.fxgl.ui.FXGLUIFactory
Notification Service: class com.almasb.fxgl.gameplay.notification.XboxNotificationView
Exception Handler: class com.almasb.fxgl.app.FXGLExceptionHandler
17:21:54.971 [JavaFX Application Thread] DEBUG GameApplication      - Configuring GameApplication
17:21:54.971 [JavaFX Application Thread] DEBUG GameApplication      - Initializing state machine and application states
17:21:54.993 [JavaFX Application Thread] DEBUG AssetLoader          - Loading from disk: /assets/ui/cursors/fxgl_default.png
17:21:55.018 [JavaFX Application Thread] DEBUG AssetLoader          - Loading from disk: /assets/ui/cursors/fxgl_default.png
17:21:55.048 [JavaFX Application Thread] DEBUG FXGLAssets           - Loading FXGLAssets
17:21:55.072 [JavaFX Application Thread] DEBUG AssetLoader          - Loading from disk: /assets/ui/fonts/VarelaRound-Regular.ttf
17:21:55.084 [JavaFX Application Thread] DEBUG AssetLoader          - Loading from disk: /assets/ui/fonts/lucida_console.ttf
17:21:55.086 [JavaFX Application Thread] DEBUG AssetLoader          - Loading from disk: /assets/ui/fonts/Courier-Prime.ttf
17:21:55.088 [JavaFX Application Thread] DEBUG AssetLoader          - Loading from disk: /assets/ui/fonts/Abel-Regular.ttf
17:21:55.089 [JavaFX Application Thread] DEBUG AssetLoader          - Loading from disk: /assets/ui/css/fxgl_dark.css
17:21:55.117 [JavaFX Application Thread] DEBUG AssetLoader          - Loading from disk: /assets/ui/cursors/fxgl_default.png
17:21:55.151 [JavaFX Application Thread] DEBUG AssetLoader          - Loading from disk: /assets/ui/cursors/fxgl_default.png
17:21:55.173 [JavaFX Application Thread] DEBUG GameScene            - Game scene initialized: 1024x860
17:21:55.176 [JavaFX Application Thread] DEBUG GameWorld            - Game world initialized
17:21:55.216 [JavaFX Application Thread] DEBUG PhysicsWorld         - Physics world initialized: appHeight=860, physics.ppm=50.0
17:21:55.243 [JavaFX Application Thread] DEBUG Input                - Registered new binding: Pause - Esc
17:21:55.263 [JavaFX Application Thread] DEBUG Input                - Clearing active input actions
17:21:55.306 [JavaFX Application Thread] DEBUG AppStateMachine      - StartupState -> StartupState
17:21:55.310 [JavaFX Application Thread] INFO  GameApplication      - Game configuration took:  0.338 sec
17:21:55.312 [JavaFX Application Thread] DEBUG AssetLoader          - Loading from disk: /assets/textures/fxgl_icon.png
17:21:55.328 [JavaFX Application Thread] DEBUG MainWindow           - Opening main window
17:21:55.399 [JavaFX Application Thread] DEBUG MainWindow           - Window border size: (0.0, 0.0)
17:21:55.400 [JavaFX Application Thread] DEBUG MainWindow           - Scaled size: 1024.0 x 860.0
17:21:55.400 [JavaFX Application Thread] DEBUG MainWindow           - Scaled ratio: (1.0, 1.0)
17:21:55.400 [JavaFX Application Thread] DEBUG MainWindow           - Scene size: 1024.0 x 860.0
17:21:55.400 [JavaFX Application Thread] DEBUG MainWindow           - Stage size: 1024.0 x 860.0
17:21:55.401 [JavaFX Application Thread] DEBUG GameApplication      - Running preInit()
17:21:55.402 [JavaFX Application Thread] DEBUG Input                - Registered new binding: Screenshot - P
17:21:55.403 [JavaFX Application Thread] DEBUG Input                - Registered new binding: Dev Options - CTRL+0
17:21:55.403 [JavaFX Application Thread] DEBUG Input                - Registered new binding: System info dump - CTRL+9
17:21:55.404 [JavaFX Application Thread] DEBUG Input                - Registered new binding: Restart - CTRL+R
17:21:55.404 [JavaFX Application Thread] DEBUG Input                - Registered new binding: Up 1 - W
17:21:55.404 [JavaFX Application Thread] DEBUG Input                - Registered new binding: Down 1 - S
17:21:55.404 [JavaFX Application Thread] DEBUG Input                - Registered new binding: Right 1 - D
17:21:55.405 [JavaFX Application Thread] DEBUG Input                - Registered new binding: Left 1 - A
17:21:55.434 [JavaFX Application Thread] DEBUG GameApplication      - Starting main loop
17:21:55.450 [JavaFX Application Thread] DEBUG StartupState         - STARTUP
17:21:55.450 [JavaFX Application Thread] DEBUG GameApplication      - Starting new game
17:21:55.450 [JavaFX Application Thread] DEBUG Input                - Clearing active input actions
17:21:55.457 [JavaFX Application Thread] DEBUG AppStateMachine      - StartupState -> LoadingState
17:21:55.463 [FXGL Background Thread 1 ] DEBUG InitAppTask          - Clearing previous game
17:21:55.464 [FXGL Background Thread 1 ] DEBUG GameWorld            - Clearing game world
17:21:55.464 [FXGL Background Thread 1 ] DEBUG PhysicsWorld         - Clearing physics world
17:21:55.464 [FXGL Background Thread 1 ] DEBUG GameScene            - Clearing game scene
17:21:55.466 [FXGL Background Thread 1 ] DEBUG InitAppTask          - Initializing Game
17:21:55.470 [FXGL Background Thread 1 ] DEBUG InitAppTask          - Initializing Physics
17:21:55.470 [FXGL Background Thread 1 ] DEBUG InitAppTask          - Initializing UI
17:21:55.470 [FXGL Background Thread 1 ] DEBUG AssetLoader          - Loading from disk: /assets/ui/login.fxml
17:21:55.556 [FXGL Background Thread 1 ] DEBUG InitAppTask          - Initialization Complete
17:21:55.556 [FXGL Background Thread 1 ] INFO  InitAppTask          - Game initialization took: 0.092 sec
17:21:55.571 [JavaFX Application Thread] DEBUG Input                - Clearing active input actions
17:21:55.582 [JavaFX Application Thread] DEBUG AppStateMachine      - LoadingState -> PlayState
17:21:57.645 [JavaFX Application Thread] DEBUG GameScene            - Creating render group for layer: DEFAULT(100000)
17:21:57.646 [JavaFX Application Thread] FATAL GameApplication      - Uncaught Exception:

Fatal exception occurred: java.lang.ClassCastException : javafx.beans.property.SimpleIntegerProperty cannot be cast to javafx.beans.property.ObjectProperty
E: com.almasb.fxgl.core.collection.PropertyMap.objectProperty(PropertyMap.kt:168)
E: com.almasb.fxgl.core.collection.PropertyMap.getObject(PropertyMap.kt:157)
E: com.almasb.fxgl.entity.Entity.getObject(Entity.java:238)
E: client.Screen$1.run(Screen.java:71)
E: com.sun.javafx.application.PlatformImpl.lambda$null$5(PlatformImpl.java:295)
E: java.security.AccessController.doPrivileged(Native Method)
E: com.sun.javafx.application.PlatformImpl.lambda$runLater$6(PlatformImpl.java:294)
E: com.sun.glass.ui.InvokeLaterDispatcher$Future.run(InvokeLaterDispatcher.java:95)
E: com.sun.glass.ui.gtk.GtkApplication._runLoop(Native Method)
E: com.sun.glass.ui.gtk.GtkApplication.lambda$null$5(GtkApplication.java:139)
E: java.lang.Thread.run(Thread.java:748)

17:21:57.646 [JavaFX Application Thread] FATAL GameApplication      - Application will now exit
17:21:57.646 [JavaFX Application Thread] DEBUG GameApplication      - Stopping main loop
17:22:02.992 [JavaFX Application Thread] DEBUG GameApplication      - Exiting game application
17:22:02.993 [JavaFX Application Thread] DEBUG GameApplication      - Shutting down background threads
17:22:02.993 [JavaFX Application Thread] DEBUG GameApplication      - Exiting FXGL
17:22:02.993 [JavaFX Application Thread] DEBUG FXGL                 - Saving FXGL system data
17:22:02.995 [JavaFX Application Thread] DEBUG DesktopFSService     - Writing to: system/fxgl.bundle
17:22:02.997 [JavaFX Application Thread] DEBUG GameApplication      - Closing logger and exiting JavaFX
