13:52:59.023 [JavaFX Application Thread] DEBUG GameApplication      - Logger initialized
13:52:59.029 [JavaFX Application Thread] DEBUG MainWindow           - Creating a JavaFX scene
13:52:59.154 [JavaFX Application Thread] DEBUG MainWindow           - Target settings size: 860.0 x 600.0
13:52:59.154 [JavaFX Application Thread] DEBUG MainWindow           - Scaled scene size:    860.0 x 600.0
13:52:59.155 [JavaFX Application Thread] DEBUG MainWindow           - Scaled ratio: (1.0, 1.0)
13:52:59.162 [JavaFX Application Thread] DEBUG GameApplication      - Starting FXGL
13:52:59.168 [JavaFX Application Thread] INFO  FXGL                 - FXGL-0.5.3 on DESKTOP
13:52:59.168 [JavaFX Application Thread] INFO  FXGL                 - Source code and latest versions at: https://github.com/AlmasB/FXGL
13:52:59.169 [JavaFX Application Thread] INFO  FXGL                 -              Join the FXGL chat at: https://gitter.im/AlmasB/FXGL
13:52:59.177 [JavaFX Application Thread] DEBUG FS                   - Loaded DesktopFSService
13:52:59.177 [JavaFX Application Thread] DEBUG FXGL                 - Loading FXGL system data
13:52:59.184 [JavaFX Application Thread] DEBUG DesktopFSService     - Reading from: system/fxgl.bundle
13:52:59.195 [JavaFX Application Thread] DEBUG Bundle               - Logging bundle: FXGL
13:52:59.196 [JavaFX Application Thread] DEBUG Bundle               - FXGL.offline.timer.version.check=2019-03-01T19:05:40.352
13:52:59.231 [JavaFX Application Thread] DEBUG GameApplication      - FXGL started
13:52:59.231 [JavaFX Application Thread] DEBUG GameApplication      - Logging game settings
Title: Alpha
Version: 0.0
Width: 860
Height: 600
Fullscreen: false
Intro: false
Menus: false
Profiling: false
Single step:false
App Mode: DEVELOPER
Menu Key: ESCAPE
Stage Style: DECORATED
Scene Factory: class com.almasb.fxgl.scene.SceneFactory
Dialog Factory: class com.almasb.fxgl.ui.FXGLDialogFactory
UI Factory: class com.almasb.fxgl.ui.FXGLUIFactory
Notification Service: class com.almasb.fxgl.gameplay.notification.XboxNotificationView
Exception Handler: class com.almasb.fxgl.app.FXGLExceptionHandler
13:52:59.232 [JavaFX Application Thread] DEBUG GameApplication      - Configuring GameApplication
13:52:59.232 [JavaFX Application Thread] DEBUG GameApplication      - Initializing state machine and application states
13:52:59.246 [JavaFX Application Thread] DEBUG AssetLoader          - Loading from disk: /assets/ui/cursors/fxgl_default.png
13:52:59.269 [JavaFX Application Thread] DEBUG AssetLoader          - Loading from disk: /assets/ui/cursors/fxgl_default.png
13:52:59.300 [JavaFX Application Thread] DEBUG FXGLAssets           - Loading FXGLAssets
13:52:59.324 [JavaFX Application Thread] DEBUG AssetLoader          - Loading from disk: /assets/ui/fonts/VarelaRound-Regular.ttf
13:52:59.339 [JavaFX Application Thread] DEBUG AssetLoader          - Loading from disk: /assets/ui/fonts/lucida_console.ttf
13:52:59.343 [JavaFX Application Thread] DEBUG AssetLoader          - Loading from disk: /assets/ui/fonts/Courier-Prime.ttf
13:52:59.346 [JavaFX Application Thread] DEBUG AssetLoader          - Loading from disk: /assets/ui/fonts/Abel-Regular.ttf
13:52:59.348 [JavaFX Application Thread] DEBUG AssetLoader          - Loading from disk: /assets/ui/css/fxgl_dark.css
13:52:59.380 [JavaFX Application Thread] DEBUG AssetLoader          - Loading from disk: /assets/ui/cursors/fxgl_default.png
13:52:59.413 [JavaFX Application Thread] DEBUG AssetLoader          - Loading from disk: /assets/ui/cursors/fxgl_default.png
13:52:59.433 [JavaFX Application Thread] DEBUG GameScene            - Game scene initialized: 860x600
13:52:59.436 [JavaFX Application Thread] DEBUG GameWorld            - Game world initialized
13:52:59.476 [JavaFX Application Thread] DEBUG PhysicsWorld         - Physics world initialized: appHeight=600, physics.ppm=50.0
13:52:59.493 [JavaFX Application Thread] DEBUG Input                - Registered new binding: Pause - Esc
13:52:59.510 [JavaFX Application Thread] DEBUG Input                - Clearing active input actions
13:52:59.552 [JavaFX Application Thread] DEBUG AppStateMachine      - StartupState -> StartupState
13:52:59.555 [JavaFX Application Thread] INFO  GameApplication      - Game configuration took:  0.322 sec
13:52:59.557 [JavaFX Application Thread] DEBUG AssetLoader          - Loading from disk: /assets/textures/fxgl_icon.png
13:52:59.572 [JavaFX Application Thread] DEBUG MainWindow           - Opening main window
13:52:59.641 [JavaFX Application Thread] DEBUG MainWindow           - Window border size: (0.0, 0.0)
13:52:59.641 [JavaFX Application Thread] DEBUG MainWindow           - Scaled size: 860.0 x 600.0
13:52:59.641 [JavaFX Application Thread] DEBUG MainWindow           - Scaled ratio: (1.0, 1.0)
13:52:59.641 [JavaFX Application Thread] DEBUG MainWindow           - Scene size: 860.0 x 600.0
13:52:59.642 [JavaFX Application Thread] DEBUG MainWindow           - Stage size: 860.0 x 600.0
13:52:59.642 [JavaFX Application Thread] DEBUG GameApplication      - Running preInit()
13:52:59.643 [JavaFX Application Thread] DEBUG Input                - Registered new binding: Screenshot - P
13:52:59.644 [JavaFX Application Thread] DEBUG Input                - Registered new binding: Dev Options - CTRL+0
13:52:59.645 [JavaFX Application Thread] DEBUG Input                - Registered new binding: System info dump - CTRL+9
13:52:59.645 [JavaFX Application Thread] DEBUG Input                - Registered new binding: Restart - CTRL+R
13:52:59.645 [JavaFX Application Thread] DEBUG Input                - Registered new binding: Up 1 - W
13:52:59.646 [JavaFX Application Thread] DEBUG Input                - Registered new binding: Down 1 - S
13:52:59.646 [JavaFX Application Thread] DEBUG Input                - Registered new binding: Right 1 - D
13:52:59.646 [JavaFX Application Thread] DEBUG Input                - Registered new binding: Left 1 - A
13:52:59.647 [JavaFX Application Thread] DEBUG Input                - Registered new binding: Click - LMB
13:52:59.648 [JavaFX Application Thread] DEBUG Input                - Registered new binding: Rightclick - RMB
13:52:59.648 [JavaFX Application Thread] DEBUG Input                - Registered new binding: Tab - Tab
13:52:59.675 [JavaFX Application Thread] DEBUG GameApplication      - Starting main loop
13:52:59.692 [JavaFX Application Thread] DEBUG StartupState         - STARTUP
13:52:59.692 [JavaFX Application Thread] DEBUG GameApplication      - Starting new game
13:52:59.692 [JavaFX Application Thread] DEBUG Input                - Clearing active input actions
13:52:59.700 [JavaFX Application Thread] DEBUG AppStateMachine      - StartupState -> LoadingState
13:52:59.705 [FXGL Background Thread 1 ] DEBUG InitAppTask          - Clearing previous game
13:52:59.705 [FXGL Background Thread 1 ] DEBUG GameWorld            - Clearing game world
13:52:59.705 [FXGL Background Thread 1 ] DEBUG PhysicsWorld         - Clearing physics world
13:52:59.705 [FXGL Background Thread 1 ] DEBUG GameScene            - Clearing game scene
13:52:59.706 [FXGL Background Thread 1 ] DEBUG InitAppTask          - Initializing Game
13:52:59.710 [FXGL Background Thread 1 ] DEBUG InitAppTask          - Initializing Physics
13:52:59.712 [FXGL Background Thread 1 ] DEBUG InitAppTask          - Initializing UI
13:52:59.712 [FXGL Background Thread 1 ] DEBUG AssetLoader          - Loading from disk: /assets/ui/login.fxml
13:53:00.624 [JavaFX Application Thread] DEBUG GameApplication      - Exiting game application
13:53:00.625 [JavaFX Application Thread] DEBUG GameApplication      - Shutting down background threads
13:53:00.625 [JavaFX Application Thread] DEBUG GameApplication      - Exiting FXGL
13:53:00.625 [JavaFX Application Thread] DEBUG FXGL                 - Saving FXGL system data
13:53:00.628 [JavaFX Application Thread] DEBUG DesktopFSService     - Writing to: system/fxgl.bundle
13:53:00.631 [JavaFX Application Thread] DEBUG GameApplication      - Closing logger and exiting JavaFX
