21:21:44.086 [JavaFX Application Thread] DEBUG GameApplication      - Logger initialized
21:21:44.096 [JavaFX Application Thread] DEBUG MainWindow           - Creating a JavaFX scene
21:21:44.235 [JavaFX Application Thread] DEBUG MainWindow           - Target settings size: 860.0 x 600.0
21:21:44.235 [JavaFX Application Thread] DEBUG MainWindow           - Scaled scene size:    860.0 x 600.0
21:21:44.235 [JavaFX Application Thread] DEBUG MainWindow           - Scaled ratio: (1.0, 1.0)
21:21:44.242 [JavaFX Application Thread] DEBUG GameApplication      - Starting FXGL
21:21:44.246 [JavaFX Application Thread] INFO  FXGL                 - FXGL-0.5.3 on DESKTOP
21:21:44.247 [JavaFX Application Thread] INFO  FXGL                 - Source code and latest versions at: https://github.com/AlmasB/FXGL
21:21:44.247 [JavaFX Application Thread] INFO  FXGL                 -              Join the FXGL chat at: https://gitter.im/AlmasB/FXGL
21:21:44.256 [JavaFX Application Thread] DEBUG FS                   - Loaded DesktopFSService
21:21:44.256 [JavaFX Application Thread] DEBUG FXGL                 - Loading FXGL system data
21:21:44.263 [JavaFX Application Thread] DEBUG DesktopFSService     - Reading from: system/fxgl.bundle
21:21:44.270 [JavaFX Application Thread] DEBUG Bundle               - Logging bundle: FXGL
21:21:44.271 [JavaFX Application Thread] DEBUG Bundle               - FXGL.offline.timer.version.check=2019-02-06T21:58:35.988
21:21:44.304 [JavaFX Application Thread] DEBUG GameApplication      - FXGL started
21:21:44.304 [JavaFX Application Thread] DEBUG GameApplication      - Logging game settings
Title: Alpha 0.0
Version: 0.0
Width: 860
Height: 600
Fullscreen: false
Intro: false
Menus: false
Profiling: false
Single step:false
App Mode: DEVELOPER
Menu Key: ESCAPE
Stage Style: DECORATED
Scene Factory: class com.almasb.fxgl.scene.SceneFactory
Dialog Factory: class com.almasb.fxgl.ui.FXGLDialogFactory
UI Factory: class com.almasb.fxgl.ui.FXGLUIFactory
Notification Service: class com.almasb.fxgl.gameplay.notification.XboxNotificationView
Exception Handler: class com.almasb.fxgl.app.FXGLExceptionHandler
21:21:44.306 [JavaFX Application Thread] DEBUG GameApplication      - Configuring GameApplication
21:21:44.306 [JavaFX Application Thread] DEBUG GameApplication      - Initializing state machine and application states
21:21:44.323 [JavaFX Application Thread] DEBUG AssetLoader          - Loading from disk: /assets/ui/cursors/fxgl_default.png
21:21:44.346 [JavaFX Application Thread] DEBUG AssetLoader          - Loading from disk: /assets/ui/cursors/fxgl_default.png
21:21:44.379 [JavaFX Application Thread] DEBUG FXGLAssets           - Loading FXGLAssets
21:21:44.407 [JavaFX Application Thread] DEBUG AssetLoader          - Loading from disk: /assets/ui/fonts/VarelaRound-Regular.ttf
21:21:44.420 [JavaFX Application Thread] DEBUG AssetLoader          - Loading from disk: /assets/ui/fonts/lucida_console.ttf
21:21:44.422 [JavaFX Application Thread] DEBUG AssetLoader          - Loading from disk: /assets/ui/fonts/Courier-Prime.ttf
21:21:44.424 [JavaFX Application Thread] DEBUG AssetLoader          - Loading from disk: /assets/ui/fonts/Abel-Regular.ttf
21:21:44.426 [JavaFX Application Thread] DEBUG AssetLoader          - Loading from disk: /assets/ui/css/fxgl_dark.css
21:21:44.456 [JavaFX Application Thread] DEBUG AssetLoader          - Loading from disk: /assets/ui/cursors/fxgl_default.png
21:21:44.491 [JavaFX Application Thread] DEBUG AssetLoader          - Loading from disk: /assets/ui/cursors/fxgl_default.png
21:21:44.512 [JavaFX Application Thread] DEBUG GameScene            - Game scene initialized: 860x600
21:21:44.515 [JavaFX Application Thread] DEBUG GameWorld            - Game world initialized
21:21:44.554 [JavaFX Application Thread] DEBUG PhysicsWorld         - Physics world initialized: appHeight=600, physics.ppm=50.0
21:21:44.571 [JavaFX Application Thread] DEBUG Input                - Registered new binding: Pause - Esc
21:21:44.589 [JavaFX Application Thread] DEBUG Input                - Clearing active input actions
21:21:44.638 [JavaFX Application Thread] DEBUG AppStateMachine      - StartupState -> StartupState
21:21:44.654 [JavaFX Application Thread] INFO  GameApplication      - Game configuration took:  0.348 sec
21:21:44.656 [JavaFX Application Thread] DEBUG AssetLoader          - Loading from disk: /assets/textures/fxgl_icon.png
21:21:44.671 [JavaFX Application Thread] DEBUG MainWindow           - Opening main window
21:21:44.740 [JavaFX Application Thread] DEBUG MainWindow           - Window border size: (0.0, 0.0)
21:21:44.740 [JavaFX Application Thread] DEBUG MainWindow           - Scaled size: 860.0 x 600.0
21:21:44.740 [JavaFX Application Thread] DEBUG MainWindow           - Scaled ratio: (1.0, 1.0)
21:21:44.741 [JavaFX Application Thread] DEBUG MainWindow           - Scene size: 860.0 x 600.0
21:21:44.741 [JavaFX Application Thread] DEBUG MainWindow           - Stage size: 860.0 x 600.0
21:21:44.741 [JavaFX Application Thread] DEBUG GameApplication      - Running preInit()
21:21:44.743 [JavaFX Application Thread] DEBUG Input                - Registered new binding: Screenshot - P
21:21:44.743 [JavaFX Application Thread] DEBUG Input                - Registered new binding: Dev Options - CTRL+0
21:21:44.744 [JavaFX Application Thread] DEBUG Input                - Registered new binding: System info dump - CTRL+9
21:21:44.744 [JavaFX Application Thread] DEBUG Input                - Registered new binding: Restart - CTRL+R
21:21:44.745 [JavaFX Application Thread] FATAL GameApplication      - Uncaught Exception:

Fatal exception occurred: java.lang.IllegalStateException : No input mapping found for action Tab
E: com.almasb.fxgl.input.Input.scanForUserActions(Input.kt:508)
E: com.almasb.fxgl.app.GameApplication.runPreInit(GameApplication.java:313)
E: com.almasb.fxgl.app.GameApplication.start(GameApplication.java:115)
E: com.sun.javafx.application.LauncherImpl.lambda$launchApplication1$8(LauncherImpl.java:863)
E: com.sun.javafx.application.PlatformImpl.lambda$runAndWait$7(PlatformImpl.java:326)
E: com.sun.javafx.application.PlatformImpl.lambda$null$5(PlatformImpl.java:295)
E: java.security.AccessController.doPrivileged(Native Method)
E: com.sun.javafx.application.PlatformImpl.lambda$runLater$6(PlatformImpl.java:294)
E: com.sun.glass.ui.InvokeLaterDispatcher$Future.run(InvokeLaterDispatcher.java:95)
E: com.sun.glass.ui.gtk.GtkApplication._runLoop(Native Method)
E: com.sun.glass.ui.gtk.GtkApplication.lambda$null$5(GtkApplication.java:139)
E: java.lang.Thread.run(Thread.java:748)

21:21:44.745 [JavaFX Application Thread] FATAL GameApplication      - Application will now exit
