16:27:50.638 [JavaFX Application Thread] DEBUG GameApplication      - Logger initialized
16:27:50.644 [JavaFX Application Thread] DEBUG MainWindow           - Creating a JavaFX scene
16:27:50.770 [JavaFX Application Thread] DEBUG MainWindow           - Target settings size: 860.0 x 600.0
16:27:50.770 [JavaFX Application Thread] DEBUG MainWindow           - Scaled scene size:    860.0 x 600.0
16:27:50.770 [JavaFX Application Thread] DEBUG MainWindow           - Scaled ratio: (1.0, 1.0)
16:27:50.776 [JavaFX Application Thread] DEBUG GameApplication      - Starting FXGL
16:27:50.781 [JavaFX Application Thread] INFO  FXGL                 - FXGL-0.5.3 on DESKTOP
16:27:50.781 [JavaFX Application Thread] INFO  FXGL                 - Source code and latest versions at: https://github.com/AlmasB/FXGL
16:27:50.781 [JavaFX Application Thread] INFO  FXGL                 -              Join the FXGL chat at: https://gitter.im/AlmasB/FXGL
16:27:50.788 [JavaFX Application Thread] DEBUG FS                   - Loaded DesktopFSService
16:27:50.788 [JavaFX Application Thread] DEBUG FXGL                 - Loading FXGL system data
16:27:50.794 [JavaFX Application Thread] DEBUG DesktopFSService     - Reading from: system/fxgl.bundle
16:27:50.801 [JavaFX Application Thread] DEBUG Bundle               - Logging bundle: FXGL
16:27:50.802 [JavaFX Application Thread] DEBUG Bundle               - FXGL.offline.timer.version.check=2019-02-21T16:31:03.317
16:27:50.825 [JavaFX Application Thread] DEBUG GameApplication      - FXGL started
16:27:50.826 [JavaFX Application Thread] DEBUG GameApplication      - Logging game settings
Title: Alpha
Version: 0.0
Width: 860
Height: 600
Fullscreen: false
Intro: false
Menus: false
Profiling: false
Single step:false
App Mode: DEVELOPER
Menu Key: ESCAPE
Stage Style: DECORATED
Scene Factory: class com.almasb.fxgl.scene.SceneFactory
Dialog Factory: class com.almasb.fxgl.ui.FXGLDialogFactory
UI Factory: class com.almasb.fxgl.ui.FXGLUIFactory
Notification Service: class com.almasb.fxgl.gameplay.notification.XboxNotificationView
Exception Handler: class com.almasb.fxgl.app.FXGLExceptionHandler
16:27:50.826 [JavaFX Application Thread] DEBUG GameApplication      - Configuring GameApplication
16:27:50.827 [JavaFX Application Thread] DEBUG GameApplication      - Initializing state machine and application states
16:27:50.846 [JavaFX Application Thread] DEBUG AssetLoader          - Loading from disk: /assets/ui/cursors/fxgl_default.png
16:27:50.870 [JavaFX Application Thread] DEBUG AssetLoader          - Loading from disk: /assets/ui/cursors/fxgl_default.png
16:27:50.900 [JavaFX Application Thread] DEBUG FXGLAssets           - Loading FXGLAssets
16:27:50.924 [JavaFX Application Thread] DEBUG AssetLoader          - Loading from disk: /assets/ui/fonts/VarelaRound-Regular.ttf
16:27:50.936 [JavaFX Application Thread] DEBUG AssetLoader          - Loading from disk: /assets/ui/fonts/lucida_console.ttf
16:27:50.939 [JavaFX Application Thread] DEBUG AssetLoader          - Loading from disk: /assets/ui/fonts/Courier-Prime.ttf
16:27:50.941 [JavaFX Application Thread] DEBUG AssetLoader          - Loading from disk: /assets/ui/fonts/Abel-Regular.ttf
16:27:50.942 [JavaFX Application Thread] DEBUG AssetLoader          - Loading from disk: /assets/ui/css/fxgl_dark.css
16:27:50.973 [JavaFX Application Thread] DEBUG AssetLoader          - Loading from disk: /assets/ui/cursors/fxgl_default.png
16:27:51.007 [JavaFX Application Thread] DEBUG AssetLoader          - Loading from disk: /assets/ui/cursors/fxgl_default.png
16:27:51.027 [JavaFX Application Thread] DEBUG GameScene            - Game scene initialized: 860x600
16:27:51.030 [JavaFX Application Thread] DEBUG GameWorld            - Game world initialized
16:27:51.071 [JavaFX Application Thread] DEBUG PhysicsWorld         - Physics world initialized: appHeight=600, physics.ppm=50.0
16:27:51.087 [JavaFX Application Thread] DEBUG Input                - Registered new binding: Pause - Esc
16:27:51.104 [JavaFX Application Thread] DEBUG Input                - Clearing active input actions
16:27:51.150 [JavaFX Application Thread] DEBUG AppStateMachine      - StartupState -> StartupState
16:27:51.153 [JavaFX Application Thread] INFO  GameApplication      - Game configuration took:  0.327 sec
16:27:51.155 [JavaFX Application Thread] DEBUG AssetLoader          - Loading from disk: /assets/textures/fxgl_icon.png
16:27:51.170 [JavaFX Application Thread] DEBUG MainWindow           - Opening main window
16:27:51.235 [JavaFX Application Thread] DEBUG MainWindow           - Window border size: (0.0, 0.0)
16:27:51.235 [JavaFX Application Thread] DEBUG MainWindow           - Scaled size: 860.0 x 600.0
16:27:51.235 [JavaFX Application Thread] DEBUG MainWindow           - Scaled ratio: (1.0, 1.0)
16:27:51.235 [JavaFX Application Thread] DEBUG MainWindow           - Scene size: 860.0 x 600.0
16:27:51.235 [JavaFX Application Thread] DEBUG MainWindow           - Stage size: 860.0 x 600.0
16:27:51.236 [JavaFX Application Thread] DEBUG GameApplication      - Running preInit()
16:27:51.237 [JavaFX Application Thread] DEBUG Input                - Registered new binding: Screenshot - P
16:27:51.238 [JavaFX Application Thread] DEBUG Input                - Registered new binding: Dev Options - CTRL+0
16:27:51.238 [JavaFX Application Thread] DEBUG Input                - Registered new binding: System info dump - CTRL+9
16:27:51.238 [JavaFX Application Thread] DEBUG Input                - Registered new binding: Restart - CTRL+R
16:27:51.239 [JavaFX Application Thread] DEBUG Input                - Registered new binding: Up 1 - W
16:27:51.239 [JavaFX Application Thread] DEBUG Input                - Registered new binding: Down 1 - S
16:27:51.239 [JavaFX Application Thread] DEBUG Input                - Registered new binding: Right 1 - D
16:27:51.239 [JavaFX Application Thread] DEBUG Input                - Registered new binding: Left 1 - A
16:27:51.240 [JavaFX Application Thread] DEBUG Input                - Registered new binding: Click - LMB
16:27:51.241 [JavaFX Application Thread] DEBUG Input                - Registered new binding: Tab - Tab
16:27:51.266 [JavaFX Application Thread] DEBUG GameApplication      - Starting main loop
16:27:51.275 [JavaFX Application Thread] DEBUG StartupState         - STARTUP
16:27:51.275 [JavaFX Application Thread] DEBUG GameApplication      - Starting new game
16:27:51.275 [JavaFX Application Thread] DEBUG Input                - Clearing active input actions
16:27:51.284 [JavaFX Application Thread] DEBUG AppStateMachine      - StartupState -> LoadingState
16:27:51.289 [FXGL Background Thread 1 ] DEBUG InitAppTask          - Clearing previous game
16:27:51.289 [FXGL Background Thread 1 ] DEBUG GameWorld            - Clearing game world
16:27:51.289 [FXGL Background Thread 1 ] DEBUG PhysicsWorld         - Clearing physics world
16:27:51.289 [FXGL Background Thread 1 ] DEBUG GameScene            - Clearing game scene
16:27:51.290 [FXGL Background Thread 1 ] DEBUG InitAppTask          - Initializing Game
16:27:51.295 [FXGL Background Thread 1 ] DEBUG InitAppTask          - Initializing Physics
16:27:51.296 [FXGL Background Thread 1 ] DEBUG InitAppTask          - Initializing UI
16:27:51.296 [FXGL Background Thread 1 ] DEBUG AssetLoader          - Loading from disk: /assets/ui/login.fxml
16:27:52.363 [FXGL Background Thread 1 ] DEBUG AssetLoader          - Loading from disk: /assets/textures/ui/box.png
16:27:52.365 [FXGL Background Thread 1 ] DEBUG AssetLoader          - Loading from disk: /assets/ui/mainpanel.fxml
16:27:52.399 [FXGL Background Thread 1 ] DEBUG InitAppTask          - Initialization Complete
16:27:52.399 [FXGL Background Thread 1 ] INFO  InitAppTask          - Game initialization took: 1.110 sec
16:27:52.400 [JavaFX Application Thread] DEBUG Input                - Clearing active input actions
16:27:52.413 [JavaFX Application Thread] DEBUG AppStateMachine      - LoadingState -> PlayState
16:27:53.369 [JavaFX Application Thread] DEBUG GameApplication      - Exiting game application
16:27:53.370 [JavaFX Application Thread] DEBUG GameApplication      - Shutting down background threads
16:27:53.370 [JavaFX Application Thread] DEBUG GameApplication      - Exiting FXGL
16:27:53.371 [JavaFX Application Thread] DEBUG FXGL                 - Saving FXGL system data
16:27:53.373 [JavaFX Application Thread] DEBUG DesktopFSService     - Writing to: system/fxgl.bundle
16:27:53.377 [JavaFX Application Thread] DEBUG GameApplication      - Closing logger and exiting JavaFX
