18:24:41.722 [JavaFX Application Thread] DEBUG GameApplication      - Logger initialized
18:24:41.727 [JavaFX Application Thread] DEBUG GameApplication      - Logging settings
Title: Alpha
Version: 0.0
Width: 860
Height: 600
Fullscreen: false
Intro: false
Menus: false
Profiling: true
Single step:false
App Mode: DEVELOPER
Menu Key: ESCAPE
Stage Style: DECORATED
Scene Factory: class com.almasb.fxgl.scene.SceneFactory
Dialog Factory: class com.almasb.fxgl.ui.FXGLDialogFactory
UI Factory: class com.almasb.fxgl.ui.FXGLUIFactory
Notification Service: class com.almasb.fxgl.gameplay.notification.XboxNotificationView
Exception Handler: class com.almasb.fxgl.app.FXGLExceptionHandler
18:24:41.727 [JavaFX Application Thread] DEBUG GameApplication      - Starting FXGL
18:24:41.735 [JavaFX Application Thread] INFO  FXGL                 - FXGL-0.5.4 on DESKTOP
18:24:41.735 [JavaFX Application Thread] INFO  FXGL                 - Source code and latest versions at: https://github.com/AlmasB/FXGL
18:24:41.736 [JavaFX Application Thread] INFO  FXGL                 -              Join the FXGL chat at: https://gitter.im/AlmasB/FXGL
18:24:41.736 [JavaFX Application Thread] DEBUG FXGL                 - FXGL started
18:24:41.736 [JavaFX Application Thread] DEBUG FXGL                 - Initializing FXGL
18:24:41.787 [JavaFX Application Thread] DEBUG AssetLoader          - Loading from disk: /assets/ui/cursors/fxgl_default.png
18:24:41.893 [JavaFX Application Thread] DEBUG AssetLoader          - Loading from disk: /assets/ui/fonts/VarelaRound-Regular.ttf
18:24:41.966 [JavaFX Application Thread] DEBUG MainWindow           - Creating a JavaFX scene
18:24:42.018 [JavaFX Application Thread] DEBUG MainWindow           - Target settings size: 860.0 x 600.0
18:24:42.018 [JavaFX Application Thread] DEBUG MainWindow           - Scaled scene size:    860.0 x 600.0
18:24:42.019 [JavaFX Application Thread] DEBUG MainWindow           - Scaled ratio: (1.0, 1.0)
18:24:42.022 [JavaFX Application Thread] DEBUG AssetLoader          - Loading from disk: /assets/ui/css/fxgl_dark.css
18:24:42.026 [JavaFX Application Thread] DEBUG AssetLoader          - Loading from disk: /assets/textures/fxgl_icon.png
18:24:42.047 [JavaFX Application Thread] DEBUG MainWindow           - Opening main window
18:24:42.193 [JavaFX Application Thread] DEBUG MainWindow           - Window border size: (0.0, 35.0)
18:24:42.193 [JavaFX Application Thread] DEBUG MainWindow           - Scaled size: 860.0 x 565.0
18:24:42.194 [JavaFX Application Thread] DEBUG MainWindow           - Scaled ratio: (1.0, 0.9416666666666667)
18:24:42.194 [JavaFX Application Thread] DEBUG MainWindow           - Scene size: 860.0 x 600.0
18:24:42.194 [JavaFX Application Thread] DEBUG MainWindow           - Stage size: 860.0 x 600.0
18:24:42.221 [ForkJoinPool.commonPool-worker-9] DEBUG FS                   - Loaded DesktopFSService
18:24:42.221 [ForkJoinPool.commonPool-worker-9] DEBUG FXGL                 - Loading FXGL system data
18:24:42.226 [ForkJoinPool.commonPool-worker-9] DEBUG DesktopFSService     - Reading from: system/fxgl.bundle
18:24:42.232 [ForkJoinPool.commonPool-worker-9] DEBUG Bundle               - Logging bundle: FXGL
18:24:42.233 [ForkJoinPool.commonPool-worker-9] DEBUG Bundle               - FXGL.offline.timer.version.check=2019-03-31T13:59:17.348
18:24:42.234 [ForkJoinPool.commonPool-worker-9] DEBUG FXGL                 - Initializing state machine and application states
18:24:42.235 [ForkJoinPool.commonPool-worker-9] DEBUG AssetLoader          - Loading from disk: /assets/ui/cursors/fxgl_default.png
18:24:42.240 [ForkJoinPool.commonPool-worker-9] DEBUG AssetLoader          - Loading from disk: /assets/ui/cursors/fxgl_default.png
18:24:42.246 [ForkJoinPool.commonPool-worker-9] DEBUG AssetLoader          - Loading from cache: /assets/ui/fonts/VarelaRound-Regular.ttf
18:24:42.248 [ForkJoinPool.commonPool-worker-9] DEBUG AssetLoader          - Loading from disk: /assets/ui/cursors/fxgl_default.png
18:24:42.249 [ForkJoinPool.commonPool-worker-9] DEBUG AssetLoader          - Loading from disk: /assets/ui/fonts/lucida_console.ttf
18:24:42.254 [ForkJoinPool.commonPool-worker-9] DEBUG GameScene            - Game scene initialized: 860x600
18:24:42.258 [ForkJoinPool.commonPool-worker-9] DEBUG GameWorld            - Game world initialized
18:24:42.317 [ForkJoinPool.commonPool-worker-9] DEBUG PhysicsWorld         - Physics world initialized: appHeight=600, physics.ppm=50.0
18:24:42.336 [ForkJoinPool.commonPool-worker-9] DEBUG Input                - Registered new binding: Pause - Esc
18:24:42.386 [JavaFX Application Thread] DEBUG FXGL                 - Running preInit()
18:24:42.387 [JavaFX Application Thread] DEBUG Input                - Registered new binding: Screenshot - P
18:24:42.388 [JavaFX Application Thread] DEBUG Input                - Registered new binding: Dev Options - CTRL+0
18:24:42.388 [JavaFX Application Thread] DEBUG Input                - Registered new binding: System info dump - CTRL+9
18:24:42.389 [JavaFX Application Thread] DEBUG Input                - Registered new binding: Restart - CTRL+R
18:24:42.389 [JavaFX Application Thread] DEBUG Input                - Registered new binding: Up 1 - W
18:24:42.389 [JavaFX Application Thread] DEBUG Input                - Registered new binding: Down 1 - S
18:24:42.389 [JavaFX Application Thread] DEBUG Input                - Registered new binding: Right 1 - D
18:24:42.389 [JavaFX Application Thread] DEBUG Input                - Registered new binding: Left 1 - A
18:24:42.389 [JavaFX Application Thread] DEBUG Input                - Registered new binding: Change State - C
18:24:42.390 [JavaFX Application Thread] DEBUG Input                - Registered new binding: Set Shield - X
18:24:42.391 [JavaFX Application Thread] DEBUG Input                - Registered new binding: Click - LMB
18:24:42.391 [JavaFX Application Thread] DEBUG Input                - Registered new binding: Rightclick - RMB
18:24:42.391 [JavaFX Application Thread] DEBUG Input                - Registered new binding: Tab - Tab
18:24:42.392 [JavaFX Application Thread] INFO  FXGL                 - FXGL initialization took: 0.655 sec
18:24:42.392 [JavaFX Application Thread] DEBUG LoopRunner           - Starting loop
18:24:42.393 [JavaFX Application Thread] DEBUG StartupState         - STARTUP
18:24:42.393 [JavaFX Application Thread] DEBUG GameApplication      - Starting new game
18:24:42.393 [JavaFX Application Thread] DEBUG Input                - Clearing active input actions
18:24:42.394 [JavaFX Application Thread] DEBUG AssetLoader          - Loading from disk: /assets/ui/css/fxgl_dark.css
18:24:42.401 [JavaFX Application Thread] DEBUG AppStateMachine      - StartupState -> LoadingState
18:24:42.406 [FXGL Background Thread 1 ] DEBUG InitAppTask          - Clearing previous game
18:24:42.406 [FXGL Background Thread 1 ] DEBUG GameWorld            - Clearing game world
18:24:42.406 [FXGL Background Thread 1 ] DEBUG PhysicsWorld         - Clearing physics world
18:24:42.406 [FXGL Background Thread 1 ] DEBUG GameScene            - Clearing game scene
18:24:42.407 [FXGL Background Thread 1 ] DEBUG InitAppTask          - Initializing Game
18:24:42.444 [FXGL Background Thread 1 ] DEBUG InitAppTask          - Initializing Physics
18:24:42.446 [FXGL Background Thread 1 ] DEBUG InitAppTask          - Initializing UI
18:24:42.447 [FXGL Background Thread 1 ] DEBUG AssetLoader          - Loading from disk: /assets/ui/login.fxml
18:24:43.517 [FXGL Background Thread 1 ] DEBUG AssetLoader          - Loading from disk: /assets/textures/ui/default.png
18:24:43.518 [FXGL Background Thread 1 ] DEBUG AssetLoader          - Loading from disk: /assets/ui/mainpanel.fxml
18:24:43.553 [FXGL Background Thread 1 ] DEBUG InitAppTask          - Initialization Complete
18:24:43.553 [FXGL Background Thread 1 ] INFO  InitAppTask          - Game initialization took: 1.147 sec
18:24:43.566 [JavaFX Application Thread] DEBUG Input                - Clearing active input actions
18:24:43.566 [JavaFX Application Thread] DEBUG AssetLoader          - Loading from disk: /assets/ui/css/fxgl_dark.css
18:24:43.577 [JavaFX Application Thread] DEBUG AppStateMachine      - LoadingState -> PlayState
18:24:50.364 [JavaFX Application Thread] DEBUG FXGL                 - Exiting FXGL
18:24:50.364 [JavaFX Application Thread] DEBUG FXGL                 - Shutting down background threads
18:24:50.364 [JavaFX Application Thread] INFO  Profiler             - Processed Frames: 479
18:24:50.365 [JavaFX Application Thread] INFO  Profiler             - Average FPS: 57
18:24:50.365 [JavaFX Application Thread] INFO  Profiler             - Avg Frame Took: 0.08 ms
18:24:50.365 [JavaFX Application Thread] INFO  Profiler             - Avg Memory Usage: 158 MB
18:24:50.365 [JavaFX Application Thread] INFO  Profiler             - Min Memory Usage: 19 MB
18:24:50.365 [JavaFX Application Thread] INFO  Profiler             - Max Memory Usage: 162 MB
18:24:50.365 [JavaFX Application Thread] INFO  Profiler             - Estimated GC runs: 1
18:24:50.366 [JavaFX Application Thread] DEBUG FXGL                 - Saving FXGL system data
18:24:50.369 [JavaFX Application Thread] DEBUG DesktopFSService     - Writing to: system/fxgl.bundle
18:24:50.373 [JavaFX Application Thread] DEBUG FXGL                 - Closing logger and exiting JavaFX
