16:33:23.941 [JavaFX Application Thread] DEBUG GameApplication      - Logger initialized
16:33:23.948 [JavaFX Application Thread] DEBUG MainWindow           - Creating a JavaFX scene
16:33:24.108 [JavaFX Application Thread] DEBUG MainWindow           - Target settings size: 860.0 x 600.0
16:33:24.108 [JavaFX Application Thread] DEBUG MainWindow           - Scaled scene size:    860.0 x 600.0
16:33:24.109 [JavaFX Application Thread] DEBUG MainWindow           - Scaled ratio: (1.0, 1.0)
16:33:24.117 [JavaFX Application Thread] DEBUG GameApplication      - Starting FXGL
16:33:24.123 [JavaFX Application Thread] INFO  FXGL                 - FXGL-0.5.3 on DESKTOP
16:33:24.124 [JavaFX Application Thread] INFO  FXGL                 - Source code and latest versions at: https://github.com/AlmasB/FXGL
16:33:24.124 [JavaFX Application Thread] INFO  FXGL                 -              Join the FXGL chat at: https://gitter.im/AlmasB/FXGL
16:33:24.133 [JavaFX Application Thread] DEBUG FS                   - Loaded DesktopFSService
16:33:24.133 [JavaFX Application Thread] DEBUG FXGL                 - Loading FXGL system data
16:33:24.139 [JavaFX Application Thread] DEBUG DesktopFSService     - Reading from: system/fxgl.bundle
16:33:24.147 [JavaFX Application Thread] DEBUG Bundle               - Logging bundle: FXGL
16:33:24.148 [JavaFX Application Thread] DEBUG Bundle               - FXGL.offline.timer.version.check=2019-03-01T19:05:40.352
16:33:24.181 [JavaFX Application Thread] DEBUG GameApplication      - FXGL started
16:33:24.182 [JavaFX Application Thread] DEBUG GameApplication      - Logging game settings
Title: Alpha
Version: 0.0
Width: 860
Height: 600
Fullscreen: false
Intro: false
Menus: false
Profiling: false
Single step:false
App Mode: DEVELOPER
Menu Key: ESCAPE
Stage Style: DECORATED
Scene Factory: class com.almasb.fxgl.scene.SceneFactory
Dialog Factory: class com.almasb.fxgl.ui.FXGLDialogFactory
UI Factory: class com.almasb.fxgl.ui.FXGLUIFactory
Notification Service: class com.almasb.fxgl.gameplay.notification.XboxNotificationView
Exception Handler: class com.almasb.fxgl.app.FXGLExceptionHandler
16:33:24.183 [JavaFX Application Thread] DEBUG GameApplication      - Configuring GameApplication
16:33:24.183 [JavaFX Application Thread] DEBUG GameApplication      - Initializing state machine and application states
16:33:24.197 [JavaFX Application Thread] DEBUG AssetLoader          - Loading from disk: /assets/ui/cursors/fxgl_default.png
16:33:24.222 [JavaFX Application Thread] DEBUG AssetLoader          - Loading from disk: /assets/ui/cursors/fxgl_default.png
16:33:24.257 [JavaFX Application Thread] DEBUG FXGLAssets           - Loading FXGLAssets
16:33:24.303 [JavaFX Application Thread] DEBUG AssetLoader          - Loading from disk: /assets/ui/fonts/VarelaRound-Regular.ttf
16:33:24.320 [JavaFX Application Thread] DEBUG AssetLoader          - Loading from disk: /assets/ui/fonts/lucida_console.ttf
16:33:24.322 [JavaFX Application Thread] DEBUG AssetLoader          - Loading from disk: /assets/ui/fonts/Courier-Prime.ttf
16:33:24.325 [JavaFX Application Thread] DEBUG AssetLoader          - Loading from disk: /assets/ui/fonts/Abel-Regular.ttf
16:33:24.327 [JavaFX Application Thread] DEBUG AssetLoader          - Loading from disk: /assets/ui/css/fxgl_dark.css
16:33:24.360 [JavaFX Application Thread] DEBUG AssetLoader          - Loading from disk: /assets/ui/cursors/fxgl_default.png
16:33:24.396 [JavaFX Application Thread] DEBUG AssetLoader          - Loading from disk: /assets/ui/cursors/fxgl_default.png
16:33:24.417 [JavaFX Application Thread] DEBUG GameScene            - Game scene initialized: 860x600
16:33:24.420 [JavaFX Application Thread] DEBUG GameWorld            - Game world initialized
16:33:24.457 [JavaFX Application Thread] DEBUG PhysicsWorld         - Physics world initialized: appHeight=600, physics.ppm=50.0
16:33:24.474 [JavaFX Application Thread] DEBUG Input                - Registered new binding: Pause - Esc
16:33:24.491 [JavaFX Application Thread] DEBUG Input                - Clearing active input actions
16:33:24.532 [JavaFX Application Thread] DEBUG AppStateMachine      - StartupState -> StartupState
16:33:24.535 [JavaFX Application Thread] INFO  GameApplication      - Game configuration took:  0.352 sec
16:33:24.537 [JavaFX Application Thread] DEBUG AssetLoader          - Loading from disk: /assets/textures/fxgl_icon.png
16:33:24.553 [JavaFX Application Thread] DEBUG MainWindow           - Opening main window
16:33:24.623 [JavaFX Application Thread] DEBUG MainWindow           - Window border size: (0.0, 0.0)
16:33:24.623 [JavaFX Application Thread] DEBUG MainWindow           - Scaled size: 860.0 x 600.0
16:33:24.623 [JavaFX Application Thread] DEBUG MainWindow           - Scaled ratio: (1.0, 1.0)
16:33:24.623 [JavaFX Application Thread] DEBUG MainWindow           - Scene size: 860.0 x 600.0
16:33:24.623 [JavaFX Application Thread] DEBUG MainWindow           - Stage size: 860.0 x 600.0
16:33:24.623 [JavaFX Application Thread] DEBUG GameApplication      - Running preInit()
16:33:24.625 [JavaFX Application Thread] DEBUG Input                - Registered new binding: Screenshot - P
16:33:24.626 [JavaFX Application Thread] DEBUG Input                - Registered new binding: Dev Options - CTRL+0
16:33:24.626 [JavaFX Application Thread] DEBUG Input                - Registered new binding: System info dump - CTRL+9
16:33:24.627 [JavaFX Application Thread] DEBUG Input                - Registered new binding: Restart - CTRL+R
16:33:24.627 [JavaFX Application Thread] DEBUG Input                - Registered new binding: Up 1 - W
16:33:24.627 [JavaFX Application Thread] DEBUG Input                - Registered new binding: Down 1 - S
16:33:24.627 [JavaFX Application Thread] DEBUG Input                - Registered new binding: Right 1 - D
16:33:24.628 [JavaFX Application Thread] DEBUG Input                - Registered new binding: Left 1 - A
16:33:24.629 [JavaFX Application Thread] DEBUG Input                - Registered new binding: Click - LMB
16:33:24.629 [JavaFX Application Thread] DEBUG Input                - Registered new binding: Rightclick - RMB
16:33:24.629 [JavaFX Application Thread] DEBUG Input                - Registered new binding: Tab - Tab
16:33:24.656 [JavaFX Application Thread] DEBUG GameApplication      - Starting main loop
16:33:24.666 [JavaFX Application Thread] DEBUG StartupState         - STARTUP
16:33:24.666 [JavaFX Application Thread] DEBUG GameApplication      - Starting new game
16:33:24.666 [JavaFX Application Thread] DEBUG Input                - Clearing active input actions
16:33:24.676 [JavaFX Application Thread] DEBUG AppStateMachine      - StartupState -> LoadingState
16:33:24.681 [FXGL Background Thread 1 ] DEBUG InitAppTask          - Clearing previous game
16:33:24.681 [FXGL Background Thread 1 ] DEBUG GameWorld            - Clearing game world
16:33:24.681 [FXGL Background Thread 1 ] DEBUG PhysicsWorld         - Clearing physics world
16:33:24.681 [FXGL Background Thread 1 ] DEBUG GameScene            - Clearing game scene
16:33:24.682 [FXGL Background Thread 1 ] DEBUG InitAppTask          - Initializing Game
16:33:24.686 [FXGL Background Thread 1 ] DEBUG InitAppTask          - Initializing Physics
16:33:24.688 [FXGL Background Thread 1 ] DEBUG InitAppTask          - Initializing UI
16:33:24.688 [FXGL Background Thread 1 ] DEBUG AssetLoader          - Loading from disk: /assets/ui/login.fxml
16:33:25.763 [FXGL Background Thread 1 ] DEBUG AssetLoader          - Loading from disk: /assets/textures/ui/default.png
16:33:25.764 [FXGL Background Thread 1 ] DEBUG AssetLoader          - Loading from disk: /assets/ui/mainpanel.fxml
16:33:25.799 [FXGL Background Thread 1 ] DEBUG InitAppTask          - Initialization Complete
16:33:25.799 [FXGL Background Thread 1 ] INFO  InitAppTask          - Game initialization took: 1.118 sec
16:33:25.809 [JavaFX Application Thread] DEBUG Input                - Clearing active input actions
16:33:25.828 [JavaFX Application Thread] DEBUG AppStateMachine      - LoadingState -> PlayState
16:33:28.205 [JavaFX Application Thread] FATAL GameApplication      - Uncaught Exception:

Fatal exception occurred: java.lang.IllegalStateException : No EntityFactory was added! Call gameWorld.addEntityFactory()
E: com.almasb.fxgl.entity.GameWorld.create(GameWorld.kt:427)
E: com.almasb.fxgl.entity.GameWorld.spawn(GameWorld.kt:413)
E: client.ClientGameMap$3.run(ClientGameMap.java:212)
E: com.sun.javafx.application.PlatformImpl.lambda$null$5(PlatformImpl.java:295)
E: java.security.AccessController.doPrivileged(Native Method)
E: com.sun.javafx.application.PlatformImpl.lambda$runLater$6(PlatformImpl.java:294)
E: com.sun.glass.ui.InvokeLaterDispatcher$Future.run(InvokeLaterDispatcher.java:95)
E: com.sun.glass.ui.gtk.GtkApplication._runLoop(Native Method)
E: com.sun.glass.ui.gtk.GtkApplication.lambda$null$5(GtkApplication.java:139)
E: java.lang.Thread.run(Thread.java:748)

16:33:28.206 [JavaFX Application Thread] FATAL GameApplication      - Application will now exit
16:33:28.206 [JavaFX Application Thread] DEBUG GameApplication      - Stopping main loop
16:33:33.622 [JavaFX Application Thread] DEBUG GameApplication      - Exiting game application
16:33:33.623 [JavaFX Application Thread] DEBUG GameApplication      - Shutting down background threads
16:33:33.623 [JavaFX Application Thread] DEBUG GameApplication      - Exiting FXGL
16:33:33.623 [JavaFX Application Thread] DEBUG FXGL                 - Saving FXGL system data
16:33:33.625 [JavaFX Application Thread] DEBUG DesktopFSService     - Writing to: system/fxgl.bundle
16:33:33.629 [JavaFX Application Thread] DEBUG GameApplication      - Closing logger and exiting JavaFX
