17:51:42.068 [JavaFX Application Thread] DEBUG GameApplication      - Logger initialized
17:51:42.075 [JavaFX Application Thread] DEBUG MainWindow           - Creating a JavaFX scene
17:51:42.204 [JavaFX Application Thread] DEBUG MainWindow           - Target settings size: 860.0 x 600.0
17:51:42.205 [JavaFX Application Thread] DEBUG MainWindow           - Scaled scene size:    860.0 x 600.0
17:51:42.205 [JavaFX Application Thread] DEBUG MainWindow           - Scaled ratio: (1.0, 1.0)
17:51:42.211 [JavaFX Application Thread] DEBUG GameApplication      - Starting FXGL
17:51:42.215 [JavaFX Application Thread] INFO  FXGL                 - FXGL-0.5.3 on DESKTOP
17:51:42.215 [JavaFX Application Thread] INFO  FXGL                 - Source code and latest versions at: https://github.com/AlmasB/FXGL
17:51:42.216 [JavaFX Application Thread] INFO  FXGL                 -              Join the FXGL chat at: https://gitter.im/AlmasB/FXGL
17:51:42.222 [JavaFX Application Thread] DEBUG FS                   - Loaded DesktopFSService
17:51:42.222 [JavaFX Application Thread] DEBUG FXGL                 - Loading FXGL system data
17:51:42.229 [JavaFX Application Thread] DEBUG DesktopFSService     - Reading from: system/fxgl.bundle
17:51:42.237 [JavaFX Application Thread] DEBUG Bundle               - Logging bundle: FXGL
17:51:42.238 [JavaFX Application Thread] DEBUG Bundle               - FXGL.offline.timer.version.check=2019-03-09T00:08:16.144
17:51:42.270 [JavaFX Application Thread] DEBUG GameApplication      - FXGL started
17:51:42.271 [JavaFX Application Thread] DEBUG GameApplication      - Logging game settings
Title: Alpha
Version: 0.0
Width: 860
Height: 600
Fullscreen: false
Intro: false
Menus: false
Profiling: false
Single step:false
App Mode: DEVELOPER
Menu Key: ESCAPE
Stage Style: DECORATED
Scene Factory: class com.almasb.fxgl.scene.SceneFactory
Dialog Factory: class com.almasb.fxgl.ui.FXGLDialogFactory
UI Factory: class com.almasb.fxgl.ui.FXGLUIFactory
Notification Service: class com.almasb.fxgl.gameplay.notification.XboxNotificationView
Exception Handler: class com.almasb.fxgl.app.FXGLExceptionHandler
17:51:42.272 [JavaFX Application Thread] DEBUG GameApplication      - Configuring GameApplication
17:51:42.272 [JavaFX Application Thread] DEBUG GameApplication      - Initializing state machine and application states
17:51:42.289 [JavaFX Application Thread] DEBUG AssetLoader          - Loading from disk: /assets/ui/cursors/fxgl_default.png
17:51:42.316 [JavaFX Application Thread] DEBUG AssetLoader          - Loading from disk: /assets/ui/cursors/fxgl_default.png
17:51:42.346 [JavaFX Application Thread] DEBUG FXGLAssets           - Loading FXGLAssets
17:51:42.370 [JavaFX Application Thread] DEBUG AssetLoader          - Loading from disk: /assets/ui/fonts/VarelaRound-Regular.ttf
17:51:42.383 [JavaFX Application Thread] DEBUG AssetLoader          - Loading from disk: /assets/ui/fonts/lucida_console.ttf
17:51:42.386 [JavaFX Application Thread] DEBUG AssetLoader          - Loading from disk: /assets/ui/fonts/Courier-Prime.ttf
17:51:42.388 [JavaFX Application Thread] DEBUG AssetLoader          - Loading from disk: /assets/ui/fonts/Abel-Regular.ttf
17:51:42.389 [JavaFX Application Thread] DEBUG AssetLoader          - Loading from disk: /assets/ui/css/fxgl_dark.css
17:51:42.418 [JavaFX Application Thread] DEBUG AssetLoader          - Loading from disk: /assets/ui/cursors/fxgl_default.png
17:51:42.454 [JavaFX Application Thread] DEBUG AssetLoader          - Loading from disk: /assets/ui/cursors/fxgl_default.png
17:51:42.475 [JavaFX Application Thread] DEBUG GameScene            - Game scene initialized: 860x600
17:51:42.478 [JavaFX Application Thread] DEBUG GameWorld            - Game world initialized
17:51:42.517 [JavaFX Application Thread] DEBUG PhysicsWorld         - Physics world initialized: appHeight=600, physics.ppm=50.0
17:51:42.537 [JavaFX Application Thread] DEBUG Input                - Registered new binding: Pause - Esc
17:51:42.556 [JavaFX Application Thread] DEBUG Input                - Clearing active input actions
17:51:42.600 [JavaFX Application Thread] DEBUG AppStateMachine      - StartupState -> StartupState
17:51:42.604 [JavaFX Application Thread] INFO  GameApplication      - Game configuration took:  0.332 sec
17:51:42.606 [JavaFX Application Thread] DEBUG AssetLoader          - Loading from disk: /assets/textures/fxgl_icon.png
17:51:42.626 [JavaFX Application Thread] DEBUG MainWindow           - Opening main window
17:51:42.704 [JavaFX Application Thread] DEBUG MainWindow           - Window border size: (0.0, 0.0)
17:51:42.704 [JavaFX Application Thread] DEBUG MainWindow           - Scaled size: 860.0 x 600.0
17:51:42.704 [JavaFX Application Thread] DEBUG MainWindow           - Scaled ratio: (1.0, 1.0)
17:51:42.705 [JavaFX Application Thread] DEBUG MainWindow           - Scene size: 860.0 x 600.0
17:51:42.705 [JavaFX Application Thread] DEBUG MainWindow           - Stage size: 860.0 x 600.0
17:51:42.705 [JavaFX Application Thread] DEBUG GameApplication      - Running preInit()
17:51:42.707 [JavaFX Application Thread] DEBUG Input                - Registered new binding: Screenshot - P
17:51:42.707 [JavaFX Application Thread] DEBUG Input                - Registered new binding: Dev Options - CTRL+0
17:51:42.708 [JavaFX Application Thread] DEBUG Input                - Registered new binding: System info dump - CTRL+9
17:51:42.708 [JavaFX Application Thread] DEBUG Input                - Registered new binding: Restart - CTRL+R
17:51:42.708 [JavaFX Application Thread] DEBUG Input                - Registered new binding: Up 1 - W
17:51:42.708 [JavaFX Application Thread] DEBUG Input                - Registered new binding: Down 1 - S
17:51:42.709 [JavaFX Application Thread] DEBUG Input                - Registered new binding: Right 1 - D
17:51:42.709 [JavaFX Application Thread] DEBUG Input                - Registered new binding: Left 1 - A
17:51:42.710 [JavaFX Application Thread] DEBUG Input                - Registered new binding: Click - LMB
17:51:42.710 [JavaFX Application Thread] DEBUG Input                - Registered new binding: Rightclick - RMB
17:51:42.710 [JavaFX Application Thread] DEBUG Input                - Registered new binding: Tab - Tab
17:51:42.756 [JavaFX Application Thread] DEBUG GameApplication      - Starting main loop
17:51:42.769 [JavaFX Application Thread] DEBUG StartupState         - STARTUP
17:51:42.769 [JavaFX Application Thread] DEBUG GameApplication      - Starting new game
17:51:42.769 [JavaFX Application Thread] DEBUG Input                - Clearing active input actions
17:51:42.779 [JavaFX Application Thread] DEBUG AppStateMachine      - StartupState -> LoadingState
17:51:42.785 [FXGL Background Thread 1 ] DEBUG InitAppTask          - Clearing previous game
17:51:42.785 [FXGL Background Thread 1 ] DEBUG GameWorld            - Clearing game world
17:51:42.785 [FXGL Background Thread 1 ] DEBUG PhysicsWorld         - Clearing physics world
17:51:42.785 [FXGL Background Thread 1 ] DEBUG GameScene            - Clearing game scene
17:51:42.787 [FXGL Background Thread 1 ] DEBUG InitAppTask          - Initializing Game
17:51:42.793 [FXGL Background Thread 1 ] DEBUG InitAppTask          - Initializing Physics
17:51:42.795 [FXGL Background Thread 1 ] DEBUG InitAppTask          - Initializing UI
17:51:42.796 [FXGL Background Thread 1 ] DEBUG AssetLoader          - Loading from disk: /assets/ui/login.fxml
17:51:43.991 [FXGL Background Thread 1 ] DEBUG AssetLoader          - Loading from disk: /assets/textures/ui/default.png
17:51:43.993 [FXGL Background Thread 1 ] DEBUG AssetLoader          - Loading from disk: /assets/ui/mainpanel.fxml
17:51:44.028 [FXGL Background Thread 1 ] DEBUG InitAppTask          - Initialization Complete
17:51:44.028 [FXGL Background Thread 1 ] INFO  InitAppTask          - Game initialization took: 1.243 sec
17:51:44.031 [JavaFX Application Thread] DEBUG Input                - Clearing active input actions
17:51:44.043 [JavaFX Application Thread] DEBUG AppStateMachine      - LoadingState -> PlayState
17:51:56.700 [JavaFX Application Thread] DEBUG GameApplication      - Exiting game application
17:51:56.701 [JavaFX Application Thread] DEBUG GameApplication      - Shutting down background threads
17:51:56.701 [JavaFX Application Thread] DEBUG GameApplication      - Exiting FXGL
17:51:56.702 [JavaFX Application Thread] DEBUG FXGL                 - Saving FXGL system data
17:51:56.705 [JavaFX Application Thread] DEBUG DesktopFSService     - Writing to: system/fxgl.bundle
17:51:56.725 [JavaFX Application Thread] DEBUG GameApplication      - Closing logger and exiting JavaFX
