21:45:36.390 [JavaFX Application Thread] DEBUG GameApplication      - Logger initialized
21:45:36.396 [JavaFX Application Thread] DEBUG MainWindow           - Creating a JavaFX scene
21:45:36.533 [JavaFX Application Thread] DEBUG MainWindow           - Target settings size: 860.0 x 600.0
21:45:36.533 [JavaFX Application Thread] DEBUG MainWindow           - Scaled scene size:    860.0 x 600.0
21:45:36.533 [JavaFX Application Thread] DEBUG MainWindow           - Scaled ratio: (1.0, 1.0)
21:45:36.539 [JavaFX Application Thread] DEBUG GameApplication      - Starting FXGL
21:45:36.543 [JavaFX Application Thread] INFO  FXGL                 - FXGL-0.5.3 on DESKTOP
21:45:36.544 [JavaFX Application Thread] INFO  FXGL                 - Source code and latest versions at: https://github.com/AlmasB/FXGL
21:45:36.544 [JavaFX Application Thread] INFO  FXGL                 -              Join the FXGL chat at: https://gitter.im/AlmasB/FXGL
21:45:36.554 [JavaFX Application Thread] DEBUG FS                   - Loaded DesktopFSService
21:45:36.554 [JavaFX Application Thread] DEBUG FXGL                 - Loading FXGL system data
21:45:36.561 [JavaFX Application Thread] DEBUG DesktopFSService     - Reading from: system/fxgl.bundle
21:45:36.571 [JavaFX Application Thread] DEBUG Bundle               - Logging bundle: FXGL
21:45:36.572 [JavaFX Application Thread] DEBUG Bundle               - FXGL.offline.timer.version.check=2019-02-14T00:36:59.438
21:45:36.603 [JavaFX Application Thread] DEBUG GameApplication      - FXGL started
21:45:36.604 [JavaFX Application Thread] DEBUG GameApplication      - Logging game settings
Title: Alpha
Version: 0.0
Width: 860
Height: 600
Fullscreen: false
Intro: false
Menus: false
Profiling: false
Single step:false
App Mode: DEVELOPER
Menu Key: ESCAPE
Stage Style: DECORATED
Scene Factory: class com.almasb.fxgl.scene.SceneFactory
Dialog Factory: class com.almasb.fxgl.ui.FXGLDialogFactory
UI Factory: class com.almasb.fxgl.ui.FXGLUIFactory
Notification Service: class com.almasb.fxgl.gameplay.notification.XboxNotificationView
Exception Handler: class com.almasb.fxgl.app.FXGLExceptionHandler
21:45:36.604 [JavaFX Application Thread] DEBUG GameApplication      - Configuring GameApplication
21:45:36.605 [JavaFX Application Thread] DEBUG GameApplication      - Initializing state machine and application states
21:45:36.622 [JavaFX Application Thread] DEBUG AssetLoader          - Loading from disk: /assets/ui/cursors/fxgl_default.png
21:45:36.645 [JavaFX Application Thread] DEBUG AssetLoader          - Loading from disk: /assets/ui/cursors/fxgl_default.png
21:45:36.677 [JavaFX Application Thread] DEBUG FXGLAssets           - Loading FXGLAssets
21:45:36.703 [JavaFX Application Thread] DEBUG AssetLoader          - Loading from disk: /assets/ui/fonts/VarelaRound-Regular.ttf
21:45:36.717 [JavaFX Application Thread] DEBUG AssetLoader          - Loading from disk: /assets/ui/fonts/lucida_console.ttf
21:45:36.720 [JavaFX Application Thread] DEBUG AssetLoader          - Loading from disk: /assets/ui/fonts/Courier-Prime.ttf
21:45:36.722 [JavaFX Application Thread] DEBUG AssetLoader          - Loading from disk: /assets/ui/fonts/Abel-Regular.ttf
21:45:36.724 [JavaFX Application Thread] DEBUG AssetLoader          - Loading from disk: /assets/ui/css/fxgl_dark.css
21:45:36.755 [JavaFX Application Thread] DEBUG AssetLoader          - Loading from disk: /assets/ui/cursors/fxgl_default.png
21:45:36.792 [JavaFX Application Thread] DEBUG AssetLoader          - Loading from disk: /assets/ui/cursors/fxgl_default.png
21:45:36.813 [JavaFX Application Thread] DEBUG GameScene            - Game scene initialized: 860x600
21:45:36.817 [JavaFX Application Thread] DEBUG GameWorld            - Game world initialized
21:45:36.859 [JavaFX Application Thread] DEBUG PhysicsWorld         - Physics world initialized: appHeight=600, physics.ppm=50.0
21:45:36.876 [JavaFX Application Thread] DEBUG Input                - Registered new binding: Pause - Esc
21:45:36.894 [JavaFX Application Thread] DEBUG Input                - Clearing active input actions
21:45:36.951 [JavaFX Application Thread] DEBUG AppStateMachine      - StartupState -> StartupState
21:45:36.955 [JavaFX Application Thread] INFO  GameApplication      - Game configuration took:  0.350 sec
21:45:36.957 [JavaFX Application Thread] DEBUG AssetLoader          - Loading from disk: /assets/textures/fxgl_icon.png
21:45:36.973 [JavaFX Application Thread] DEBUG MainWindow           - Opening main window
21:45:37.052 [JavaFX Application Thread] DEBUG MainWindow           - Window border size: (0.0, 0.0)
21:45:37.053 [JavaFX Application Thread] DEBUG MainWindow           - Scaled size: 860.0 x 600.0
21:45:37.053 [JavaFX Application Thread] DEBUG MainWindow           - Scaled ratio: (1.0, 1.0)
21:45:37.053 [JavaFX Application Thread] DEBUG MainWindow           - Scene size: 860.0 x 600.0
21:45:37.053 [JavaFX Application Thread] DEBUG MainWindow           - Stage size: 860.0 x 600.0
21:45:37.053 [JavaFX Application Thread] DEBUG GameApplication      - Running preInit()
21:45:37.055 [JavaFX Application Thread] DEBUG Input                - Registered new binding: Screenshot - P
21:45:37.055 [JavaFX Application Thread] DEBUG Input                - Registered new binding: Dev Options - CTRL+0
21:45:37.055 [JavaFX Application Thread] DEBUG Input                - Registered new binding: System info dump - CTRL+9
21:45:37.056 [JavaFX Application Thread] DEBUG Input                - Registered new binding: Restart - CTRL+R
21:45:37.056 [JavaFX Application Thread] DEBUG Input                - Registered new binding: Up 1 - W
21:45:37.056 [JavaFX Application Thread] DEBUG Input                - Registered new binding: Down 1 - S
21:45:37.056 [JavaFX Application Thread] DEBUG Input                - Registered new binding: Right 1 - D
21:45:37.057 [JavaFX Application Thread] DEBUG Input                - Registered new binding: Left 1 - A
21:45:37.057 [JavaFX Application Thread] DEBUG Input                - Registered new binding: Tab - Tab
21:45:37.084 [JavaFX Application Thread] DEBUG GameApplication      - Starting main loop
21:45:37.103 [JavaFX Application Thread] DEBUG StartupState         - STARTUP
21:45:37.103 [JavaFX Application Thread] DEBUG GameApplication      - Starting new game
21:45:37.103 [JavaFX Application Thread] DEBUG Input                - Clearing active input actions
21:45:37.111 [JavaFX Application Thread] DEBUG AppStateMachine      - StartupState -> LoadingState
21:45:37.116 [FXGL Background Thread 1 ] DEBUG InitAppTask          - Clearing previous game
21:45:37.116 [FXGL Background Thread 1 ] DEBUG GameWorld            - Clearing game world
21:45:37.116 [FXGL Background Thread 1 ] DEBUG PhysicsWorld         - Clearing physics world
21:45:37.116 [FXGL Background Thread 1 ] DEBUG GameScene            - Clearing game scene
21:45:37.117 [FXGL Background Thread 1 ] DEBUG InitAppTask          - Initializing Game
21:45:37.121 [FXGL Background Thread 1 ] DEBUG InitAppTask          - Initializing Physics
21:45:37.122 [FXGL Background Thread 1 ] DEBUG InitAppTask          - Initializing UI
21:45:37.123 [FXGL Background Thread 1 ] DEBUG AssetLoader          - Loading from disk: /assets/ui/login.fxml
21:45:38.214 [FXGL Background Thread 1 ] DEBUG AssetLoader          - Loading from disk: /assets/ui/mainpanel.fxml
21:45:38.235 [FXGL Background Thread 1 ] DEBUG AssetLoader          - Loading from disk: /assets/textures/ui/box.png
21:45:38.238 [FXGL Background Thread 1 ] DEBUG AssetLoader          - Loading from cache: /assets/textures/ui/box.png
21:45:38.238 [FXGL Background Thread 1 ] DEBUG AssetLoader          - Loading from cache: /assets/textures/ui/box.png
21:45:38.238 [FXGL Background Thread 1 ] DEBUG AssetLoader          - Loading from cache: /assets/textures/ui/box.png
21:45:38.239 [FXGL Background Thread 1 ] DEBUG AssetLoader          - Loading from cache: /assets/textures/ui/box.png
21:45:38.239 [FXGL Background Thread 1 ] DEBUG AssetLoader          - Loading from cache: /assets/textures/ui/box.png
21:45:38.239 [FXGL Background Thread 1 ] DEBUG AssetLoader          - Loading from cache: /assets/textures/ui/box.png
21:45:38.239 [FXGL Background Thread 1 ] DEBUG AssetLoader          - Loading from cache: /assets/textures/ui/box.png
21:45:38.239 [FXGL Background Thread 1 ] DEBUG AssetLoader          - Loading from cache: /assets/textures/ui/box.png
21:45:38.239 [FXGL Background Thread 1 ] DEBUG AssetLoader          - Loading from cache: /assets/textures/ui/box.png
21:45:38.240 [FXGL Background Thread 1 ] DEBUG AssetLoader          - Loading from cache: /assets/textures/ui/box.png
21:45:38.240 [FXGL Background Thread 1 ] DEBUG AssetLoader          - Loading from cache: /assets/textures/ui/box.png
21:45:38.240 [FXGL Background Thread 1 ] DEBUG AssetLoader          - Loading from cache: /assets/textures/ui/box.png
21:45:38.240 [FXGL Background Thread 1 ] DEBUG AssetLoader          - Loading from cache: /assets/textures/ui/box.png
21:45:38.240 [FXGL Background Thread 1 ] DEBUG AssetLoader          - Loading from cache: /assets/textures/ui/box.png
21:45:38.241 [FXGL Background Thread 1 ] DEBUG AssetLoader          - Loading from cache: /assets/textures/ui/box.png
21:45:38.241 [FXGL Background Thread 1 ] DEBUG InitAppTask          - Initialization Complete
21:45:38.241 [FXGL Background Thread 1 ] INFO  InitAppTask          - Game initialization took: 1.125 sec
21:45:38.252 [JavaFX Application Thread] DEBUG Input                - Clearing active input actions
21:45:38.264 [JavaFX Application Thread] DEBUG AppStateMachine      - LoadingState -> PlayState
21:48:40.120 [JavaFX Application Thread] DEBUG GameApplication      - Exiting game application
21:48:40.121 [JavaFX Application Thread] DEBUG GameApplication      - Shutting down background threads
21:48:40.121 [JavaFX Application Thread] DEBUG GameApplication      - Exiting FXGL
21:48:40.122 [JavaFX Application Thread] DEBUG FXGL                 - Saving FXGL system data
21:48:40.124 [JavaFX Application Thread] DEBUG DesktopFSService     - Writing to: system/fxgl.bundle
21:48:40.129 [JavaFX Application Thread] DEBUG GameApplication      - Closing logger and exiting JavaFX
