02:10:02.828 [JavaFX Application Thread] DEBUG GameApplication      - Logger initialized
02:10:02.832 [JavaFX Application Thread] DEBUG GameApplication      - Logging settings
Title: Alpha
Version: 0.0
Width: 860
Height: 600
Fullscreen: false
Intro: false
Menus: false
Profiling: true
Single step:false
App Mode: DEVELOPER
Menu Key: ESCAPE
Stage Style: DECORATED
Scene Factory: class com.almasb.fxgl.scene.SceneFactory
Dialog Factory: class com.almasb.fxgl.ui.FXGLDialogFactory
UI Factory: class com.almasb.fxgl.ui.FXGLUIFactory
Notification Service: class com.almasb.fxgl.gameplay.notification.XboxNotificationView
Exception Handler: class com.almasb.fxgl.app.FXGLExceptionHandler
02:10:02.833 [JavaFX Application Thread] DEBUG GameApplication      - Starting FXGL
02:10:02.841 [JavaFX Application Thread] INFO  FXGL                 - FXGL-0.5.4 on DESKTOP
02:10:02.841 [JavaFX Application Thread] INFO  FXGL                 - Source code and latest versions at: https://github.com/AlmasB/FXGL
02:10:02.842 [JavaFX Application Thread] INFO  FXGL                 -              Join the FXGL chat at: https://gitter.im/AlmasB/FXGL
02:10:02.842 [JavaFX Application Thread] DEBUG FXGL                 - FXGL started
02:10:02.842 [JavaFX Application Thread] DEBUG FXGL                 - Initializing FXGL
02:10:02.896 [JavaFX Application Thread] DEBUG AssetLoader          - Loading from disk: /assets/ui/cursors/fxgl_default.png
02:10:02.987 [JavaFX Application Thread] DEBUG AssetLoader          - Loading from disk: /assets/ui/fonts/VarelaRound-Regular.ttf
02:10:03.062 [JavaFX Application Thread] DEBUG MainWindow           - Creating a JavaFX scene
02:10:03.116 [JavaFX Application Thread] DEBUG MainWindow           - Target settings size: 860.0 x 600.0
02:10:03.117 [JavaFX Application Thread] DEBUG MainWindow           - Scaled scene size:    860.0 x 600.0
02:10:03.117 [JavaFX Application Thread] DEBUG MainWindow           - Scaled ratio: (1.0, 1.0)
02:10:03.120 [JavaFX Application Thread] DEBUG AssetLoader          - Loading from disk: /assets/ui/css/fxgl_dark.css
02:10:03.124 [JavaFX Application Thread] DEBUG AssetLoader          - Loading from disk: /assets/textures/fxgl_icon.png
02:10:03.145 [JavaFX Application Thread] DEBUG MainWindow           - Opening main window
02:10:03.277 [JavaFX Application Thread] DEBUG MainWindow           - Window border size: (0.0, 35.0)
02:10:03.277 [JavaFX Application Thread] DEBUG MainWindow           - Scaled size: 860.0 x 565.0
02:10:03.278 [JavaFX Application Thread] DEBUG MainWindow           - Scaled ratio: (1.0, 0.9416666666666667)
02:10:03.278 [JavaFX Application Thread] DEBUG MainWindow           - Scene size: 860.0 x 600.0
02:10:03.278 [JavaFX Application Thread] DEBUG MainWindow           - Stage size: 860.0 x 600.0
02:10:03.304 [ForkJoinPool.commonPool-worker-9] DEBUG FS                   - Loaded DesktopFSService
02:10:03.304 [ForkJoinPool.commonPool-worker-9] DEBUG FXGL                 - Loading FXGL system data
02:10:03.310 [ForkJoinPool.commonPool-worker-9] DEBUG DesktopFSService     - Reading from: system/fxgl.bundle
02:10:03.320 [ForkJoinPool.commonPool-worker-9] DEBUG Bundle               - Logging bundle: FXGL
02:10:03.320 [ForkJoinPool.commonPool-worker-9] DEBUG Bundle               - FXGL.offline.timer.version.check=2019-03-31T13:59:17.348
02:10:03.321 [ForkJoinPool.commonPool-worker-9] DEBUG FXGL                 - Initializing state machine and application states
02:10:03.323 [ForkJoinPool.commonPool-worker-9] DEBUG AssetLoader          - Loading from disk: /assets/ui/cursors/fxgl_default.png
02:10:03.329 [ForkJoinPool.commonPool-worker-9] DEBUG AssetLoader          - Loading from disk: /assets/ui/cursors/fxgl_default.png
02:10:03.336 [ForkJoinPool.commonPool-worker-9] DEBUG AssetLoader          - Loading from cache: /assets/ui/fonts/VarelaRound-Regular.ttf
02:10:03.338 [ForkJoinPool.commonPool-worker-9] DEBUG AssetLoader          - Loading from disk: /assets/ui/cursors/fxgl_default.png
02:10:03.339 [ForkJoinPool.commonPool-worker-9] DEBUG AssetLoader          - Loading from disk: /assets/ui/fonts/lucida_console.ttf
02:10:03.343 [ForkJoinPool.commonPool-worker-9] DEBUG GameScene            - Game scene initialized: 860x600
02:10:03.347 [ForkJoinPool.commonPool-worker-9] DEBUG GameWorld            - Game world initialized
02:10:03.390 [ForkJoinPool.commonPool-worker-9] DEBUG PhysicsWorld         - Physics world initialized: appHeight=600, physics.ppm=50.0
02:10:03.409 [ForkJoinPool.commonPool-worker-9] DEBUG Input                - Registered new binding: Pause - Esc
02:10:03.446 [JavaFX Application Thread] DEBUG FXGL                 - Running preInit()
02:10:03.448 [JavaFX Application Thread] DEBUG Input                - Registered new binding: Screenshot - P
02:10:03.448 [JavaFX Application Thread] DEBUG Input                - Registered new binding: Dev Options - CTRL+0
02:10:03.448 [JavaFX Application Thread] DEBUG Input                - Registered new binding: System info dump - CTRL+9
02:10:03.449 [JavaFX Application Thread] DEBUG Input                - Registered new binding: Restart - CTRL+R
02:10:03.449 [JavaFX Application Thread] DEBUG Input                - Registered new binding: Up 1 - W
02:10:03.449 [JavaFX Application Thread] DEBUG Input                - Registered new binding: Down 1 - S
02:10:03.449 [JavaFX Application Thread] DEBUG Input                - Registered new binding: Right 1 - D
02:10:03.449 [JavaFX Application Thread] DEBUG Input                - Registered new binding: Left 1 - A
02:10:03.450 [JavaFX Application Thread] DEBUG Input                - Registered new binding: Change State - C
02:10:03.450 [JavaFX Application Thread] DEBUG Input                - Registered new binding: Set Shield - X
02:10:03.451 [JavaFX Application Thread] DEBUG Input                - Registered new binding: Click - LMB
02:10:03.451 [JavaFX Application Thread] DEBUG Input                - Registered new binding: Rightclick - RMB
02:10:03.451 [JavaFX Application Thread] DEBUG Input                - Registered new binding: Tab - Tab
02:10:03.452 [JavaFX Application Thread] INFO  FXGL                 - FXGL initialization took: 0.609 sec
02:10:03.452 [JavaFX Application Thread] DEBUG LoopRunner           - Starting loop
02:10:03.453 [JavaFX Application Thread] DEBUG StartupState         - STARTUP
02:10:03.453 [JavaFX Application Thread] DEBUG GameApplication      - Starting new game
02:10:03.453 [JavaFX Application Thread] DEBUG Input                - Clearing active input actions
02:10:03.454 [JavaFX Application Thread] DEBUG AssetLoader          - Loading from disk: /assets/ui/css/fxgl_dark.css
02:10:03.461 [JavaFX Application Thread] DEBUG AppStateMachine      - StartupState -> LoadingState
02:10:03.466 [FXGL Background Thread 1 ] DEBUG InitAppTask          - Clearing previous game
02:10:03.466 [FXGL Background Thread 1 ] DEBUG GameWorld            - Clearing game world
02:10:03.466 [FXGL Background Thread 1 ] DEBUG PhysicsWorld         - Clearing physics world
02:10:03.466 [FXGL Background Thread 1 ] DEBUG GameScene            - Clearing game scene
02:10:03.468 [FXGL Background Thread 1 ] DEBUG InitAppTask          - Initializing Game
02:10:03.504 [FXGL Background Thread 1 ] DEBUG InitAppTask          - Initializing Physics
02:10:03.506 [FXGL Background Thread 1 ] DEBUG InitAppTask          - Initializing UI
02:10:03.507 [FXGL Background Thread 1 ] DEBUG AssetLoader          - Loading from disk: /assets/ui/login.fxml
02:10:04.535 [JavaFX Application Thread] DEBUG FXGL                 - Exiting FXGL
02:10:04.535 [JavaFX Application Thread] DEBUG FXGL                 - Shutting down background threads
02:10:04.535 [JavaFX Application Thread] INFO  Profiler             - Processed Frames: 64
02:10:04.536 [JavaFX Application Thread] INFO  Profiler             - Average FPS: 59
02:10:04.536 [JavaFX Application Thread] INFO  Profiler             - Avg Frame Took: 0.20 ms
02:10:04.536 [JavaFX Application Thread] INFO  Profiler             - Avg Memory Usage: 142 MB
02:10:04.536 [JavaFX Application Thread] INFO  Profiler             - Min Memory Usage: 18 MB
02:10:04.536 [JavaFX Application Thread] INFO  Profiler             - Max Memory Usage: 148 MB
02:10:04.536 [JavaFX Application Thread] INFO  Profiler             - Estimated GC runs: 1
02:10:04.536 [JavaFX Application Thread] DEBUG FXGL                 - Saving FXGL system data
02:10:04.538 [JavaFX Application Thread] DEBUG DesktopFSService     - Writing to: system/fxgl.bundle
02:10:04.540 [JavaFX Application Thread] DEBUG FXGL                 - Closing logger and exiting JavaFX
