16:22:13.775 [JavaFX Application Thread] DEBUG GameApplication      - Logger initialized
16:22:13.781 [JavaFX Application Thread] DEBUG MainWindow           - Creating a JavaFX scene
16:22:13.921 [JavaFX Application Thread] DEBUG MainWindow           - Target settings size: 860.0 x 600.0
16:22:13.922 [JavaFX Application Thread] DEBUG MainWindow           - Scaled scene size:    860.0 x 600.0
16:22:13.922 [JavaFX Application Thread] DEBUG MainWindow           - Scaled ratio: (1.0, 1.0)
16:22:13.928 [JavaFX Application Thread] DEBUG GameApplication      - Starting FXGL
16:22:13.932 [JavaFX Application Thread] INFO  FXGL                 - FXGL-0.5.3 on DESKTOP
16:22:13.933 [JavaFX Application Thread] INFO  FXGL                 - Source code and latest versions at: https://github.com/AlmasB/FXGL
16:22:13.933 [JavaFX Application Thread] INFO  FXGL                 -              Join the FXGL chat at: https://gitter.im/AlmasB/FXGL
16:22:13.940 [JavaFX Application Thread] DEBUG FS                   - Loaded DesktopFSService
16:22:13.940 [JavaFX Application Thread] DEBUG FXGL                 - Loading FXGL system data
16:22:13.947 [JavaFX Application Thread] DEBUG DesktopFSService     - Reading from: system/fxgl.bundle
16:22:13.953 [JavaFX Application Thread] DEBUG Bundle               - Logging bundle: FXGL
16:22:13.954 [JavaFX Application Thread] DEBUG Bundle               - FXGL.offline.timer.version.check=2019-02-21T16:31:03.317
16:22:13.986 [JavaFX Application Thread] DEBUG GameApplication      - FXGL started
16:22:13.987 [JavaFX Application Thread] DEBUG GameApplication      - Logging game settings
Title: Alpha
Version: 0.0
Width: 860
Height: 600
Fullscreen: false
Intro: false
Menus: false
Profiling: false
Single step:false
App Mode: DEVELOPER
Menu Key: ESCAPE
Stage Style: DECORATED
Scene Factory: class com.almasb.fxgl.scene.SceneFactory
Dialog Factory: class com.almasb.fxgl.ui.FXGLDialogFactory
UI Factory: class com.almasb.fxgl.ui.FXGLUIFactory
Notification Service: class com.almasb.fxgl.gameplay.notification.XboxNotificationView
Exception Handler: class com.almasb.fxgl.app.FXGLExceptionHandler
16:22:13.988 [JavaFX Application Thread] DEBUG GameApplication      - Configuring GameApplication
16:22:13.988 [JavaFX Application Thread] DEBUG GameApplication      - Initializing state machine and application states
16:22:14.002 [JavaFX Application Thread] DEBUG AssetLoader          - Loading from disk: /assets/ui/cursors/fxgl_default.png
16:22:14.025 [JavaFX Application Thread] DEBUG AssetLoader          - Loading from disk: /assets/ui/cursors/fxgl_default.png
16:22:14.056 [JavaFX Application Thread] DEBUG FXGLAssets           - Loading FXGLAssets
16:22:14.082 [JavaFX Application Thread] DEBUG AssetLoader          - Loading from disk: /assets/ui/fonts/VarelaRound-Regular.ttf
16:22:14.098 [JavaFX Application Thread] DEBUG AssetLoader          - Loading from disk: /assets/ui/fonts/lucida_console.ttf
16:22:14.102 [JavaFX Application Thread] DEBUG AssetLoader          - Loading from disk: /assets/ui/fonts/Courier-Prime.ttf
16:22:14.105 [JavaFX Application Thread] DEBUG AssetLoader          - Loading from disk: /assets/ui/fonts/Abel-Regular.ttf
16:22:14.107 [JavaFX Application Thread] DEBUG AssetLoader          - Loading from disk: /assets/ui/css/fxgl_dark.css
16:22:14.139 [JavaFX Application Thread] DEBUG AssetLoader          - Loading from disk: /assets/ui/cursors/fxgl_default.png
16:22:14.172 [JavaFX Application Thread] DEBUG AssetLoader          - Loading from disk: /assets/ui/cursors/fxgl_default.png
16:22:14.195 [JavaFX Application Thread] DEBUG GameScene            - Game scene initialized: 860x600
16:22:14.198 [JavaFX Application Thread] DEBUG GameWorld            - Game world initialized
16:22:14.243 [JavaFX Application Thread] DEBUG PhysicsWorld         - Physics world initialized: appHeight=600, physics.ppm=50.0
16:22:14.260 [JavaFX Application Thread] DEBUG Input                - Registered new binding: Pause - Esc
16:22:14.277 [JavaFX Application Thread] DEBUG Input                - Clearing active input actions
16:22:14.321 [JavaFX Application Thread] DEBUG AppStateMachine      - StartupState -> StartupState
16:22:14.326 [JavaFX Application Thread] INFO  GameApplication      - Game configuration took:  0.338 sec
16:22:14.328 [JavaFX Application Thread] DEBUG AssetLoader          - Loading from disk: /assets/textures/fxgl_icon.png
16:22:14.343 [JavaFX Application Thread] DEBUG MainWindow           - Opening main window
16:22:14.409 [JavaFX Application Thread] DEBUG MainWindow           - Window border size: (0.0, 0.0)
16:22:14.410 [JavaFX Application Thread] DEBUG MainWindow           - Scaled size: 860.0 x 600.0
16:22:14.410 [JavaFX Application Thread] DEBUG MainWindow           - Scaled ratio: (1.0, 1.0)
16:22:14.410 [JavaFX Application Thread] DEBUG MainWindow           - Scene size: 860.0 x 600.0
16:22:14.410 [JavaFX Application Thread] DEBUG MainWindow           - Stage size: 860.0 x 600.0
16:22:14.410 [JavaFX Application Thread] DEBUG GameApplication      - Running preInit()
16:22:14.412 [JavaFX Application Thread] DEBUG Input                - Registered new binding: Screenshot - P
16:22:14.412 [JavaFX Application Thread] DEBUG Input                - Registered new binding: Dev Options - CTRL+0
16:22:14.413 [JavaFX Application Thread] DEBUG Input                - Registered new binding: System info dump - CTRL+9
16:22:14.413 [JavaFX Application Thread] DEBUG Input                - Registered new binding: Restart - CTRL+R
16:22:14.413 [JavaFX Application Thread] DEBUG Input                - Registered new binding: Up 1 - W
16:22:14.414 [JavaFX Application Thread] DEBUG Input                - Registered new binding: Down 1 - S
16:22:14.414 [JavaFX Application Thread] DEBUG Input                - Registered new binding: Right 1 - D
16:22:14.414 [JavaFX Application Thread] DEBUG Input                - Registered new binding: Left 1 - A
16:22:14.415 [JavaFX Application Thread] DEBUG Input                - Registered new binding: Click - LMB
16:22:14.416 [JavaFX Application Thread] DEBUG Input                - Registered new binding: Tab - Tab
16:22:14.447 [JavaFX Application Thread] DEBUG GameApplication      - Starting main loop
16:22:14.456 [JavaFX Application Thread] DEBUG StartupState         - STARTUP
16:22:14.457 [JavaFX Application Thread] DEBUG GameApplication      - Starting new game
16:22:14.457 [JavaFX Application Thread] DEBUG Input                - Clearing active input actions
16:22:14.464 [JavaFX Application Thread] DEBUG AppStateMachine      - StartupState -> LoadingState
16:22:14.470 [FXGL Background Thread 1 ] DEBUG InitAppTask          - Clearing previous game
16:22:14.470 [FXGL Background Thread 1 ] DEBUG GameWorld            - Clearing game world
16:22:14.470 [FXGL Background Thread 1 ] DEBUG PhysicsWorld         - Clearing physics world
16:22:14.470 [FXGL Background Thread 1 ] DEBUG GameScene            - Clearing game scene
16:22:14.472 [FXGL Background Thread 1 ] DEBUG InitAppTask          - Initializing Game
16:22:14.476 [FXGL Background Thread 1 ] DEBUG InitAppTask          - Initializing Physics
16:22:14.478 [FXGL Background Thread 1 ] DEBUG InitAppTask          - Initializing UI
16:22:14.479 [FXGL Background Thread 1 ] DEBUG AssetLoader          - Loading from disk: /assets/ui/login.fxml
16:22:15.570 [FXGL Background Thread 1 ] DEBUG AssetLoader          - Loading from disk: /assets/textures/ui/box.png
16:22:15.572 [FXGL Background Thread 1 ] DEBUG AssetLoader          - Loading from disk: /assets/ui/mainpanel.fxml
16:22:15.606 [FXGL Background Thread 1 ] DEBUG InitAppTask          - Initialization Complete
16:22:15.606 [FXGL Background Thread 1 ] INFO  InitAppTask          - Game initialization took: 1.136 sec
16:22:15.614 [JavaFX Application Thread] DEBUG Input                - Clearing active input actions
16:22:15.626 [JavaFX Application Thread] DEBUG AppStateMachine      - LoadingState -> PlayState
16:22:25.364 [JavaFX Application Thread] FATAL GameApplication      - Uncaught Exception:

Fatal exception occurred: java.lang.RuntimeException : java.lang.reflect.InvocationTargetException
E: javafx.fxml.FXMLLoader$MethodHandler.invoke(FXMLLoader.java:1774)
E: javafx.fxml.FXMLLoader$ControllerMethodEventHandler.handle(FXMLLoader.java:1657)
E: com.sun.javafx.event.CompositeEventHandler.dispatchBubblingEvent(CompositeEventHandler.java:86)
E: com.sun.javafx.event.EventHandlerManager.dispatchBubblingEvent(EventHandlerManager.java:238)
E: com.sun.javafx.event.EventHandlerManager.dispatchBubblingEvent(EventHandlerManager.java:191)
E: com.sun.javafx.event.CompositeEventDispatcher.dispatchBubblingEvent(CompositeEventDispatcher.java:59)
E: com.sun.javafx.event.BasicEventDispatcher.dispatchEvent(BasicEventDispatcher.java:58)
E: com.sun.javafx.event.EventDispatchChainImpl.dispatchEvent(EventDispatchChainImpl.java:114)
E: com.sun.javafx.event.BasicEventDispatcher.dispatchEvent(BasicEventDispatcher.java:56)
E: com.sun.javafx.event.EventDispatchChainImpl.dispatchEvent(EventDispatchChainImpl.java:114)
E: com.sun.javafx.event.BasicEventDispatcher.dispatchEvent(BasicEventDispatcher.java:56)
E: com.sun.javafx.event.EventDispatchChainImpl.dispatchEvent(EventDispatchChainImpl.java:114)
E: com.sun.javafx.event.BasicEventDispatcher.dispatchEvent(BasicEventDispatcher.java:56)
E: com.sun.javafx.event.EventDispatchChainImpl.dispatchEvent(EventDispatchChainImpl.java:114)
E: com.sun.javafx.event.EventUtil.fireEventImpl(EventUtil.java:74)
E: com.sun.javafx.event.EventUtil.fireEvent(EventUtil.java:49)
E: javafx.event.Event.fireEvent(Event.java:198)
E: javafx.scene.Node.fireEvent(Node.java:8413)
E: com.sun.javafx.scene.control.behavior.TextFieldBehavior.fire(TextFieldBehavior.java:179)
E: com.sun.javafx.scene.control.behavior.TextInputControlBehavior.callAction(TextInputControlBehavior.java:178)
E: com.sun.javafx.scene.control.behavior.BehaviorBase.callActionForEvent(BehaviorBase.java:218)
E: com.sun.javafx.scene.control.behavior.TextInputControlBehavior.callActionForEvent(TextInputControlBehavior.java:127)
E: com.sun.javafx.scene.control.behavior.BehaviorBase.lambda$new$0(BehaviorBase.java:135)
E: com.sun.javafx.event.CompositeEventHandler$NormalEventHandlerRecord.handleBubblingEvent(CompositeEventHandler.java:218)
E: com.sun.javafx.event.CompositeEventHandler.dispatchBubblingEvent(CompositeEventHandler.java:80)
E: com.sun.javafx.event.EventHandlerManager.dispatchBubblingEvent(EventHandlerManager.java:238)
E: com.sun.javafx.event.EventHandlerManager.dispatchBubblingEvent(EventHandlerManager.java:191)
E: com.sun.javafx.event.CompositeEventDispatcher.dispatchBubblingEvent(CompositeEventDispatcher.java:59)
E: com.sun.javafx.event.BasicEventDispatcher.dispatchEvent(BasicEventDispatcher.java:58)
E: com.sun.javafx.event.EventDispatchChainImpl.dispatchEvent(EventDispatchChainImpl.java:114)
E: com.sun.javafx.event.BasicEventDispatcher.dispatchEvent(BasicEventDispatcher.java:56)
E: com.sun.javafx.event.EventDispatchChainImpl.dispatchEvent(EventDispatchChainImpl.java:114)
E: com.sun.javafx.event.BasicEventDispatcher.dispatchEvent(BasicEventDispatcher.java:56)
E: com.sun.javafx.event.EventDispatchChainImpl.dispatchEvent(EventDispatchChainImpl.java:114)
E: com.sun.javafx.event.BasicEventDispatcher.dispatchEvent(BasicEventDispatcher.java:56)
E: com.sun.javafx.event.EventDispatchChainImpl.dispatchEvent(EventDispatchChainImpl.java:114)
E: com.sun.javafx.event.EventUtil.fireEventImpl(EventUtil.java:74)
E: com.sun.javafx.event.EventUtil.fireEvent(EventUtil.java:54)
E: javafx.event.Event.fireEvent(Event.java:198)
E: javafx.scene.Scene$KeyHandler.process(Scene.java:3964)
E: javafx.scene.Scene$KeyHandler.access$1800(Scene.java:3910)
E: javafx.scene.Scene.impl_processKeyEvent(Scene.java:2040)
E: javafx.scene.Scene$ScenePeerListener.keyEvent(Scene.java:2501)
E: com.sun.javafx.tk.quantum.GlassViewEventHandler$KeyEventNotification.run(GlassViewEventHandler.java:217)
E: com.sun.javafx.tk.quantum.GlassViewEventHandler$KeyEventNotification.run(GlassViewEventHandler.java:149)
E: java.security.AccessController.doPrivileged(Native Method)
E: com.sun.javafx.tk.quantum.GlassViewEventHandler.lambda$handleKeyEvent$1(GlassViewEventHandler.java:248)
E: com.sun.javafx.tk.quantum.QuantumToolkit.runWithoutRenderLock(QuantumToolkit.java:389)
E: com.sun.javafx.tk.quantum.GlassViewEventHandler.handleKeyEvent(GlassViewEventHandler.java:247)
E: com.sun.glass.ui.View.handleKeyEvent(View.java:546)
E: com.sun.glass.ui.View.notifyKey(View.java:966)
E: com.sun.glass.ui.gtk.GtkApplication._runLoop(Native Method)
E: com.sun.glass.ui.gtk.GtkApplication.lambda$null$5(GtkApplication.java:139)
E: java.lang.Thread.run(Thread.java:748)

16:22:25.364 [JavaFX Application Thread] FATAL GameApplication      - Application will now exit
16:22:25.365 [JavaFX Application Thread] DEBUG GameApplication      - Stopping main loop
16:22:26.887 [JavaFX Application Thread] DEBUG GameApplication      - Exiting game application
16:22:26.887 [JavaFX Application Thread] DEBUG GameApplication      - Shutting down background threads
16:22:26.888 [JavaFX Application Thread] DEBUG GameApplication      - Exiting FXGL
16:22:26.888 [JavaFX Application Thread] DEBUG FXGL                 - Saving FXGL system data
16:22:26.890 [JavaFX Application Thread] DEBUG DesktopFSService     - Writing to: system/fxgl.bundle
16:22:26.893 [JavaFX Application Thread] DEBUG GameApplication      - Closing logger and exiting JavaFX
