13:42:39.954 [JavaFX Application Thread] DEBUG GameApplication      - Logger initialized
13:42:39.960 [JavaFX Application Thread] DEBUG MainWindow           - Creating a JavaFX scene
13:42:40.093 [JavaFX Application Thread] DEBUG MainWindow           - Target settings size: 860.0 x 600.0
13:42:40.094 [JavaFX Application Thread] DEBUG MainWindow           - Scaled scene size:    860.0 x 600.0
13:42:40.094 [JavaFX Application Thread] DEBUG MainWindow           - Scaled ratio: (1.0, 1.0)
13:42:40.100 [JavaFX Application Thread] DEBUG GameApplication      - Starting FXGL
13:42:40.104 [JavaFX Application Thread] INFO  FXGL                 - FXGL-0.5.3 on DESKTOP
13:42:40.104 [JavaFX Application Thread] INFO  FXGL                 - Source code and latest versions at: https://github.com/AlmasB/FXGL
13:42:40.105 [JavaFX Application Thread] INFO  FXGL                 -              Join the FXGL chat at: https://gitter.im/AlmasB/FXGL
13:42:40.111 [JavaFX Application Thread] DEBUG FS                   - Loaded DesktopFSService
13:42:40.111 [JavaFX Application Thread] DEBUG FXGL                 - Loading FXGL system data
13:42:40.117 [JavaFX Application Thread] DEBUG DesktopFSService     - Reading from: system/fxgl.bundle
13:42:40.124 [JavaFX Application Thread] DEBUG Bundle               - Logging bundle: FXGL
13:42:40.124 [JavaFX Application Thread] DEBUG Bundle               - FXGL.offline.timer.version.check=2019-03-01T19:05:40.352
13:42:40.154 [JavaFX Application Thread] DEBUG GameApplication      - FXGL started
13:42:40.155 [JavaFX Application Thread] DEBUG GameApplication      - Logging game settings
Title: Alpha
Version: 0.0
Width: 860
Height: 600
Fullscreen: false
Intro: false
Menus: false
Profiling: false
Single step:false
App Mode: DEVELOPER
Menu Key: ESCAPE
Stage Style: DECORATED
Scene Factory: class com.almasb.fxgl.scene.SceneFactory
Dialog Factory: class com.almasb.fxgl.ui.FXGLDialogFactory
UI Factory: class com.almasb.fxgl.ui.FXGLUIFactory
Notification Service: class com.almasb.fxgl.gameplay.notification.XboxNotificationView
Exception Handler: class com.almasb.fxgl.app.FXGLExceptionHandler
13:42:40.155 [JavaFX Application Thread] DEBUG GameApplication      - Configuring GameApplication
13:42:40.156 [JavaFX Application Thread] DEBUG GameApplication      - Initializing state machine and application states
13:42:40.173 [JavaFX Application Thread] DEBUG AssetLoader          - Loading from disk: /assets/ui/cursors/fxgl_default.png
13:42:40.200 [JavaFX Application Thread] DEBUG AssetLoader          - Loading from disk: /assets/ui/cursors/fxgl_default.png
13:42:40.238 [JavaFX Application Thread] DEBUG FXGLAssets           - Loading FXGLAssets
13:42:40.262 [JavaFX Application Thread] DEBUG AssetLoader          - Loading from disk: /assets/ui/fonts/VarelaRound-Regular.ttf
13:42:40.275 [JavaFX Application Thread] DEBUG AssetLoader          - Loading from disk: /assets/ui/fonts/lucida_console.ttf
13:42:40.277 [JavaFX Application Thread] DEBUG AssetLoader          - Loading from disk: /assets/ui/fonts/Courier-Prime.ttf
13:42:40.279 [JavaFX Application Thread] DEBUG AssetLoader          - Loading from disk: /assets/ui/fonts/Abel-Regular.ttf
13:42:40.280 [JavaFX Application Thread] DEBUG AssetLoader          - Loading from disk: /assets/ui/css/fxgl_dark.css
13:42:40.309 [JavaFX Application Thread] DEBUG AssetLoader          - Loading from disk: /assets/ui/cursors/fxgl_default.png
13:42:40.344 [JavaFX Application Thread] DEBUG AssetLoader          - Loading from disk: /assets/ui/cursors/fxgl_default.png
13:42:40.365 [JavaFX Application Thread] DEBUG GameScene            - Game scene initialized: 860x600
13:42:40.368 [JavaFX Application Thread] DEBUG GameWorld            - Game world initialized
13:42:40.406 [JavaFX Application Thread] DEBUG PhysicsWorld         - Physics world initialized: appHeight=600, physics.ppm=50.0
13:42:40.423 [JavaFX Application Thread] DEBUG Input                - Registered new binding: Pause - Esc
13:42:40.440 [JavaFX Application Thread] DEBUG Input                - Clearing active input actions
13:42:40.481 [JavaFX Application Thread] DEBUG AppStateMachine      - StartupState -> StartupState
13:42:40.484 [JavaFX Application Thread] INFO  GameApplication      - Game configuration took:  0.329 sec
13:42:40.486 [JavaFX Application Thread] DEBUG AssetLoader          - Loading from disk: /assets/textures/fxgl_icon.png
13:42:40.502 [JavaFX Application Thread] DEBUG MainWindow           - Opening main window
13:42:40.568 [JavaFX Application Thread] DEBUG MainWindow           - Window border size: (0.0, 0.0)
13:42:40.568 [JavaFX Application Thread] DEBUG MainWindow           - Scaled size: 860.0 x 600.0
13:42:40.569 [JavaFX Application Thread] DEBUG MainWindow           - Scaled ratio: (1.0, 1.0)
13:42:40.569 [JavaFX Application Thread] DEBUG MainWindow           - Scene size: 860.0 x 600.0
13:42:40.569 [JavaFX Application Thread] DEBUG MainWindow           - Stage size: 860.0 x 600.0
13:42:40.569 [JavaFX Application Thread] DEBUG GameApplication      - Running preInit()
13:42:40.571 [JavaFX Application Thread] DEBUG Input                - Registered new binding: Screenshot - P
13:42:40.571 [JavaFX Application Thread] DEBUG Input                - Registered new binding: Dev Options - CTRL+0
13:42:40.572 [JavaFX Application Thread] DEBUG Input                - Registered new binding: System info dump - CTRL+9
13:42:40.572 [JavaFX Application Thread] DEBUG Input                - Registered new binding: Restart - CTRL+R
13:42:40.572 [JavaFX Application Thread] DEBUG Input                - Registered new binding: Up 1 - W
13:42:40.572 [JavaFX Application Thread] DEBUG Input                - Registered new binding: Down 1 - S
13:42:40.572 [JavaFX Application Thread] DEBUG Input                - Registered new binding: Right 1 - D
13:42:40.573 [JavaFX Application Thread] DEBUG Input                - Registered new binding: Left 1 - A
13:42:40.574 [JavaFX Application Thread] DEBUG Input                - Registered new binding: Click - LMB
13:42:40.574 [JavaFX Application Thread] DEBUG Input                - Registered new binding: Rightclick - RMB
13:42:40.574 [JavaFX Application Thread] DEBUG Input                - Registered new binding: Tab - Tab
13:42:40.600 [JavaFX Application Thread] DEBUG GameApplication      - Starting main loop
13:42:40.618 [JavaFX Application Thread] DEBUG StartupState         - STARTUP
13:42:40.618 [JavaFX Application Thread] DEBUG GameApplication      - Starting new game
13:42:40.618 [JavaFX Application Thread] DEBUG Input                - Clearing active input actions
13:42:40.628 [JavaFX Application Thread] DEBUG AppStateMachine      - StartupState -> LoadingState
13:42:40.632 [FXGL Background Thread 1 ] DEBUG InitAppTask          - Clearing previous game
13:42:40.632 [FXGL Background Thread 1 ] DEBUG GameWorld            - Clearing game world
13:42:40.633 [FXGL Background Thread 1 ] DEBUG PhysicsWorld         - Clearing physics world
13:42:40.633 [FXGL Background Thread 1 ] DEBUG GameScene            - Clearing game scene
13:42:40.634 [FXGL Background Thread 1 ] DEBUG InitAppTask          - Initializing Game
13:42:40.638 [FXGL Background Thread 1 ] DEBUG InitAppTask          - Initializing Physics
13:42:40.639 [FXGL Background Thread 1 ] DEBUG InitAppTask          - Initializing UI
13:42:40.640 [FXGL Background Thread 1 ] DEBUG AssetLoader          - Loading from disk: /assets/ui/login.fxml
13:42:41.709 [FXGL Background Thread 1 ] DEBUG AssetLoader          - Loading from disk: /assets/textures/ui/default.png
13:42:41.710 [FXGL Background Thread 1 ] DEBUG AssetLoader          - Loading from disk: /assets/ui/mainpanel.fxml
13:42:41.744 [FXGL Background Thread 1 ] DEBUG InitAppTask          - Initialization Complete
13:42:41.745 [FXGL Background Thread 1 ] INFO  InitAppTask          - Game initialization took: 1.112 sec
13:42:41.762 [JavaFX Application Thread] DEBUG Input                - Clearing active input actions
13:42:41.777 [JavaFX Application Thread] DEBUG AppStateMachine      - LoadingState -> PlayState
13:42:43.472 [JavaFX Application Thread] FATAL GameApplication      - Uncaught Exception:

Fatal exception occurred: java.lang.IllegalStateException : No EntityFactory was added! Call gameWorld.addEntityFactory()
E: com.almasb.fxgl.entity.GameWorld.create(GameWorld.kt:427)
E: com.almasb.fxgl.entity.GameWorld.spawn(GameWorld.kt:413)
E: client.ClientGameMap$3.run(ClientGameMap.java:208)
E: com.sun.javafx.application.PlatformImpl.lambda$null$5(PlatformImpl.java:295)
E: java.security.AccessController.doPrivileged(Native Method)
E: com.sun.javafx.application.PlatformImpl.lambda$runLater$6(PlatformImpl.java:294)
E: com.sun.glass.ui.InvokeLaterDispatcher$Future.run(InvokeLaterDispatcher.java:95)
E: com.sun.glass.ui.gtk.GtkApplication._runLoop(Native Method)
E: com.sun.glass.ui.gtk.GtkApplication.lambda$null$5(GtkApplication.java:139)
E: java.lang.Thread.run(Thread.java:748)

13:42:43.472 [JavaFX Application Thread] FATAL GameApplication      - Application will now exit
13:42:43.473 [JavaFX Application Thread] DEBUG GameApplication      - Stopping main loop
13:42:51.760 [JavaFX Application Thread] DEBUG GameApplication      - Exiting game application
13:42:51.760 [JavaFX Application Thread] DEBUG GameApplication      - Shutting down background threads
13:42:51.761 [JavaFX Application Thread] DEBUG GameApplication      - Exiting FXGL
13:42:51.761 [JavaFX Application Thread] DEBUG FXGL                 - Saving FXGL system data
13:42:51.764 [JavaFX Application Thread] DEBUG DesktopFSService     - Writing to: system/fxgl.bundle
13:42:51.786 [JavaFX Application Thread] DEBUG GameApplication      - Closing logger and exiting JavaFX
