20:28:30.883 [JavaFX Application Thread] DEBUG GameApplication      - Logger initialized
20:28:30.890 [JavaFX Application Thread] DEBUG MainWindow           - Creating a JavaFX scene
20:28:31.023 [JavaFX Application Thread] DEBUG MainWindow           - Target settings size: 860.0 x 600.0
20:28:31.024 [JavaFX Application Thread] DEBUG MainWindow           - Scaled scene size:    860.0 x 600.0
20:28:31.024 [JavaFX Application Thread] DEBUG MainWindow           - Scaled ratio: (1.0, 1.0)
20:28:31.030 [JavaFX Application Thread] DEBUG GameApplication      - Starting FXGL
20:28:31.034 [JavaFX Application Thread] INFO  FXGL                 - FXGL-0.5.3 on DESKTOP
20:28:31.035 [JavaFX Application Thread] INFO  FXGL                 - Source code and latest versions at: https://github.com/AlmasB/FXGL
20:28:31.035 [JavaFX Application Thread] INFO  FXGL                 -              Join the FXGL chat at: https://gitter.im/AlmasB/FXGL
20:28:31.044 [JavaFX Application Thread] DEBUG FS                   - Loaded DesktopFSService
20:28:31.045 [JavaFX Application Thread] DEBUG FXGL                 - Loading FXGL system data
20:28:31.053 [JavaFX Application Thread] DEBUG DesktopFSService     - Reading from: system/fxgl.bundle
20:28:31.062 [JavaFX Application Thread] DEBUG Bundle               - Logging bundle: FXGL
20:28:31.063 [JavaFX Application Thread] DEBUG Bundle               - FXGL.offline.timer.version.check=2019-02-06T21:58:35.988
20:28:31.096 [JavaFX Application Thread] DEBUG GameApplication      - FXGL started
20:28:31.097 [JavaFX Application Thread] DEBUG GameApplication      - Logging game settings
Title: Basic Game App
Version: 0.0
Width: 860
Height: 600
Fullscreen: false
Intro: false
Menus: false
Profiling: false
Single step:false
App Mode: DEVELOPER
Menu Key: ESCAPE
Stage Style: DECORATED
Scene Factory: class com.almasb.fxgl.scene.SceneFactory
Dialog Factory: class com.almasb.fxgl.ui.FXGLDialogFactory
UI Factory: class com.almasb.fxgl.ui.FXGLUIFactory
Notification Service: class com.almasb.fxgl.gameplay.notification.XboxNotificationView
Exception Handler: class com.almasb.fxgl.app.FXGLExceptionHandler
20:28:31.098 [JavaFX Application Thread] DEBUG GameApplication      - Configuring GameApplication
20:28:31.098 [JavaFX Application Thread] DEBUG GameApplication      - Initializing state machine and application states
20:28:31.114 [JavaFX Application Thread] DEBUG AssetLoader          - Loading from disk: /assets/ui/cursors/fxgl_default.png
20:28:31.136 [JavaFX Application Thread] DEBUG AssetLoader          - Loading from disk: /assets/ui/cursors/fxgl_default.png
20:28:31.171 [JavaFX Application Thread] DEBUG FXGLAssets           - Loading FXGLAssets
20:28:31.197 [JavaFX Application Thread] DEBUG AssetLoader          - Loading from disk: /assets/ui/fonts/VarelaRound-Regular.ttf
20:28:31.211 [JavaFX Application Thread] DEBUG AssetLoader          - Loading from disk: /assets/ui/fonts/lucida_console.ttf
20:28:31.213 [JavaFX Application Thread] DEBUG AssetLoader          - Loading from disk: /assets/ui/fonts/Courier-Prime.ttf
20:28:31.215 [JavaFX Application Thread] DEBUG AssetLoader          - Loading from disk: /assets/ui/fonts/Abel-Regular.ttf
20:28:31.217 [JavaFX Application Thread] DEBUG AssetLoader          - Loading from disk: /assets/ui/css/fxgl_dark.css
20:28:31.249 [JavaFX Application Thread] DEBUG AssetLoader          - Loading from disk: /assets/ui/cursors/fxgl_default.png
20:28:31.295 [JavaFX Application Thread] DEBUG AssetLoader          - Loading from disk: /assets/ui/cursors/fxgl_default.png
20:28:31.316 [JavaFX Application Thread] DEBUG GameScene            - Game scene initialized: 860x600
20:28:31.320 [JavaFX Application Thread] DEBUG GameWorld            - Game world initialized
20:28:31.360 [JavaFX Application Thread] DEBUG PhysicsWorld         - Physics world initialized: appHeight=600, physics.ppm=50.0
20:28:31.376 [JavaFX Application Thread] DEBUG Input                - Registered new binding: Pause - Esc
20:28:31.394 [JavaFX Application Thread] DEBUG Input                - Clearing active input actions
20:28:31.441 [JavaFX Application Thread] DEBUG AppStateMachine      - StartupState -> StartupState
20:28:31.445 [JavaFX Application Thread] INFO  GameApplication      - Game configuration took:  0.347 sec
20:28:31.447 [JavaFX Application Thread] DEBUG AssetLoader          - Loading from disk: /assets/textures/fxgl_icon.png
20:28:31.462 [JavaFX Application Thread] DEBUG MainWindow           - Opening main window
20:28:31.548 [JavaFX Application Thread] DEBUG MainWindow           - Window border size: (0.0, 0.0)
20:28:31.549 [JavaFX Application Thread] DEBUG MainWindow           - Scaled size: 860.0 x 600.0
20:28:31.549 [JavaFX Application Thread] DEBUG MainWindow           - Scaled ratio: (1.0, 1.0)
20:28:31.549 [JavaFX Application Thread] DEBUG MainWindow           - Scene size: 860.0 x 600.0
20:28:31.549 [JavaFX Application Thread] DEBUG MainWindow           - Stage size: 860.0 x 600.0
20:28:31.549 [JavaFX Application Thread] DEBUG GameApplication      - Running preInit()
20:28:31.551 [JavaFX Application Thread] DEBUG Input                - Registered new binding: Screenshot - P
20:28:31.552 [JavaFX Application Thread] DEBUG Input                - Registered new binding: Dev Options - CTRL+0
20:28:31.552 [JavaFX Application Thread] DEBUG Input                - Registered new binding: System info dump - CTRL+9
20:28:31.553 [JavaFX Application Thread] DEBUG Input                - Registered new binding: Restart - CTRL+R
20:28:31.581 [JavaFX Application Thread] DEBUG GameApplication      - Starting main loop
20:28:31.599 [JavaFX Application Thread] DEBUG StartupState         - STARTUP
20:28:31.599 [JavaFX Application Thread] DEBUG GameApplication      - Starting new game
20:28:31.600 [JavaFX Application Thread] DEBUG Input                - Clearing active input actions
20:28:31.606 [JavaFX Application Thread] DEBUG AppStateMachine      - StartupState -> LoadingState
20:28:31.611 [FXGL Background Thread 1 ] DEBUG InitAppTask          - Clearing previous game
20:28:31.611 [FXGL Background Thread 1 ] DEBUG GameWorld            - Clearing game world
20:28:31.611 [FXGL Background Thread 1 ] DEBUG PhysicsWorld         - Clearing physics world
20:28:31.611 [FXGL Background Thread 1 ] DEBUG GameScene            - Clearing game scene
20:28:31.613 [FXGL Background Thread 1 ] DEBUG InitAppTask          - Initializing Game
20:28:31.617 [FXGL Background Thread 1 ] DEBUG InitAppTask          - Initializing Physics
20:28:31.618 [FXGL Background Thread 1 ] DEBUG InitAppTask          - Initializing UI
20:28:31.618 [FXGL Background Thread 1 ] DEBUG AssetLoader          - Loading from disk: /assets/ui/login.fxml
20:28:32.684 [FXGL Background Thread 1 ] DEBUG InitAppTask          - Initialization Complete
20:28:32.684 [FXGL Background Thread 1 ] INFO  InitAppTask          - Game initialization took: 1.073 sec
20:28:32.698 [JavaFX Application Thread] DEBUG Input                - Clearing active input actions
20:28:32.713 [JavaFX Application Thread] DEBUG AppStateMachine      - LoadingState -> PlayState
20:28:34.800 [JavaFX Application Thread] DEBUG Input                - Registered new binding: Up 1 - W
20:28:34.801 [JavaFX Application Thread] DEBUG Input                - Registered new binding: Down 1 - S
20:28:34.801 [JavaFX Application Thread] DEBUG Input                - Registered new binding: Right 1 - D
20:28:34.801 [JavaFX Application Thread] DEBUG Input                - Registered new binding: Left 1 - A
20:28:34.865 [JavaFX Application Thread] FATAL GameApplication      - Uncaught Exception:

Fatal exception occurred: java.lang.RuntimeException : Cannot parse tmx file: java.lang.NumberFormatException: For input string: "2147484313"
E: com.almasb.fxgl.parser.tiled.TMXParser.parse(TMXParser.kt:114)
E: client.Screen.parseWorld(Screen.java:214)
E: client.Screen.access$400(Screen.java:33)
E: client.Screen$7.run(Screen.java:187)
E: com.sun.javafx.application.PlatformImpl.lambda$null$5(PlatformImpl.java:295)
E: java.security.AccessController.doPrivileged(Native Method)
E: com.sun.javafx.application.PlatformImpl.lambda$runLater$6(PlatformImpl.java:294)
E: com.sun.glass.ui.InvokeLaterDispatcher$Future.run(InvokeLaterDispatcher.java:95)
E: com.sun.glass.ui.gtk.GtkApplication._runLoop(Native Method)
E: com.sun.glass.ui.gtk.GtkApplication.lambda$null$5(GtkApplication.java:139)
E: java.lang.Thread.run(Thread.java:748)

20:28:34.865 [JavaFX Application Thread] FATAL GameApplication      - Application will now exit
20:28:34.865 [JavaFX Application Thread] DEBUG GameApplication      - Stopping main loop
20:28:40.964 [JavaFX Application Thread] DEBUG GameApplication      - Exiting game application
20:28:40.964 [JavaFX Application Thread] DEBUG GameApplication      - Shutting down background threads
20:28:40.965 [JavaFX Application Thread] DEBUG GameApplication      - Exiting FXGL
20:28:40.965 [JavaFX Application Thread] DEBUG FXGL                 - Saving FXGL system data
20:28:40.967 [JavaFX Application Thread] DEBUG DesktopFSService     - Writing to: system/fxgl.bundle
20:28:40.970 [JavaFX Application Thread] DEBUG GameApplication      - Closing logger and exiting JavaFX
