20:32:31.069 [JavaFX Application Thread] DEBUG GameApplication      - Logger initialized
20:32:31.077 [JavaFX Application Thread] DEBUG MainWindow           - Creating a JavaFX scene
20:32:31.208 [JavaFX Application Thread] DEBUG MainWindow           - Target settings size: 860.0 x 600.0
20:32:31.208 [JavaFX Application Thread] DEBUG MainWindow           - Scaled scene size:    860.0 x 600.0
20:32:31.208 [JavaFX Application Thread] DEBUG MainWindow           - Scaled ratio: (1.0, 1.0)
20:32:31.214 [JavaFX Application Thread] DEBUG GameApplication      - Starting FXGL
20:32:31.218 [JavaFX Application Thread] INFO  FXGL                 - FXGL-0.5.3 on DESKTOP
20:32:31.219 [JavaFX Application Thread] INFO  FXGL                 - Source code and latest versions at: https://github.com/AlmasB/FXGL
20:32:31.219 [JavaFX Application Thread] INFO  FXGL                 -              Join the FXGL chat at: https://gitter.im/AlmasB/FXGL
20:32:31.227 [JavaFX Application Thread] DEBUG FS                   - Loaded DesktopFSService
20:32:31.227 [JavaFX Application Thread] DEBUG FXGL                 - Loading FXGL system data
20:32:31.232 [JavaFX Application Thread] DEBUG DesktopFSService     - Reading from: system/fxgl.bundle
20:32:31.239 [JavaFX Application Thread] DEBUG Bundle               - Logging bundle: FXGL
20:32:31.240 [JavaFX Application Thread] DEBUG Bundle               - FXGL.offline.timer.version.check=2019-02-06T21:58:35.988
20:32:31.272 [JavaFX Application Thread] DEBUG GameApplication      - FXGL started
20:32:31.272 [JavaFX Application Thread] DEBUG GameApplication      - Logging game settings
Title: Basic Game App
Version: 0.0
Width: 860
Height: 600
Fullscreen: false
Intro: false
Menus: false
Profiling: false
Single step:false
App Mode: DEVELOPER
Menu Key: ESCAPE
Stage Style: DECORATED
Scene Factory: class com.almasb.fxgl.scene.SceneFactory
Dialog Factory: class com.almasb.fxgl.ui.FXGLDialogFactory
UI Factory: class com.almasb.fxgl.ui.FXGLUIFactory
Notification Service: class com.almasb.fxgl.gameplay.notification.XboxNotificationView
Exception Handler: class com.almasb.fxgl.app.FXGLExceptionHandler
20:32:31.274 [JavaFX Application Thread] DEBUG GameApplication      - Configuring GameApplication
20:32:31.274 [JavaFX Application Thread] DEBUG GameApplication      - Initializing state machine and application states
20:32:31.288 [JavaFX Application Thread] DEBUG AssetLoader          - Loading from disk: /assets/ui/cursors/fxgl_default.png
20:32:31.310 [JavaFX Application Thread] DEBUG AssetLoader          - Loading from disk: /assets/ui/cursors/fxgl_default.png
20:32:31.340 [JavaFX Application Thread] DEBUG FXGLAssets           - Loading FXGLAssets
20:32:31.365 [JavaFX Application Thread] DEBUG AssetLoader          - Loading from disk: /assets/ui/fonts/VarelaRound-Regular.ttf
20:32:31.378 [JavaFX Application Thread] DEBUG AssetLoader          - Loading from disk: /assets/ui/fonts/lucida_console.ttf
20:32:31.380 [JavaFX Application Thread] DEBUG AssetLoader          - Loading from disk: /assets/ui/fonts/Courier-Prime.ttf
20:32:31.383 [JavaFX Application Thread] DEBUG AssetLoader          - Loading from disk: /assets/ui/fonts/Abel-Regular.ttf
20:32:31.385 [JavaFX Application Thread] DEBUG AssetLoader          - Loading from disk: /assets/ui/css/fxgl_dark.css
20:32:31.413 [JavaFX Application Thread] DEBUG AssetLoader          - Loading from disk: /assets/ui/cursors/fxgl_default.png
20:32:31.447 [JavaFX Application Thread] DEBUG AssetLoader          - Loading from disk: /assets/ui/cursors/fxgl_default.png
20:32:31.467 [JavaFX Application Thread] DEBUG GameScene            - Game scene initialized: 860x600
20:32:31.470 [JavaFX Application Thread] DEBUG GameWorld            - Game world initialized
20:32:31.507 [JavaFX Application Thread] DEBUG PhysicsWorld         - Physics world initialized: appHeight=600, physics.ppm=50.0
20:32:31.524 [JavaFX Application Thread] DEBUG Input                - Registered new binding: Pause - Esc
20:32:31.541 [JavaFX Application Thread] DEBUG Input                - Clearing active input actions
20:32:31.587 [JavaFX Application Thread] DEBUG AppStateMachine      - StartupState -> StartupState
20:32:31.591 [JavaFX Application Thread] INFO  GameApplication      - Game configuration took:  0.317 sec
20:32:31.593 [JavaFX Application Thread] DEBUG AssetLoader          - Loading from disk: /assets/textures/fxgl_icon.png
20:32:31.608 [JavaFX Application Thread] DEBUG MainWindow           - Opening main window
20:32:31.681 [JavaFX Application Thread] DEBUG MainWindow           - Window border size: (0.0, 0.0)
20:32:31.682 [JavaFX Application Thread] DEBUG MainWindow           - Scaled size: 860.0 x 600.0
20:32:31.682 [JavaFX Application Thread] DEBUG MainWindow           - Scaled ratio: (1.0, 1.0)
20:32:31.682 [JavaFX Application Thread] DEBUG MainWindow           - Scene size: 860.0 x 600.0
20:32:31.682 [JavaFX Application Thread] DEBUG MainWindow           - Stage size: 860.0 x 600.0
20:32:31.682 [JavaFX Application Thread] DEBUG GameApplication      - Running preInit()
20:32:31.684 [JavaFX Application Thread] DEBUG Input                - Registered new binding: Screenshot - P
20:32:31.684 [JavaFX Application Thread] DEBUG Input                - Registered new binding: Dev Options - CTRL+0
20:32:31.684 [JavaFX Application Thread] DEBUG Input                - Registered new binding: System info dump - CTRL+9
20:32:31.685 [JavaFX Application Thread] DEBUG Input                - Registered new binding: Restart - CTRL+R
20:32:31.713 [JavaFX Application Thread] DEBUG GameApplication      - Starting main loop
20:32:31.732 [JavaFX Application Thread] DEBUG StartupState         - STARTUP
20:32:31.732 [JavaFX Application Thread] DEBUG GameApplication      - Starting new game
20:32:31.732 [JavaFX Application Thread] DEBUG Input                - Clearing active input actions
20:32:31.742 [JavaFX Application Thread] DEBUG AppStateMachine      - StartupState -> LoadingState
20:32:31.748 [FXGL Background Thread 1 ] DEBUG InitAppTask          - Clearing previous game
20:32:31.748 [FXGL Background Thread 1 ] DEBUG GameWorld            - Clearing game world
20:32:31.748 [FXGL Background Thread 1 ] DEBUG PhysicsWorld         - Clearing physics world
20:32:31.748 [FXGL Background Thread 1 ] DEBUG GameScene            - Clearing game scene
20:32:31.749 [FXGL Background Thread 1 ] DEBUG InitAppTask          - Initializing Game
20:32:31.754 [FXGL Background Thread 1 ] DEBUG InitAppTask          - Initializing Physics
20:32:31.754 [FXGL Background Thread 1 ] DEBUG InitAppTask          - Initializing UI
20:32:31.755 [FXGL Background Thread 1 ] DEBUG AssetLoader          - Loading from disk: /assets/ui/login.fxml
20:32:32.828 [FXGL Background Thread 1 ] DEBUG InitAppTask          - Initialization Complete
20:32:32.828 [FXGL Background Thread 1 ] INFO  InitAppTask          - Game initialization took: 1.080 sec
20:32:32.835 [JavaFX Application Thread] DEBUG Input                - Clearing active input actions
20:32:32.849 [JavaFX Application Thread] DEBUG AppStateMachine      - LoadingState -> PlayState
20:32:34.600 [JavaFX Application Thread] DEBUG Input                - Registered new binding: Up 1 - W
20:32:34.601 [JavaFX Application Thread] DEBUG Input                - Registered new binding: Down 1 - S
20:32:34.601 [JavaFX Application Thread] DEBUG Input                - Registered new binding: Right 1 - D
20:32:34.601 [JavaFX Application Thread] DEBUG Input                - Registered new binding: Left 1 - A
20:32:34.650 [JavaFX Application Thread] FATAL GameApplication      - Uncaught Exception:

Fatal exception occurred: java.lang.RuntimeException : Cannot parse tmx file: java.lang.NumberFormatException: For input string: "2147484183"
E: com.almasb.fxgl.parser.tiled.TMXParser.parse(TMXParser.kt:114)
E: client.Screen.parseWorld(Screen.java:214)
E: client.Screen.access$400(Screen.java:33)
E: client.Screen$7.run(Screen.java:187)
E: com.sun.javafx.application.PlatformImpl.lambda$null$5(PlatformImpl.java:295)
E: java.security.AccessController.doPrivileged(Native Method)
E: com.sun.javafx.application.PlatformImpl.lambda$runLater$6(PlatformImpl.java:294)
E: com.sun.glass.ui.InvokeLaterDispatcher$Future.run(InvokeLaterDispatcher.java:95)
E: com.sun.glass.ui.gtk.GtkApplication._runLoop(Native Method)
E: com.sun.glass.ui.gtk.GtkApplication.lambda$null$5(GtkApplication.java:139)
E: java.lang.Thread.run(Thread.java:748)

20:32:34.650 [JavaFX Application Thread] FATAL GameApplication      - Application will now exit
20:32:34.650 [JavaFX Application Thread] DEBUG GameApplication      - Stopping main loop
20:32:38.300 [JavaFX Application Thread] DEBUG GameApplication      - Exiting game application
20:32:38.301 [JavaFX Application Thread] DEBUG GameApplication      - Shutting down background threads
20:32:38.302 [JavaFX Application Thread] DEBUG GameApplication      - Exiting FXGL
20:32:38.302 [JavaFX Application Thread] DEBUG FXGL                 - Saving FXGL system data
20:32:38.304 [JavaFX Application Thread] DEBUG DesktopFSService     - Writing to: system/fxgl.bundle
20:32:38.308 [JavaFX Application Thread] DEBUG GameApplication      - Closing logger and exiting JavaFX
