16:31:50.734 [JavaFX Application Thread] DEBUG GameApplication      - Logger initialized
16:31:50.740 [JavaFX Application Thread] DEBUG MainWindow           - Creating a JavaFX scene
16:31:50.870 [JavaFX Application Thread] DEBUG MainWindow           - Target settings size: 860.0 x 600.0
16:31:50.870 [JavaFX Application Thread] DEBUG MainWindow           - Scaled scene size:    860.0 x 600.0
16:31:50.871 [JavaFX Application Thread] DEBUG MainWindow           - Scaled ratio: (1.0, 1.0)
16:31:50.877 [JavaFX Application Thread] DEBUG GameApplication      - Starting FXGL
16:31:50.881 [JavaFX Application Thread] INFO  FXGL                 - FXGL-0.5.3 on DESKTOP
16:31:50.881 [JavaFX Application Thread] INFO  FXGL                 - Source code and latest versions at: https://github.com/AlmasB/FXGL
16:31:50.881 [JavaFX Application Thread] INFO  FXGL                 -              Join the FXGL chat at: https://gitter.im/AlmasB/FXGL
16:31:50.888 [JavaFX Application Thread] DEBUG FS                   - Loaded DesktopFSService
16:31:50.889 [JavaFX Application Thread] DEBUG FXGL                 - Loading FXGL system data
16:31:50.894 [JavaFX Application Thread] DEBUG DesktopFSService     - Reading from: system/fxgl.bundle
16:31:50.901 [JavaFX Application Thread] DEBUG Bundle               - Logging bundle: FXGL
16:31:50.901 [JavaFX Application Thread] DEBUG Bundle               - FXGL.offline.timer.version.check=2019-02-21T16:31:03.317
16:31:50.934 [JavaFX Application Thread] DEBUG GameApplication      - FXGL started
16:31:50.934 [JavaFX Application Thread] DEBUG GameApplication      - Logging game settings
Title: Alpha
Version: 0.0
Width: 860
Height: 600
Fullscreen: false
Intro: false
Menus: false
Profiling: false
Single step:false
App Mode: DEVELOPER
Menu Key: ESCAPE
Stage Style: DECORATED
Scene Factory: class com.almasb.fxgl.scene.SceneFactory
Dialog Factory: class com.almasb.fxgl.ui.FXGLDialogFactory
UI Factory: class com.almasb.fxgl.ui.FXGLUIFactory
Notification Service: class com.almasb.fxgl.gameplay.notification.XboxNotificationView
Exception Handler: class com.almasb.fxgl.app.FXGLExceptionHandler
16:31:50.935 [JavaFX Application Thread] DEBUG GameApplication      - Configuring GameApplication
16:31:50.936 [JavaFX Application Thread] DEBUG GameApplication      - Initializing state machine and application states
16:31:50.954 [JavaFX Application Thread] DEBUG AssetLoader          - Loading from disk: /assets/ui/cursors/fxgl_default.png
16:31:50.979 [JavaFX Application Thread] DEBUG AssetLoader          - Loading from disk: /assets/ui/cursors/fxgl_default.png
16:31:51.011 [JavaFX Application Thread] DEBUG FXGLAssets           - Loading FXGLAssets
16:31:51.035 [JavaFX Application Thread] DEBUG AssetLoader          - Loading from disk: /assets/ui/fonts/VarelaRound-Regular.ttf
16:31:51.048 [JavaFX Application Thread] DEBUG AssetLoader          - Loading from disk: /assets/ui/fonts/lucida_console.ttf
16:31:51.051 [JavaFX Application Thread] DEBUG AssetLoader          - Loading from disk: /assets/ui/fonts/Courier-Prime.ttf
16:31:51.053 [JavaFX Application Thread] DEBUG AssetLoader          - Loading from disk: /assets/ui/fonts/Abel-Regular.ttf
16:31:51.054 [JavaFX Application Thread] DEBUG AssetLoader          - Loading from disk: /assets/ui/css/fxgl_dark.css
16:31:51.085 [JavaFX Application Thread] DEBUG AssetLoader          - Loading from disk: /assets/ui/cursors/fxgl_default.png
16:31:51.119 [JavaFX Application Thread] DEBUG AssetLoader          - Loading from disk: /assets/ui/cursors/fxgl_default.png
16:31:51.141 [JavaFX Application Thread] DEBUG GameScene            - Game scene initialized: 860x600
16:31:51.144 [JavaFX Application Thread] DEBUG GameWorld            - Game world initialized
16:31:51.182 [JavaFX Application Thread] DEBUG PhysicsWorld         - Physics world initialized: appHeight=600, physics.ppm=50.0
16:31:51.198 [JavaFX Application Thread] DEBUG Input                - Registered new binding: Pause - Esc
16:31:51.215 [JavaFX Application Thread] DEBUG Input                - Clearing active input actions
16:31:51.254 [JavaFX Application Thread] DEBUG AppStateMachine      - StartupState -> StartupState
16:31:51.257 [JavaFX Application Thread] INFO  GameApplication      - Game configuration took:  0.322 sec
16:31:51.259 [JavaFX Application Thread] DEBUG AssetLoader          - Loading from disk: /assets/textures/fxgl_icon.png
16:31:51.274 [JavaFX Application Thread] DEBUG MainWindow           - Opening main window
16:31:51.355 [JavaFX Application Thread] DEBUG MainWindow           - Window border size: (0.0, 0.0)
16:31:51.355 [JavaFX Application Thread] DEBUG MainWindow           - Scaled size: 860.0 x 600.0
16:31:51.355 [JavaFX Application Thread] DEBUG MainWindow           - Scaled ratio: (1.0, 1.0)
16:31:51.355 [JavaFX Application Thread] DEBUG MainWindow           - Scene size: 860.0 x 600.0
16:31:51.355 [JavaFX Application Thread] DEBUG MainWindow           - Stage size: 860.0 x 600.0
16:31:51.355 [JavaFX Application Thread] DEBUG GameApplication      - Running preInit()
16:31:51.357 [JavaFX Application Thread] DEBUG Input                - Registered new binding: Screenshot - P
16:31:51.357 [JavaFX Application Thread] DEBUG Input                - Registered new binding: Dev Options - CTRL+0
16:31:51.358 [JavaFX Application Thread] DEBUG Input                - Registered new binding: System info dump - CTRL+9
16:31:51.358 [JavaFX Application Thread] DEBUG Input                - Registered new binding: Restart - CTRL+R
16:31:51.358 [JavaFX Application Thread] DEBUG Input                - Registered new binding: Up 1 - W
16:31:51.358 [JavaFX Application Thread] DEBUG Input                - Registered new binding: Down 1 - S
16:31:51.358 [JavaFX Application Thread] DEBUG Input                - Registered new binding: Right 1 - D
16:31:51.359 [JavaFX Application Thread] DEBUG Input                - Registered new binding: Left 1 - A
16:31:51.359 [JavaFX Application Thread] DEBUG Input                - Registered new binding: Tab - Tab
16:31:51.388 [JavaFX Application Thread] DEBUG GameApplication      - Starting main loop
16:31:51.397 [JavaFX Application Thread] DEBUG StartupState         - STARTUP
16:31:51.397 [JavaFX Application Thread] DEBUG GameApplication      - Starting new game
16:31:51.397 [JavaFX Application Thread] DEBUG Input                - Clearing active input actions
16:31:51.404 [JavaFX Application Thread] DEBUG AppStateMachine      - StartupState -> LoadingState
16:31:51.409 [FXGL Background Thread 1 ] DEBUG InitAppTask          - Clearing previous game
16:31:51.409 [FXGL Background Thread 1 ] DEBUG GameWorld            - Clearing game world
16:31:51.410 [FXGL Background Thread 1 ] DEBUG PhysicsWorld         - Clearing physics world
16:31:51.410 [FXGL Background Thread 1 ] DEBUG GameScene            - Clearing game scene
16:31:51.411 [FXGL Background Thread 1 ] DEBUG InitAppTask          - Initializing Game
16:31:51.415 [FXGL Background Thread 1 ] DEBUG InitAppTask          - Initializing Physics
16:31:51.416 [FXGL Background Thread 1 ] DEBUG InitAppTask          - Initializing UI
16:31:51.416 [FXGL Background Thread 1 ] DEBUG AssetLoader          - Loading from disk: /assets/ui/login.fxml
16:31:52.512 [FXGL Background Thread 1 ] DEBUG AssetLoader          - Loading from disk: /assets/ui/mainpanel.fxml
16:31:52.533 [FXGL Background Thread 1 ] DEBUG AssetLoader          - Loading from disk: /assets/textures/ui/box.png
16:31:52.535 [FXGL Background Thread 1 ] DEBUG AssetLoader          - Loading from cache: /assets/textures/ui/box.png
16:31:52.535 [FXGL Background Thread 1 ] DEBUG AssetLoader          - Loading from cache: /assets/textures/ui/box.png
16:31:52.536 [FXGL Background Thread 1 ] DEBUG AssetLoader          - Loading from cache: /assets/textures/ui/box.png
16:31:52.536 [FXGL Background Thread 1 ] DEBUG AssetLoader          - Loading from cache: /assets/textures/ui/box.png
16:31:52.536 [FXGL Background Thread 1 ] DEBUG AssetLoader          - Loading from cache: /assets/textures/ui/box.png
16:31:52.536 [FXGL Background Thread 1 ] DEBUG AssetLoader          - Loading from cache: /assets/textures/ui/box.png
16:31:52.537 [FXGL Background Thread 1 ] DEBUG AssetLoader          - Loading from cache: /assets/textures/ui/box.png
16:31:52.537 [FXGL Background Thread 1 ] FATAL AssetLoader          - Loading failed for asset: mainpanel.fxml. Cause: 16
16:31:52.537 [JavaFX Application Thread] FATAL GameApplication      - Uncaught Exception:

Fatal exception occurred: java.lang.IllegalArgumentException : Failed to load asset: mainpanel.fxml. Cause: 16
E: com.almasb.fxgl.asset.AssetLoader.loadFailed(AssetLoader.kt:737)
E: com.almasb.fxgl.asset.AssetLoader.loadUI(AssetLoader.kt:479)
E: client.Screen.initUI(Screen.java:62)
E: com.almasb.fxgl.app.LoadingState$InitAppTask.initUI(AppStates.kt:175)
E: com.almasb.fxgl.app.LoadingState$InitAppTask.call(AppStates.kt:137)
E: com.almasb.fxgl.app.LoadingState$InitAppTask.call(AppStates.kt:124)
E: javafx.concurrent.Task$TaskCallable.call(Task.java:1423)
E: java.util.concurrent.FutureTask.run(FutureTask.java:266)
E: java.util.concurrent.Executors$RunnableAdapter.call(Executors.java:511)
E: java.util.concurrent.FutureTask.run(FutureTask.java:266)
E: java.util.concurrent.ThreadPoolExecutor.runWorker(ThreadPoolExecutor.java:1149)
E: java.util.concurrent.ThreadPoolExecutor$Worker.run(ThreadPoolExecutor.java:624)
E: java.lang.Thread.run(Thread.java:748)

16:31:52.538 [JavaFX Application Thread] FATAL GameApplication      - Application will now exit
16:31:52.538 [JavaFX Application Thread] DEBUG GameApplication      - Stopping main loop
16:31:53.785 [JavaFX Application Thread] DEBUG GameApplication      - Exiting game application
16:31:53.786 [JavaFX Application Thread] DEBUG GameApplication      - Shutting down background threads
16:31:53.786 [JavaFX Application Thread] DEBUG GameApplication      - Exiting FXGL
16:31:53.786 [JavaFX Application Thread] DEBUG FXGL                 - Saving FXGL system data
16:31:53.788 [JavaFX Application Thread] DEBUG DesktopFSService     - Writing to: system/fxgl.bundle
16:31:53.792 [JavaFX Application Thread] DEBUG GameApplication      - Closing logger and exiting JavaFX
