11:32:50.848 [JavaFX Application Thread] DEBUG GameApplication      - Logger initialized
11:32:50.854 [JavaFX Application Thread] DEBUG MainWindow           - Creating a JavaFX scene
11:32:50.986 [JavaFX Application Thread] DEBUG MainWindow           - Target settings size: 860.0 x 600.0
11:32:50.986 [JavaFX Application Thread] DEBUG MainWindow           - Scaled scene size:    860.0 x 600.0
11:32:50.987 [JavaFX Application Thread] DEBUG MainWindow           - Scaled ratio: (1.0, 1.0)
11:32:50.992 [JavaFX Application Thread] DEBUG GameApplication      - Starting FXGL
11:32:50.997 [JavaFX Application Thread] INFO  FXGL                 - FXGL-0.5.3 on DESKTOP
11:32:50.998 [JavaFX Application Thread] INFO  FXGL                 - Source code and latest versions at: https://github.com/AlmasB/FXGL
11:32:50.998 [JavaFX Application Thread] INFO  FXGL                 -              Join the FXGL chat at: https://gitter.im/AlmasB/FXGL
11:32:51.007 [JavaFX Application Thread] DEBUG FS                   - Loaded DesktopFSService
11:32:51.007 [JavaFX Application Thread] DEBUG FXGL                 - Loading FXGL system data
11:32:51.015 [JavaFX Application Thread] DEBUG DesktopFSService     - Reading from: system/fxgl.bundle
11:32:51.023 [JavaFX Application Thread] DEBUG Bundle               - Logging bundle: FXGL
11:32:51.024 [JavaFX Application Thread] DEBUG Bundle               - FXGL.offline.timer.version.check=2019-02-14T00:36:59.438
11:32:51.054 [JavaFX Application Thread] DEBUG GameApplication      - FXGL started
11:32:51.054 [JavaFX Application Thread] DEBUG GameApplication      - Logging game settings
Title: Alpha 0.0
Version: 0.0
Width: 860
Height: 600
Fullscreen: false
Intro: false
Menus: false
Profiling: false
Single step:false
App Mode: DEVELOPER
Menu Key: ESCAPE
Stage Style: DECORATED
Scene Factory: class com.almasb.fxgl.scene.SceneFactory
Dialog Factory: class com.almasb.fxgl.ui.FXGLDialogFactory
UI Factory: class com.almasb.fxgl.ui.FXGLUIFactory
Notification Service: class com.almasb.fxgl.gameplay.notification.XboxNotificationView
Exception Handler: class com.almasb.fxgl.app.FXGLExceptionHandler
11:32:51.055 [JavaFX Application Thread] DEBUG GameApplication      - Configuring GameApplication
11:32:51.055 [JavaFX Application Thread] DEBUG GameApplication      - Initializing state machine and application states
11:32:51.069 [JavaFX Application Thread] DEBUG AssetLoader          - Loading from disk: /assets/ui/cursors/fxgl_default.png
11:32:51.090 [JavaFX Application Thread] DEBUG AssetLoader          - Loading from disk: /assets/ui/cursors/fxgl_default.png
11:32:51.121 [JavaFX Application Thread] DEBUG FXGLAssets           - Loading FXGLAssets
11:32:51.147 [JavaFX Application Thread] DEBUG AssetLoader          - Loading from disk: /assets/ui/fonts/VarelaRound-Regular.ttf
11:32:51.160 [JavaFX Application Thread] DEBUG AssetLoader          - Loading from disk: /assets/ui/fonts/lucida_console.ttf
11:32:51.162 [JavaFX Application Thread] DEBUG AssetLoader          - Loading from disk: /assets/ui/fonts/Courier-Prime.ttf
11:32:51.164 [JavaFX Application Thread] DEBUG AssetLoader          - Loading from disk: /assets/ui/fonts/Abel-Regular.ttf
11:32:51.166 [JavaFX Application Thread] DEBUG AssetLoader          - Loading from disk: /assets/ui/css/fxgl_dark.css
11:32:51.195 [JavaFX Application Thread] DEBUG AssetLoader          - Loading from disk: /assets/ui/cursors/fxgl_default.png
11:32:51.229 [JavaFX Application Thread] DEBUG AssetLoader          - Loading from disk: /assets/ui/cursors/fxgl_default.png
11:32:51.251 [JavaFX Application Thread] DEBUG GameScene            - Game scene initialized: 860x600
11:32:51.254 [JavaFX Application Thread] DEBUG GameWorld            - Game world initialized
11:32:51.292 [JavaFX Application Thread] DEBUG PhysicsWorld         - Physics world initialized: appHeight=600, physics.ppm=50.0
11:32:51.308 [JavaFX Application Thread] DEBUG Input                - Registered new binding: Pause - Esc
11:32:51.325 [JavaFX Application Thread] DEBUG Input                - Clearing active input actions
11:32:51.367 [JavaFX Application Thread] DEBUG AppStateMachine      - StartupState -> StartupState
11:32:51.371 [JavaFX Application Thread] INFO  GameApplication      - Game configuration took:  0.315 sec
11:32:51.372 [JavaFX Application Thread] DEBUG AssetLoader          - Loading from disk: /assets/textures/fxgl_icon.png
11:32:51.388 [JavaFX Application Thread] DEBUG MainWindow           - Opening main window
11:32:51.454 [JavaFX Application Thread] DEBUG MainWindow           - Window border size: (0.0, 0.0)
11:32:51.455 [JavaFX Application Thread] DEBUG MainWindow           - Scaled size: 860.0 x 600.0
11:32:51.455 [JavaFX Application Thread] DEBUG MainWindow           - Scaled ratio: (1.0, 1.0)
11:32:51.455 [JavaFX Application Thread] DEBUG MainWindow           - Scene size: 860.0 x 600.0
11:32:51.455 [JavaFX Application Thread] DEBUG MainWindow           - Stage size: 860.0 x 600.0
11:32:51.455 [JavaFX Application Thread] DEBUG GameApplication      - Running preInit()
11:32:51.456 [JavaFX Application Thread] DEBUG Input                - Registered new binding: Screenshot - P
11:32:51.457 [JavaFX Application Thread] DEBUG Input                - Registered new binding: Dev Options - CTRL+0
11:32:51.457 [JavaFX Application Thread] DEBUG Input                - Registered new binding: System info dump - CTRL+9
11:32:51.458 [JavaFX Application Thread] DEBUG Input                - Registered new binding: Restart - CTRL+R
11:32:51.458 [JavaFX Application Thread] DEBUG Input                - Registered new binding: Up 1 - W
11:32:51.458 [JavaFX Application Thread] DEBUG Input                - Registered new binding: Down 1 - S
11:32:51.458 [JavaFX Application Thread] DEBUG Input                - Registered new binding: Right 1 - D
11:32:51.459 [JavaFX Application Thread] DEBUG Input                - Registered new binding: Left 1 - A
11:32:51.459 [JavaFX Application Thread] DEBUG Input                - Registered new binding: Tab - Tab
11:32:51.492 [JavaFX Application Thread] DEBUG GameApplication      - Starting main loop
11:32:51.509 [JavaFX Application Thread] DEBUG StartupState         - STARTUP
11:32:51.509 [JavaFX Application Thread] DEBUG GameApplication      - Starting new game
11:32:51.509 [JavaFX Application Thread] DEBUG Input                - Clearing active input actions
11:32:51.517 [JavaFX Application Thread] DEBUG AppStateMachine      - StartupState -> LoadingState
11:32:51.522 [FXGL Background Thread 1 ] DEBUG InitAppTask          - Clearing previous game
11:32:51.522 [FXGL Background Thread 1 ] DEBUG GameWorld            - Clearing game world
11:32:51.522 [FXGL Background Thread 1 ] DEBUG PhysicsWorld         - Clearing physics world
11:32:51.522 [FXGL Background Thread 1 ] DEBUG GameScene            - Clearing game scene
11:32:51.524 [FXGL Background Thread 1 ] DEBUG InitAppTask          - Initializing Game
11:32:51.528 [FXGL Background Thread 1 ] DEBUG InitAppTask          - Initializing Physics
11:32:51.529 [FXGL Background Thread 1 ] DEBUG InitAppTask          - Initializing UI
11:32:51.530 [FXGL Background Thread 1 ] DEBUG AssetLoader          - Loading from disk: /assets/ui/login.fxml
11:32:52.606 [FXGL Background Thread 1 ] DEBUG AssetLoader          - Loading from disk: /assets/ui/mainpanel.fxml
11:32:52.627 [FXGL Background Thread 1 ] DEBUG AssetLoader          - Loading from disk: /assets/textures/ui/box.png
11:32:52.629 [FXGL Background Thread 1 ] DEBUG AssetLoader          - Loading from cache: /assets/textures/ui/box.png
11:32:52.629 [FXGL Background Thread 1 ] DEBUG AssetLoader          - Loading from cache: /assets/textures/ui/box.png
11:32:52.630 [FXGL Background Thread 1 ] DEBUG AssetLoader          - Loading from cache: /assets/textures/ui/box.png
11:32:52.630 [FXGL Background Thread 1 ] DEBUG AssetLoader          - Loading from cache: /assets/textures/ui/box.png
11:32:52.630 [FXGL Background Thread 1 ] DEBUG AssetLoader          - Loading from cache: /assets/textures/ui/box.png
11:32:52.630 [FXGL Background Thread 1 ] DEBUG AssetLoader          - Loading from cache: /assets/textures/ui/box.png
11:32:52.630 [FXGL Background Thread 1 ] DEBUG AssetLoader          - Loading from cache: /assets/textures/ui/box.png
11:32:52.630 [FXGL Background Thread 1 ] DEBUG AssetLoader          - Loading from cache: /assets/textures/ui/box.png
11:32:52.631 [FXGL Background Thread 1 ] DEBUG AssetLoader          - Loading from cache: /assets/textures/ui/box.png
11:32:52.631 [FXGL Background Thread 1 ] DEBUG AssetLoader          - Loading from cache: /assets/textures/ui/box.png
11:32:52.631 [FXGL Background Thread 1 ] DEBUG AssetLoader          - Loading from cache: /assets/textures/ui/box.png
11:32:52.631 [FXGL Background Thread 1 ] DEBUG AssetLoader          - Loading from cache: /assets/textures/ui/box.png
11:32:52.631 [FXGL Background Thread 1 ] DEBUG AssetLoader          - Loading from cache: /assets/textures/ui/box.png
11:32:52.632 [FXGL Background Thread 1 ] DEBUG AssetLoader          - Loading from cache: /assets/textures/ui/box.png
11:32:52.632 [FXGL Background Thread 1 ] DEBUG AssetLoader          - Loading from cache: /assets/textures/ui/box.png
11:32:52.632 [FXGL Background Thread 1 ] FATAL AssetLoader          - Loading failed for asset: mainpanel.fxml. Cause: null
11:32:52.633 [JavaFX Application Thread] FATAL GameApplication      - Uncaught Exception:

Fatal exception occurred: java.lang.IllegalArgumentException : Failed to load asset: mainpanel.fxml. Cause: null
E: com.almasb.fxgl.asset.AssetLoader.loadFailed(AssetLoader.kt:737)
E: com.almasb.fxgl.asset.AssetLoader.loadUI(AssetLoader.kt:479)
E: client.Screen.initUI(Screen.java:66)
E: com.almasb.fxgl.app.LoadingState$InitAppTask.initUI(AppStates.kt:175)
E: com.almasb.fxgl.app.LoadingState$InitAppTask.call(AppStates.kt:137)
E: com.almasb.fxgl.app.LoadingState$InitAppTask.call(AppStates.kt:124)
E: javafx.concurrent.Task$TaskCallable.call(Task.java:1423)
E: java.util.concurrent.FutureTask.run(FutureTask.java:266)
E: java.util.concurrent.Executors$RunnableAdapter.call(Executors.java:511)
E: java.util.concurrent.FutureTask.run(FutureTask.java:266)
E: java.util.concurrent.ThreadPoolExecutor.runWorker(ThreadPoolExecutor.java:1149)
E: java.util.concurrent.ThreadPoolExecutor$Worker.run(ThreadPoolExecutor.java:624)
E: java.lang.Thread.run(Thread.java:748)

11:32:52.633 [JavaFX Application Thread] FATAL GameApplication      - Application will now exit
11:32:52.634 [JavaFX Application Thread] DEBUG GameApplication      - Stopping main loop
11:32:55.104 [JavaFX Application Thread] DEBUG GameApplication      - Exiting game application
11:32:55.105 [JavaFX Application Thread] DEBUG GameApplication      - Shutting down background threads
11:32:55.106 [JavaFX Application Thread] DEBUG GameApplication      - Exiting FXGL
11:32:55.106 [JavaFX Application Thread] DEBUG FXGL                 - Saving FXGL system data
11:32:55.107 [JavaFX Application Thread] DEBUG DesktopFSService     - Writing to: system/fxgl.bundle
11:32:55.110 [JavaFX Application Thread] DEBUG GameApplication      - Closing logger and exiting JavaFX
