18:54:27.778 [JavaFX Application Thread] DEBUG GameApplication      - Logger initialized
18:54:27.785 [JavaFX Application Thread] DEBUG MainWindow           - Creating a JavaFX scene
18:54:27.916 [JavaFX Application Thread] DEBUG MainWindow           - Target settings size: 860.0 x 600.0
18:54:27.917 [JavaFX Application Thread] DEBUG MainWindow           - Scaled scene size:    860.0 x 600.0
18:54:27.917 [JavaFX Application Thread] DEBUG MainWindow           - Scaled ratio: (1.0, 1.0)
18:54:27.923 [JavaFX Application Thread] DEBUG GameApplication      - Starting FXGL
18:54:27.928 [JavaFX Application Thread] INFO  FXGL                 - FXGL-0.5.3 on DESKTOP
18:54:27.928 [JavaFX Application Thread] INFO  FXGL                 - Source code and latest versions at: https://github.com/AlmasB/FXGL
18:54:27.929 [JavaFX Application Thread] INFO  FXGL                 -              Join the FXGL chat at: https://gitter.im/AlmasB/FXGL
18:54:27.938 [JavaFX Application Thread] DEBUG FS                   - Loaded DesktopFSService
18:54:27.939 [JavaFX Application Thread] DEBUG FXGL                 - Loading FXGL system data
18:54:27.947 [JavaFX Application Thread] DEBUG DesktopFSService     - Reading from: system/fxgl.bundle
18:54:27.957 [JavaFX Application Thread] DEBUG Bundle               - Logging bundle: FXGL
18:54:27.958 [JavaFX Application Thread] DEBUG Bundle               - FXGL.offline.timer.version.check=2019-03-09T00:08:16.144
18:54:27.990 [JavaFX Application Thread] DEBUG GameApplication      - FXGL started
18:54:27.990 [JavaFX Application Thread] DEBUG GameApplication      - Logging game settings
Title: Alpha
Version: 0.0
Width: 860
Height: 600
Fullscreen: false
Intro: false
Menus: false
Profiling: false
Single step:false
App Mode: DEVELOPER
Menu Key: ESCAPE
Stage Style: DECORATED
Scene Factory: class com.almasb.fxgl.scene.SceneFactory
Dialog Factory: class com.almasb.fxgl.ui.FXGLDialogFactory
UI Factory: class com.almasb.fxgl.ui.FXGLUIFactory
Notification Service: class com.almasb.fxgl.gameplay.notification.XboxNotificationView
Exception Handler: class com.almasb.fxgl.app.FXGLExceptionHandler
18:54:27.991 [JavaFX Application Thread] DEBUG GameApplication      - Configuring GameApplication
18:54:27.991 [JavaFX Application Thread] DEBUG GameApplication      - Initializing state machine and application states
18:54:28.008 [JavaFX Application Thread] DEBUG AssetLoader          - Loading from disk: /assets/ui/cursors/fxgl_default.png
18:54:28.032 [JavaFX Application Thread] DEBUG AssetLoader          - Loading from disk: /assets/ui/cursors/fxgl_default.png
18:54:28.064 [JavaFX Application Thread] DEBUG FXGLAssets           - Loading FXGLAssets
18:54:28.089 [JavaFX Application Thread] DEBUG AssetLoader          - Loading from disk: /assets/ui/fonts/VarelaRound-Regular.ttf
18:54:28.103 [JavaFX Application Thread] DEBUG AssetLoader          - Loading from disk: /assets/ui/fonts/lucida_console.ttf
18:54:28.105 [JavaFX Application Thread] DEBUG AssetLoader          - Loading from disk: /assets/ui/fonts/Courier-Prime.ttf
18:54:28.107 [JavaFX Application Thread] DEBUG AssetLoader          - Loading from disk: /assets/ui/fonts/Abel-Regular.ttf
18:54:28.109 [JavaFX Application Thread] DEBUG AssetLoader          - Loading from disk: /assets/ui/css/fxgl_dark.css
18:54:28.140 [JavaFX Application Thread] DEBUG AssetLoader          - Loading from disk: /assets/ui/cursors/fxgl_default.png
18:54:28.176 [JavaFX Application Thread] DEBUG AssetLoader          - Loading from disk: /assets/ui/cursors/fxgl_default.png
18:54:28.197 [JavaFX Application Thread] DEBUG GameScene            - Game scene initialized: 860x600
18:54:28.200 [JavaFX Application Thread] DEBUG GameWorld            - Game world initialized
18:54:28.240 [JavaFX Application Thread] DEBUG PhysicsWorld         - Physics world initialized: appHeight=600, physics.ppm=50.0
18:54:28.257 [JavaFX Application Thread] DEBUG Input                - Registered new binding: Pause - Esc
18:54:28.274 [JavaFX Application Thread] DEBUG Input                - Clearing active input actions
18:54:28.319 [JavaFX Application Thread] DEBUG AppStateMachine      - StartupState -> StartupState
18:54:28.322 [JavaFX Application Thread] INFO  GameApplication      - Game configuration took:  0.331 sec
18:54:28.324 [JavaFX Application Thread] DEBUG AssetLoader          - Loading from disk: /assets/textures/fxgl_icon.png
18:54:28.340 [JavaFX Application Thread] DEBUG MainWindow           - Opening main window
18:54:28.410 [JavaFX Application Thread] DEBUG MainWindow           - Window border size: (0.0, 0.0)
18:54:28.410 [JavaFX Application Thread] DEBUG MainWindow           - Scaled size: 860.0 x 600.0
18:54:28.410 [JavaFX Application Thread] DEBUG MainWindow           - Scaled ratio: (1.0, 1.0)
18:54:28.410 [JavaFX Application Thread] DEBUG MainWindow           - Scene size: 860.0 x 600.0
18:54:28.410 [JavaFX Application Thread] DEBUG MainWindow           - Stage size: 860.0 x 600.0
18:54:28.411 [JavaFX Application Thread] DEBUG GameApplication      - Running preInit()
18:54:28.412 [JavaFX Application Thread] DEBUG Input                - Registered new binding: Screenshot - P
18:54:28.413 [JavaFX Application Thread] DEBUG Input                - Registered new binding: Dev Options - CTRL+0
18:54:28.413 [JavaFX Application Thread] DEBUG Input                - Registered new binding: System info dump - CTRL+9
18:54:28.414 [JavaFX Application Thread] DEBUG Input                - Registered new binding: Restart - CTRL+R
18:54:28.414 [JavaFX Application Thread] DEBUG Input                - Registered new binding: Up 1 - W
18:54:28.414 [JavaFX Application Thread] DEBUG Input                - Registered new binding: Down 1 - S
18:54:28.414 [JavaFX Application Thread] DEBUG Input                - Registered new binding: Right 1 - D
18:54:28.414 [JavaFX Application Thread] DEBUG Input                - Registered new binding: Left 1 - A
18:54:28.415 [JavaFX Application Thread] DEBUG Input                - Registered new binding: Click - LMB
18:54:28.416 [JavaFX Application Thread] DEBUG Input                - Registered new binding: Rightclick - RMB
18:54:28.416 [JavaFX Application Thread] DEBUG Input                - Registered new binding: Tab - Tab
18:54:28.446 [JavaFX Application Thread] DEBUG GameApplication      - Starting main loop
18:54:28.455 [JavaFX Application Thread] DEBUG StartupState         - STARTUP
18:54:28.456 [JavaFX Application Thread] DEBUG GameApplication      - Starting new game
18:54:28.456 [JavaFX Application Thread] DEBUG Input                - Clearing active input actions
18:54:28.463 [JavaFX Application Thread] DEBUG AppStateMachine      - StartupState -> LoadingState
18:54:28.468 [FXGL Background Thread 1 ] DEBUG InitAppTask          - Clearing previous game
18:54:28.468 [FXGL Background Thread 1 ] DEBUG GameWorld            - Clearing game world
18:54:28.468 [FXGL Background Thread 1 ] DEBUG PhysicsWorld         - Clearing physics world
18:54:28.469 [FXGL Background Thread 1 ] DEBUG GameScene            - Clearing game scene
18:54:28.470 [FXGL Background Thread 1 ] DEBUG InitAppTask          - Initializing Game
18:54:28.475 [FXGL Background Thread 1 ] DEBUG InitAppTask          - Initializing Physics
18:54:28.476 [FXGL Background Thread 1 ] DEBUG InitAppTask          - Initializing UI
18:54:28.477 [FXGL Background Thread 1 ] DEBUG AssetLoader          - Loading from disk: /assets/ui/login.fxml
18:54:29.618 [FXGL Background Thread 1 ] DEBUG AssetLoader          - Loading from disk: /assets/textures/ui/default.png
18:54:29.620 [FXGL Background Thread 1 ] DEBUG AssetLoader          - Loading from disk: /assets/ui/mainpanel.fxml
18:54:29.658 [FXGL Background Thread 1 ] DEBUG InitAppTask          - Initialization Complete
18:54:29.658 [FXGL Background Thread 1 ] INFO  InitAppTask          - Game initialization took: 1.190 sec
18:54:29.662 [JavaFX Application Thread] DEBUG Input                - Clearing active input actions
18:54:29.674 [JavaFX Application Thread] DEBUG AppStateMachine      - LoadingState -> PlayState
18:54:50.789 [JavaFX Application Thread] DEBUG GameApplication      - Exiting game application
18:54:50.790 [JavaFX Application Thread] DEBUG GameApplication      - Shutting down background threads
18:54:50.791 [JavaFX Application Thread] DEBUG GameApplication      - Exiting FXGL
18:54:50.791 [JavaFX Application Thread] DEBUG FXGL                 - Saving FXGL system data
18:54:50.794 [JavaFX Application Thread] DEBUG DesktopFSService     - Writing to: system/fxgl.bundle
18:54:50.798 [JavaFX Application Thread] DEBUG GameApplication      - Closing logger and exiting JavaFX
