11:28:53.948 [JavaFX Application Thread] DEBUG GameApplication      - Logger initialized
11:28:53.957 [JavaFX Application Thread] DEBUG MainWindow           - Creating a JavaFX scene
11:28:54.113 [JavaFX Application Thread] DEBUG MainWindow           - Target settings size: 860.0 x 600.0
11:28:54.113 [JavaFX Application Thread] DEBUG MainWindow           - Scaled scene size:    860.0 x 600.0
11:28:54.114 [JavaFX Application Thread] DEBUG MainWindow           - Scaled ratio: (1.0, 1.0)
11:28:54.120 [JavaFX Application Thread] DEBUG GameApplication      - Starting FXGL
11:28:54.125 [JavaFX Application Thread] INFO  FXGL                 - FXGL-0.5.3 on DESKTOP
11:28:54.125 [JavaFX Application Thread] INFO  FXGL                 - Source code and latest versions at: https://github.com/AlmasB/FXGL
11:28:54.125 [JavaFX Application Thread] INFO  FXGL                 -              Join the FXGL chat at: https://gitter.im/AlmasB/FXGL
11:28:54.133 [JavaFX Application Thread] DEBUG FS                   - Loaded DesktopFSService
11:28:54.134 [JavaFX Application Thread] DEBUG FXGL                 - Loading FXGL system data
11:28:54.142 [JavaFX Application Thread] DEBUG DesktopFSService     - Reading from: system/fxgl.bundle
11:28:54.151 [JavaFX Application Thread] DEBUG Bundle               - Logging bundle: FXGL
11:28:54.152 [JavaFX Application Thread] DEBUG Bundle               - FXGL.offline.timer.version.check=2019-03-01T19:05:40.352
11:28:54.186 [JavaFX Application Thread] DEBUG GameApplication      - FXGL started
11:28:54.186 [JavaFX Application Thread] DEBUG GameApplication      - Logging game settings
Title: Alpha
Version: 0.0
Width: 860
Height: 600
Fullscreen: false
Intro: false
Menus: false
Profiling: false
Single step:false
App Mode: DEVELOPER
Menu Key: ESCAPE
Stage Style: DECORATED
Scene Factory: class com.almasb.fxgl.scene.SceneFactory
Dialog Factory: class com.almasb.fxgl.ui.FXGLDialogFactory
UI Factory: class com.almasb.fxgl.ui.FXGLUIFactory
Notification Service: class com.almasb.fxgl.gameplay.notification.XboxNotificationView
Exception Handler: class com.almasb.fxgl.app.FXGLExceptionHandler
11:28:54.187 [JavaFX Application Thread] DEBUG GameApplication      - Configuring GameApplication
11:28:54.187 [JavaFX Application Thread] DEBUG GameApplication      - Initializing state machine and application states
11:28:54.201 [JavaFX Application Thread] DEBUG AssetLoader          - Loading from disk: /assets/ui/cursors/fxgl_default.png
11:28:54.224 [JavaFX Application Thread] DEBUG AssetLoader          - Loading from disk: /assets/ui/cursors/fxgl_default.png
11:28:54.258 [JavaFX Application Thread] DEBUG FXGLAssets           - Loading FXGLAssets
11:28:54.280 [JavaFX Application Thread] DEBUG AssetLoader          - Loading from disk: /assets/ui/fonts/VarelaRound-Regular.ttf
11:28:54.293 [JavaFX Application Thread] DEBUG AssetLoader          - Loading from disk: /assets/ui/fonts/lucida_console.ttf
11:28:54.295 [JavaFX Application Thread] DEBUG AssetLoader          - Loading from disk: /assets/ui/fonts/Courier-Prime.ttf
11:28:54.298 [JavaFX Application Thread] DEBUG AssetLoader          - Loading from disk: /assets/ui/fonts/Abel-Regular.ttf
11:28:54.300 [JavaFX Application Thread] DEBUG AssetLoader          - Loading from disk: /assets/ui/css/fxgl_dark.css
11:28:54.336 [JavaFX Application Thread] DEBUG AssetLoader          - Loading from disk: /assets/ui/cursors/fxgl_default.png
11:28:54.372 [JavaFX Application Thread] DEBUG AssetLoader          - Loading from disk: /assets/ui/cursors/fxgl_default.png
11:28:54.393 [JavaFX Application Thread] DEBUG GameScene            - Game scene initialized: 860x600
11:28:54.397 [JavaFX Application Thread] DEBUG GameWorld            - Game world initialized
11:28:54.443 [JavaFX Application Thread] DEBUG PhysicsWorld         - Physics world initialized: appHeight=600, physics.ppm=50.0
11:28:54.459 [JavaFX Application Thread] DEBUG Input                - Registered new binding: Pause - Esc
11:28:54.476 [JavaFX Application Thread] DEBUG Input                - Clearing active input actions
11:28:54.527 [JavaFX Application Thread] DEBUG AppStateMachine      - StartupState -> StartupState
11:28:54.531 [JavaFX Application Thread] INFO  GameApplication      - Game configuration took:  0.343 sec
11:28:54.533 [JavaFX Application Thread] DEBUG AssetLoader          - Loading from disk: /assets/textures/fxgl_icon.png
11:28:54.552 [JavaFX Application Thread] DEBUG MainWindow           - Opening main window
11:28:54.636 [JavaFX Application Thread] DEBUG MainWindow           - Window border size: (0.0, 0.0)
11:28:54.636 [JavaFX Application Thread] DEBUG MainWindow           - Scaled size: 860.0 x 600.0
11:28:54.636 [JavaFX Application Thread] DEBUG MainWindow           - Scaled ratio: (1.0, 1.0)
11:28:54.636 [JavaFX Application Thread] DEBUG MainWindow           - Scene size: 860.0 x 600.0
11:28:54.636 [JavaFX Application Thread] DEBUG MainWindow           - Stage size: 860.0 x 600.0
11:28:54.637 [JavaFX Application Thread] DEBUG GameApplication      - Running preInit()
11:28:54.638 [JavaFX Application Thread] DEBUG Input                - Registered new binding: Screenshot - P
11:28:54.639 [JavaFX Application Thread] DEBUG Input                - Registered new binding: Dev Options - CTRL+0
11:28:54.639 [JavaFX Application Thread] DEBUG Input                - Registered new binding: System info dump - CTRL+9
11:28:54.639 [JavaFX Application Thread] DEBUG Input                - Registered new binding: Restart - CTRL+R
11:28:54.640 [JavaFX Application Thread] DEBUG Input                - Registered new binding: Up 1 - W
11:28:54.640 [JavaFX Application Thread] DEBUG Input                - Registered new binding: Down 1 - S
11:28:54.640 [JavaFX Application Thread] DEBUG Input                - Registered new binding: Right 1 - D
11:28:54.640 [JavaFX Application Thread] DEBUG Input                - Registered new binding: Left 1 - A
11:28:54.641 [JavaFX Application Thread] DEBUG Input                - Registered new binding: Click - LMB
11:28:54.641 [JavaFX Application Thread] DEBUG Input                - Registered new binding: Rightclick - RMB
11:28:54.642 [JavaFX Application Thread] DEBUG Input                - Registered new binding: Tab - Tab
11:28:54.672 [JavaFX Application Thread] DEBUG GameApplication      - Starting main loop
11:28:54.688 [JavaFX Application Thread] DEBUG StartupState         - STARTUP
11:28:54.689 [JavaFX Application Thread] DEBUG GameApplication      - Starting new game
11:28:54.689 [JavaFX Application Thread] DEBUG Input                - Clearing active input actions
11:28:54.696 [JavaFX Application Thread] DEBUG AppStateMachine      - StartupState -> LoadingState
11:28:54.701 [FXGL Background Thread 1 ] DEBUG InitAppTask          - Clearing previous game
11:28:54.701 [FXGL Background Thread 1 ] DEBUG GameWorld            - Clearing game world
11:28:54.701 [FXGL Background Thread 1 ] DEBUG PhysicsWorld         - Clearing physics world
11:28:54.701 [FXGL Background Thread 1 ] DEBUG GameScene            - Clearing game scene
11:28:54.702 [FXGL Background Thread 1 ] DEBUG InitAppTask          - Initializing Game
11:28:54.707 [FXGL Background Thread 1 ] DEBUG InitAppTask          - Initializing Physics
11:28:54.708 [FXGL Background Thread 1 ] DEBUG InitAppTask          - Initializing UI
11:28:54.709 [FXGL Background Thread 1 ] DEBUG AssetLoader          - Loading from disk: /assets/ui/login.fxml
11:28:55.784 [FXGL Background Thread 1 ] DEBUG AssetLoader          - Loading from disk: /assets/textures/ui/box.png
11:28:55.786 [FXGL Background Thread 1 ] DEBUG AssetLoader          - Loading from disk: /assets/ui/mainpanel.fxml
11:28:55.820 [FXGL Background Thread 1 ] DEBUG InitAppTask          - Initialization Complete
11:28:55.821 [FXGL Background Thread 1 ] INFO  InitAppTask          - Game initialization took: 1.120 sec
11:28:55.825 [JavaFX Application Thread] DEBUG Input                - Clearing active input actions
11:28:55.837 [JavaFX Application Thread] DEBUG AppStateMachine      - LoadingState -> PlayState
11:29:13.848 [JavaFX Application Thread] FATAL GameApplication      - Uncaught Exception:

Fatal exception occurred: java.lang.IllegalStateException : No EntityFactory was added! Call gameWorld.addEntityFactory()
E: com.almasb.fxgl.entity.GameWorld.create(GameWorld.kt:427)
E: com.almasb.fxgl.entity.GameWorld.spawn(GameWorld.kt:413)
E: client.ClientGameMap$4.run(ClientGameMap.java:222)
E: com.sun.javafx.application.PlatformImpl.lambda$null$5(PlatformImpl.java:295)
E: java.security.AccessController.doPrivileged(Native Method)
E: com.sun.javafx.application.PlatformImpl.lambda$runLater$6(PlatformImpl.java:294)
E: com.sun.glass.ui.InvokeLaterDispatcher$Future.run(InvokeLaterDispatcher.java:95)
E: com.sun.glass.ui.gtk.GtkApplication._runLoop(Native Method)
E: com.sun.glass.ui.gtk.GtkApplication.lambda$null$5(GtkApplication.java:139)
E: java.lang.Thread.run(Thread.java:748)

11:29:13.848 [JavaFX Application Thread] FATAL GameApplication      - Application will now exit
11:29:13.848 [JavaFX Application Thread] DEBUG GameApplication      - Stopping main loop
11:29:19.211 [JavaFX Application Thread] DEBUG GameApplication      - Exiting game application
11:29:19.212 [JavaFX Application Thread] DEBUG GameApplication      - Shutting down background threads
11:29:19.213 [JavaFX Application Thread] DEBUG GameApplication      - Exiting FXGL
11:29:19.213 [JavaFX Application Thread] DEBUG FXGL                 - Saving FXGL system data
11:29:19.235 [JavaFX Application Thread] DEBUG DesktopFSService     - Writing to: system/fxgl.bundle
11:29:19.239 [JavaFX Application Thread] DEBUG GameApplication      - Closing logger and exiting JavaFX
