17:05:05.776 [JavaFX Application Thread] DEBUG GameApplication      - Logger initialized
17:05:05.782 [JavaFX Application Thread] DEBUG MainWindow           - Creating a JavaFX scene
17:05:05.907 [JavaFX Application Thread] DEBUG MainWindow           - Target settings size: 860.0 x 600.0
17:05:05.907 [JavaFX Application Thread] DEBUG MainWindow           - Scaled scene size:    860.0 x 600.0
17:05:05.908 [JavaFX Application Thread] DEBUG MainWindow           - Scaled ratio: (1.0, 1.0)
17:05:05.914 [JavaFX Application Thread] DEBUG GameApplication      - Starting FXGL
17:05:05.919 [JavaFX Application Thread] INFO  FXGL                 - FXGL-0.5.3 on DESKTOP
17:05:05.920 [JavaFX Application Thread] INFO  FXGL                 - Source code and latest versions at: https://github.com/AlmasB/FXGL
17:05:05.920 [JavaFX Application Thread] INFO  FXGL                 -              Join the FXGL chat at: https://gitter.im/AlmasB/FXGL
17:05:05.929 [JavaFX Application Thread] DEBUG FS                   - Loaded DesktopFSService
17:05:05.929 [JavaFX Application Thread] DEBUG FXGL                 - Loading FXGL system data
17:05:05.937 [JavaFX Application Thread] DEBUG DesktopFSService     - Reading from: system/fxgl.bundle
17:05:05.945 [JavaFX Application Thread] DEBUG Bundle               - Logging bundle: FXGL
17:05:05.946 [JavaFX Application Thread] DEBUG Bundle               - FXGL.offline.timer.version.check=2019-02-06T21:58:35.988
17:05:05.970 [JavaFX Application Thread] DEBUG GameApplication      - FXGL started
17:05:05.970 [JavaFX Application Thread] DEBUG GameApplication      - Logging game settings
Title: Basic Game App
Version: 0.0
Width: 860
Height: 600
Fullscreen: false
Intro: false
Menus: false
Profiling: false
Single step:false
App Mode: DEVELOPER
Menu Key: ESCAPE
Stage Style: DECORATED
Scene Factory: class com.almasb.fxgl.scene.SceneFactory
Dialog Factory: class com.almasb.fxgl.ui.FXGLDialogFactory
UI Factory: class com.almasb.fxgl.ui.FXGLUIFactory
Notification Service: class com.almasb.fxgl.gameplay.notification.XboxNotificationView
Exception Handler: class com.almasb.fxgl.app.FXGLExceptionHandler
17:05:05.971 [JavaFX Application Thread] DEBUG GameApplication      - Configuring GameApplication
17:05:05.971 [JavaFX Application Thread] DEBUG GameApplication      - Initializing state machine and application states
17:05:05.992 [JavaFX Application Thread] DEBUG AssetLoader          - Loading from disk: /assets/ui/cursors/fxgl_default.png
17:05:06.014 [JavaFX Application Thread] DEBUG AssetLoader          - Loading from disk: /assets/ui/cursors/fxgl_default.png
17:05:06.051 [JavaFX Application Thread] DEBUG FXGLAssets           - Loading FXGLAssets
17:05:06.075 [JavaFX Application Thread] DEBUG AssetLoader          - Loading from disk: /assets/ui/fonts/VarelaRound-Regular.ttf
17:05:06.087 [JavaFX Application Thread] DEBUG AssetLoader          - Loading from disk: /assets/ui/fonts/lucida_console.ttf
17:05:06.089 [JavaFX Application Thread] DEBUG AssetLoader          - Loading from disk: /assets/ui/fonts/Courier-Prime.ttf
17:05:06.091 [JavaFX Application Thread] DEBUG AssetLoader          - Loading from disk: /assets/ui/fonts/Abel-Regular.ttf
17:05:06.093 [JavaFX Application Thread] DEBUG AssetLoader          - Loading from disk: /assets/ui/css/fxgl_dark.css
17:05:06.122 [JavaFX Application Thread] DEBUG AssetLoader          - Loading from disk: /assets/ui/cursors/fxgl_default.png
17:05:06.155 [JavaFX Application Thread] DEBUG AssetLoader          - Loading from disk: /assets/ui/cursors/fxgl_default.png
17:05:06.174 [JavaFX Application Thread] DEBUG GameScene            - Game scene initialized: 860x600
17:05:06.177 [JavaFX Application Thread] DEBUG GameWorld            - Game world initialized
17:05:06.215 [JavaFX Application Thread] DEBUG PhysicsWorld         - Physics world initialized: appHeight=600, physics.ppm=50.0
17:05:06.232 [JavaFX Application Thread] DEBUG Input                - Registered new binding: Pause - Esc
17:05:06.248 [JavaFX Application Thread] DEBUG Input                - Clearing active input actions
17:05:06.289 [JavaFX Application Thread] DEBUG AppStateMachine      - StartupState -> StartupState
17:05:06.293 [JavaFX Application Thread] INFO  GameApplication      - Game configuration took:  0.321 sec
17:05:06.294 [JavaFX Application Thread] DEBUG AssetLoader          - Loading from disk: /assets/textures/fxgl_icon.png
17:05:06.311 [JavaFX Application Thread] DEBUG MainWindow           - Opening main window
17:05:06.380 [JavaFX Application Thread] DEBUG MainWindow           - Window border size: (0.0, 0.0)
17:05:06.380 [JavaFX Application Thread] DEBUG MainWindow           - Scaled size: 860.0 x 600.0
17:05:06.380 [JavaFX Application Thread] DEBUG MainWindow           - Scaled ratio: (1.0, 1.0)
17:05:06.381 [JavaFX Application Thread] DEBUG MainWindow           - Scene size: 860.0 x 600.0
17:05:06.381 [JavaFX Application Thread] DEBUG MainWindow           - Stage size: 860.0 x 600.0
17:05:06.381 [JavaFX Application Thread] DEBUG GameApplication      - Running preInit()
17:05:06.383 [JavaFX Application Thread] DEBUG Input                - Registered new binding: Screenshot - P
17:05:06.384 [JavaFX Application Thread] DEBUG Input                - Registered new binding: Dev Options - CTRL+0
17:05:06.384 [JavaFX Application Thread] DEBUG Input                - Registered new binding: System info dump - CTRL+9
17:05:06.384 [JavaFX Application Thread] DEBUG Input                - Registered new binding: Restart - CTRL+R
17:05:06.413 [JavaFX Application Thread] DEBUG GameApplication      - Starting main loop
17:05:06.429 [JavaFX Application Thread] DEBUG StartupState         - STARTUP
17:05:06.429 [JavaFX Application Thread] DEBUG GameApplication      - Starting new game
17:05:06.429 [JavaFX Application Thread] DEBUG Input                - Clearing active input actions
17:05:06.436 [JavaFX Application Thread] DEBUG AppStateMachine      - StartupState -> LoadingState
17:05:06.441 [FXGL Background Thread 1 ] DEBUG InitAppTask          - Clearing previous game
17:05:06.441 [FXGL Background Thread 1 ] DEBUG GameWorld            - Clearing game world
17:05:06.441 [FXGL Background Thread 1 ] DEBUG PhysicsWorld         - Clearing physics world
17:05:06.441 [FXGL Background Thread 1 ] DEBUG GameScene            - Clearing game scene
17:05:06.442 [FXGL Background Thread 1 ] DEBUG InitAppTask          - Initializing Game
17:05:06.446 [FXGL Background Thread 1 ] DEBUG InitAppTask          - Initializing Physics
17:05:06.446 [FXGL Background Thread 1 ] DEBUG InitAppTask          - Initializing UI
17:05:06.447 [FXGL Background Thread 1 ] DEBUG AssetLoader          - Loading from disk: /assets/ui/login.fxml
17:05:06.538 [FXGL Background Thread 1 ] DEBUG InitAppTask          - Initialization Complete
17:05:06.538 [FXGL Background Thread 1 ] INFO  InitAppTask          - Game initialization took: 0.097 sec
17:05:06.561 [JavaFX Application Thread] DEBUG Input                - Clearing active input actions
17:05:06.574 [JavaFX Application Thread] DEBUG AppStateMachine      - LoadingState -> PlayState
17:05:09.787 [JavaFX Application Thread] DEBUG GameApplication      - Exiting game application
17:05:09.789 [JavaFX Application Thread] DEBUG GameApplication      - Shutting down background threads
17:05:09.789 [JavaFX Application Thread] DEBUG GameApplication      - Exiting FXGL
17:05:09.789 [JavaFX Application Thread] DEBUG FXGL                 - Saving FXGL system data
17:05:09.792 [JavaFX Application Thread] DEBUG DesktopFSService     - Writing to: system/fxgl.bundle
17:05:09.796 [JavaFX Application Thread] DEBUG GameApplication      - Closing logger and exiting JavaFX
