16:23:44.604 [JavaFX Application Thread] DEBUG GameApplication      - Logger initialized
16:23:44.611 [JavaFX Application Thread] DEBUG MainWindow           - Creating a JavaFX scene
16:23:44.756 [JavaFX Application Thread] DEBUG MainWindow           - Target settings size: 860.0 x 600.0
16:23:44.756 [JavaFX Application Thread] DEBUG MainWindow           - Scaled scene size:    860.0 x 600.0
16:23:44.756 [JavaFX Application Thread] DEBUG MainWindow           - Scaled ratio: (1.0, 1.0)
16:23:44.763 [JavaFX Application Thread] DEBUG GameApplication      - Starting FXGL
16:23:44.768 [JavaFX Application Thread] INFO  FXGL                 - FXGL-0.5.3 on DESKTOP
16:23:44.768 [JavaFX Application Thread] INFO  FXGL                 - Source code and latest versions at: https://github.com/AlmasB/FXGL
16:23:44.769 [JavaFX Application Thread] INFO  FXGL                 -              Join the FXGL chat at: https://gitter.im/AlmasB/FXGL
16:23:44.778 [JavaFX Application Thread] DEBUG FS                   - Loaded DesktopFSService
16:23:44.778 [JavaFX Application Thread] DEBUG FXGL                 - Loading FXGL system data
16:23:44.786 [JavaFX Application Thread] DEBUG DesktopFSService     - Reading from: system/fxgl.bundle
16:23:44.794 [JavaFX Application Thread] DEBUG Bundle               - Logging bundle: FXGL
16:23:44.794 [JavaFX Application Thread] DEBUG Bundle               - FXGL.offline.timer.version.check=2019-02-21T16:31:03.317
16:23:44.824 [JavaFX Application Thread] DEBUG GameApplication      - FXGL started
16:23:44.824 [JavaFX Application Thread] DEBUG GameApplication      - Logging game settings
Title: Alpha
Version: 0.0
Width: 860
Height: 600
Fullscreen: false
Intro: false
Menus: false
Profiling: false
Single step:false
App Mode: DEVELOPER
Menu Key: ESCAPE
Stage Style: DECORATED
Scene Factory: class com.almasb.fxgl.scene.SceneFactory
Dialog Factory: class com.almasb.fxgl.ui.FXGLDialogFactory
UI Factory: class com.almasb.fxgl.ui.FXGLUIFactory
Notification Service: class com.almasb.fxgl.gameplay.notification.XboxNotificationView
Exception Handler: class com.almasb.fxgl.app.FXGLExceptionHandler
16:23:44.825 [JavaFX Application Thread] DEBUG GameApplication      - Configuring GameApplication
16:23:44.825 [JavaFX Application Thread] DEBUG GameApplication      - Initializing state machine and application states
16:23:44.838 [JavaFX Application Thread] DEBUG AssetLoader          - Loading from disk: /assets/ui/cursors/fxgl_default.png
16:23:44.861 [JavaFX Application Thread] DEBUG AssetLoader          - Loading from disk: /assets/ui/cursors/fxgl_default.png
16:23:44.890 [JavaFX Application Thread] DEBUG FXGLAssets           - Loading FXGLAssets
16:23:44.913 [JavaFX Application Thread] DEBUG AssetLoader          - Loading from disk: /assets/ui/fonts/VarelaRound-Regular.ttf
16:23:44.925 [JavaFX Application Thread] DEBUG AssetLoader          - Loading from disk: /assets/ui/fonts/lucida_console.ttf
16:23:44.928 [JavaFX Application Thread] DEBUG AssetLoader          - Loading from disk: /assets/ui/fonts/Courier-Prime.ttf
16:23:44.930 [JavaFX Application Thread] DEBUG AssetLoader          - Loading from disk: /assets/ui/fonts/Abel-Regular.ttf
16:23:44.932 [JavaFX Application Thread] DEBUG AssetLoader          - Loading from disk: /assets/ui/css/fxgl_dark.css
16:23:44.970 [JavaFX Application Thread] DEBUG AssetLoader          - Loading from disk: /assets/ui/cursors/fxgl_default.png
16:23:45.008 [JavaFX Application Thread] DEBUG AssetLoader          - Loading from disk: /assets/ui/cursors/fxgl_default.png
16:23:45.028 [JavaFX Application Thread] DEBUG GameScene            - Game scene initialized: 860x600
16:23:45.031 [JavaFX Application Thread] DEBUG GameWorld            - Game world initialized
16:23:45.068 [JavaFX Application Thread] DEBUG PhysicsWorld         - Physics world initialized: appHeight=600, physics.ppm=50.0
16:23:45.084 [JavaFX Application Thread] DEBUG Input                - Registered new binding: Pause - Esc
16:23:45.101 [JavaFX Application Thread] DEBUG Input                - Clearing active input actions
16:23:45.143 [JavaFX Application Thread] DEBUG AppStateMachine      - StartupState -> StartupState
16:23:45.146 [JavaFX Application Thread] INFO  GameApplication      - Game configuration took:  0.321 sec
16:23:45.148 [JavaFX Application Thread] DEBUG AssetLoader          - Loading from disk: /assets/textures/fxgl_icon.png
16:23:45.163 [JavaFX Application Thread] DEBUG MainWindow           - Opening main window
16:23:45.235 [JavaFX Application Thread] DEBUG MainWindow           - Window border size: (0.0, 0.0)
16:23:45.235 [JavaFX Application Thread] DEBUG MainWindow           - Scaled size: 860.0 x 600.0
16:23:45.235 [JavaFX Application Thread] DEBUG MainWindow           - Scaled ratio: (1.0, 1.0)
16:23:45.236 [JavaFX Application Thread] DEBUG MainWindow           - Scene size: 860.0 x 600.0
16:23:45.236 [JavaFX Application Thread] DEBUG MainWindow           - Stage size: 860.0 x 600.0
16:23:45.236 [JavaFX Application Thread] DEBUG GameApplication      - Running preInit()
16:23:45.238 [JavaFX Application Thread] DEBUG Input                - Registered new binding: Screenshot - P
16:23:45.239 [JavaFX Application Thread] DEBUG Input                - Registered new binding: Dev Options - CTRL+0
16:23:45.239 [JavaFX Application Thread] DEBUG Input                - Registered new binding: System info dump - CTRL+9
16:23:45.240 [JavaFX Application Thread] DEBUG Input                - Registered new binding: Restart - CTRL+R
16:23:45.240 [JavaFX Application Thread] DEBUG Input                - Registered new binding: Up 1 - W
16:23:45.240 [JavaFX Application Thread] DEBUG Input                - Registered new binding: Down 1 - S
16:23:45.241 [JavaFX Application Thread] DEBUG Input                - Registered new binding: Right 1 - D
16:23:45.241 [JavaFX Application Thread] DEBUG Input                - Registered new binding: Left 1 - A
16:23:45.242 [JavaFX Application Thread] DEBUG Input                - Registered new binding: Click - LMB
16:23:45.242 [JavaFX Application Thread] DEBUG Input                - Registered new binding: Tab - Tab
16:23:45.269 [JavaFX Application Thread] DEBUG GameApplication      - Starting main loop
16:23:45.279 [JavaFX Application Thread] DEBUG StartupState         - STARTUP
16:23:45.279 [JavaFX Application Thread] DEBUG GameApplication      - Starting new game
16:23:45.279 [JavaFX Application Thread] DEBUG Input                - Clearing active input actions
16:23:45.287 [JavaFX Application Thread] DEBUG AppStateMachine      - StartupState -> LoadingState
16:23:45.291 [FXGL Background Thread 1 ] DEBUG InitAppTask          - Clearing previous game
16:23:45.292 [FXGL Background Thread 1 ] DEBUG GameWorld            - Clearing game world
16:23:45.292 [FXGL Background Thread 1 ] DEBUG PhysicsWorld         - Clearing physics world
16:23:45.292 [FXGL Background Thread 1 ] DEBUG GameScene            - Clearing game scene
16:23:45.293 [FXGL Background Thread 1 ] DEBUG InitAppTask          - Initializing Game
16:23:45.297 [FXGL Background Thread 1 ] DEBUG InitAppTask          - Initializing Physics
16:23:45.298 [FXGL Background Thread 1 ] DEBUG InitAppTask          - Initializing UI
16:23:45.299 [FXGL Background Thread 1 ] DEBUG AssetLoader          - Loading from disk: /assets/ui/login.fxml
16:23:46.400 [FXGL Background Thread 1 ] DEBUG AssetLoader          - Loading from disk: /assets/textures/ui/box.png
16:23:46.402 [FXGL Background Thread 1 ] DEBUG AssetLoader          - Loading from disk: /assets/ui/mainpanel.fxml
16:23:46.436 [FXGL Background Thread 1 ] DEBUG InitAppTask          - Initialization Complete
16:23:46.436 [FXGL Background Thread 1 ] INFO  InitAppTask          - Game initialization took: 1.145 sec
16:23:46.445 [JavaFX Application Thread] DEBUG Input                - Clearing active input actions
16:23:46.464 [JavaFX Application Thread] DEBUG AppStateMachine      - LoadingState -> PlayState
16:23:48.448 [JavaFX Application Thread] DEBUG GameApplication      - Exiting game application
16:23:48.449 [JavaFX Application Thread] DEBUG GameApplication      - Shutting down background threads
16:23:48.449 [JavaFX Application Thread] DEBUG GameApplication      - Exiting FXGL
16:23:48.449 [JavaFX Application Thread] DEBUG FXGL                 - Saving FXGL system data
16:23:48.452 [JavaFX Application Thread] DEBUG DesktopFSService     - Writing to: system/fxgl.bundle
16:23:48.456 [JavaFX Application Thread] DEBUG GameApplication      - Closing logger and exiting JavaFX
