16:03:36.938 [JavaFX Application Thread] DEBUG GameApplication      - Logger initialized
16:03:36.944 [JavaFX Application Thread] DEBUG MainWindow           - Creating a JavaFX scene
16:03:37.069 [JavaFX Application Thread] DEBUG MainWindow           - Target settings size: 1024.0 x 860.0
16:03:37.069 [JavaFX Application Thread] DEBUG MainWindow           - Scaled scene size:    1024.0 x 860.0
16:03:37.070 [JavaFX Application Thread] DEBUG MainWindow           - Scaled ratio: (1.0, 1.0)
16:03:37.076 [JavaFX Application Thread] DEBUG GameApplication      - Starting FXGL
16:03:37.081 [JavaFX Application Thread] INFO  FXGL                 - FXGL-0.5.3 on DESKTOP
16:03:37.081 [JavaFX Application Thread] INFO  FXGL                 - Source code and latest versions at: https://github.com/AlmasB/FXGL
16:03:37.082 [JavaFX Application Thread] INFO  FXGL                 -              Join the FXGL chat at: https://gitter.im/AlmasB/FXGL
16:03:37.091 [JavaFX Application Thread] DEBUG FS                   - Loaded DesktopFSService
16:03:37.091 [JavaFX Application Thread] DEBUG FXGL                 - Loading FXGL system data
16:03:37.099 [JavaFX Application Thread] DEBUG DesktopFSService     - Reading from: system/fxgl.bundle
16:03:37.108 [JavaFX Application Thread] DEBUG Bundle               - Logging bundle: FXGL
16:03:37.109 [JavaFX Application Thread] DEBUG Bundle               - FXGL.offline.timer.version.check=2019-01-23T12:24:56.214
16:03:37.134 [JavaFX Application Thread] DEBUG GameApplication      - FXGL started
16:03:37.134 [JavaFX Application Thread] DEBUG GameApplication      - Logging game settings
Title: Basic Game App
Version: 0.0
Width: 1024
Height: 860
Fullscreen: false
Intro: false
Menus: false
Profiling: false
Single step:false
App Mode: DEVELOPER
Menu Key: ESCAPE
Stage Style: DECORATED
Scene Factory: class com.almasb.fxgl.scene.SceneFactory
Dialog Factory: class com.almasb.fxgl.ui.FXGLDialogFactory
UI Factory: class com.almasb.fxgl.ui.FXGLUIFactory
Notification Service: class com.almasb.fxgl.gameplay.notification.XboxNotificationView
Exception Handler: class com.almasb.fxgl.app.FXGLExceptionHandler
16:03:37.135 [JavaFX Application Thread] DEBUG GameApplication      - Configuring GameApplication
16:03:37.135 [JavaFX Application Thread] DEBUG GameApplication      - Initializing state machine and application states
16:03:37.151 [JavaFX Application Thread] DEBUG AssetLoader          - Loading from disk: /assets/ui/cursors/fxgl_default.png
16:03:37.182 [JavaFX Application Thread] DEBUG AssetLoader          - Loading from disk: /assets/ui/cursors/fxgl_default.png
16:03:37.213 [JavaFX Application Thread] DEBUG FXGLAssets           - Loading FXGLAssets
16:03:37.239 [JavaFX Application Thread] DEBUG AssetLoader          - Loading from disk: /assets/ui/fonts/VarelaRound-Regular.ttf
16:03:37.253 [JavaFX Application Thread] DEBUG AssetLoader          - Loading from disk: /assets/ui/fonts/lucida_console.ttf
16:03:37.257 [JavaFX Application Thread] DEBUG AssetLoader          - Loading from disk: /assets/ui/fonts/Courier-Prime.ttf
16:03:37.259 [JavaFX Application Thread] DEBUG AssetLoader          - Loading from disk: /assets/ui/fonts/Abel-Regular.ttf
16:03:37.261 [JavaFX Application Thread] DEBUG AssetLoader          - Loading from disk: /assets/ui/css/fxgl_dark.css
16:03:37.290 [JavaFX Application Thread] DEBUG AssetLoader          - Loading from disk: /assets/ui/cursors/fxgl_default.png
16:03:37.334 [JavaFX Application Thread] DEBUG AssetLoader          - Loading from disk: /assets/ui/cursors/fxgl_default.png
16:03:37.354 [JavaFX Application Thread] DEBUG GameScene            - Game scene initialized: 1024x860
16:03:37.358 [JavaFX Application Thread] DEBUG GameWorld            - Game world initialized
16:03:37.397 [JavaFX Application Thread] DEBUG PhysicsWorld         - Physics world initialized: appHeight=860, physics.ppm=50.0
16:03:37.413 [JavaFX Application Thread] DEBUG Input                - Registered new binding: Pause - Esc
16:03:37.431 [JavaFX Application Thread] DEBUG Input                - Clearing active input actions
16:03:37.480 [JavaFX Application Thread] DEBUG AppStateMachine      - StartupState -> StartupState
16:03:37.483 [JavaFX Application Thread] INFO  GameApplication      - Game configuration took:  0.348 sec
16:03:37.485 [JavaFX Application Thread] DEBUG AssetLoader          - Loading from disk: /assets/textures/fxgl_icon.png
16:03:37.500 [JavaFX Application Thread] DEBUG MainWindow           - Opening main window
16:03:37.565 [JavaFX Application Thread] DEBUG MainWindow           - Window border size: (0.0, 0.0)
16:03:37.565 [JavaFX Application Thread] DEBUG MainWindow           - Scaled size: 1024.0 x 860.0
16:03:37.566 [JavaFX Application Thread] DEBUG MainWindow           - Scaled ratio: (1.0, 1.0)
16:03:37.566 [JavaFX Application Thread] DEBUG MainWindow           - Scene size: 1024.0 x 860.0
16:03:37.566 [JavaFX Application Thread] DEBUG MainWindow           - Stage size: 1024.0 x 860.0
16:03:37.566 [JavaFX Application Thread] DEBUG GameApplication      - Running preInit()
16:03:37.568 [JavaFX Application Thread] DEBUG Input                - Registered new binding: Screenshot - P
16:03:37.569 [JavaFX Application Thread] DEBUG Input                - Registered new binding: Dev Options - CTRL+0
16:03:37.569 [JavaFX Application Thread] DEBUG Input                - Registered new binding: System info dump - CTRL+9
16:03:37.570 [JavaFX Application Thread] DEBUG Input                - Registered new binding: Restart - CTRL+R
16:03:37.570 [JavaFX Application Thread] DEBUG Input                - Registered new binding: Up 1 - W
16:03:37.570 [JavaFX Application Thread] DEBUG Input                - Registered new binding: Down 1 - S
16:03:37.571 [JavaFX Application Thread] DEBUG Input                - Registered new binding: Right 1 - D
16:03:37.571 [JavaFX Application Thread] DEBUG Input                - Registered new binding: Left 1 - A
16:03:37.602 [JavaFX Application Thread] DEBUG GameApplication      - Starting main loop
16:03:37.613 [JavaFX Application Thread] DEBUG StartupState         - STARTUP
16:03:37.613 [JavaFX Application Thread] DEBUG GameApplication      - Starting new game
16:03:37.613 [JavaFX Application Thread] DEBUG Input                - Clearing active input actions
16:03:37.622 [JavaFX Application Thread] DEBUG AppStateMachine      - StartupState -> LoadingState
16:03:37.627 [FXGL Background Thread 1 ] DEBUG InitAppTask          - Clearing previous game
16:03:37.627 [FXGL Background Thread 1 ] DEBUG GameWorld            - Clearing game world
16:03:37.627 [FXGL Background Thread 1 ] DEBUG PhysicsWorld         - Clearing physics world
16:03:37.627 [FXGL Background Thread 1 ] DEBUG GameScene            - Clearing game scene
16:03:37.628 [FXGL Background Thread 1 ] DEBUG InitAppTask          - Initializing Game
16:03:37.633 [FXGL Background Thread 1 ] DEBUG InitAppTask          - Initializing Physics
16:03:37.633 [FXGL Background Thread 1 ] DEBUG InitAppTask          - Initializing UI
16:03:37.633 [FXGL Background Thread 1 ] DEBUG AssetLoader          - Loading from disk: /assets/ui/login.fxml
16:03:37.703 [FXGL Background Thread 1 ] DEBUG InitAppTask          - Initialization Complete
16:03:37.703 [FXGL Background Thread 1 ] INFO  InitAppTask          - Game initialization took: 0.076 sec
16:03:37.724 [JavaFX Application Thread] DEBUG Input                - Clearing active input actions
16:03:37.739 [JavaFX Application Thread] DEBUG AppStateMachine      - LoadingState -> PlayState
16:03:38.958 [JavaFX Application Thread] DEBUG GameApplication      - Exiting game application
16:03:38.959 [JavaFX Application Thread] DEBUG GameApplication      - Shutting down background threads
16:03:38.960 [JavaFX Application Thread] DEBUG GameApplication      - Exiting FXGL
16:03:38.960 [JavaFX Application Thread] DEBUG FXGL                 - Saving FXGL system data
16:03:38.963 [JavaFX Application Thread] DEBUG DesktopFSService     - Writing to: system/fxgl.bundle
16:03:38.967 [JavaFX Application Thread] DEBUG GameApplication      - Closing logger and exiting JavaFX
