17:15:39.173 [JavaFX Application Thread] DEBUG GameApplication      - Logger initialized
17:15:39.179 [JavaFX Application Thread] DEBUG MainWindow           - Creating a JavaFX scene
17:15:39.305 [JavaFX Application Thread] DEBUG MainWindow           - Target settings size: 1024.0 x 860.0
17:15:39.305 [JavaFX Application Thread] DEBUG MainWindow           - Scaled scene size:    1024.0 x 860.0
17:15:39.305 [JavaFX Application Thread] DEBUG MainWindow           - Scaled ratio: (1.0, 1.0)
17:15:39.311 [JavaFX Application Thread] DEBUG GameApplication      - Starting FXGL
17:15:39.316 [JavaFX Application Thread] INFO  FXGL                 - FXGL-0.5.3 on DESKTOP
17:15:39.316 [JavaFX Application Thread] INFO  FXGL                 - Source code and latest versions at: https://github.com/AlmasB/FXGL
17:15:39.317 [JavaFX Application Thread] INFO  FXGL                 -              Join the FXGL chat at: https://gitter.im/AlmasB/FXGL
17:15:39.326 [JavaFX Application Thread] DEBUG FS                   - Loaded DesktopFSService
17:15:39.326 [JavaFX Application Thread] DEBUG FXGL                 - Loading FXGL system data
17:15:39.334 [JavaFX Application Thread] DEBUG DesktopFSService     - Reading from: system/fxgl.bundle
17:15:39.343 [JavaFX Application Thread] DEBUG Bundle               - Logging bundle: FXGL
17:15:39.344 [JavaFX Application Thread] DEBUG Bundle               - FXGL.offline.timer.version.check=2019-01-23T12:24:56.214
17:15:39.373 [JavaFX Application Thread] DEBUG GameApplication      - FXGL started
17:15:39.373 [JavaFX Application Thread] DEBUG GameApplication      - Logging game settings
Title: Basic Game App
Version: 0.0
Width: 1024
Height: 860
Fullscreen: false
Intro: false
Menus: false
Profiling: false
Single step:false
App Mode: DEVELOPER
Menu Key: ESCAPE
Stage Style: DECORATED
Scene Factory: class com.almasb.fxgl.scene.SceneFactory
Dialog Factory: class com.almasb.fxgl.ui.FXGLDialogFactory
UI Factory: class com.almasb.fxgl.ui.FXGLUIFactory
Notification Service: class com.almasb.fxgl.gameplay.notification.XboxNotificationView
Exception Handler: class com.almasb.fxgl.app.FXGLExceptionHandler
17:15:39.374 [JavaFX Application Thread] DEBUG GameApplication      - Configuring GameApplication
17:15:39.374 [JavaFX Application Thread] DEBUG GameApplication      - Initializing state machine and application states
17:15:39.395 [JavaFX Application Thread] DEBUG AssetLoader          - Loading from disk: /assets/ui/cursors/fxgl_default.png
17:15:39.416 [JavaFX Application Thread] DEBUG AssetLoader          - Loading from disk: /assets/ui/cursors/fxgl_default.png
17:15:39.448 [JavaFX Application Thread] DEBUG FXGLAssets           - Loading FXGLAssets
17:15:39.475 [JavaFX Application Thread] DEBUG AssetLoader          - Loading from disk: /assets/ui/fonts/VarelaRound-Regular.ttf
17:15:39.487 [JavaFX Application Thread] DEBUG AssetLoader          - Loading from disk: /assets/ui/fonts/lucida_console.ttf
17:15:39.489 [JavaFX Application Thread] DEBUG AssetLoader          - Loading from disk: /assets/ui/fonts/Courier-Prime.ttf
17:15:39.491 [JavaFX Application Thread] DEBUG AssetLoader          - Loading from disk: /assets/ui/fonts/Abel-Regular.ttf
17:15:39.492 [JavaFX Application Thread] DEBUG AssetLoader          - Loading from disk: /assets/ui/css/fxgl_dark.css
17:15:39.520 [JavaFX Application Thread] DEBUG AssetLoader          - Loading from disk: /assets/ui/cursors/fxgl_default.png
17:15:39.553 [JavaFX Application Thread] DEBUG AssetLoader          - Loading from disk: /assets/ui/cursors/fxgl_default.png
17:15:39.573 [JavaFX Application Thread] DEBUG GameScene            - Game scene initialized: 1024x860
17:15:39.576 [JavaFX Application Thread] DEBUG GameWorld            - Game world initialized
17:15:39.615 [JavaFX Application Thread] DEBUG PhysicsWorld         - Physics world initialized: appHeight=860, physics.ppm=50.0
17:15:39.633 [JavaFX Application Thread] DEBUG Input                - Registered new binding: Pause - Esc
17:15:39.651 [JavaFX Application Thread] DEBUG Input                - Clearing active input actions
17:15:39.695 [JavaFX Application Thread] DEBUG AppStateMachine      - StartupState -> StartupState
17:15:39.698 [JavaFX Application Thread] INFO  GameApplication      - Game configuration took:  0.324 sec
17:15:39.700 [JavaFX Application Thread] DEBUG AssetLoader          - Loading from disk: /assets/textures/fxgl_icon.png
17:15:39.715 [JavaFX Application Thread] DEBUG MainWindow           - Opening main window
17:15:39.787 [JavaFX Application Thread] DEBUG MainWindow           - Window border size: (0.0, 0.0)
17:15:39.787 [JavaFX Application Thread] DEBUG MainWindow           - Scaled size: 1024.0 x 860.0
17:15:39.787 [JavaFX Application Thread] DEBUG MainWindow           - Scaled ratio: (1.0, 1.0)
17:15:39.787 [JavaFX Application Thread] DEBUG MainWindow           - Scene size: 1024.0 x 860.0
17:15:39.787 [JavaFX Application Thread] DEBUG MainWindow           - Stage size: 1024.0 x 860.0
17:15:39.788 [JavaFX Application Thread] DEBUG GameApplication      - Running preInit()
17:15:39.789 [JavaFX Application Thread] DEBUG Input                - Registered new binding: Screenshot - P
17:15:39.790 [JavaFX Application Thread] DEBUG Input                - Registered new binding: Dev Options - CTRL+0
17:15:39.790 [JavaFX Application Thread] DEBUG Input                - Registered new binding: System info dump - CTRL+9
17:15:39.791 [JavaFX Application Thread] DEBUG Input                - Registered new binding: Restart - CTRL+R
17:15:39.791 [JavaFX Application Thread] DEBUG Input                - Registered new binding: Up 1 - W
17:15:39.791 [JavaFX Application Thread] DEBUG Input                - Registered new binding: Down 1 - S
17:15:39.791 [JavaFX Application Thread] DEBUG Input                - Registered new binding: Right 1 - D
17:15:39.791 [JavaFX Application Thread] DEBUG Input                - Registered new binding: Left 1 - A
17:15:39.822 [JavaFX Application Thread] DEBUG GameApplication      - Starting main loop
17:15:39.831 [JavaFX Application Thread] DEBUG StartupState         - STARTUP
17:15:39.831 [JavaFX Application Thread] DEBUG GameApplication      - Starting new game
17:15:39.831 [JavaFX Application Thread] DEBUG Input                - Clearing active input actions
17:15:39.840 [JavaFX Application Thread] DEBUG AppStateMachine      - StartupState -> LoadingState
17:15:39.846 [FXGL Background Thread 1 ] DEBUG InitAppTask          - Clearing previous game
17:15:39.846 [FXGL Background Thread 1 ] DEBUG GameWorld            - Clearing game world
17:15:39.846 [FXGL Background Thread 1 ] DEBUG PhysicsWorld         - Clearing physics world
17:15:39.846 [FXGL Background Thread 1 ] DEBUG GameScene            - Clearing game scene
17:15:39.847 [FXGL Background Thread 1 ] DEBUG InitAppTask          - Initializing Game
17:15:39.851 [FXGL Background Thread 1 ] DEBUG InitAppTask          - Initializing Physics
17:15:39.851 [FXGL Background Thread 1 ] DEBUG InitAppTask          - Initializing UI
17:15:39.852 [FXGL Background Thread 1 ] DEBUG AssetLoader          - Loading from disk: /assets/ui/login.fxml
17:15:39.926 [FXGL Background Thread 1 ] DEBUG InitAppTask          - Initialization Complete
17:15:39.926 [FXGL Background Thread 1 ] INFO  InitAppTask          - Game initialization took: 0.080 sec
17:15:39.967 [JavaFX Application Thread] DEBUG Input                - Clearing active input actions
17:15:39.982 [JavaFX Application Thread] DEBUG AppStateMachine      - LoadingState -> PlayState
17:15:50.448 [JavaFX Application Thread] DEBUG GameScene            - Creating render group for layer: DEFAULT(100000)
17:16:46.943 [JavaFX Application Thread] FATAL GameApplication      - Uncaught Exception:

Fatal exception occurred: java.lang.ClassCastException : javafx.beans.property.SimpleIntegerProperty cannot be cast to javafx.beans.property.ObjectProperty
E: com.almasb.fxgl.core.collection.PropertyMap.objectProperty(PropertyMap.kt:168)
E: com.almasb.fxgl.core.collection.PropertyMap.getObject(PropertyMap.kt:157)
E: com.almasb.fxgl.entity.Entity.getObject(Entity.java:238)
E: client.Screen$1$1.handle(Screen.java:80)
E: client.Screen$1$1.handle(Screen.java:76)
E: com.sun.javafx.event.CompositeEventHandler.dispatchBubblingEvent(CompositeEventHandler.java:86)
E: com.sun.javafx.event.EventHandlerManager.dispatchBubblingEvent(EventHandlerManager.java:238)
E: com.sun.javafx.event.EventHandlerManager.dispatchBubblingEvent(EventHandlerManager.java:191)
E: com.sun.javafx.event.CompositeEventDispatcher.dispatchBubblingEvent(CompositeEventDispatcher.java:59)
E: com.sun.javafx.event.BasicEventDispatcher.dispatchEvent(BasicEventDispatcher.java:58)
E: com.sun.javafx.event.EventDispatchChainImpl.dispatchEvent(EventDispatchChainImpl.java:114)
E: com.sun.javafx.event.EventUtil.fireEventImpl(EventUtil.java:74)
E: com.sun.javafx.event.EventUtil.fireEvent(EventUtil.java:54)
E: javafx.event.Event.fireEvent(Event.java:198)
E: com.sun.javafx.stage.WindowPeerListener.closing(WindowPeerListener.java:88)
E: com.sun.javafx.tk.quantum.GlassWindowEventHandler.run(GlassWindowEventHandler.java:122)
E: com.sun.javafx.tk.quantum.GlassWindowEventHandler.run(GlassWindowEventHandler.java:40)
E: java.security.AccessController.doPrivileged(Native Method)
E: com.sun.javafx.tk.quantum.GlassWindowEventHandler.lambda$handleWindowEvent$3(GlassWindowEventHandler.java:151)
E: com.sun.javafx.tk.quantum.QuantumToolkit.runWithoutRenderLock(QuantumToolkit.java:389)
E: com.sun.javafx.tk.quantum.GlassWindowEventHandler.handleWindowEvent(GlassWindowEventHandler.java:149)
E: com.sun.glass.ui.Window.handleWindowEvent(Window.java:1270)
E: com.sun.glass.ui.Window.notifyClose(Window.java:1174)
E: com.sun.glass.ui.gtk.GtkApplication._runLoop(Native Method)
E: com.sun.glass.ui.gtk.GtkApplication.lambda$null$5(GtkApplication.java:139)
E: java.lang.Thread.run(Thread.java:748)

17:16:46.944 [JavaFX Application Thread] FATAL GameApplication      - Application will now exit
17:16:46.944 [JavaFX Application Thread] DEBUG GameApplication      - Stopping main loop
17:18:08.046 [JavaFX Application Thread] DEBUG GameApplication      - Exiting game application
17:18:08.047 [JavaFX Application Thread] DEBUG GameApplication      - Shutting down background threads
17:18:08.048 [JavaFX Application Thread] DEBUG GameApplication      - Exiting FXGL
17:18:08.048 [JavaFX Application Thread] DEBUG FXGL                 - Saving FXGL system data
17:18:08.051 [JavaFX Application Thread] DEBUG DesktopFSService     - Writing to: system/fxgl.bundle
17:18:08.055 [JavaFX Application Thread] DEBUG GameApplication      - Closing logger and exiting JavaFX
