17:41:08.775 [JavaFX Application Thread] DEBUG GameApplication      - Logger initialized
17:41:08.781 [JavaFX Application Thread] DEBUG MainWindow           - Creating a JavaFX scene
17:41:08.908 [JavaFX Application Thread] DEBUG MainWindow           - Target settings size: 1200.0 x 980.0
17:41:08.908 [JavaFX Application Thread] DEBUG MainWindow           - Scaled scene size:    1200.0 x 980.0
17:41:08.908 [JavaFX Application Thread] DEBUG MainWindow           - Scaled ratio: (1.0, 1.0)
17:41:08.914 [JavaFX Application Thread] DEBUG GameApplication      - Starting FXGL
17:41:08.918 [JavaFX Application Thread] INFO  FXGL                 - FXGL-0.5.3 on DESKTOP
17:41:08.919 [JavaFX Application Thread] INFO  FXGL                 - Source code and latest versions at: https://github.com/AlmasB/FXGL
17:41:08.919 [JavaFX Application Thread] INFO  FXGL                 -              Join the FXGL chat at: https://gitter.im/AlmasB/FXGL
17:41:08.925 [JavaFX Application Thread] DEBUG FS                   - Loaded DesktopFSService
17:41:08.925 [JavaFX Application Thread] DEBUG FXGL                 - Loading FXGL system data
17:41:08.931 [JavaFX Application Thread] DEBUG DesktopFSService     - Reading from: system/fxgl.bundle
17:41:08.939 [JavaFX Application Thread] DEBUG Bundle               - Logging bundle: FXGL
17:41:08.940 [JavaFX Application Thread] DEBUG Bundle               - FXGL.offline.timer.version.check=2019-01-16T00:48:31.803053
17:41:08.963 [JavaFX Application Thread] DEBUG GameApplication      - FXGL started
17:41:08.963 [JavaFX Application Thread] DEBUG GameApplication      - Logging game settings
Title: Basic Game App
Version: 0.0
Width: 1200
Height: 980
Fullscreen: false
Intro: false
Menus: false
Profiling: false
Single step:false
App Mode: DEVELOPER
Menu Key: ESCAPE
Stage Style: DECORATED
Scene Factory: class com.almasb.fxgl.scene.SceneFactory
Dialog Factory: class com.almasb.fxgl.ui.FXGLDialogFactory
UI Factory: class com.almasb.fxgl.ui.FXGLUIFactory
Notification Service: class com.almasb.fxgl.gameplay.notification.XboxNotificationView
Exception Handler: class com.almasb.fxgl.app.FXGLExceptionHandler
17:41:08.964 [JavaFX Application Thread] DEBUG GameApplication      - Configuring GameApplication
17:41:08.964 [JavaFX Application Thread] DEBUG GameApplication      - Initializing state machine and application states
17:41:08.977 [JavaFX Application Thread] DEBUG AssetLoader          - Loading from disk: /assets/ui/cursors/fxgl_default.png
17:41:09.013 [JavaFX Application Thread] DEBUG AssetLoader          - Loading from disk: /assets/ui/cursors/fxgl_default.png
17:41:09.049 [JavaFX Application Thread] DEBUG FXGLAssets           - Loading FXGLAssets
17:41:09.077 [JavaFX Application Thread] DEBUG AssetLoader          - Loading from disk: /assets/ui/fonts/VarelaRound-Regular.ttf
17:41:09.091 [JavaFX Application Thread] DEBUG AssetLoader          - Loading from disk: /assets/ui/fonts/lucida_console.ttf
17:41:09.094 [JavaFX Application Thread] DEBUG AssetLoader          - Loading from disk: /assets/ui/fonts/Courier-Prime.ttf
17:41:09.097 [JavaFX Application Thread] DEBUG AssetLoader          - Loading from disk: /assets/ui/fonts/Abel-Regular.ttf
17:41:09.099 [JavaFX Application Thread] DEBUG AssetLoader          - Loading from disk: /assets/ui/css/fxgl_dark.css
17:41:09.128 [JavaFX Application Thread] DEBUG AssetLoader          - Loading from disk: /assets/ui/cursors/fxgl_default.png
17:41:09.172 [JavaFX Application Thread] DEBUG AssetLoader          - Loading from disk: /assets/ui/cursors/fxgl_default.png
17:41:09.192 [JavaFX Application Thread] DEBUG GameScene            - Game scene initialized: 1200x980
17:41:09.195 [JavaFX Application Thread] DEBUG GameWorld            - Game world initialized
17:41:09.232 [JavaFX Application Thread] DEBUG PhysicsWorld         - Physics world initialized: appHeight=980, physics.ppm=50.0
17:41:09.249 [JavaFX Application Thread] DEBUG Input                - Registered new binding: Pause - Esc
17:41:09.265 [JavaFX Application Thread] DEBUG Input                - Clearing active input actions
17:41:09.306 [JavaFX Application Thread] DEBUG AppStateMachine      - StartupState -> StartupState
17:41:09.308 [JavaFX Application Thread] INFO  GameApplication      - Game configuration took:  0.344 sec
17:41:09.310 [JavaFX Application Thread] DEBUG AssetLoader          - Loading from disk: /assets/textures/fxgl_icon.png
17:41:09.326 [JavaFX Application Thread] DEBUG MainWindow           - Opening main window
17:41:09.391 [JavaFX Application Thread] DEBUG MainWindow           - Window border size: (0.0, 0.0)
17:41:09.391 [JavaFX Application Thread] DEBUG MainWindow           - Scaled size: 1200.0 x 980.0
17:41:09.391 [JavaFX Application Thread] DEBUG MainWindow           - Scaled ratio: (1.0, 1.0)
17:41:09.391 [JavaFX Application Thread] DEBUG MainWindow           - Scene size: 1200.0 x 980.0
17:41:09.392 [JavaFX Application Thread] DEBUG MainWindow           - Stage size: 1200.0 x 980.0
17:41:09.392 [JavaFX Application Thread] DEBUG GameApplication      - Running preInit()
17:41:09.394 [JavaFX Application Thread] DEBUG Input                - Registered new binding: Screenshot - P
17:41:09.395 [JavaFX Application Thread] DEBUG Input                - Registered new binding: Dev Options - CTRL+0
17:41:09.395 [JavaFX Application Thread] DEBUG Input                - Registered new binding: System info dump - CTRL+9
17:41:09.395 [JavaFX Application Thread] DEBUG Input                - Registered new binding: Restart - CTRL+R
17:41:09.437 [JavaFX Application Thread] DEBUG GameApplication      - Starting main loop
17:41:09.460 [JavaFX Application Thread] DEBUG StartupState         - STARTUP
17:41:09.461 [JavaFX Application Thread] DEBUG GameApplication      - Starting new game
17:41:09.461 [JavaFX Application Thread] DEBUG Input                - Clearing active input actions
17:41:09.469 [JavaFX Application Thread] DEBUG AppStateMachine      - StartupState -> LoadingState
17:41:09.474 [FXGL Background Thread 1 ] DEBUG InitAppTask          - Clearing previous game
17:41:09.474 [FXGL Background Thread 1 ] DEBUG GameWorld            - Clearing game world
17:41:09.474 [FXGL Background Thread 1 ] DEBUG PhysicsWorld         - Clearing physics world
17:41:09.474 [FXGL Background Thread 1 ] DEBUG GameScene            - Clearing game scene
17:41:09.476 [FXGL Background Thread 1 ] DEBUG InitAppTask          - Initializing Game
17:41:09.480 [FXGL Background Thread 1 ] DEBUG InitAppTask          - Initializing Physics
17:41:09.480 [FXGL Background Thread 1 ] DEBUG InitAppTask          - Initializing UI
17:41:09.481 [FXGL Background Thread 1 ] DEBUG AssetLoader          - Loading from disk: /assets/ui/login.fxml
17:41:09.555 [FXGL Background Thread 1 ] DEBUG InitAppTask          - Initialization Complete
17:41:09.555 [FXGL Background Thread 1 ] INFO  InitAppTask          - Game initialization took: 0.081 sec
17:41:09.601 [JavaFX Application Thread] DEBUG Input                - Clearing active input actions
17:41:09.612 [JavaFX Application Thread] DEBUG AppStateMachine      - LoadingState -> PlayState
17:41:19.936 [JavaFX Application Thread] DEBUG GameApplication      - Exiting game application
17:41:19.937 [JavaFX Application Thread] DEBUG GameApplication      - Shutting down background threads
17:41:19.938 [JavaFX Application Thread] DEBUG GameApplication      - Exiting FXGL
17:41:19.938 [JavaFX Application Thread] DEBUG FXGL                 - Saving FXGL system data
17:41:19.941 [JavaFX Application Thread] DEBUG DesktopFSService     - Writing to: system/fxgl.bundle
17:41:19.946 [JavaFX Application Thread] DEBUG GameApplication      - Closing logger and exiting JavaFX
