19:17:49.910 [JavaFX Application Thread] DEBUG GameApplication      - Logger initialized
19:17:49.917 [JavaFX Application Thread] DEBUG MainWindow           - Creating a JavaFX scene
19:17:50.041 [JavaFX Application Thread] DEBUG MainWindow           - Target settings size: 1280.0 x 720.0
19:17:50.041 [JavaFX Application Thread] DEBUG MainWindow           - Scaled scene size:    1280.0 x 720.0
19:17:50.041 [JavaFX Application Thread] DEBUG MainWindow           - Scaled ratio: (1.0, 1.0)
19:17:50.047 [JavaFX Application Thread] DEBUG GameApplication      - Starting FXGL
19:17:50.051 [JavaFX Application Thread] INFO  FXGL                 - FXGL-0.5.3 on DESKTOP
19:17:50.051 [JavaFX Application Thread] INFO  FXGL                 - Source code and latest versions at: https://github.com/AlmasB/FXGL
19:17:50.051 [JavaFX Application Thread] INFO  FXGL                 -              Join the FXGL chat at: https://gitter.im/AlmasB/FXGL
19:17:50.058 [JavaFX Application Thread] DEBUG FS                   - Loaded DesktopFSService
19:17:50.058 [JavaFX Application Thread] DEBUG FXGL                 - Loading FXGL system data
19:17:50.064 [JavaFX Application Thread] DEBUG DesktopFSService     - Reading from: system/fxgl.bundle
19:17:50.073 [JavaFX Application Thread] DEBUG Bundle               - Logging bundle: FXGL
19:17:50.074 [JavaFX Application Thread] DEBUG Bundle               - FXGL.offline.timer.version.check=2019-01-16T00:48:31.803053
19:17:50.098 [JavaFX Application Thread] DEBUG GameApplication      - FXGL started
19:17:50.098 [JavaFX Application Thread] DEBUG GameApplication      - Logging game settings
Title: Basic Game App
Version: 0.0
Width: 1280
Height: 720
Fullscreen: false
Intro: false
Menus: false
Profiling: false
Single step:false
App Mode: DEVELOPER
Menu Key: ESCAPE
Stage Style: DECORATED
Scene Factory: class com.almasb.fxgl.scene.SceneFactory
Dialog Factory: class com.almasb.fxgl.ui.FXGLDialogFactory
UI Factory: class com.almasb.fxgl.ui.FXGLUIFactory
Notification Service: class com.almasb.fxgl.gameplay.notification.XboxNotificationView
Exception Handler: class com.almasb.fxgl.app.FXGLExceptionHandler
19:17:50.099 [JavaFX Application Thread] DEBUG GameApplication      - Configuring GameApplication
19:17:50.099 [JavaFX Application Thread] DEBUG GameApplication      - Initializing state machine and application states
19:17:50.112 [JavaFX Application Thread] DEBUG AssetLoader          - Loading from disk: /assets/ui/cursors/fxgl_default.png
19:17:50.140 [JavaFX Application Thread] DEBUG AssetLoader          - Loading from disk: /assets/ui/cursors/fxgl_default.png
19:17:50.170 [JavaFX Application Thread] DEBUG FXGLAssets           - Loading FXGLAssets
19:17:50.193 [JavaFX Application Thread] DEBUG AssetLoader          - Loading from disk: /assets/ui/fonts/VarelaRound-Regular.ttf
19:17:50.205 [JavaFX Application Thread] DEBUG AssetLoader          - Loading from disk: /assets/ui/fonts/lucida_console.ttf
19:17:50.208 [JavaFX Application Thread] DEBUG AssetLoader          - Loading from disk: /assets/ui/fonts/Courier-Prime.ttf
19:17:50.210 [JavaFX Application Thread] DEBUG AssetLoader          - Loading from disk: /assets/ui/fonts/Abel-Regular.ttf
19:17:50.212 [JavaFX Application Thread] DEBUG AssetLoader          - Loading from disk: /assets/ui/css/fxgl_dark.css
19:17:50.242 [JavaFX Application Thread] DEBUG AssetLoader          - Loading from disk: /assets/ui/cursors/fxgl_default.png
19:17:50.278 [JavaFX Application Thread] DEBUG AssetLoader          - Loading from disk: /assets/ui/cursors/fxgl_default.png
19:17:50.300 [JavaFX Application Thread] DEBUG GameScene            - Game scene initialized: 1280x720
19:17:50.303 [JavaFX Application Thread] DEBUG GameWorld            - Game world initialized
19:17:50.342 [JavaFX Application Thread] DEBUG PhysicsWorld         - Physics world initialized: appHeight=720, physics.ppm=50.0
19:17:50.358 [JavaFX Application Thread] DEBUG Input                - Registered new binding: Pause - Esc
19:17:50.379 [JavaFX Application Thread] DEBUG Input                - Clearing active input actions
19:17:50.418 [JavaFX Application Thread] DEBUG AppStateMachine      - StartupState -> StartupState
19:17:50.421 [JavaFX Application Thread] INFO  GameApplication      - Game configuration took:  0.322 sec
19:17:50.423 [JavaFX Application Thread] DEBUG AssetLoader          - Loading from disk: /assets/textures/fxgl_icon.png
19:17:50.438 [JavaFX Application Thread] DEBUG MainWindow           - Opening main window
19:17:50.507 [JavaFX Application Thread] DEBUG MainWindow           - Window border size: (0.0, 0.0)
19:17:50.507 [JavaFX Application Thread] DEBUG MainWindow           - Scaled size: 1280.0 x 720.0
19:17:50.508 [JavaFX Application Thread] DEBUG MainWindow           - Scaled ratio: (1.0, 1.0)
19:17:50.508 [JavaFX Application Thread] DEBUG MainWindow           - Scene size: 1280.0 x 720.0
19:17:50.508 [JavaFX Application Thread] DEBUG MainWindow           - Stage size: 1280.0 x 720.0
19:17:50.508 [JavaFX Application Thread] DEBUG GameApplication      - Running preInit()
19:17:50.509 [JavaFX Application Thread] DEBUG Input                - Registered new binding: Screenshot - P
19:17:50.510 [JavaFX Application Thread] DEBUG Input                - Registered new binding: Dev Options - CTRL+0
19:17:50.510 [JavaFX Application Thread] DEBUG Input                - Registered new binding: System info dump - CTRL+9
19:17:50.511 [JavaFX Application Thread] DEBUG Input                - Registered new binding: Restart - CTRL+R
19:17:50.535 [JavaFX Application Thread] DEBUG GameApplication      - Starting main loop
19:17:50.558 [JavaFX Application Thread] DEBUG StartupState         - STARTUP
19:17:50.558 [JavaFX Application Thread] DEBUG GameApplication      - Starting new game
19:17:50.558 [JavaFX Application Thread] DEBUG Input                - Clearing active input actions
19:17:50.565 [JavaFX Application Thread] DEBUG AppStateMachine      - StartupState -> LoadingState
19:17:50.571 [FXGL Background Thread 1 ] DEBUG InitAppTask          - Clearing previous game
19:17:50.571 [FXGL Background Thread 1 ] DEBUG GameWorld            - Clearing game world
19:17:50.571 [FXGL Background Thread 1 ] DEBUG PhysicsWorld         - Clearing physics world
19:17:50.572 [FXGL Background Thread 1 ] DEBUG GameScene            - Clearing game scene
19:17:50.573 [FXGL Background Thread 1 ] DEBUG InitAppTask          - Initializing Game
19:17:50.578 [FXGL Background Thread 1 ] DEBUG InitAppTask          - Initializing Physics
19:17:50.578 [FXGL Background Thread 1 ] DEBUG InitAppTask          - Initializing UI
19:17:50.579 [FXGL Background Thread 1 ] DEBUG AssetLoader          - Loading from disk: /assets/ui/login.fxml
19:17:50.652 [FXGL Background Thread 1 ] DEBUG InitAppTask          - Initialization Complete
19:17:50.653 [FXGL Background Thread 1 ] INFO  InitAppTask          - Game initialization took: 0.081 sec
19:17:50.693 [JavaFX Application Thread] DEBUG Input                - Clearing active input actions
19:17:50.704 [JavaFX Application Thread] DEBUG AppStateMachine      - LoadingState -> PlayState
19:17:54.189 [JavaFX Application Thread] DEBUG GameApplication      - Exiting game application
19:17:54.190 [JavaFX Application Thread] DEBUG GameApplication      - Shutting down background threads
19:17:54.190 [JavaFX Application Thread] DEBUG GameApplication      - Exiting FXGL
19:17:54.191 [JavaFX Application Thread] DEBUG FXGL                 - Saving FXGL system data
19:17:54.194 [JavaFX Application Thread] DEBUG DesktopFSService     - Writing to: system/fxgl.bundle
19:17:54.198 [JavaFX Application Thread] DEBUG GameApplication      - Closing logger and exiting JavaFX
