16:27:22.798 [JavaFX Application Thread] DEBUG GameApplication      - Logger initialized
16:27:22.806 [JavaFX Application Thread] DEBUG GameApplication      - Logging settings
Title: Basic Game App
Version: 0.0
Width: 800
Height: 600
Fullscreen: false
Intro: false
Menus: false
Profiling: false
Single step:false
App Mode: DEVELOPER
Menu Key: ESCAPE
Stage Style: DECORATED
Scene Factory: class com.almasb.fxgl.scene.SceneFactory
Dialog Factory: class com.almasb.fxgl.ui.FXGLDialogFactory
UI Factory: class com.almasb.fxgl.ui.FXGLUIFactory
Notification Service: class com.almasb.fxgl.gameplay.notification.XboxNotificationView
Exception Handler: class com.almasb.fxgl.app.FXGLExceptionHandler
16:27:22.806 [JavaFX Application Thread] DEBUG GameApplication      - Starting FXGL
16:27:22.845 [JavaFX Application Thread] INFO  FXGL                 - FXGL-0.5.4 on DESKTOP
16:27:22.845 [JavaFX Application Thread] INFO  FXGL                 - Source code and latest versions at: https://github.com/AlmasB/FXGL
16:27:22.845 [JavaFX Application Thread] INFO  FXGL                 -              Join the FXGL chat at: https://gitter.im/AlmasB/FXGL
16:27:22.846 [JavaFX Application Thread] DEBUG FXGL                 - FXGL started
16:27:22.846 [JavaFX Application Thread] DEBUG FXGL                 - Initializing FXGL
16:27:22.950 [JavaFX Application Thread] DEBUG AssetLoader          - Loading from disk: /assets/ui/cursors/fxgl_default.png
16:27:23.123 [JavaFX Application Thread] DEBUG AssetLoader          - Loading from disk: /assets/ui/fonts/VarelaRound-Regular.ttf
16:27:23.223 [JavaFX Application Thread] DEBUG MainWindow           - Creating a JavaFX scene
16:27:23.295 [JavaFX Application Thread] DEBUG MainWindow           - Target settings size: 800.0 x 600.0
16:27:23.296 [JavaFX Application Thread] DEBUG MainWindow           - Scaled scene size:    800.0 x 600.0
16:27:23.303 [JavaFX Application Thread] DEBUG MainWindow           - Scaled ratio: (1.0, 1.0)
16:27:23.308 [JavaFX Application Thread] DEBUG AssetLoader          - Loading from disk: /assets/ui/css/fxgl_dark.css
16:27:23.313 [JavaFX Application Thread] DEBUG AssetLoader          - Loading from disk: /assets/textures/fxgl_icon.png
16:27:23.354 [JavaFX Application Thread] DEBUG MainWindow           - Opening main window
16:27:23.622 [JavaFX Application Thread] DEBUG MainWindow           - Window border size: (2.0, 31.0)
16:27:23.624 [JavaFX Application Thread] DEBUG MainWindow           - Scaled size: 800.0 x 600.0
16:27:23.624 [JavaFX Application Thread] DEBUG MainWindow           - Scaled ratio: (1.0, 1.0)
16:27:23.627 [JavaFX Application Thread] DEBUG MainWindow           - Scene size: 800.0 x 600.0
16:27:23.628 [JavaFX Application Thread] DEBUG MainWindow           - Stage size: 802.0 x 631.0
16:27:23.703 [ForkJoinPool.commonPool-worker-3] DEBUG FS                   - Loaded DesktopFSService
16:27:23.704 [ForkJoinPool.commonPool-worker-3] DEBUG FXGL                 - Loading FXGL system data
16:27:23.709 [ForkJoinPool.commonPool-worker-3] DEBUG DesktopFSService     - Reading from: system/fxgl.bundle
16:27:23.755 [ForkJoinPool.commonPool-worker-3] DEBUG Bundle               - Logging bundle: FXGL
16:27:23.759 [ForkJoinPool.commonPool-worker-3] DEBUG Bundle               - FXGL.offline.timer.version.check=2018-12-29T13:45:18.325397
16:27:23.764 [ForkJoinPool.commonPool-worker-3] DEBUG FXGL                 - Initializing state machine and application states
16:27:23.779 [ForkJoinPool.commonPool-worker-3] DEBUG AssetLoader          - Loading from disk: /assets/ui/cursors/fxgl_default.png
16:27:23.804 [ForkJoinPool.commonPool-worker-3] DEBUG AssetLoader          - Loading from disk: /assets/ui/cursors/fxgl_default.png
16:27:23.822 [ForkJoinPool.commonPool-worker-3] DEBUG AssetLoader          - Loading from cache: /assets/ui/fonts/VarelaRound-Regular.ttf
16:27:23.826 [ForkJoinPool.commonPool-worker-3] DEBUG AssetLoader          - Loading from disk: /assets/ui/cursors/fxgl_default.png
16:27:23.835 [ForkJoinPool.commonPool-worker-3] DEBUG GameScene            - Game scene initialized: 800x600
16:27:23.842 [ForkJoinPool.commonPool-worker-3] DEBUG GameWorld            - Game world initialized
16:27:23.904 [ForkJoinPool.commonPool-worker-3] DEBUG PhysicsWorld         - Physics world initialized: appHeight=600, physics.ppm=50.0
16:27:23.937 [ForkJoinPool.commonPool-worker-3] DEBUG Input                - Registered new binding: Pause - Esc
16:27:24.015 [JavaFX Application Thread] DEBUG FXGL                 - Running preInit()
16:27:24.017 [JavaFX Application Thread] DEBUG Input                - Registered new binding: Screenshot - P
16:27:24.017 [JavaFX Application Thread] DEBUG Input                - Registered new binding: Dev Options - CTRL+0
16:27:24.018 [JavaFX Application Thread] DEBUG Input                - Registered new binding: System info dump - CTRL+9
16:27:24.019 [JavaFX Application Thread] DEBUG Input                - Registered new binding: Restart - CTRL+R
16:27:24.020 [JavaFX Application Thread] INFO  FXGL                 - FXGL initialization took: 1.173 sec
16:27:24.020 [JavaFX Application Thread] DEBUG LoopRunner           - Starting loop
16:27:24.023 [JavaFX Application Thread] DEBUG StartupState         - STARTUP
16:27:24.024 [JavaFX Application Thread] DEBUG GameApplication      - Starting new game
16:27:24.024 [JavaFX Application Thread] DEBUG Input                - Clearing active input actions
16:27:24.025 [JavaFX Application Thread] DEBUG AssetLoader          - Loading from disk: /assets/ui/css/fxgl_dark.css
16:27:24.037 [JavaFX Application Thread] DEBUG AppStateMachine      - StartupState -> LoadingState
16:27:24.061 [FXGL Background Thread 1 ] DEBUG InitAppTask          - Clearing previous game
16:27:24.061 [FXGL Background Thread 1 ] DEBUG GameWorld            - Clearing game world
16:27:24.061 [FXGL Background Thread 1 ] DEBUG PhysicsWorld         - Clearing physics world
16:27:24.061 [FXGL Background Thread 1 ] DEBUG GameScene            - Clearing game scene
16:27:24.062 [FXGL Background Thread 1 ] DEBUG InitAppTask          - Initializing Game
16:27:24.071 [FXGL Background Thread 1 ] DEBUG InitAppTask          - Initializing Physics
16:27:24.071 [FXGL Background Thread 1 ] DEBUG InitAppTask          - Initializing UI
16:27:24.072 [FXGL Background Thread 1 ] DEBUG AssetLoader          - Loading from disk: /assets/ui/login.fxml
16:27:24.308 [FXGL Background Thread 1 ] DEBUG InitAppTask          - Initialization Complete
16:27:24.308 [FXGL Background Thread 1 ] INFO  InitAppTask          - Game initialization took: 0.247 sec
16:27:24.314 [JavaFX Application Thread] DEBUG Input                - Clearing active input actions
16:27:24.315 [JavaFX Application Thread] DEBUG AssetLoader          - Loading from disk: /assets/ui/css/fxgl_dark.css
16:27:24.334 [JavaFX Application Thread] DEBUG AppStateMachine      - LoadingState -> PlayState
16:27:25.058 [JavaFX Application Thread] DEBUG FXGL                 - Exiting FXGL
16:27:25.058 [JavaFX Application Thread] DEBUG FXGL                 - Shutting down background threads
16:27:25.059 [JavaFX Application Thread] DEBUG FXGL                 - Saving FXGL system data
16:27:25.061 [JavaFX Application Thread] DEBUG DesktopFSService     - Writing to: system/fxgl.bundle
16:27:25.064 [JavaFX Application Thread] DEBUG FXGL                 - Closing logger and exiting JavaFX
