17:07:23.393 [JavaFX Application Thread] DEBUG GameApplication      - Logger initialized
17:07:23.398 [JavaFX Application Thread] DEBUG GameApplication      - Logging settings
Title: Basic Game App
Version: 0.0
Width: 800
Height: 600
Fullscreen: false
Intro: false
Menus: false
Profiling: false
Single step:false
App Mode: DEVELOPER
Menu Key: ESCAPE
Stage Style: DECORATED
Scene Factory: class com.almasb.fxgl.scene.SceneFactory
Dialog Factory: class com.almasb.fxgl.ui.FXGLDialogFactory
UI Factory: class com.almasb.fxgl.ui.FXGLUIFactory
Notification Service: class com.almasb.fxgl.gameplay.notification.XboxNotificationView
Exception Handler: class com.almasb.fxgl.app.FXGLExceptionHandler
17:07:23.398 [JavaFX Application Thread] DEBUG GameApplication      - Starting FXGL
17:07:23.417 [JavaFX Application Thread] INFO  FXGL                 - FXGL-0.5.4 on DESKTOP
17:07:23.417 [JavaFX Application Thread] INFO  FXGL                 - Source code and latest versions at: https://github.com/AlmasB/FXGL
17:07:23.417 [JavaFX Application Thread] INFO  FXGL                 -              Join the FXGL chat at: https://gitter.im/AlmasB/FXGL
17:07:23.418 [JavaFX Application Thread] DEBUG FXGL                 - FXGL started
17:07:23.418 [JavaFX Application Thread] DEBUG FXGL                 - Initializing FXGL
17:07:23.496 [JavaFX Application Thread] DEBUG AssetLoader          - Loading from disk: /assets/ui/cursors/fxgl_default.png
17:07:23.692 [JavaFX Application Thread] DEBUG AssetLoader          - Loading from disk: /assets/ui/fonts/VarelaRound-Regular.ttf
17:07:23.798 [JavaFX Application Thread] DEBUG MainWindow           - Creating a JavaFX scene
17:07:23.880 [JavaFX Application Thread] DEBUG MainWindow           - Target settings size: 800.0 x 600.0
17:07:23.881 [JavaFX Application Thread] DEBUG MainWindow           - Scaled scene size:    800.0 x 600.0
17:07:23.881 [JavaFX Application Thread] DEBUG MainWindow           - Scaled ratio: (1.0, 1.0)
17:07:23.885 [JavaFX Application Thread] DEBUG AssetLoader          - Loading from disk: /assets/ui/css/fxgl_dark.css
17:07:23.889 [JavaFX Application Thread] DEBUG AssetLoader          - Loading from disk: /assets/textures/fxgl_icon.png
17:07:23.906 [JavaFX Application Thread] DEBUG MainWindow           - Opening main window
17:07:24.099 [JavaFX Application Thread] DEBUG MainWindow           - Window border size: (2.0, 31.0)
17:07:24.099 [JavaFX Application Thread] DEBUG MainWindow           - Scaled size: 800.0 x 600.0
17:07:24.099 [JavaFX Application Thread] DEBUG MainWindow           - Scaled ratio: (1.0, 1.0)
17:07:24.100 [JavaFX Application Thread] DEBUG MainWindow           - Scene size: 800.0 x 600.0
17:07:24.100 [JavaFX Application Thread] DEBUG MainWindow           - Stage size: 802.0 x 631.0
17:07:24.144 [ForkJoinPool.commonPool-worker-3] DEBUG FS                   - Loaded DesktopFSService
17:07:24.145 [ForkJoinPool.commonPool-worker-3] DEBUG FXGL                 - Loading FXGL system data
17:07:24.150 [ForkJoinPool.commonPool-worker-3] DEBUG DesktopFSService     - Reading from: system/fxgl.bundle
17:07:24.162 [ForkJoinPool.commonPool-worker-3] DEBUG Bundle               - Logging bundle: FXGL
17:07:24.162 [ForkJoinPool.commonPool-worker-3] DEBUG Bundle               - FXGL.offline.timer.version.check=2018-12-29T13:45:18.325397
17:07:24.164 [ForkJoinPool.commonPool-worker-3] DEBUG FXGL                 - Initializing state machine and application states
17:07:24.166 [ForkJoinPool.commonPool-worker-3] DEBUG AssetLoader          - Loading from disk: /assets/ui/cursors/fxgl_default.png
17:07:24.177 [ForkJoinPool.commonPool-worker-3] DEBUG AssetLoader          - Loading from disk: /assets/ui/cursors/fxgl_default.png
17:07:24.191 [ForkJoinPool.commonPool-worker-3] DEBUG AssetLoader          - Loading from cache: /assets/ui/fonts/VarelaRound-Regular.ttf
17:07:24.194 [ForkJoinPool.commonPool-worker-3] DEBUG AssetLoader          - Loading from disk: /assets/ui/cursors/fxgl_default.png
17:07:24.198 [ForkJoinPool.commonPool-worker-3] DEBUG GameScene            - Game scene initialized: 800x600
17:07:24.203 [ForkJoinPool.commonPool-worker-3] DEBUG GameWorld            - Game world initialized
17:07:24.244 [ForkJoinPool.commonPool-worker-3] DEBUG PhysicsWorld         - Physics world initialized: appHeight=600, physics.ppm=50.0
17:07:24.266 [ForkJoinPool.commonPool-worker-3] DEBUG Input                - Registered new binding: Pause - Esc
17:07:24.328 [JavaFX Application Thread] DEBUG FXGL                 - Running preInit()
17:07:24.329 [JavaFX Application Thread] DEBUG Input                - Registered new binding: Screenshot - P
17:07:24.330 [JavaFX Application Thread] DEBUG Input                - Registered new binding: Dev Options - CTRL+0
17:07:24.330 [JavaFX Application Thread] DEBUG Input                - Registered new binding: System info dump - CTRL+9
17:07:24.331 [JavaFX Application Thread] DEBUG Input                - Registered new binding: Restart - CTRL+R
17:07:24.332 [JavaFX Application Thread] INFO  FXGL                 - FXGL initialization took: 0.913 sec
17:07:24.332 [JavaFX Application Thread] DEBUG LoopRunner           - Starting loop
17:07:24.335 [JavaFX Application Thread] DEBUG StartupState         - STARTUP
17:07:24.335 [JavaFX Application Thread] DEBUG GameApplication      - Starting new game
17:07:24.335 [JavaFX Application Thread] DEBUG Input                - Clearing active input actions
17:07:24.337 [JavaFX Application Thread] DEBUG AssetLoader          - Loading from disk: /assets/ui/css/fxgl_dark.css
17:07:24.355 [JavaFX Application Thread] DEBUG AppStateMachine      - StartupState -> LoadingState
17:07:24.368 [FXGL Background Thread 1 ] DEBUG InitAppTask          - Clearing previous game
17:07:24.369 [FXGL Background Thread 1 ] DEBUG GameWorld            - Clearing game world
17:07:24.369 [FXGL Background Thread 1 ] DEBUG PhysicsWorld         - Clearing physics world
17:07:24.369 [FXGL Background Thread 1 ] DEBUG GameScene            - Clearing game scene
17:07:24.371 [FXGL Background Thread 1 ] DEBUG InitAppTask          - Initializing Game
17:07:24.388 [FXGL Background Thread 1 ] DEBUG InitAppTask          - Initializing Physics
17:07:24.389 [FXGL Background Thread 1 ] DEBUG InitAppTask          - Initializing UI
17:07:24.390 [FXGL Background Thread 1 ] DEBUG AssetLoader          - Loading from disk: /assets/ui/login.fxml
17:07:24.559 [FXGL Background Thread 1 ] DEBUG InitAppTask          - Initialization Complete
17:07:24.559 [FXGL Background Thread 1 ] INFO  InitAppTask          - Game initialization took: 0.191 sec
17:07:24.563 [JavaFX Application Thread] DEBUG Input                - Clearing active input actions
17:07:24.563 [JavaFX Application Thread] DEBUG AssetLoader          - Loading from disk: /assets/ui/css/fxgl_dark.css
17:07:24.583 [JavaFX Application Thread] DEBUG AppStateMachine      - LoadingState -> PlayState
17:07:42.340 [JavaFX Application Thread] DEBUG LoopRunner           - Pausing loop
17:07:53.991 [JavaFX Application Thread] DEBUG LoopRunner           - Resuming loop
17:08:10.639 [JavaFX Application Thread] DEBUG FXGL                 - Exiting FXGL
17:08:10.641 [JavaFX Application Thread] DEBUG FXGL                 - Shutting down background threads
17:08:10.642 [JavaFX Application Thread] DEBUG FXGL                 - Saving FXGL system data
17:08:10.661 [JavaFX Application Thread] DEBUG DesktopFSService     - Writing to: system/fxgl.bundle
17:08:10.677 [JavaFX Application Thread] DEBUG FXGL                 - Closing logger and exiting JavaFX
