16:57:50.168 [JavaFX Application Thread] DEBUG GameApplication      - Logger initialized
16:57:50.175 [JavaFX Application Thread] DEBUG MainWindow           - Creating a JavaFX scene
16:57:50.304 [JavaFX Application Thread] DEBUG MainWindow           - Target settings size: 1024.0 x 860.0
16:57:50.304 [JavaFX Application Thread] DEBUG MainWindow           - Scaled scene size:    1024.0 x 860.0
16:57:50.304 [JavaFX Application Thread] DEBUG MainWindow           - Scaled ratio: (1.0, 1.0)
16:57:50.310 [JavaFX Application Thread] DEBUG GameApplication      - Starting FXGL
16:57:50.314 [JavaFX Application Thread] INFO  FXGL                 - FXGL-0.5.3 on DESKTOP
16:57:50.315 [JavaFX Application Thread] INFO  FXGL                 - Source code and latest versions at: https://github.com/AlmasB/FXGL
16:57:50.315 [JavaFX Application Thread] INFO  FXGL                 -              Join the FXGL chat at: https://gitter.im/AlmasB/FXGL
16:57:50.321 [JavaFX Application Thread] DEBUG FS                   - Loaded DesktopFSService
16:57:50.322 [JavaFX Application Thread] DEBUG FXGL                 - Loading FXGL system data
16:57:50.327 [JavaFX Application Thread] DEBUG DesktopFSService     - Reading from: system/fxgl.bundle
16:57:50.335 [JavaFX Application Thread] DEBUG Bundle               - Logging bundle: FXGL
16:57:50.336 [JavaFX Application Thread] DEBUG Bundle               - FXGL.offline.timer.version.check=2019-01-23T12:24:56.214
16:57:50.362 [JavaFX Application Thread] DEBUG GameApplication      - FXGL started
16:57:50.362 [JavaFX Application Thread] DEBUG GameApplication      - Logging game settings
Title: Basic Game App
Version: 0.0
Width: 1024
Height: 860
Fullscreen: false
Intro: false
Menus: false
Profiling: false
Single step:false
App Mode: DEVELOPER
Menu Key: ESCAPE
Stage Style: DECORATED
Scene Factory: class com.almasb.fxgl.scene.SceneFactory
Dialog Factory: class com.almasb.fxgl.ui.FXGLDialogFactory
UI Factory: class com.almasb.fxgl.ui.FXGLUIFactory
Notification Service: class com.almasb.fxgl.gameplay.notification.XboxNotificationView
Exception Handler: class com.almasb.fxgl.app.FXGLExceptionHandler
16:57:50.363 [JavaFX Application Thread] DEBUG GameApplication      - Configuring GameApplication
16:57:50.363 [JavaFX Application Thread] DEBUG GameApplication      - Initializing state machine and application states
16:57:50.391 [JavaFX Application Thread] DEBUG AssetLoader          - Loading from disk: /assets/ui/cursors/fxgl_default.png
16:57:50.413 [JavaFX Application Thread] DEBUG AssetLoader          - Loading from disk: /assets/ui/cursors/fxgl_default.png
16:57:50.454 [JavaFX Application Thread] DEBUG FXGLAssets           - Loading FXGLAssets
16:57:50.481 [JavaFX Application Thread] DEBUG AssetLoader          - Loading from disk: /assets/ui/fonts/VarelaRound-Regular.ttf
16:57:50.493 [JavaFX Application Thread] DEBUG AssetLoader          - Loading from disk: /assets/ui/fonts/lucida_console.ttf
16:57:50.496 [JavaFX Application Thread] DEBUG AssetLoader          - Loading from disk: /assets/ui/fonts/Courier-Prime.ttf
16:57:50.498 [JavaFX Application Thread] DEBUG AssetLoader          - Loading from disk: /assets/ui/fonts/Abel-Regular.ttf
16:57:50.499 [JavaFX Application Thread] DEBUG AssetLoader          - Loading from disk: /assets/ui/css/fxgl_dark.css
16:57:50.528 [JavaFX Application Thread] DEBUG AssetLoader          - Loading from disk: /assets/ui/cursors/fxgl_default.png
16:57:50.560 [JavaFX Application Thread] DEBUG AssetLoader          - Loading from disk: /assets/ui/cursors/fxgl_default.png
16:57:50.583 [JavaFX Application Thread] DEBUG GameScene            - Game scene initialized: 1024x860
16:57:50.586 [JavaFX Application Thread] DEBUG GameWorld            - Game world initialized
16:57:50.624 [JavaFX Application Thread] DEBUG PhysicsWorld         - Physics world initialized: appHeight=860, physics.ppm=50.0
16:57:50.642 [JavaFX Application Thread] DEBUG Input                - Registered new binding: Pause - Esc
16:57:50.658 [JavaFX Application Thread] DEBUG Input                - Clearing active input actions
16:57:50.705 [JavaFX Application Thread] DEBUG AppStateMachine      - StartupState -> StartupState
16:57:50.709 [JavaFX Application Thread] INFO  GameApplication      - Game configuration took:  0.346 sec
16:57:50.711 [JavaFX Application Thread] DEBUG AssetLoader          - Loading from disk: /assets/textures/fxgl_icon.png
16:57:50.726 [JavaFX Application Thread] DEBUG MainWindow           - Opening main window
16:57:50.790 [JavaFX Application Thread] DEBUG MainWindow           - Window border size: (0.0, 0.0)
16:57:50.790 [JavaFX Application Thread] DEBUG MainWindow           - Scaled size: 1024.0 x 860.0
16:57:50.790 [JavaFX Application Thread] DEBUG MainWindow           - Scaled ratio: (1.0, 1.0)
16:57:50.790 [JavaFX Application Thread] DEBUG MainWindow           - Scene size: 1024.0 x 860.0
16:57:50.790 [JavaFX Application Thread] DEBUG MainWindow           - Stage size: 1024.0 x 860.0
16:57:50.790 [JavaFX Application Thread] DEBUG GameApplication      - Running preInit()
16:57:50.792 [JavaFX Application Thread] DEBUG Input                - Registered new binding: Screenshot - P
16:57:50.793 [JavaFX Application Thread] DEBUG Input                - Registered new binding: Dev Options - CTRL+0
16:57:50.793 [JavaFX Application Thread] DEBUG Input                - Registered new binding: System info dump - CTRL+9
16:57:50.793 [JavaFX Application Thread] DEBUG Input                - Registered new binding: Restart - CTRL+R
16:57:50.827 [JavaFX Application Thread] DEBUG GameApplication      - Starting main loop
16:57:50.838 [JavaFX Application Thread] DEBUG StartupState         - STARTUP
16:57:50.838 [JavaFX Application Thread] DEBUG GameApplication      - Starting new game
16:57:50.838 [JavaFX Application Thread] DEBUG Input                - Clearing active input actions
16:57:50.849 [JavaFX Application Thread] DEBUG AppStateMachine      - StartupState -> LoadingState
16:57:50.856 [FXGL Background Thread 1 ] DEBUG InitAppTask          - Clearing previous game
16:57:50.856 [FXGL Background Thread 1 ] DEBUG GameWorld            - Clearing game world
16:57:50.856 [FXGL Background Thread 1 ] DEBUG PhysicsWorld         - Clearing physics world
16:57:50.856 [FXGL Background Thread 1 ] DEBUG GameScene            - Clearing game scene
16:57:50.857 [FXGL Background Thread 1 ] DEBUG InitAppTask          - Initializing Game
16:57:50.862 [FXGL Background Thread 1 ] DEBUG InitAppTask          - Initializing Physics
16:57:50.862 [FXGL Background Thread 1 ] DEBUG InitAppTask          - Initializing UI
16:57:50.862 [FXGL Background Thread 1 ] DEBUG AssetLoader          - Loading from disk: /assets/ui/login.fxml
16:57:50.977 [JavaFX Application Thread] FATAL GameApplication      - Uncaught Exception:

Fatal exception occurred: java.lang.NullPointerException : null
E: client.Screen.initUI(Screen.java:52)
E: com.almasb.fxgl.app.LoadingState$InitAppTask.initUI(AppStates.kt:175)
E: com.almasb.fxgl.app.LoadingState$InitAppTask.call(AppStates.kt:137)
E: com.almasb.fxgl.app.LoadingState$InitAppTask.call(AppStates.kt:124)
E: javafx.concurrent.Task$TaskCallable.call(Task.java:1423)
E: java.util.concurrent.FutureTask.run(FutureTask.java:266)
E: java.util.concurrent.Executors$RunnableAdapter.call(Executors.java:511)
E: java.util.concurrent.FutureTask.run(FutureTask.java:266)
E: java.util.concurrent.ThreadPoolExecutor.runWorker(ThreadPoolExecutor.java:1149)
E: java.util.concurrent.ThreadPoolExecutor$Worker.run(ThreadPoolExecutor.java:624)
E: java.lang.Thread.run(Thread.java:748)

16:57:50.977 [JavaFX Application Thread] FATAL GameApplication      - Application will now exit
16:57:50.977 [JavaFX Application Thread] DEBUG GameApplication      - Stopping main loop
16:57:56.662 [JavaFX Application Thread] DEBUG GameApplication      - Exiting game application
16:57:56.663 [JavaFX Application Thread] DEBUG GameApplication      - Shutting down background threads
16:57:56.663 [JavaFX Application Thread] DEBUG GameApplication      - Exiting FXGL
16:57:56.664 [JavaFX Application Thread] DEBUG FXGL                 - Saving FXGL system data
16:57:56.665 [JavaFX Application Thread] DEBUG DesktopFSService     - Writing to: system/fxgl.bundle
16:57:56.668 [JavaFX Application Thread] DEBUG GameApplication      - Closing logger and exiting JavaFX
