16:31:13.867 [JavaFX Application Thread] DEBUG GameApplication      - Logger initialized
16:31:13.873 [JavaFX Application Thread] DEBUG MainWindow           - Creating a JavaFX scene
16:31:14.000 [JavaFX Application Thread] DEBUG MainWindow           - Target settings size: 860.0 x 600.0
16:31:14.000 [JavaFX Application Thread] DEBUG MainWindow           - Scaled scene size:    860.0 x 600.0
16:31:14.000 [JavaFX Application Thread] DEBUG MainWindow           - Scaled ratio: (1.0, 1.0)
16:31:14.006 [JavaFX Application Thread] DEBUG GameApplication      - Starting FXGL
16:31:14.011 [JavaFX Application Thread] INFO  FXGL                 - FXGL-0.5.3 on DESKTOP
16:31:14.011 [JavaFX Application Thread] INFO  FXGL                 - Source code and latest versions at: https://github.com/AlmasB/FXGL
16:31:14.011 [JavaFX Application Thread] INFO  FXGL                 -              Join the FXGL chat at: https://gitter.im/AlmasB/FXGL
16:31:14.017 [JavaFX Application Thread] DEBUG FS                   - Loaded DesktopFSService
16:31:14.018 [JavaFX Application Thread] DEBUG FXGL                 - Loading FXGL system data
16:31:14.023 [JavaFX Application Thread] DEBUG DesktopFSService     - Reading from: system/fxgl.bundle
16:31:14.030 [JavaFX Application Thread] DEBUG Bundle               - Logging bundle: FXGL
16:31:14.030 [JavaFX Application Thread] DEBUG Bundle               - FXGL.offline.timer.version.check=2019-02-21T16:31:03.317
16:31:14.062 [JavaFX Application Thread] DEBUG GameApplication      - FXGL started
16:31:14.062 [JavaFX Application Thread] DEBUG GameApplication      - Logging game settings
Title: Alpha
Version: 0.0
Width: 860
Height: 600
Fullscreen: false
Intro: false
Menus: false
Profiling: false
Single step:false
App Mode: DEVELOPER
Menu Key: ESCAPE
Stage Style: DECORATED
Scene Factory: class com.almasb.fxgl.scene.SceneFactory
Dialog Factory: class com.almasb.fxgl.ui.FXGLDialogFactory
UI Factory: class com.almasb.fxgl.ui.FXGLUIFactory
Notification Service: class com.almasb.fxgl.gameplay.notification.XboxNotificationView
Exception Handler: class com.almasb.fxgl.app.FXGLExceptionHandler
16:31:14.064 [JavaFX Application Thread] DEBUG GameApplication      - Configuring GameApplication
16:31:14.064 [JavaFX Application Thread] DEBUG GameApplication      - Initializing state machine and application states
16:31:14.082 [JavaFX Application Thread] DEBUG AssetLoader          - Loading from disk: /assets/ui/cursors/fxgl_default.png
16:31:14.105 [JavaFX Application Thread] DEBUG AssetLoader          - Loading from disk: /assets/ui/cursors/fxgl_default.png
16:31:14.135 [JavaFX Application Thread] DEBUG FXGLAssets           - Loading FXGLAssets
16:31:14.160 [JavaFX Application Thread] DEBUG AssetLoader          - Loading from disk: /assets/ui/fonts/VarelaRound-Regular.ttf
16:31:14.172 [JavaFX Application Thread] DEBUG AssetLoader          - Loading from disk: /assets/ui/fonts/lucida_console.ttf
16:31:14.174 [JavaFX Application Thread] DEBUG AssetLoader          - Loading from disk: /assets/ui/fonts/Courier-Prime.ttf
16:31:14.177 [JavaFX Application Thread] DEBUG AssetLoader          - Loading from disk: /assets/ui/fonts/Abel-Regular.ttf
16:31:14.179 [JavaFX Application Thread] DEBUG AssetLoader          - Loading from disk: /assets/ui/css/fxgl_dark.css
16:31:14.209 [JavaFX Application Thread] DEBUG AssetLoader          - Loading from disk: /assets/ui/cursors/fxgl_default.png
16:31:14.244 [JavaFX Application Thread] DEBUG AssetLoader          - Loading from disk: /assets/ui/cursors/fxgl_default.png
16:31:14.265 [JavaFX Application Thread] DEBUG GameScene            - Game scene initialized: 860x600
16:31:14.269 [JavaFX Application Thread] DEBUG GameWorld            - Game world initialized
16:31:14.309 [JavaFX Application Thread] DEBUG PhysicsWorld         - Physics world initialized: appHeight=600, physics.ppm=50.0
16:31:14.325 [JavaFX Application Thread] DEBUG Input                - Registered new binding: Pause - Esc
16:31:14.342 [JavaFX Application Thread] DEBUG Input                - Clearing active input actions
16:31:14.395 [JavaFX Application Thread] DEBUG AppStateMachine      - StartupState -> StartupState
16:31:14.399 [JavaFX Application Thread] INFO  GameApplication      - Game configuration took:  0.335 sec
16:31:14.401 [JavaFX Application Thread] DEBUG AssetLoader          - Loading from disk: /assets/textures/fxgl_icon.png
16:31:14.416 [JavaFX Application Thread] DEBUG MainWindow           - Opening main window
16:31:14.484 [JavaFX Application Thread] DEBUG MainWindow           - Window border size: (0.0, 0.0)
16:31:14.484 [JavaFX Application Thread] DEBUG MainWindow           - Scaled size: 860.0 x 600.0
16:31:14.484 [JavaFX Application Thread] DEBUG MainWindow           - Scaled ratio: (1.0, 1.0)
16:31:14.485 [JavaFX Application Thread] DEBUG MainWindow           - Scene size: 860.0 x 600.0
16:31:14.485 [JavaFX Application Thread] DEBUG MainWindow           - Stage size: 860.0 x 600.0
16:31:14.485 [JavaFX Application Thread] DEBUG GameApplication      - Running preInit()
16:31:14.487 [JavaFX Application Thread] DEBUG Input                - Registered new binding: Screenshot - P
16:31:14.487 [JavaFX Application Thread] DEBUG Input                - Registered new binding: Dev Options - CTRL+0
16:31:14.488 [JavaFX Application Thread] DEBUG Input                - Registered new binding: System info dump - CTRL+9
16:31:14.488 [JavaFX Application Thread] DEBUG Input                - Registered new binding: Restart - CTRL+R
16:31:14.489 [JavaFX Application Thread] DEBUG Input                - Registered new binding: Up 1 - W
16:31:14.489 [JavaFX Application Thread] DEBUG Input                - Registered new binding: Down 1 - S
16:31:14.489 [JavaFX Application Thread] DEBUG Input                - Registered new binding: Right 1 - D
16:31:14.489 [JavaFX Application Thread] DEBUG Input                - Registered new binding: Left 1 - A
16:31:14.490 [JavaFX Application Thread] DEBUG Input                - Registered new binding: Tab - Tab
16:31:14.516 [JavaFX Application Thread] DEBUG GameApplication      - Starting main loop
16:31:14.527 [JavaFX Application Thread] DEBUG StartupState         - STARTUP
16:31:14.527 [JavaFX Application Thread] DEBUG GameApplication      - Starting new game
16:31:14.528 [JavaFX Application Thread] DEBUG Input                - Clearing active input actions
16:31:14.534 [JavaFX Application Thread] DEBUG AppStateMachine      - StartupState -> LoadingState
16:31:14.539 [FXGL Background Thread 1 ] DEBUG InitAppTask          - Clearing previous game
16:31:14.539 [FXGL Background Thread 1 ] DEBUG GameWorld            - Clearing game world
16:31:14.539 [FXGL Background Thread 1 ] DEBUG PhysicsWorld         - Clearing physics world
16:31:14.539 [FXGL Background Thread 1 ] DEBUG GameScene            - Clearing game scene
16:31:14.541 [FXGL Background Thread 1 ] DEBUG InitAppTask          - Initializing Game
16:31:14.546 [FXGL Background Thread 1 ] DEBUG InitAppTask          - Initializing Physics
16:31:14.547 [FXGL Background Thread 1 ] DEBUG InitAppTask          - Initializing UI
16:31:14.548 [FXGL Background Thread 1 ] DEBUG AssetLoader          - Loading from disk: /assets/ui/login.fxml
16:31:15.634 [FXGL Background Thread 1 ] DEBUG AssetLoader          - Loading from disk: /assets/ui/mainpanel.fxml
16:31:15.657 [FXGL Background Thread 1 ] DEBUG AssetLoader          - Loading from disk: /assets/textures/ui/box.png
16:31:15.659 [FXGL Background Thread 1 ] DEBUG AssetLoader          - Loading from cache: /assets/textures/ui/box.png
16:31:15.659 [FXGL Background Thread 1 ] DEBUG AssetLoader          - Loading from cache: /assets/textures/ui/box.png
16:31:15.659 [FXGL Background Thread 1 ] DEBUG AssetLoader          - Loading from cache: /assets/textures/ui/box.png
16:31:15.659 [FXGL Background Thread 1 ] DEBUG AssetLoader          - Loading from cache: /assets/textures/ui/box.png
16:31:15.660 [FXGL Background Thread 1 ] DEBUG AssetLoader          - Loading from cache: /assets/textures/ui/box.png
16:31:15.660 [FXGL Background Thread 1 ] DEBUG AssetLoader          - Loading from cache: /assets/textures/ui/box.png
16:31:15.660 [FXGL Background Thread 1 ] DEBUG AssetLoader          - Loading from cache: /assets/textures/ui/box.png
16:31:15.660 [FXGL Background Thread 1 ] FATAL AssetLoader          - Loading failed for asset: mainpanel.fxml. Cause: 16
16:31:15.661 [JavaFX Application Thread] FATAL GameApplication      - Uncaught Exception:

Fatal exception occurred: java.lang.IllegalArgumentException : Failed to load asset: mainpanel.fxml. Cause: 16
E: com.almasb.fxgl.asset.AssetLoader.loadFailed(AssetLoader.kt:737)
E: com.almasb.fxgl.asset.AssetLoader.loadUI(AssetLoader.kt:479)
E: client.Screen.initUI(Screen.java:62)
E: com.almasb.fxgl.app.LoadingState$InitAppTask.initUI(AppStates.kt:175)
E: com.almasb.fxgl.app.LoadingState$InitAppTask.call(AppStates.kt:137)
E: com.almasb.fxgl.app.LoadingState$InitAppTask.call(AppStates.kt:124)
E: javafx.concurrent.Task$TaskCallable.call(Task.java:1423)
E: java.util.concurrent.FutureTask.run(FutureTask.java:266)
E: java.util.concurrent.Executors$RunnableAdapter.call(Executors.java:511)
E: java.util.concurrent.FutureTask.run(FutureTask.java:266)
E: java.util.concurrent.ThreadPoolExecutor.runWorker(ThreadPoolExecutor.java:1149)
E: java.util.concurrent.ThreadPoolExecutor$Worker.run(ThreadPoolExecutor.java:624)
E: java.lang.Thread.run(Thread.java:748)

16:31:15.661 [JavaFX Application Thread] FATAL GameApplication      - Application will now exit
16:31:15.661 [JavaFX Application Thread] DEBUG GameApplication      - Stopping main loop
16:31:17.901 [JavaFX Application Thread] DEBUG GameApplication      - Exiting game application
16:31:17.902 [JavaFX Application Thread] DEBUG GameApplication      - Shutting down background threads
16:31:17.902 [JavaFX Application Thread] DEBUG GameApplication      - Exiting FXGL
16:31:17.902 [JavaFX Application Thread] DEBUG FXGL                 - Saving FXGL system data
16:31:17.905 [JavaFX Application Thread] DEBUG DesktopFSService     - Writing to: system/fxgl.bundle
16:31:17.908 [JavaFX Application Thread] DEBUG GameApplication      - Closing logger and exiting JavaFX
