21:19:41.532 [JavaFX Application Thread] DEBUG GameApplication      - Logger initialized
21:19:41.539 [JavaFX Application Thread] DEBUG MainWindow           - Creating a JavaFX scene
21:19:41.695 [JavaFX Application Thread] DEBUG MainWindow           - Target settings size: 860.0 x 600.0
21:19:41.695 [JavaFX Application Thread] DEBUG MainWindow           - Scaled scene size:    860.0 x 600.0
21:19:41.695 [JavaFX Application Thread] DEBUG MainWindow           - Scaled ratio: (1.0, 1.0)
21:19:41.701 [JavaFX Application Thread] DEBUG GameApplication      - Starting FXGL
21:19:41.705 [JavaFX Application Thread] INFO  FXGL                 - FXGL-0.5.3 on DESKTOP
21:19:41.706 [JavaFX Application Thread] INFO  FXGL                 - Source code and latest versions at: https://github.com/AlmasB/FXGL
21:19:41.706 [JavaFX Application Thread] INFO  FXGL                 -              Join the FXGL chat at: https://gitter.im/AlmasB/FXGL
21:19:41.712 [JavaFX Application Thread] DEBUG FS                   - Loaded DesktopFSService
21:19:41.713 [JavaFX Application Thread] DEBUG FXGL                 - Loading FXGL system data
21:19:41.718 [JavaFX Application Thread] DEBUG DesktopFSService     - Reading from: system/fxgl.bundle
21:19:41.725 [JavaFX Application Thread] DEBUG Bundle               - Logging bundle: FXGL
21:19:41.726 [JavaFX Application Thread] DEBUG Bundle               - FXGL.offline.timer.version.check=2019-02-06T21:58:35.988
21:19:41.756 [JavaFX Application Thread] DEBUG GameApplication      - FXGL started
21:19:41.757 [JavaFX Application Thread] DEBUG GameApplication      - Logging game settings
Title: Alpha 0.0
Version: 0.0
Width: 860
Height: 600
Fullscreen: false
Intro: false
Menus: false
Profiling: false
Single step:false
App Mode: DEVELOPER
Menu Key: ESCAPE
Stage Style: DECORATED
Scene Factory: class com.almasb.fxgl.scene.SceneFactory
Dialog Factory: class com.almasb.fxgl.ui.FXGLDialogFactory
UI Factory: class com.almasb.fxgl.ui.FXGLUIFactory
Notification Service: class com.almasb.fxgl.gameplay.notification.XboxNotificationView
Exception Handler: class com.almasb.fxgl.app.FXGLExceptionHandler
21:19:41.757 [JavaFX Application Thread] DEBUG GameApplication      - Configuring GameApplication
21:19:41.758 [JavaFX Application Thread] DEBUG GameApplication      - Initializing state machine and application states
21:19:41.772 [JavaFX Application Thread] DEBUG AssetLoader          - Loading from disk: /assets/ui/cursors/fxgl_default.png
21:19:41.794 [JavaFX Application Thread] DEBUG AssetLoader          - Loading from disk: /assets/ui/cursors/fxgl_default.png
21:19:41.832 [JavaFX Application Thread] DEBUG FXGLAssets           - Loading FXGLAssets
21:19:41.856 [JavaFX Application Thread] DEBUG AssetLoader          - Loading from disk: /assets/ui/fonts/VarelaRound-Regular.ttf
21:19:41.872 [JavaFX Application Thread] DEBUG AssetLoader          - Loading from disk: /assets/ui/fonts/lucida_console.ttf
21:19:41.875 [JavaFX Application Thread] DEBUG AssetLoader          - Loading from disk: /assets/ui/fonts/Courier-Prime.ttf
21:19:41.877 [JavaFX Application Thread] DEBUG AssetLoader          - Loading from disk: /assets/ui/fonts/Abel-Regular.ttf
21:19:41.878 [JavaFX Application Thread] DEBUG AssetLoader          - Loading from disk: /assets/ui/css/fxgl_dark.css
21:19:41.906 [JavaFX Application Thread] DEBUG AssetLoader          - Loading from disk: /assets/ui/cursors/fxgl_default.png
21:19:41.940 [JavaFX Application Thread] DEBUG AssetLoader          - Loading from disk: /assets/ui/cursors/fxgl_default.png
21:19:41.960 [JavaFX Application Thread] DEBUG GameScene            - Game scene initialized: 860x600
21:19:41.963 [JavaFX Application Thread] DEBUG GameWorld            - Game world initialized
21:19:42.001 [JavaFX Application Thread] DEBUG PhysicsWorld         - Physics world initialized: appHeight=600, physics.ppm=50.0
21:19:42.018 [JavaFX Application Thread] DEBUG Input                - Registered new binding: Pause - Esc
21:19:42.039 [JavaFX Application Thread] DEBUG Input                - Clearing active input actions
21:19:42.081 [JavaFX Application Thread] DEBUG AppStateMachine      - StartupState -> StartupState
21:19:42.092 [JavaFX Application Thread] INFO  GameApplication      - Game configuration took:  0.334 sec
21:19:42.094 [JavaFX Application Thread] DEBUG AssetLoader          - Loading from disk: /assets/textures/fxgl_icon.png
21:19:42.109 [JavaFX Application Thread] DEBUG MainWindow           - Opening main window
21:19:42.184 [JavaFX Application Thread] DEBUG MainWindow           - Window border size: (0.0, 0.0)
21:19:42.185 [JavaFX Application Thread] DEBUG MainWindow           - Scaled size: 860.0 x 600.0
21:19:42.185 [JavaFX Application Thread] DEBUG MainWindow           - Scaled ratio: (1.0, 1.0)
21:19:42.185 [JavaFX Application Thread] DEBUG MainWindow           - Scene size: 860.0 x 600.0
21:19:42.185 [JavaFX Application Thread] DEBUG MainWindow           - Stage size: 860.0 x 600.0
21:19:42.185 [JavaFX Application Thread] DEBUG GameApplication      - Running preInit()
21:19:42.187 [JavaFX Application Thread] DEBUG Input                - Registered new binding: Screenshot - P
21:19:42.188 [JavaFX Application Thread] DEBUG Input                - Registered new binding: Dev Options - CTRL+0
21:19:42.188 [JavaFX Application Thread] DEBUG Input                - Registered new binding: System info dump - CTRL+9
21:19:42.189 [JavaFX Application Thread] DEBUG Input                - Registered new binding: Restart - CTRL+R
21:19:42.190 [JavaFX Application Thread] FATAL GameApplication      - Uncaught Exception:

Fatal exception occurred: java.lang.IllegalStateException : No input mapping found for action Tab
E: com.almasb.fxgl.input.Input.scanForUserActions(Input.kt:508)
E: com.almasb.fxgl.app.GameApplication.runPreInit(GameApplication.java:313)
E: com.almasb.fxgl.app.GameApplication.start(GameApplication.java:115)
E: com.sun.javafx.application.LauncherImpl.lambda$launchApplication1$8(LauncherImpl.java:863)
E: com.sun.javafx.application.PlatformImpl.lambda$runAndWait$7(PlatformImpl.java:326)
E: com.sun.javafx.application.PlatformImpl.lambda$null$5(PlatformImpl.java:295)
E: java.security.AccessController.doPrivileged(Native Method)
E: com.sun.javafx.application.PlatformImpl.lambda$runLater$6(PlatformImpl.java:294)
E: com.sun.glass.ui.InvokeLaterDispatcher$Future.run(InvokeLaterDispatcher.java:95)
E: com.sun.glass.ui.gtk.GtkApplication._runLoop(Native Method)
E: com.sun.glass.ui.gtk.GtkApplication.lambda$null$5(GtkApplication.java:139)
E: java.lang.Thread.run(Thread.java:748)

21:19:42.190 [JavaFX Application Thread] FATAL GameApplication      - Application will now exit
