19:15:04.411 [JavaFX Application Thread] DEBUG GameApplication      - Logger initialized
19:15:04.418 [JavaFX Application Thread] DEBUG MainWindow           - Creating a JavaFX scene
19:15:04.556 [JavaFX Application Thread] DEBUG MainWindow           - Target settings size: 1200.0 x 980.0
19:15:04.556 [JavaFX Application Thread] DEBUG MainWindow           - Scaled scene size:    1200.0 x 980.0
19:15:04.557 [JavaFX Application Thread] DEBUG MainWindow           - Scaled ratio: (1.0, 1.0)
19:15:04.563 [JavaFX Application Thread] DEBUG GameApplication      - Starting FXGL
19:15:04.568 [JavaFX Application Thread] INFO  FXGL                 - FXGL-0.5.3 on DESKTOP
19:15:04.568 [JavaFX Application Thread] INFO  FXGL                 - Source code and latest versions at: https://github.com/AlmasB/FXGL
19:15:04.568 [JavaFX Application Thread] INFO  FXGL                 -              Join the FXGL chat at: https://gitter.im/AlmasB/FXGL
19:15:04.576 [JavaFX Application Thread] DEBUG FS                   - Loaded DesktopFSService
19:15:04.576 [JavaFX Application Thread] DEBUG FXGL                 - Loading FXGL system data
19:15:04.582 [JavaFX Application Thread] DEBUG DesktopFSService     - Reading from: system/fxgl.bundle
19:15:04.591 [JavaFX Application Thread] DEBUG Bundle               - Logging bundle: FXGL
19:15:04.592 [JavaFX Application Thread] DEBUG Bundle               - FXGL.offline.timer.version.check=2019-01-16T00:48:31.803053
19:15:04.615 [JavaFX Application Thread] DEBUG GameApplication      - FXGL started
19:15:04.616 [JavaFX Application Thread] DEBUG GameApplication      - Logging game settings
Title: Basic Game App
Version: 0.0
Width: 1200
Height: 980
Fullscreen: false
Intro: false
Menus: false
Profiling: false
Single step:false
App Mode: DEVELOPER
Menu Key: ESCAPE
Stage Style: DECORATED
Scene Factory: class com.almasb.fxgl.scene.SceneFactory
Dialog Factory: class com.almasb.fxgl.ui.FXGLDialogFactory
UI Factory: class com.almasb.fxgl.ui.FXGLUIFactory
Notification Service: class com.almasb.fxgl.gameplay.notification.XboxNotificationView
Exception Handler: class com.almasb.fxgl.app.FXGLExceptionHandler
19:15:04.617 [JavaFX Application Thread] DEBUG GameApplication      - Configuring GameApplication
19:15:04.617 [JavaFX Application Thread] DEBUG GameApplication      - Initializing state machine and application states
19:15:04.630 [JavaFX Application Thread] DEBUG AssetLoader          - Loading from disk: /assets/ui/cursors/fxgl_default.png
19:15:04.659 [JavaFX Application Thread] DEBUG AssetLoader          - Loading from disk: /assets/ui/cursors/fxgl_default.png
19:15:04.690 [JavaFX Application Thread] DEBUG FXGLAssets           - Loading FXGLAssets
19:15:04.716 [JavaFX Application Thread] DEBUG AssetLoader          - Loading from disk: /assets/ui/fonts/VarelaRound-Regular.ttf
19:15:04.728 [JavaFX Application Thread] DEBUG AssetLoader          - Loading from disk: /assets/ui/fonts/lucida_console.ttf
19:15:04.731 [JavaFX Application Thread] DEBUG AssetLoader          - Loading from disk: /assets/ui/fonts/Courier-Prime.ttf
19:15:04.733 [JavaFX Application Thread] DEBUG AssetLoader          - Loading from disk: /assets/ui/fonts/Abel-Regular.ttf
19:15:04.735 [JavaFX Application Thread] DEBUG AssetLoader          - Loading from disk: /assets/ui/css/fxgl_dark.css
19:15:04.765 [JavaFX Application Thread] DEBUG AssetLoader          - Loading from disk: /assets/ui/cursors/fxgl_default.png
19:15:04.801 [JavaFX Application Thread] DEBUG AssetLoader          - Loading from disk: /assets/ui/cursors/fxgl_default.png
19:15:04.823 [JavaFX Application Thread] DEBUG GameScene            - Game scene initialized: 1200x980
19:15:04.826 [JavaFX Application Thread] DEBUG GameWorld            - Game world initialized
19:15:04.864 [JavaFX Application Thread] DEBUG PhysicsWorld         - Physics world initialized: appHeight=980, physics.ppm=50.0
19:15:04.880 [JavaFX Application Thread] DEBUG Input                - Registered new binding: Pause - Esc
19:15:04.897 [JavaFX Application Thread] DEBUG Input                - Clearing active input actions
19:15:04.941 [JavaFX Application Thread] DEBUG AppStateMachine      - StartupState -> StartupState
19:15:04.944 [JavaFX Application Thread] INFO  GameApplication      - Game configuration took:  0.327 sec
19:15:04.946 [JavaFX Application Thread] DEBUG AssetLoader          - Loading from disk: /assets/textures/fxgl_icon.png
19:15:04.962 [JavaFX Application Thread] DEBUG MainWindow           - Opening main window
19:15:05.034 [JavaFX Application Thread] DEBUG MainWindow           - Window border size: (0.0, 0.0)
19:15:05.034 [JavaFX Application Thread] DEBUG MainWindow           - Scaled size: 1200.0 x 980.0
19:15:05.034 [JavaFX Application Thread] DEBUG MainWindow           - Scaled ratio: (1.0, 1.0)
19:15:05.034 [JavaFX Application Thread] DEBUG MainWindow           - Scene size: 1200.0 x 980.0
19:15:05.034 [JavaFX Application Thread] DEBUG MainWindow           - Stage size: 1200.0 x 980.0
19:15:05.035 [JavaFX Application Thread] DEBUG GameApplication      - Running preInit()
19:15:05.036 [JavaFX Application Thread] DEBUG Input                - Registered new binding: Screenshot - P
19:15:05.037 [JavaFX Application Thread] DEBUG Input                - Registered new binding: Dev Options - CTRL+0
19:15:05.037 [JavaFX Application Thread] DEBUG Input                - Registered new binding: System info dump - CTRL+9
19:15:05.038 [JavaFX Application Thread] DEBUG Input                - Registered new binding: Restart - CTRL+R
19:15:05.065 [JavaFX Application Thread] DEBUG GameApplication      - Starting main loop
19:15:05.074 [JavaFX Application Thread] DEBUG StartupState         - STARTUP
19:15:05.074 [JavaFX Application Thread] DEBUG GameApplication      - Starting new game
19:15:05.074 [JavaFX Application Thread] DEBUG Input                - Clearing active input actions
19:15:05.081 [JavaFX Application Thread] DEBUG AppStateMachine      - StartupState -> LoadingState
19:15:05.085 [FXGL Background Thread 1 ] DEBUG InitAppTask          - Clearing previous game
19:15:05.086 [FXGL Background Thread 1 ] DEBUG GameWorld            - Clearing game world
19:15:05.086 [FXGL Background Thread 1 ] DEBUG PhysicsWorld         - Clearing physics world
19:15:05.086 [FXGL Background Thread 1 ] DEBUG GameScene            - Clearing game scene
19:15:05.087 [FXGL Background Thread 1 ] DEBUG InitAppTask          - Initializing Game
19:15:05.092 [FXGL Background Thread 1 ] DEBUG InitAppTask          - Initializing Physics
19:15:05.092 [FXGL Background Thread 1 ] DEBUG InitAppTask          - Initializing UI
19:15:05.093 [FXGL Background Thread 1 ] DEBUG AssetLoader          - Loading from disk: /assets/ui/login.fxml
19:15:05.166 [FXGL Background Thread 1 ] DEBUG InitAppTask          - Initialization Complete
19:15:05.166 [FXGL Background Thread 1 ] INFO  InitAppTask          - Game initialization took: 0.081 sec
19:15:05.175 [JavaFX Application Thread] DEBUG Input                - Clearing active input actions
19:15:05.185 [JavaFX Application Thread] DEBUG AppStateMachine      - LoadingState -> PlayState
19:15:24.645 [JavaFX Application Thread] DEBUG GameApplication      - Exiting game application
19:15:24.646 [JavaFX Application Thread] DEBUG GameApplication      - Shutting down background threads
19:15:24.646 [JavaFX Application Thread] DEBUG GameApplication      - Exiting FXGL
19:15:24.647 [JavaFX Application Thread] DEBUG FXGL                 - Saving FXGL system data
19:15:24.649 [JavaFX Application Thread] DEBUG DesktopFSService     - Writing to: system/fxgl.bundle
19:15:24.653 [JavaFX Application Thread] DEBUG GameApplication      - Closing logger and exiting JavaFX
