14:31:00.773 [JavaFX Application Thread] DEBUG GameApplication      - Logger initialized
14:31:00.781 [JavaFX Application Thread] DEBUG MainWindow           - Creating a JavaFX scene
14:31:00.919 [JavaFX Application Thread] DEBUG MainWindow           - Target settings size: 860.0 x 600.0
14:31:00.919 [JavaFX Application Thread] DEBUG MainWindow           - Scaled scene size:    860.0 x 600.0
14:31:00.919 [JavaFX Application Thread] DEBUG MainWindow           - Scaled ratio: (1.0, 1.0)
14:31:00.925 [JavaFX Application Thread] DEBUG GameApplication      - Starting FXGL
14:31:00.929 [JavaFX Application Thread] INFO  FXGL                 - FXGL-0.5.3 on DESKTOP
14:31:00.930 [JavaFX Application Thread] INFO  FXGL                 - Source code and latest versions at: https://github.com/AlmasB/FXGL
14:31:00.930 [JavaFX Application Thread] INFO  FXGL                 -              Join the FXGL chat at: https://gitter.im/AlmasB/FXGL
14:31:00.936 [JavaFX Application Thread] DEBUG FS                   - Loaded DesktopFSService
14:31:00.937 [JavaFX Application Thread] DEBUG FXGL                 - Loading FXGL system data
14:31:00.942 [JavaFX Application Thread] DEBUG DesktopFSService     - Reading from: system/fxgl.bundle
14:31:00.951 [JavaFX Application Thread] DEBUG Bundle               - Logging bundle: FXGL
14:31:00.951 [JavaFX Application Thread] DEBUG Bundle               - FXGL.offline.timer.version.check=2019-03-09T00:08:16.144
14:31:00.980 [JavaFX Application Thread] DEBUG GameApplication      - FXGL started
14:31:00.981 [JavaFX Application Thread] DEBUG GameApplication      - Logging game settings
Title: Alpha
Version: 0.0
Width: 860
Height: 600
Fullscreen: false
Intro: false
Menus: false
Profiling: false
Single step:false
App Mode: DEVELOPER
Menu Key: ESCAPE
Stage Style: DECORATED
Scene Factory: class com.almasb.fxgl.scene.SceneFactory
Dialog Factory: class com.almasb.fxgl.ui.FXGLDialogFactory
UI Factory: class com.almasb.fxgl.ui.FXGLUIFactory
Notification Service: class com.almasb.fxgl.gameplay.notification.XboxNotificationView
Exception Handler: class com.almasb.fxgl.app.FXGLExceptionHandler
14:31:00.982 [JavaFX Application Thread] DEBUG GameApplication      - Configuring GameApplication
14:31:00.982 [JavaFX Application Thread] DEBUG GameApplication      - Initializing state machine and application states
14:31:00.995 [JavaFX Application Thread] DEBUG AssetLoader          - Loading from disk: /assets/ui/cursors/fxgl_default.png
14:31:01.019 [JavaFX Application Thread] DEBUG AssetLoader          - Loading from disk: /assets/ui/cursors/fxgl_default.png
14:31:01.050 [JavaFX Application Thread] DEBUG FXGLAssets           - Loading FXGLAssets
14:31:01.072 [JavaFX Application Thread] DEBUG AssetLoader          - Loading from disk: /assets/ui/fonts/VarelaRound-Regular.ttf
14:31:01.084 [JavaFX Application Thread] DEBUG AssetLoader          - Loading from disk: /assets/ui/fonts/lucida_console.ttf
14:31:01.087 [JavaFX Application Thread] DEBUG AssetLoader          - Loading from disk: /assets/ui/fonts/Courier-Prime.ttf
14:31:01.089 [JavaFX Application Thread] DEBUG AssetLoader          - Loading from disk: /assets/ui/fonts/Abel-Regular.ttf
14:31:01.090 [JavaFX Application Thread] DEBUG AssetLoader          - Loading from disk: /assets/ui/css/fxgl_dark.css
14:31:01.118 [JavaFX Application Thread] DEBUG AssetLoader          - Loading from disk: /assets/ui/cursors/fxgl_default.png
14:31:01.151 [JavaFX Application Thread] DEBUG AssetLoader          - Loading from disk: /assets/ui/cursors/fxgl_default.png
14:31:01.171 [JavaFX Application Thread] DEBUG GameScene            - Game scene initialized: 860x600
14:31:01.174 [JavaFX Application Thread] DEBUG GameWorld            - Game world initialized
14:31:01.212 [JavaFX Application Thread] DEBUG PhysicsWorld         - Physics world initialized: appHeight=600, physics.ppm=50.0
14:31:01.228 [JavaFX Application Thread] DEBUG Input                - Registered new binding: Pause - Esc
14:31:01.252 [JavaFX Application Thread] DEBUG Input                - Clearing active input actions
14:31:01.294 [JavaFX Application Thread] DEBUG AppStateMachine      - StartupState -> StartupState
14:31:01.298 [JavaFX Application Thread] INFO  GameApplication      - Game configuration took:  0.316 sec
14:31:01.299 [JavaFX Application Thread] DEBUG AssetLoader          - Loading from disk: /assets/textures/fxgl_icon.png
14:31:01.315 [JavaFX Application Thread] DEBUG MainWindow           - Opening main window
14:31:01.382 [JavaFX Application Thread] DEBUG MainWindow           - Window border size: (0.0, 0.0)
14:31:01.383 [JavaFX Application Thread] DEBUG MainWindow           - Scaled size: 860.0 x 600.0
14:31:01.383 [JavaFX Application Thread] DEBUG MainWindow           - Scaled ratio: (1.0, 1.0)
14:31:01.383 [JavaFX Application Thread] DEBUG MainWindow           - Scene size: 860.0 x 600.0
14:31:01.383 [JavaFX Application Thread] DEBUG MainWindow           - Stage size: 860.0 x 600.0
14:31:01.383 [JavaFX Application Thread] DEBUG GameApplication      - Running preInit()
14:31:01.385 [JavaFX Application Thread] DEBUG Input                - Registered new binding: Screenshot - P
14:31:01.385 [JavaFX Application Thread] DEBUG Input                - Registered new binding: Dev Options - CTRL+0
14:31:01.386 [JavaFX Application Thread] DEBUG Input                - Registered new binding: System info dump - CTRL+9
14:31:01.386 [JavaFX Application Thread] DEBUG Input                - Registered new binding: Restart - CTRL+R
14:31:01.387 [JavaFX Application Thread] DEBUG Input                - Registered new binding: Up 1 - W
14:31:01.387 [JavaFX Application Thread] DEBUG Input                - Registered new binding: Down 1 - S
14:31:01.387 [JavaFX Application Thread] DEBUG Input                - Registered new binding: Right 1 - D
14:31:01.387 [JavaFX Application Thread] DEBUG Input                - Registered new binding: Left 1 - A
14:31:01.389 [JavaFX Application Thread] DEBUG Input                - Registered new binding: Click - LMB
14:31:01.389 [JavaFX Application Thread] DEBUG Input                - Registered new binding: Rightclick - RMB
14:31:01.389 [JavaFX Application Thread] DEBUG Input                - Registered new binding: Tab - Tab
14:31:01.417 [JavaFX Application Thread] DEBUG GameApplication      - Starting main loop
14:31:01.433 [JavaFX Application Thread] DEBUG StartupState         - STARTUP
14:31:01.433 [JavaFX Application Thread] DEBUG GameApplication      - Starting new game
14:31:01.433 [JavaFX Application Thread] DEBUG Input                - Clearing active input actions
14:31:01.440 [JavaFX Application Thread] DEBUG AppStateMachine      - StartupState -> LoadingState
14:31:01.445 [FXGL Background Thread 1 ] DEBUG InitAppTask          - Clearing previous game
14:31:01.445 [FXGL Background Thread 1 ] DEBUG GameWorld            - Clearing game world
14:31:01.445 [FXGL Background Thread 1 ] DEBUG PhysicsWorld         - Clearing physics world
14:31:01.445 [FXGL Background Thread 1 ] DEBUG GameScene            - Clearing game scene
14:31:01.446 [FXGL Background Thread 1 ] DEBUG InitAppTask          - Initializing Game
14:31:01.451 [FXGL Background Thread 1 ] DEBUG InitAppTask          - Initializing Physics
14:31:01.452 [FXGL Background Thread 1 ] DEBUG InitAppTask          - Initializing UI
14:31:01.452 [FXGL Background Thread 1 ] DEBUG AssetLoader          - Loading from disk: /assets/ui/login.fxml
14:31:02.559 [FXGL Background Thread 1 ] DEBUG AssetLoader          - Loading from disk: /assets/textures/ui/default.png
14:31:02.560 [FXGL Background Thread 1 ] DEBUG AssetLoader          - Loading from disk: /assets/ui/mainpanel.fxml
14:31:02.594 [FXGL Background Thread 1 ] DEBUG InitAppTask          - Initialization Complete
14:31:02.594 [FXGL Background Thread 1 ] INFO  InitAppTask          - Game initialization took: 1.149 sec
14:31:02.604 [JavaFX Application Thread] DEBUG Input                - Clearing active input actions
14:31:02.619 [JavaFX Application Thread] DEBUG AppStateMachine      - LoadingState -> PlayState
14:31:03.499 [JavaFX Application Thread] FATAL GameApplication      - Uncaught Exception:

Fatal exception occurred: java.lang.NullPointerException : null
E: client.AlphaClientApp$5.onAction(AlphaClientApp.java:183)
E: com.almasb.fxgl.input.UserAction.fireAction(UserAction.java:80)
E: com.almasb.fxgl.input.Input.update(Input.kt:144)
E: com.almasb.fxgl.app.State.update(State.java:71)
E: com.almasb.fxgl.app.AppStateMachine.onUpdate(AppStateMachine.java:100)
E: com.almasb.fxgl.app.GameApplication.stepLoop(GameApplication.java:382)
E: com.almasb.fxgl.app.GameApplication$2.handle(GameApplication.java:348)
E: javafx.animation.AnimationTimer$AnimationTimerReceiver.lambda$handle$0(AnimationTimer.java:57)
E: java.security.AccessController.doPrivileged(Native Method)
E: javafx.animation.AnimationTimer$AnimationTimerReceiver.handle(AnimationTimer.java:56)
E: com.sun.scenario.animation.AbstractMasterTimer.timePulseImpl(AbstractMasterTimer.java:357)
E: com.sun.scenario.animation.AbstractMasterTimer$MainLoop.run(AbstractMasterTimer.java:267)
E: com.sun.javafx.tk.quantum.QuantumToolkit.pulse(QuantumToolkit.java:514)
E: com.sun.javafx.tk.quantum.QuantumToolkit.pulse(QuantumToolkit.java:498)
E: com.sun.javafx.tk.quantum.QuantumToolkit.pulseFromQueue(QuantumToolkit.java:491)
E: com.sun.javafx.tk.quantum.QuantumToolkit.lambda$runToolkit$11(QuantumToolkit.java:319)
E: com.sun.glass.ui.InvokeLaterDispatcher$Future.run(InvokeLaterDispatcher.java:95)
E: com.sun.glass.ui.gtk.GtkApplication._runLoop(Native Method)
E: com.sun.glass.ui.gtk.GtkApplication.lambda$null$5(GtkApplication.java:139)
E: java.lang.Thread.run(Thread.java:748)

14:31:03.500 [JavaFX Application Thread] FATAL GameApplication      - Application will now exit
14:31:03.500 [JavaFX Application Thread] DEBUG GameApplication      - Stopping main loop
14:31:05.573 [JavaFX Application Thread] DEBUG GameApplication      - Exiting game application
14:31:05.573 [JavaFX Application Thread] DEBUG GameApplication      - Shutting down background threads
14:31:05.574 [JavaFX Application Thread] DEBUG GameApplication      - Exiting FXGL
14:31:05.574 [JavaFX Application Thread] DEBUG FXGL                 - Saving FXGL system data
14:31:05.577 [JavaFX Application Thread] DEBUG DesktopFSService     - Writing to: system/fxgl.bundle
14:31:05.580 [JavaFX Application Thread] DEBUG GameApplication      - Closing logger and exiting JavaFX
