21:53:23.700 [JavaFX Application Thread] DEBUG GameApplication      - Logger initialized
21:53:23.707 [JavaFX Application Thread] DEBUG MainWindow           - Creating a JavaFX scene
21:53:23.836 [JavaFX Application Thread] DEBUG MainWindow           - Target settings size: 860.0 x 600.0
21:53:23.836 [JavaFX Application Thread] DEBUG MainWindow           - Scaled scene size:    860.0 x 600.0
21:53:23.836 [JavaFX Application Thread] DEBUG MainWindow           - Scaled ratio: (1.0, 1.0)
21:53:23.842 [JavaFX Application Thread] DEBUG GameApplication      - Starting FXGL
21:53:23.847 [JavaFX Application Thread] INFO  FXGL                 - FXGL-0.5.3 on DESKTOP
21:53:23.847 [JavaFX Application Thread] INFO  FXGL                 - Source code and latest versions at: https://github.com/AlmasB/FXGL
21:53:23.847 [JavaFX Application Thread] INFO  FXGL                 -              Join the FXGL chat at: https://gitter.im/AlmasB/FXGL
21:53:23.853 [JavaFX Application Thread] DEBUG FS                   - Loaded DesktopFSService
21:53:23.854 [JavaFX Application Thread] DEBUG FXGL                 - Loading FXGL system data
21:53:23.859 [JavaFX Application Thread] DEBUG DesktopFSService     - Reading from: system/fxgl.bundle
21:53:23.866 [JavaFX Application Thread] DEBUG Bundle               - Logging bundle: FXGL
21:53:23.867 [JavaFX Application Thread] DEBUG Bundle               - FXGL.offline.timer.version.check=2019-03-09T00:08:16.144
21:53:23.897 [JavaFX Application Thread] DEBUG GameApplication      - FXGL started
21:53:23.898 [JavaFX Application Thread] DEBUG GameApplication      - Logging game settings
Title: Alpha
Version: 0.0
Width: 860
Height: 600
Fullscreen: false
Intro: false
Menus: false
Profiling: true
Single step:false
App Mode: DEVELOPER
Menu Key: ESCAPE
Stage Style: DECORATED
Scene Factory: class com.almasb.fxgl.scene.SceneFactory
Dialog Factory: class com.almasb.fxgl.ui.FXGLDialogFactory
UI Factory: class com.almasb.fxgl.ui.FXGLUIFactory
Notification Service: class com.almasb.fxgl.gameplay.notification.XboxNotificationView
Exception Handler: class com.almasb.fxgl.app.FXGLExceptionHandler
21:53:23.899 [JavaFX Application Thread] DEBUG GameApplication      - Configuring GameApplication
21:53:23.899 [JavaFX Application Thread] DEBUG GameApplication      - Initializing state machine and application states
21:53:23.912 [JavaFX Application Thread] DEBUG AssetLoader          - Loading from disk: /assets/ui/cursors/fxgl_default.png
21:53:23.938 [JavaFX Application Thread] DEBUG AssetLoader          - Loading from disk: /assets/ui/cursors/fxgl_default.png
21:53:23.970 [JavaFX Application Thread] DEBUG FXGLAssets           - Loading FXGLAssets
21:53:23.994 [JavaFX Application Thread] DEBUG AssetLoader          - Loading from disk: /assets/ui/fonts/VarelaRound-Regular.ttf
21:53:24.008 [JavaFX Application Thread] DEBUG AssetLoader          - Loading from disk: /assets/ui/fonts/lucida_console.ttf
21:53:24.010 [JavaFX Application Thread] DEBUG AssetLoader          - Loading from disk: /assets/ui/fonts/Courier-Prime.ttf
21:53:24.012 [JavaFX Application Thread] DEBUG AssetLoader          - Loading from disk: /assets/ui/fonts/Abel-Regular.ttf
21:53:24.014 [JavaFX Application Thread] DEBUG AssetLoader          - Loading from disk: /assets/ui/css/fxgl_dark.css
21:53:24.044 [JavaFX Application Thread] DEBUG AssetLoader          - Loading from disk: /assets/ui/cursors/fxgl_default.png
21:53:24.080 [JavaFX Application Thread] DEBUG AssetLoader          - Loading from disk: /assets/ui/cursors/fxgl_default.png
21:53:24.102 [JavaFX Application Thread] DEBUG GameScene            - Game scene initialized: 860x600
21:53:24.105 [JavaFX Application Thread] DEBUG GameWorld            - Game world initialized
21:53:24.143 [JavaFX Application Thread] DEBUG PhysicsWorld         - Physics world initialized: appHeight=600, physics.ppm=50.0
21:53:24.159 [JavaFX Application Thread] DEBUG Input                - Registered new binding: Pause - Esc
21:53:24.175 [JavaFX Application Thread] DEBUG Input                - Clearing active input actions
21:53:24.221 [JavaFX Application Thread] DEBUG AppStateMachine      - StartupState -> StartupState
21:53:24.225 [JavaFX Application Thread] INFO  GameApplication      - Game configuration took:  0.326 sec
21:53:24.227 [JavaFX Application Thread] DEBUG AssetLoader          - Loading from disk: /assets/textures/fxgl_icon.png
21:53:24.242 [JavaFX Application Thread] DEBUG MainWindow           - Opening main window
21:53:24.318 [JavaFX Application Thread] DEBUG MainWindow           - Window border size: (0.0, 0.0)
21:53:24.318 [JavaFX Application Thread] DEBUG MainWindow           - Scaled size: 860.0 x 600.0
21:53:24.318 [JavaFX Application Thread] DEBUG MainWindow           - Scaled ratio: (1.0, 1.0)
21:53:24.319 [JavaFX Application Thread] DEBUG MainWindow           - Scene size: 860.0 x 600.0
21:53:24.319 [JavaFX Application Thread] DEBUG MainWindow           - Stage size: 860.0 x 600.0
21:53:24.319 [JavaFX Application Thread] DEBUG GameApplication      - Running preInit()
21:53:24.321 [JavaFX Application Thread] DEBUG Input                - Registered new binding: Screenshot - P
21:53:24.321 [JavaFX Application Thread] DEBUG Input                - Registered new binding: Dev Options - CTRL+0
21:53:24.322 [JavaFX Application Thread] DEBUG Input                - Registered new binding: System info dump - CTRL+9
21:53:24.322 [JavaFX Application Thread] DEBUG Input                - Registered new binding: Restart - CTRL+R
21:53:24.322 [JavaFX Application Thread] DEBUG Input                - Registered new binding: Up 1 - W
21:53:24.323 [JavaFX Application Thread] DEBUG Input                - Registered new binding: Down 1 - S
21:53:24.323 [JavaFX Application Thread] DEBUG Input                - Registered new binding: Right 1 - D
21:53:24.323 [JavaFX Application Thread] DEBUG Input                - Registered new binding: Left 1 - A
21:53:24.324 [JavaFX Application Thread] DEBUG Input                - Registered new binding: Click - LMB
21:53:24.324 [JavaFX Application Thread] DEBUG Input                - Registered new binding: Rightclick - RMB
21:53:24.324 [JavaFX Application Thread] DEBUG Input                - Registered new binding: Tab - Tab
21:53:24.351 [JavaFX Application Thread] DEBUG GameApplication      - Starting main loop
21:53:24.359 [JavaFX Application Thread] DEBUG StartupState         - STARTUP
21:53:24.360 [JavaFX Application Thread] DEBUG GameApplication      - Starting new game
21:53:24.360 [JavaFX Application Thread] DEBUG Input                - Clearing active input actions
21:53:24.367 [JavaFX Application Thread] DEBUG AppStateMachine      - StartupState -> LoadingState
21:53:24.371 [FXGL Background Thread 1 ] DEBUG InitAppTask          - Clearing previous game
21:53:24.372 [FXGL Background Thread 1 ] DEBUG GameWorld            - Clearing game world
21:53:24.372 [FXGL Background Thread 1 ] DEBUG PhysicsWorld         - Clearing physics world
21:53:24.372 [FXGL Background Thread 1 ] DEBUG GameScene            - Clearing game scene
21:53:24.373 [FXGL Background Thread 1 ] DEBUG InitAppTask          - Initializing Game
21:53:24.377 [FXGL Background Thread 1 ] DEBUG InitAppTask          - Initializing Physics
21:53:24.379 [FXGL Background Thread 1 ] DEBUG InitAppTask          - Initializing UI
21:53:24.379 [FXGL Background Thread 1 ] DEBUG AssetLoader          - Loading from disk: /assets/ui/login.fxml
21:53:25.445 [FXGL Background Thread 1 ] DEBUG AssetLoader          - Loading from disk: /assets/textures/ui/default.png
21:53:25.446 [FXGL Background Thread 1 ] DEBUG AssetLoader          - Loading from disk: /assets/ui/mainpanel.fxml
21:53:25.480 [FXGL Background Thread 1 ] DEBUG InitAppTask          - Initialization Complete
21:53:25.480 [FXGL Background Thread 1 ] INFO  InitAppTask          - Game initialization took: 1.108 sec
21:53:25.485 [JavaFX Application Thread] DEBUG Input                - Clearing active input actions
21:53:25.501 [JavaFX Application Thread] DEBUG AppStateMachine      - LoadingState -> PlayState
21:53:27.368 [JavaFX Application Thread] DEBUG GameApplication      - Exiting game application
21:53:27.369 [JavaFX Application Thread] DEBUG GameApplication      - Shutting down background threads
21:53:27.370 [JavaFX Application Thread] INFO  Profiler             - Processed Frames: 182
21:53:27.370 [JavaFX Application Thread] INFO  Profiler             - Average FPS: 59
21:53:27.370 [JavaFX Application Thread] INFO  Profiler             - Avg Frame Took: 0.23 ms
21:53:27.370 [JavaFX Application Thread] INFO  Profiler             - Avg Memory Usage: 156 MB
21:53:27.371 [JavaFX Application Thread] INFO  Profiler             - Min Memory Usage: 12 MB
21:53:27.371 [JavaFX Application Thread] INFO  Profiler             - Max Memory Usage: 162 MB
21:53:27.371 [JavaFX Application Thread] INFO  Profiler             - Estimated GC runs: 0
21:53:27.371 [JavaFX Application Thread] DEBUG GameApplication      - Exiting FXGL
21:53:27.371 [JavaFX Application Thread] DEBUG FXGL                 - Saving FXGL system data
21:53:27.374 [JavaFX Application Thread] DEBUG DesktopFSService     - Writing to: system/fxgl.bundle
21:53:27.378 [JavaFX Application Thread] DEBUG GameApplication      - Closing logger and exiting JavaFX
