17:39:48.324 [JavaFX Application Thread] DEBUG GameApplication      - Logger initialized
17:39:48.330 [JavaFX Application Thread] DEBUG MainWindow           - Creating a JavaFX scene
17:39:48.454 [JavaFX Application Thread] DEBUG MainWindow           - Target settings size: 1024.0 x 860.0
17:39:48.454 [JavaFX Application Thread] DEBUG MainWindow           - Scaled scene size:    1024.0 x 860.0
17:39:48.454 [JavaFX Application Thread] DEBUG MainWindow           - Scaled ratio: (1.0, 1.0)
17:39:48.460 [JavaFX Application Thread] DEBUG GameApplication      - Starting FXGL
17:39:48.464 [JavaFX Application Thread] INFO  FXGL                 - FXGL-0.5.3 on DESKTOP
17:39:48.465 [JavaFX Application Thread] INFO  FXGL                 - Source code and latest versions at: https://github.com/AlmasB/FXGL
17:39:48.465 [JavaFX Application Thread] INFO  FXGL                 -              Join the FXGL chat at: https://gitter.im/AlmasB/FXGL
17:39:48.471 [JavaFX Application Thread] DEBUG FS                   - Loaded DesktopFSService
17:39:48.472 [JavaFX Application Thread] DEBUG FXGL                 - Loading FXGL system data
17:39:48.477 [JavaFX Application Thread] DEBUG DesktopFSService     - Reading from: system/fxgl.bundle
17:39:48.486 [JavaFX Application Thread] DEBUG Bundle               - Logging bundle: FXGL
17:39:48.487 [JavaFX Application Thread] DEBUG Bundle               - FXGL.offline.timer.version.check=2019-01-23T12:24:56.214
17:39:48.510 [JavaFX Application Thread] DEBUG GameApplication      - FXGL started
17:39:48.511 [JavaFX Application Thread] DEBUG GameApplication      - Logging game settings
Title: Basic Game App
Version: 0.0
Width: 1024
Height: 860
Fullscreen: false
Intro: false
Menus: false
Profiling: false
Single step:false
App Mode: DEVELOPER
Menu Key: ESCAPE
Stage Style: DECORATED
Scene Factory: class com.almasb.fxgl.scene.SceneFactory
Dialog Factory: class com.almasb.fxgl.ui.FXGLDialogFactory
UI Factory: class com.almasb.fxgl.ui.FXGLUIFactory
Notification Service: class com.almasb.fxgl.gameplay.notification.XboxNotificationView
Exception Handler: class com.almasb.fxgl.app.FXGLExceptionHandler
17:39:48.512 [JavaFX Application Thread] DEBUG GameApplication      - Configuring GameApplication
17:39:48.512 [JavaFX Application Thread] DEBUG GameApplication      - Initializing state machine and application states
17:39:48.534 [JavaFX Application Thread] DEBUG AssetLoader          - Loading from disk: /assets/ui/cursors/fxgl_default.png
17:39:48.555 [JavaFX Application Thread] DEBUG AssetLoader          - Loading from disk: /assets/ui/cursors/fxgl_default.png
17:39:48.588 [JavaFX Application Thread] DEBUG FXGLAssets           - Loading FXGLAssets
17:39:48.611 [JavaFX Application Thread] DEBUG AssetLoader          - Loading from disk: /assets/ui/fonts/VarelaRound-Regular.ttf
17:39:48.623 [JavaFX Application Thread] DEBUG AssetLoader          - Loading from disk: /assets/ui/fonts/lucida_console.ttf
17:39:48.625 [JavaFX Application Thread] DEBUG AssetLoader          - Loading from disk: /assets/ui/fonts/Courier-Prime.ttf
17:39:48.627 [JavaFX Application Thread] DEBUG AssetLoader          - Loading from disk: /assets/ui/fonts/Abel-Regular.ttf
17:39:48.628 [JavaFX Application Thread] DEBUG AssetLoader          - Loading from disk: /assets/ui/css/fxgl_dark.css
17:39:48.655 [JavaFX Application Thread] DEBUG AssetLoader          - Loading from disk: /assets/ui/cursors/fxgl_default.png
17:39:48.689 [JavaFX Application Thread] DEBUG AssetLoader          - Loading from disk: /assets/ui/cursors/fxgl_default.png
17:39:48.708 [JavaFX Application Thread] DEBUG GameScene            - Game scene initialized: 1024x860
17:39:48.711 [JavaFX Application Thread] DEBUG GameWorld            - Game world initialized
17:39:48.748 [JavaFX Application Thread] DEBUG PhysicsWorld         - Physics world initialized: appHeight=860, physics.ppm=50.0
17:39:48.765 [JavaFX Application Thread] DEBUG Input                - Registered new binding: Pause - Esc
17:39:48.781 [JavaFX Application Thread] DEBUG Input                - Clearing active input actions
17:39:48.821 [JavaFX Application Thread] DEBUG AppStateMachine      - StartupState -> StartupState
17:39:48.824 [JavaFX Application Thread] INFO  GameApplication      - Game configuration took:  0.312 sec
17:39:48.826 [JavaFX Application Thread] DEBUG AssetLoader          - Loading from disk: /assets/textures/fxgl_icon.png
17:39:48.842 [JavaFX Application Thread] DEBUG MainWindow           - Opening main window
17:39:48.923 [JavaFX Application Thread] DEBUG MainWindow           - Window border size: (0.0, 0.0)
17:39:48.923 [JavaFX Application Thread] DEBUG MainWindow           - Scaled size: 1024.0 x 860.0
17:39:48.924 [JavaFX Application Thread] DEBUG MainWindow           - Scaled ratio: (1.0, 1.0)
17:39:48.924 [JavaFX Application Thread] DEBUG MainWindow           - Scene size: 1024.0 x 860.0
17:39:48.924 [JavaFX Application Thread] DEBUG MainWindow           - Stage size: 1024.0 x 860.0
17:39:48.924 [JavaFX Application Thread] DEBUG GameApplication      - Running preInit()
17:39:48.926 [JavaFX Application Thread] DEBUG Input                - Registered new binding: Screenshot - P
17:39:48.926 [JavaFX Application Thread] DEBUG Input                - Registered new binding: Dev Options - CTRL+0
17:39:48.926 [JavaFX Application Thread] DEBUG Input                - Registered new binding: System info dump - CTRL+9
17:39:48.927 [JavaFX Application Thread] DEBUG Input                - Registered new binding: Restart - CTRL+R
17:39:48.927 [JavaFX Application Thread] DEBUG Input                - Registered new binding: Up 1 - W
17:39:48.927 [JavaFX Application Thread] DEBUG Input                - Registered new binding: Down 1 - S
17:39:48.927 [JavaFX Application Thread] DEBUG Input                - Registered new binding: Right 1 - D
17:39:48.927 [JavaFX Application Thread] DEBUG Input                - Registered new binding: Left 1 - A
17:39:48.957 [JavaFX Application Thread] DEBUG GameApplication      - Starting main loop
17:39:48.975 [JavaFX Application Thread] DEBUG StartupState         - STARTUP
17:39:48.975 [JavaFX Application Thread] DEBUG GameApplication      - Starting new game
17:39:48.975 [JavaFX Application Thread] DEBUG Input                - Clearing active input actions
17:39:48.985 [JavaFX Application Thread] DEBUG AppStateMachine      - StartupState -> LoadingState
17:39:48.990 [FXGL Background Thread 1 ] DEBUG InitAppTask          - Clearing previous game
17:39:48.990 [FXGL Background Thread 1 ] DEBUG GameWorld            - Clearing game world
17:39:48.990 [FXGL Background Thread 1 ] DEBUG PhysicsWorld         - Clearing physics world
17:39:48.991 [FXGL Background Thread 1 ] DEBUG GameScene            - Clearing game scene
17:39:48.992 [FXGL Background Thread 1 ] DEBUG InitAppTask          - Initializing Game
17:39:48.998 [FXGL Background Thread 1 ] DEBUG InitAppTask          - Initializing Physics
17:39:48.998 [FXGL Background Thread 1 ] DEBUG InitAppTask          - Initializing UI
17:39:48.999 [FXGL Background Thread 1 ] DEBUG AssetLoader          - Loading from disk: /assets/ui/login.fxml
17:39:49.072 [FXGL Background Thread 1 ] DEBUG InitAppTask          - Initialization Complete
17:39:49.073 [FXGL Background Thread 1 ] INFO  InitAppTask          - Game initialization took: 0.083 sec
17:39:49.094 [JavaFX Application Thread] DEBUG Input                - Clearing active input actions
17:39:49.106 [JavaFX Application Thread] DEBUG AppStateMachine      - LoadingState -> PlayState
17:40:01.036 [JavaFX Application Thread] FATAL GameApplication      - Uncaught Exception:

Fatal exception occurred: java.lang.NullPointerException : null
E: client.Screen$8.onAction(Screen.java:159)
E: com.almasb.fxgl.input.UserAction.fireAction(UserAction.java:80)
E: com.almasb.fxgl.input.Input.update(Input.kt:144)
E: com.almasb.fxgl.app.State.update(State.java:71)
E: com.almasb.fxgl.app.AppStateMachine.onUpdate(AppStateMachine.java:100)
E: com.almasb.fxgl.app.GameApplication.stepLoop(GameApplication.java:382)
E: com.almasb.fxgl.app.GameApplication$2.handle(GameApplication.java:348)
E: javafx.animation.AnimationTimer$AnimationTimerReceiver.lambda$handle$0(AnimationTimer.java:57)
E: java.security.AccessController.doPrivileged(Native Method)
E: javafx.animation.AnimationTimer$AnimationTimerReceiver.handle(AnimationTimer.java:56)
E: com.sun.scenario.animation.AbstractMasterTimer.timePulseImpl(AbstractMasterTimer.java:357)
E: com.sun.scenario.animation.AbstractMasterTimer$MainLoop.run(AbstractMasterTimer.java:267)
E: com.sun.javafx.tk.quantum.QuantumToolkit.pulse(QuantumToolkit.java:514)
E: com.sun.javafx.tk.quantum.QuantumToolkit.pulse(QuantumToolkit.java:498)
E: com.sun.javafx.tk.quantum.QuantumToolkit.pulseFromQueue(QuantumToolkit.java:491)
E: com.sun.javafx.tk.quantum.QuantumToolkit.lambda$runToolkit$11(QuantumToolkit.java:319)
E: com.sun.glass.ui.InvokeLaterDispatcher$Future.run(InvokeLaterDispatcher.java:95)
E: com.sun.glass.ui.gtk.GtkApplication._runLoop(Native Method)
E: com.sun.glass.ui.gtk.GtkApplication.lambda$null$5(GtkApplication.java:139)
E: java.lang.Thread.run(Thread.java:748)

17:40:01.036 [JavaFX Application Thread] FATAL GameApplication      - Application will now exit
17:40:01.036 [JavaFX Application Thread] DEBUG GameApplication      - Stopping main loop
17:40:07.689 [JavaFX Application Thread] DEBUG GameApplication      - Exiting game application
17:40:07.689 [JavaFX Application Thread] DEBUG GameApplication      - Shutting down background threads
17:40:07.690 [JavaFX Application Thread] DEBUG GameApplication      - Exiting FXGL
17:40:07.690 [JavaFX Application Thread] DEBUG FXGL                 - Saving FXGL system data
17:40:07.692 [JavaFX Application Thread] DEBUG DesktopFSService     - Writing to: system/fxgl.bundle
17:40:07.695 [JavaFX Application Thread] DEBUG GameApplication      - Closing logger and exiting JavaFX
