18:42:54.527 [JavaFX Application Thread] DEBUG GameApplication      - Logger initialized
18:42:54.532 [JavaFX Application Thread] DEBUG GameApplication      - Logging settings
Title: Alpha
Version: 0.0
Width: 860
Height: 600
Fullscreen: false
Intro: false
Menus: false
Profiling: true
Single step:false
App Mode: DEVELOPER
Menu Key: ESCAPE
Stage Style: DECORATED
Scene Factory: class com.almasb.fxgl.scene.SceneFactory
Dialog Factory: class com.almasb.fxgl.ui.FXGLDialogFactory
UI Factory: class com.almasb.fxgl.ui.FXGLUIFactory
Notification Service: class com.almasb.fxgl.gameplay.notification.XboxNotificationView
Exception Handler: class com.almasb.fxgl.app.FXGLExceptionHandler
18:42:54.532 [JavaFX Application Thread] DEBUG GameApplication      - Starting FXGL
18:42:54.540 [JavaFX Application Thread] INFO  FXGL                 - FXGL-0.5.4 on DESKTOP
18:42:54.541 [JavaFX Application Thread] INFO  FXGL                 - Source code and latest versions at: https://github.com/AlmasB/FXGL
18:42:54.541 [JavaFX Application Thread] INFO  FXGL                 -              Join the FXGL chat at: https://gitter.im/AlmasB/FXGL
18:42:54.541 [JavaFX Application Thread] DEBUG FXGL                 - FXGL started
18:42:54.542 [JavaFX Application Thread] DEBUG FXGL                 - Initializing FXGL
18:42:54.595 [JavaFX Application Thread] DEBUG AssetLoader          - Loading from disk: /assets/ui/cursors/fxgl_default.png
18:42:54.686 [JavaFX Application Thread] DEBUG AssetLoader          - Loading from disk: /assets/ui/fonts/VarelaRound-Regular.ttf
18:42:54.754 [JavaFX Application Thread] DEBUG MainWindow           - Creating a JavaFX scene
18:42:54.803 [JavaFX Application Thread] DEBUG MainWindow           - Target settings size: 860.0 x 600.0
18:42:54.803 [JavaFX Application Thread] DEBUG MainWindow           - Scaled scene size:    860.0 x 600.0
18:42:54.804 [JavaFX Application Thread] DEBUG MainWindow           - Scaled ratio: (1.0, 1.0)
18:42:54.807 [JavaFX Application Thread] DEBUG AssetLoader          - Loading from disk: /assets/ui/css/fxgl_dark.css
18:42:54.811 [JavaFX Application Thread] DEBUG AssetLoader          - Loading from disk: /assets/textures/fxgl_icon.png
18:42:54.832 [JavaFX Application Thread] DEBUG MainWindow           - Opening main window
18:42:54.983 [JavaFX Application Thread] DEBUG MainWindow           - Window border size: (0.0, 35.0)
18:42:54.984 [JavaFX Application Thread] DEBUG MainWindow           - Scaled size: 860.0 x 565.0
18:42:54.984 [JavaFX Application Thread] DEBUG MainWindow           - Scaled ratio: (1.0, 0.9416666666666667)
18:42:54.984 [JavaFX Application Thread] DEBUG MainWindow           - Scene size: 860.0 x 600.0
18:42:54.984 [JavaFX Application Thread] DEBUG MainWindow           - Stage size: 860.0 x 600.0
18:42:55.010 [ForkJoinPool.commonPool-worker-9] DEBUG FS                   - Loaded DesktopFSService
18:42:55.010 [ForkJoinPool.commonPool-worker-9] DEBUG FXGL                 - Loading FXGL system data
18:42:55.015 [ForkJoinPool.commonPool-worker-9] DEBUG DesktopFSService     - Reading from: system/fxgl.bundle
18:42:55.022 [ForkJoinPool.commonPool-worker-9] DEBUG Bundle               - Logging bundle: FXGL
18:42:55.022 [ForkJoinPool.commonPool-worker-9] DEBUG Bundle               - FXGL.offline.timer.version.check=2019-03-31T13:59:17.348
18:42:55.023 [ForkJoinPool.commonPool-worker-9] DEBUG FXGL                 - Initializing state machine and application states
18:42:55.025 [ForkJoinPool.commonPool-worker-9] DEBUG AssetLoader          - Loading from disk: /assets/ui/cursors/fxgl_default.png
18:42:55.029 [ForkJoinPool.commonPool-worker-9] DEBUG AssetLoader          - Loading from disk: /assets/ui/cursors/fxgl_default.png
18:42:55.035 [ForkJoinPool.commonPool-worker-9] DEBUG AssetLoader          - Loading from cache: /assets/ui/fonts/VarelaRound-Regular.ttf
18:42:55.038 [ForkJoinPool.commonPool-worker-9] DEBUG AssetLoader          - Loading from disk: /assets/ui/cursors/fxgl_default.png
18:42:55.039 [ForkJoinPool.commonPool-worker-9] DEBUG AssetLoader          - Loading from disk: /assets/ui/fonts/lucida_console.ttf
18:42:55.043 [ForkJoinPool.commonPool-worker-9] DEBUG GameScene            - Game scene initialized: 860x600
18:42:55.047 [ForkJoinPool.commonPool-worker-9] DEBUG GameWorld            - Game world initialized
18:42:55.095 [ForkJoinPool.commonPool-worker-9] DEBUG PhysicsWorld         - Physics world initialized: appHeight=600, physics.ppm=50.0
18:42:55.121 [ForkJoinPool.commonPool-worker-9] DEBUG Input                - Registered new binding: Pause - Esc
18:42:55.159 [JavaFX Application Thread] DEBUG FXGL                 - Running preInit()
18:42:55.161 [JavaFX Application Thread] DEBUG Input                - Registered new binding: Screenshot - P
18:42:55.161 [JavaFX Application Thread] DEBUG Input                - Registered new binding: Dev Options - CTRL+0
18:42:55.162 [JavaFX Application Thread] DEBUG Input                - Registered new binding: System info dump - CTRL+9
18:42:55.162 [JavaFX Application Thread] DEBUG Input                - Registered new binding: Restart - CTRL+R
18:42:55.163 [JavaFX Application Thread] DEBUG Input                - Registered new binding: Up 1 - W
18:42:55.163 [JavaFX Application Thread] DEBUG Input                - Registered new binding: Down 1 - S
18:42:55.163 [JavaFX Application Thread] DEBUG Input                - Registered new binding: Right 1 - D
18:42:55.163 [JavaFX Application Thread] DEBUG Input                - Registered new binding: Left 1 - A
18:42:55.163 [JavaFX Application Thread] DEBUG Input                - Registered new binding: Change State - C
18:42:55.163 [JavaFX Application Thread] DEBUG Input                - Registered new binding: Set Shield - X
18:42:55.164 [JavaFX Application Thread] DEBUG Input                - Registered new binding: Click - LMB
18:42:55.165 [JavaFX Application Thread] DEBUG Input                - Registered new binding: Rightclick - RMB
18:42:55.165 [JavaFX Application Thread] DEBUG Input                - Registered new binding: Tab - Tab
18:42:55.165 [JavaFX Application Thread] INFO  FXGL                 - FXGL initialization took: 0.623 sec
18:42:55.166 [JavaFX Application Thread] DEBUG LoopRunner           - Starting loop
18:42:55.169 [JavaFX Application Thread] DEBUG StartupState         - STARTUP
18:42:55.169 [JavaFX Application Thread] DEBUG GameApplication      - Starting new game
18:42:55.169 [JavaFX Application Thread] DEBUG Input                - Clearing active input actions
18:42:55.170 [JavaFX Application Thread] DEBUG AssetLoader          - Loading from disk: /assets/ui/css/fxgl_dark.css
18:42:55.178 [JavaFX Application Thread] DEBUG AppStateMachine      - StartupState -> LoadingState
18:42:55.184 [FXGL Background Thread 1 ] DEBUG InitAppTask          - Clearing previous game
18:42:55.184 [FXGL Background Thread 1 ] DEBUG GameWorld            - Clearing game world
18:42:55.184 [FXGL Background Thread 1 ] DEBUG PhysicsWorld         - Clearing physics world
18:42:55.184 [FXGL Background Thread 1 ] DEBUG GameScene            - Clearing game scene
18:42:55.185 [FXGL Background Thread 1 ] DEBUG InitAppTask          - Initializing Game
18:42:55.220 [FXGL Background Thread 1 ] DEBUG InitAppTask          - Initializing Physics
18:42:55.222 [FXGL Background Thread 1 ] DEBUG InitAppTask          - Initializing UI
18:42:55.222 [FXGL Background Thread 1 ] DEBUG AssetLoader          - Loading from disk: /assets/ui/login.fxml
18:42:56.322 [FXGL Background Thread 1 ] DEBUG AssetLoader          - Loading from disk: /assets/textures/ui/default.png
18:42:56.323 [FXGL Background Thread 1 ] DEBUG AssetLoader          - Loading from disk: /assets/ui/mainpanel.fxml
18:42:56.360 [FXGL Background Thread 1 ] DEBUG InitAppTask          - Initialization Complete
18:42:56.360 [FXGL Background Thread 1 ] INFO  InitAppTask          - Game initialization took: 1.176 sec
18:42:56.371 [JavaFX Application Thread] DEBUG Input                - Clearing active input actions
18:42:56.372 [JavaFX Application Thread] DEBUG AssetLoader          - Loading from disk: /assets/ui/css/fxgl_dark.css
18:42:56.391 [JavaFX Application Thread] DEBUG AppStateMachine      - LoadingState -> PlayState
18:43:08.764 [JavaFX Application Thread] DEBUG FXGL                 - Exiting FXGL
18:43:08.764 [JavaFX Application Thread] DEBUG FXGL                 - Shutting down background threads
18:43:08.765 [JavaFX Application Thread] INFO  Profiler             - Processed Frames: 844
18:43:08.765 [JavaFX Application Thread] INFO  Profiler             - Average FPS: 58
18:43:08.765 [JavaFX Application Thread] INFO  Profiler             - Avg Frame Took: 0.07 ms
18:43:08.765 [JavaFX Application Thread] INFO  Profiler             - Avg Memory Usage: 162 MB
18:43:08.766 [JavaFX Application Thread] INFO  Profiler             - Min Memory Usage: 19 MB
18:43:08.766 [JavaFX Application Thread] INFO  Profiler             - Max Memory Usage: 169 MB
18:43:08.766 [JavaFX Application Thread] INFO  Profiler             - Estimated GC runs: 1
18:43:08.766 [JavaFX Application Thread] DEBUG FXGL                 - Saving FXGL system data
18:43:08.769 [JavaFX Application Thread] DEBUG DesktopFSService     - Writing to: system/fxgl.bundle
18:43:08.772 [JavaFX Application Thread] DEBUG FXGL                 - Closing logger and exiting JavaFX
