19:18:07.481 [JavaFX Application Thread] DEBUG GameApplication      - Logger initialized
19:18:07.488 [JavaFX Application Thread] DEBUG MainWindow           - Creating a JavaFX scene
19:18:07.616 [JavaFX Application Thread] DEBUG MainWindow           - Target settings size: 1024.0 x 860.0
19:18:07.617 [JavaFX Application Thread] DEBUG MainWindow           - Scaled scene size:    1024.0 x 860.0
19:18:07.617 [JavaFX Application Thread] DEBUG MainWindow           - Scaled ratio: (1.0, 1.0)
19:18:07.623 [JavaFX Application Thread] DEBUG GameApplication      - Starting FXGL
19:18:07.628 [JavaFX Application Thread] INFO  FXGL                 - FXGL-0.5.3 on DESKTOP
19:18:07.628 [JavaFX Application Thread] INFO  FXGL                 - Source code and latest versions at: https://github.com/AlmasB/FXGL
19:18:07.629 [JavaFX Application Thread] INFO  FXGL                 -              Join the FXGL chat at: https://gitter.im/AlmasB/FXGL
19:18:07.638 [JavaFX Application Thread] DEBUG FS                   - Loaded DesktopFSService
19:18:07.639 [JavaFX Application Thread] DEBUG FXGL                 - Loading FXGL system data
19:18:07.647 [JavaFX Application Thread] DEBUG DesktopFSService     - Reading from: system/fxgl.bundle
19:18:07.657 [JavaFX Application Thread] DEBUG Bundle               - Logging bundle: FXGL
19:18:07.657 [JavaFX Application Thread] DEBUG Bundle               - FXGL.offline.timer.version.check=2019-01-16T00:48:31.803053
19:18:07.688 [JavaFX Application Thread] DEBUG GameApplication      - FXGL started
19:18:07.688 [JavaFX Application Thread] DEBUG GameApplication      - Logging game settings
Title: Basic Game App
Version: 0.0
Width: 1024
Height: 860
Fullscreen: false
Intro: false
Menus: false
Profiling: false
Single step:false
App Mode: DEVELOPER
Menu Key: ESCAPE
Stage Style: DECORATED
Scene Factory: class com.almasb.fxgl.scene.SceneFactory
Dialog Factory: class com.almasb.fxgl.ui.FXGLDialogFactory
UI Factory: class com.almasb.fxgl.ui.FXGLUIFactory
Notification Service: class com.almasb.fxgl.gameplay.notification.XboxNotificationView
Exception Handler: class com.almasb.fxgl.app.FXGLExceptionHandler
19:18:07.689 [JavaFX Application Thread] DEBUG GameApplication      - Configuring GameApplication
19:18:07.689 [JavaFX Application Thread] DEBUG GameApplication      - Initializing state machine and application states
19:18:07.704 [JavaFX Application Thread] DEBUG AssetLoader          - Loading from disk: /assets/ui/cursors/fxgl_default.png
19:18:07.734 [JavaFX Application Thread] DEBUG AssetLoader          - Loading from disk: /assets/ui/cursors/fxgl_default.png
19:18:07.770 [JavaFX Application Thread] DEBUG FXGLAssets           - Loading FXGLAssets
19:18:07.798 [JavaFX Application Thread] DEBUG AssetLoader          - Loading from disk: /assets/ui/fonts/VarelaRound-Regular.ttf
19:18:07.811 [JavaFX Application Thread] DEBUG AssetLoader          - Loading from disk: /assets/ui/fonts/lucida_console.ttf
19:18:07.813 [JavaFX Application Thread] DEBUG AssetLoader          - Loading from disk: /assets/ui/fonts/Courier-Prime.ttf
19:18:07.815 [JavaFX Application Thread] DEBUG AssetLoader          - Loading from disk: /assets/ui/fonts/Abel-Regular.ttf
19:18:07.817 [JavaFX Application Thread] DEBUG AssetLoader          - Loading from disk: /assets/ui/css/fxgl_dark.css
19:18:07.847 [JavaFX Application Thread] DEBUG AssetLoader          - Loading from disk: /assets/ui/cursors/fxgl_default.png
19:18:07.881 [JavaFX Application Thread] DEBUG AssetLoader          - Loading from disk: /assets/ui/cursors/fxgl_default.png
19:18:07.902 [JavaFX Application Thread] DEBUG GameScene            - Game scene initialized: 1024x860
19:18:07.905 [JavaFX Application Thread] DEBUG GameWorld            - Game world initialized
19:18:07.944 [JavaFX Application Thread] DEBUG PhysicsWorld         - Physics world initialized: appHeight=860, physics.ppm=50.0
19:18:07.963 [JavaFX Application Thread] DEBUG Input                - Registered new binding: Pause - Esc
19:18:07.979 [JavaFX Application Thread] DEBUG Input                - Clearing active input actions
19:18:08.023 [JavaFX Application Thread] DEBUG AppStateMachine      - StartupState -> StartupState
19:18:08.026 [JavaFX Application Thread] INFO  GameApplication      - Game configuration took:  0.337 sec
19:18:08.028 [JavaFX Application Thread] DEBUG AssetLoader          - Loading from disk: /assets/textures/fxgl_icon.png
19:18:08.043 [JavaFX Application Thread] DEBUG MainWindow           - Opening main window
19:18:08.108 [JavaFX Application Thread] DEBUG MainWindow           - Window border size: (0.0, 0.0)
19:18:08.108 [JavaFX Application Thread] DEBUG MainWindow           - Scaled size: 1024.0 x 860.0
19:18:08.108 [JavaFX Application Thread] DEBUG MainWindow           - Scaled ratio: (1.0, 1.0)
19:18:08.108 [JavaFX Application Thread] DEBUG MainWindow           - Scene size: 1024.0 x 860.0
19:18:08.108 [JavaFX Application Thread] DEBUG MainWindow           - Stage size: 1024.0 x 860.0
19:18:08.108 [JavaFX Application Thread] DEBUG GameApplication      - Running preInit()
19:18:08.110 [JavaFX Application Thread] DEBUG Input                - Registered new binding: Screenshot - P
19:18:08.110 [JavaFX Application Thread] DEBUG Input                - Registered new binding: Dev Options - CTRL+0
19:18:08.111 [JavaFX Application Thread] DEBUG Input                - Registered new binding: System info dump - CTRL+9
19:18:08.111 [JavaFX Application Thread] DEBUG Input                - Registered new binding: Restart - CTRL+R
19:18:08.140 [JavaFX Application Thread] DEBUG GameApplication      - Starting main loop
19:18:08.156 [JavaFX Application Thread] DEBUG StartupState         - STARTUP
19:18:08.156 [JavaFX Application Thread] DEBUG GameApplication      - Starting new game
19:18:08.157 [JavaFX Application Thread] DEBUG Input                - Clearing active input actions
19:18:08.166 [JavaFX Application Thread] DEBUG AppStateMachine      - StartupState -> LoadingState
19:18:08.172 [FXGL Background Thread 1 ] DEBUG InitAppTask          - Clearing previous game
19:18:08.172 [FXGL Background Thread 1 ] DEBUG GameWorld            - Clearing game world
19:18:08.172 [FXGL Background Thread 1 ] DEBUG PhysicsWorld         - Clearing physics world
19:18:08.173 [FXGL Background Thread 1 ] DEBUG GameScene            - Clearing game scene
19:18:08.174 [FXGL Background Thread 1 ] DEBUG InitAppTask          - Initializing Game
19:18:08.180 [FXGL Background Thread 1 ] DEBUG InitAppTask          - Initializing Physics
19:18:08.180 [FXGL Background Thread 1 ] DEBUG InitAppTask          - Initializing UI
19:18:08.181 [FXGL Background Thread 1 ] DEBUG AssetLoader          - Loading from disk: /assets/ui/login.fxml
19:18:08.264 [FXGL Background Thread 1 ] DEBUG InitAppTask          - Initialization Complete
19:18:08.264 [FXGL Background Thread 1 ] INFO  InitAppTask          - Game initialization took: 0.092 sec
19:18:08.297 [JavaFX Application Thread] DEBUG Input                - Clearing active input actions
19:18:08.307 [JavaFX Application Thread] DEBUG AppStateMachine      - LoadingState -> PlayState
19:18:25.538 [JavaFX Application Thread] DEBUG GameApplication      - Exiting game application
19:18:25.540 [JavaFX Application Thread] DEBUG GameApplication      - Shutting down background threads
19:18:25.541 [JavaFX Application Thread] DEBUG GameApplication      - Exiting FXGL
19:18:25.541 [JavaFX Application Thread] DEBUG FXGL                 - Saving FXGL system data
19:18:25.544 [JavaFX Application Thread] DEBUG DesktopFSService     - Writing to: system/fxgl.bundle
19:18:25.548 [JavaFX Application Thread] DEBUG GameApplication      - Closing logger and exiting JavaFX
