17:40:38.997 [JavaFX Application Thread] DEBUG GameApplication      - Logger initialized
17:40:39.003 [JavaFX Application Thread] DEBUG MainWindow           - Creating a JavaFX scene
17:40:39.130 [JavaFX Application Thread] DEBUG MainWindow           - Target settings size: 1200.0 x 980.0
17:40:39.130 [JavaFX Application Thread] DEBUG MainWindow           - Scaled scene size:    1200.0 x 980.0
17:40:39.130 [JavaFX Application Thread] DEBUG MainWindow           - Scaled ratio: (1.0, 1.0)
17:40:39.136 [JavaFX Application Thread] DEBUG GameApplication      - Starting FXGL
17:40:39.141 [JavaFX Application Thread] INFO  FXGL                 - FXGL-0.5.3 on DESKTOP
17:40:39.141 [JavaFX Application Thread] INFO  FXGL                 - Source code and latest versions at: https://github.com/AlmasB/FXGL
17:40:39.142 [JavaFX Application Thread] INFO  FXGL                 -              Join the FXGL chat at: https://gitter.im/AlmasB/FXGL
17:40:39.150 [JavaFX Application Thread] DEBUG FS                   - Loaded DesktopFSService
17:40:39.151 [JavaFX Application Thread] DEBUG FXGL                 - Loading FXGL system data
17:40:39.159 [JavaFX Application Thread] DEBUG DesktopFSService     - Reading from: system/fxgl.bundle
17:40:39.171 [JavaFX Application Thread] DEBUG Bundle               - Logging bundle: FXGL
17:40:39.172 [JavaFX Application Thread] DEBUG Bundle               - FXGL.offline.timer.version.check=2019-01-16T00:48:31.803053
17:40:39.195 [JavaFX Application Thread] DEBUG GameApplication      - FXGL started
17:40:39.195 [JavaFX Application Thread] DEBUG GameApplication      - Logging game settings
Title: Basic Game App
Version: 0.0
Width: 1200
Height: 980
Fullscreen: false
Intro: false
Menus: false
Profiling: false
Single step:false
App Mode: DEVELOPER
Menu Key: ESCAPE
Stage Style: DECORATED
Scene Factory: class com.almasb.fxgl.scene.SceneFactory
Dialog Factory: class com.almasb.fxgl.ui.FXGLDialogFactory
UI Factory: class com.almasb.fxgl.ui.FXGLUIFactory
Notification Service: class com.almasb.fxgl.gameplay.notification.XboxNotificationView
Exception Handler: class com.almasb.fxgl.app.FXGLExceptionHandler
17:40:39.196 [JavaFX Application Thread] DEBUG GameApplication      - Configuring GameApplication
17:40:39.196 [JavaFX Application Thread] DEBUG GameApplication      - Initializing state machine and application states
17:40:39.209 [JavaFX Application Thread] DEBUG AssetLoader          - Loading from disk: /assets/ui/cursors/fxgl_default.png
17:40:39.238 [JavaFX Application Thread] DEBUG AssetLoader          - Loading from disk: /assets/ui/cursors/fxgl_default.png
17:40:39.267 [JavaFX Application Thread] DEBUG FXGLAssets           - Loading FXGLAssets
17:40:39.291 [JavaFX Application Thread] DEBUG AssetLoader          - Loading from disk: /assets/ui/fonts/VarelaRound-Regular.ttf
17:40:39.304 [JavaFX Application Thread] DEBUG AssetLoader          - Loading from disk: /assets/ui/fonts/lucida_console.ttf
17:40:39.306 [JavaFX Application Thread] DEBUG AssetLoader          - Loading from disk: /assets/ui/fonts/Courier-Prime.ttf
17:40:39.308 [JavaFX Application Thread] DEBUG AssetLoader          - Loading from disk: /assets/ui/fonts/Abel-Regular.ttf
17:40:39.310 [JavaFX Application Thread] DEBUG AssetLoader          - Loading from disk: /assets/ui/css/fxgl_dark.css
17:40:39.338 [JavaFX Application Thread] DEBUG AssetLoader          - Loading from disk: /assets/ui/cursors/fxgl_default.png
17:40:39.373 [JavaFX Application Thread] DEBUG AssetLoader          - Loading from disk: /assets/ui/cursors/fxgl_default.png
17:40:39.394 [JavaFX Application Thread] DEBUG GameScene            - Game scene initialized: 1200x980
17:40:39.397 [JavaFX Application Thread] DEBUG GameWorld            - Game world initialized
17:40:39.435 [JavaFX Application Thread] DEBUG PhysicsWorld         - Physics world initialized: appHeight=980, physics.ppm=50.0
17:40:39.452 [JavaFX Application Thread] DEBUG Input                - Registered new binding: Pause - Esc
17:40:39.469 [JavaFX Application Thread] DEBUG Input                - Clearing active input actions
17:40:39.513 [JavaFX Application Thread] DEBUG AppStateMachine      - StartupState -> StartupState
17:40:39.516 [JavaFX Application Thread] INFO  GameApplication      - Game configuration took:  0.320 sec
17:40:39.518 [JavaFX Application Thread] DEBUG AssetLoader          - Loading from disk: /assets/textures/fxgl_icon.png
17:40:39.534 [JavaFX Application Thread] DEBUG MainWindow           - Opening main window
17:40:39.598 [JavaFX Application Thread] DEBUG MainWindow           - Window border size: (0.0, 0.0)
17:40:39.598 [JavaFX Application Thread] DEBUG MainWindow           - Scaled size: 1200.0 x 980.0
17:40:39.598 [JavaFX Application Thread] DEBUG MainWindow           - Scaled ratio: (1.0, 1.0)
17:40:39.598 [JavaFX Application Thread] DEBUG MainWindow           - Scene size: 1200.0 x 980.0
17:40:39.598 [JavaFX Application Thread] DEBUG MainWindow           - Stage size: 1200.0 x 980.0
17:40:39.598 [JavaFX Application Thread] DEBUG GameApplication      - Running preInit()
17:40:39.600 [JavaFX Application Thread] DEBUG Input                - Registered new binding: Screenshot - P
17:40:39.600 [JavaFX Application Thread] DEBUG Input                - Registered new binding: Dev Options - CTRL+0
17:40:39.601 [JavaFX Application Thread] DEBUG Input                - Registered new binding: System info dump - CTRL+9
17:40:39.601 [JavaFX Application Thread] DEBUG Input                - Registered new binding: Restart - CTRL+R
17:40:39.627 [JavaFX Application Thread] DEBUG GameApplication      - Starting main loop
17:40:39.648 [JavaFX Application Thread] DEBUG StartupState         - STARTUP
17:40:39.648 [JavaFX Application Thread] DEBUG GameApplication      - Starting new game
17:40:39.648 [JavaFX Application Thread] DEBUG Input                - Clearing active input actions
17:40:39.655 [JavaFX Application Thread] DEBUG AppStateMachine      - StartupState -> LoadingState
17:40:39.660 [FXGL Background Thread 1 ] DEBUG InitAppTask          - Clearing previous game
17:40:39.660 [FXGL Background Thread 1 ] DEBUG GameWorld            - Clearing game world
17:40:39.660 [FXGL Background Thread 1 ] DEBUG PhysicsWorld         - Clearing physics world
17:40:39.661 [FXGL Background Thread 1 ] DEBUG GameScene            - Clearing game scene
17:40:39.662 [FXGL Background Thread 1 ] DEBUG InitAppTask          - Initializing Game
17:40:39.667 [FXGL Background Thread 1 ] DEBUG InitAppTask          - Initializing Physics
17:40:39.667 [FXGL Background Thread 1 ] DEBUG InitAppTask          - Initializing UI
17:40:39.667 [FXGL Background Thread 1 ] DEBUG AssetLoader          - Loading from disk: /assets/ui/login.fxml
17:40:39.732 [FXGL Background Thread 1 ] DEBUG InitAppTask          - Initialization Complete
17:40:39.732 [FXGL Background Thread 1 ] INFO  InitAppTask          - Game initialization took: 0.072 sec
17:40:39.762 [JavaFX Application Thread] DEBUG Input                - Clearing active input actions
17:40:39.773 [JavaFX Application Thread] DEBUG AppStateMachine      - LoadingState -> PlayState
17:40:52.869 [JavaFX Application Thread] DEBUG GameApplication      - Exiting game application
17:40:52.870 [JavaFX Application Thread] DEBUG GameApplication      - Shutting down background threads
17:40:52.870 [JavaFX Application Thread] DEBUG GameApplication      - Exiting FXGL
17:40:52.871 [JavaFX Application Thread] DEBUG FXGL                 - Saving FXGL system data
17:40:52.874 [JavaFX Application Thread] DEBUG DesktopFSService     - Writing to: system/fxgl.bundle
17:40:52.877 [JavaFX Application Thread] DEBUG GameApplication      - Closing logger and exiting JavaFX
