14:12:09.048 [JavaFX Application Thread] DEBUG GameApplication      - Logger initialized
14:12:09.054 [JavaFX Application Thread] DEBUG MainWindow           - Creating a JavaFX scene
14:12:09.186 [JavaFX Application Thread] DEBUG MainWindow           - Target settings size: 860.0 x 600.0
14:12:09.187 [JavaFX Application Thread] DEBUG MainWindow           - Scaled scene size:    860.0 x 600.0
14:12:09.187 [JavaFX Application Thread] DEBUG MainWindow           - Scaled ratio: (1.0, 1.0)
14:12:09.193 [JavaFX Application Thread] DEBUG GameApplication      - Starting FXGL
14:12:09.198 [JavaFX Application Thread] INFO  FXGL                 - FXGL-0.5.3 on DESKTOP
14:12:09.198 [JavaFX Application Thread] INFO  FXGL                 - Source code and latest versions at: https://github.com/AlmasB/FXGL
14:12:09.198 [JavaFX Application Thread] INFO  FXGL                 -              Join the FXGL chat at: https://gitter.im/AlmasB/FXGL
14:12:09.205 [JavaFX Application Thread] DEBUG FS                   - Loaded DesktopFSService
14:12:09.205 [JavaFX Application Thread] DEBUG FXGL                 - Loading FXGL system data
14:12:09.211 [JavaFX Application Thread] DEBUG DesktopFSService     - Reading from: system/fxgl.bundle
14:12:09.218 [JavaFX Application Thread] DEBUG Bundle               - Logging bundle: FXGL
14:12:09.219 [JavaFX Application Thread] DEBUG Bundle               - FXGL.offline.timer.version.check=2019-03-01T19:05:40.352
14:12:09.253 [JavaFX Application Thread] DEBUG GameApplication      - FXGL started
14:12:09.253 [JavaFX Application Thread] DEBUG GameApplication      - Logging game settings
Title: Alpha
Version: 0.0
Width: 860
Height: 600
Fullscreen: false
Intro: false
Menus: false
Profiling: false
Single step:false
App Mode: DEVELOPER
Menu Key: ESCAPE
Stage Style: DECORATED
Scene Factory: class com.almasb.fxgl.scene.SceneFactory
Dialog Factory: class com.almasb.fxgl.ui.FXGLDialogFactory
UI Factory: class com.almasb.fxgl.ui.FXGLUIFactory
Notification Service: class com.almasb.fxgl.gameplay.notification.XboxNotificationView
Exception Handler: class com.almasb.fxgl.app.FXGLExceptionHandler
14:12:09.254 [JavaFX Application Thread] DEBUG GameApplication      - Configuring GameApplication
14:12:09.254 [JavaFX Application Thread] DEBUG GameApplication      - Initializing state machine and application states
14:12:09.270 [JavaFX Application Thread] DEBUG AssetLoader          - Loading from disk: /assets/ui/cursors/fxgl_default.png
14:12:09.293 [JavaFX Application Thread] DEBUG AssetLoader          - Loading from disk: /assets/ui/cursors/fxgl_default.png
14:12:09.322 [JavaFX Application Thread] DEBUG FXGLAssets           - Loading FXGLAssets
14:12:09.347 [JavaFX Application Thread] DEBUG AssetLoader          - Loading from disk: /assets/ui/fonts/VarelaRound-Regular.ttf
14:12:09.364 [JavaFX Application Thread] DEBUG AssetLoader          - Loading from disk: /assets/ui/fonts/lucida_console.ttf
14:12:09.366 [JavaFX Application Thread] DEBUG AssetLoader          - Loading from disk: /assets/ui/fonts/Courier-Prime.ttf
14:12:09.369 [JavaFX Application Thread] DEBUG AssetLoader          - Loading from disk: /assets/ui/fonts/Abel-Regular.ttf
14:12:09.371 [JavaFX Application Thread] DEBUG AssetLoader          - Loading from disk: /assets/ui/css/fxgl_dark.css
14:12:09.399 [JavaFX Application Thread] DEBUG AssetLoader          - Loading from disk: /assets/ui/cursors/fxgl_default.png
14:12:09.432 [JavaFX Application Thread] DEBUG AssetLoader          - Loading from disk: /assets/ui/cursors/fxgl_default.png
14:12:09.453 [JavaFX Application Thread] DEBUG GameScene            - Game scene initialized: 860x600
14:12:09.456 [JavaFX Application Thread] DEBUG GameWorld            - Game world initialized
14:12:09.494 [JavaFX Application Thread] DEBUG PhysicsWorld         - Physics world initialized: appHeight=600, physics.ppm=50.0
14:12:09.510 [JavaFX Application Thread] DEBUG Input                - Registered new binding: Pause - Esc
14:12:09.528 [JavaFX Application Thread] DEBUG Input                - Clearing active input actions
14:12:09.576 [JavaFX Application Thread] DEBUG AppStateMachine      - StartupState -> StartupState
14:12:09.580 [JavaFX Application Thread] INFO  GameApplication      - Game configuration took:  0.325 sec
14:12:09.582 [JavaFX Application Thread] DEBUG AssetLoader          - Loading from disk: /assets/textures/fxgl_icon.png
14:12:09.599 [JavaFX Application Thread] DEBUG MainWindow           - Opening main window
14:12:09.675 [JavaFX Application Thread] DEBUG MainWindow           - Window border size: (0.0, 0.0)
14:12:09.675 [JavaFX Application Thread] DEBUG MainWindow           - Scaled size: 860.0 x 600.0
14:12:09.675 [JavaFX Application Thread] DEBUG MainWindow           - Scaled ratio: (1.0, 1.0)
14:12:09.676 [JavaFX Application Thread] DEBUG MainWindow           - Scene size: 860.0 x 600.0
14:12:09.676 [JavaFX Application Thread] DEBUG MainWindow           - Stage size: 860.0 x 600.0
14:12:09.676 [JavaFX Application Thread] DEBUG GameApplication      - Running preInit()
14:12:09.678 [JavaFX Application Thread] DEBUG Input                - Registered new binding: Screenshot - P
14:12:09.678 [JavaFX Application Thread] DEBUG Input                - Registered new binding: Dev Options - CTRL+0
14:12:09.679 [JavaFX Application Thread] DEBUG Input                - Registered new binding: System info dump - CTRL+9
14:12:09.679 [JavaFX Application Thread] DEBUG Input                - Registered new binding: Restart - CTRL+R
14:12:09.680 [JavaFX Application Thread] DEBUG Input                - Registered new binding: Up 1 - W
14:12:09.680 [JavaFX Application Thread] DEBUG Input                - Registered new binding: Down 1 - S
14:12:09.680 [JavaFX Application Thread] DEBUG Input                - Registered new binding: Right 1 - D
14:12:09.680 [JavaFX Application Thread] DEBUG Input                - Registered new binding: Left 1 - A
14:12:09.681 [JavaFX Application Thread] DEBUG Input                - Registered new binding: Click - LMB
14:12:09.681 [JavaFX Application Thread] DEBUG Input                - Registered new binding: Rightclick - RMB
14:12:09.682 [JavaFX Application Thread] DEBUG Input                - Registered new binding: Tab - Tab
14:12:09.711 [JavaFX Application Thread] DEBUG GameApplication      - Starting main loop
14:12:09.727 [JavaFX Application Thread] DEBUG StartupState         - STARTUP
14:12:09.727 [JavaFX Application Thread] DEBUG GameApplication      - Starting new game
14:12:09.727 [JavaFX Application Thread] DEBUG Input                - Clearing active input actions
14:12:09.734 [JavaFX Application Thread] DEBUG AppStateMachine      - StartupState -> LoadingState
14:12:09.738 [FXGL Background Thread 1 ] DEBUG InitAppTask          - Clearing previous game
14:12:09.738 [FXGL Background Thread 1 ] DEBUG GameWorld            - Clearing game world
14:12:09.739 [FXGL Background Thread 1 ] DEBUG PhysicsWorld         - Clearing physics world
14:12:09.739 [FXGL Background Thread 1 ] DEBUG GameScene            - Clearing game scene
14:12:09.740 [FXGL Background Thread 1 ] DEBUG InitAppTask          - Initializing Game
14:12:09.744 [FXGL Background Thread 1 ] DEBUG InitAppTask          - Initializing Physics
14:12:09.746 [FXGL Background Thread 1 ] DEBUG InitAppTask          - Initializing UI
14:12:09.746 [FXGL Background Thread 1 ] DEBUG AssetLoader          - Loading from disk: /assets/ui/login.fxml
14:12:10.796 [FXGL Background Thread 1 ] DEBUG AssetLoader          - Loading from disk: /assets/textures/ui/default.png
14:12:10.798 [FXGL Background Thread 1 ] DEBUG AssetLoader          - Loading from disk: /assets/ui/mainpanel.fxml
14:12:10.831 [FXGL Background Thread 1 ] DEBUG InitAppTask          - Initialization Complete
14:12:10.832 [FXGL Background Thread 1 ] INFO  InitAppTask          - Game initialization took: 1.093 sec
14:12:10.846 [JavaFX Application Thread] DEBUG Input                - Clearing active input actions
14:12:10.861 [JavaFX Application Thread] DEBUG AppStateMachine      - LoadingState -> PlayState
14:12:11.597 [JavaFX Application Thread] DEBUG GameApplication      - Exiting game application
14:12:11.598 [JavaFX Application Thread] DEBUG GameApplication      - Shutting down background threads
14:12:11.599 [JavaFX Application Thread] DEBUG GameApplication      - Exiting FXGL
14:12:11.599 [JavaFX Application Thread] DEBUG FXGL                 - Saving FXGL system data
14:12:11.602 [JavaFX Application Thread] DEBUG DesktopFSService     - Writing to: system/fxgl.bundle
14:12:11.606 [JavaFX Application Thread] DEBUG GameApplication      - Closing logger and exiting JavaFX
