14:28:53.673 [JavaFX Application Thread] DEBUG GameApplication      - Logger initialized
14:28:53.680 [JavaFX Application Thread] DEBUG MainWindow           - Creating a JavaFX scene
14:28:53.817 [JavaFX Application Thread] DEBUG MainWindow           - Target settings size: 1024.0 x 860.0
14:28:53.817 [JavaFX Application Thread] DEBUG MainWindow           - Scaled scene size:    1024.0 x 860.0
14:28:53.818 [JavaFX Application Thread] DEBUG MainWindow           - Scaled ratio: (1.0, 1.0)
14:28:53.826 [JavaFX Application Thread] DEBUG GameApplication      - Starting FXGL
14:28:53.832 [JavaFX Application Thread] INFO  FXGL                 - FXGL-0.5.3 on DESKTOP
14:28:53.832 [JavaFX Application Thread] INFO  FXGL                 - Source code and latest versions at: https://github.com/AlmasB/FXGL
14:28:53.833 [JavaFX Application Thread] INFO  FXGL                 -              Join the FXGL chat at: https://gitter.im/AlmasB/FXGL
14:28:53.841 [JavaFX Application Thread] DEBUG FS                   - Loaded DesktopFSService
14:28:53.842 [JavaFX Application Thread] DEBUG FXGL                 - Loading FXGL system data
14:28:53.847 [JavaFX Application Thread] DEBUG DesktopFSService     - Reading from: system/fxgl.bundle
14:28:53.857 [JavaFX Application Thread] DEBUG Bundle               - Logging bundle: FXGL
14:28:53.858 [JavaFX Application Thread] DEBUG Bundle               - FXGL.offline.timer.version.check=2019-01-23T12:24:56.214
14:28:53.883 [JavaFX Application Thread] DEBUG GameApplication      - FXGL started
14:28:53.883 [JavaFX Application Thread] DEBUG GameApplication      - Logging game settings
Title: Basic Game App
Version: 0.0
Width: 1024
Height: 860
Fullscreen: false
Intro: false
Menus: false
Profiling: false
Single step:false
App Mode: DEVELOPER
Menu Key: ESCAPE
Stage Style: DECORATED
Scene Factory: class com.almasb.fxgl.scene.SceneFactory
Dialog Factory: class com.almasb.fxgl.ui.FXGLDialogFactory
UI Factory: class com.almasb.fxgl.ui.FXGLUIFactory
Notification Service: class com.almasb.fxgl.gameplay.notification.XboxNotificationView
Exception Handler: class com.almasb.fxgl.app.FXGLExceptionHandler
14:28:53.884 [JavaFX Application Thread] DEBUG GameApplication      - Configuring GameApplication
14:28:53.884 [JavaFX Application Thread] DEBUG GameApplication      - Initializing state machine and application states
14:28:53.906 [JavaFX Application Thread] DEBUG AssetLoader          - Loading from disk: /assets/ui/cursors/fxgl_default.png
14:28:53.928 [JavaFX Application Thread] DEBUG AssetLoader          - Loading from disk: /assets/ui/cursors/fxgl_default.png
14:28:53.959 [JavaFX Application Thread] DEBUG FXGLAssets           - Loading FXGLAssets
14:28:53.984 [JavaFX Application Thread] DEBUG AssetLoader          - Loading from disk: /assets/ui/fonts/VarelaRound-Regular.ttf
14:28:53.996 [JavaFX Application Thread] DEBUG AssetLoader          - Loading from disk: /assets/ui/fonts/lucida_console.ttf
14:28:53.999 [JavaFX Application Thread] DEBUG AssetLoader          - Loading from disk: /assets/ui/fonts/Courier-Prime.ttf
14:28:54.001 [JavaFX Application Thread] DEBUG AssetLoader          - Loading from disk: /assets/ui/fonts/Abel-Regular.ttf
14:28:54.002 [JavaFX Application Thread] DEBUG AssetLoader          - Loading from disk: /assets/ui/css/fxgl_dark.css
14:28:54.032 [JavaFX Application Thread] DEBUG AssetLoader          - Loading from disk: /assets/ui/cursors/fxgl_default.png
14:28:54.067 [JavaFX Application Thread] DEBUG AssetLoader          - Loading from disk: /assets/ui/cursors/fxgl_default.png
14:28:54.087 [JavaFX Application Thread] DEBUG GameScene            - Game scene initialized: 1024x860
14:28:54.090 [JavaFX Application Thread] DEBUG GameWorld            - Game world initialized
14:28:54.128 [JavaFX Application Thread] DEBUG PhysicsWorld         - Physics world initialized: appHeight=860, physics.ppm=50.0
14:28:54.145 [JavaFX Application Thread] DEBUG Input                - Registered new binding: Pause - Esc
14:28:54.162 [JavaFX Application Thread] DEBUG Input                - Clearing active input actions
14:28:54.204 [JavaFX Application Thread] DEBUG AppStateMachine      - StartupState -> StartupState
14:28:54.208 [JavaFX Application Thread] INFO  GameApplication      - Game configuration took:  0.324 sec
14:28:54.210 [JavaFX Application Thread] DEBUG AssetLoader          - Loading from disk: /assets/textures/fxgl_icon.png
14:28:54.228 [JavaFX Application Thread] DEBUG MainWindow           - Opening main window
14:28:54.298 [JavaFX Application Thread] DEBUG MainWindow           - Window border size: (0.0, 0.0)
14:28:54.298 [JavaFX Application Thread] DEBUG MainWindow           - Scaled size: 1024.0 x 860.0
14:28:54.298 [JavaFX Application Thread] DEBUG MainWindow           - Scaled ratio: (1.0, 1.0)
14:28:54.298 [JavaFX Application Thread] DEBUG MainWindow           - Scene size: 1024.0 x 860.0
14:28:54.298 [JavaFX Application Thread] DEBUG MainWindow           - Stage size: 1024.0 x 860.0
14:28:54.299 [JavaFX Application Thread] DEBUG GameApplication      - Running preInit()
14:28:54.300 [JavaFX Application Thread] DEBUG Input                - Registered new binding: Screenshot - P
14:28:54.301 [JavaFX Application Thread] DEBUG Input                - Registered new binding: Dev Options - CTRL+0
14:28:54.302 [JavaFX Application Thread] DEBUG Input                - Registered new binding: System info dump - CTRL+9
14:28:54.302 [JavaFX Application Thread] DEBUG Input                - Registered new binding: Restart - CTRL+R
14:28:54.303 [JavaFX Application Thread] DEBUG Input                - Registered new binding: Up 1 - W
14:28:54.303 [JavaFX Application Thread] DEBUG Input                - Registered new binding: Down 1 - S
14:28:54.303 [JavaFX Application Thread] DEBUG Input                - Registered new binding: Right 1 - D
14:28:54.303 [JavaFX Application Thread] DEBUG Input                - Registered new binding: Left 1 - A
14:28:54.330 [JavaFX Application Thread] DEBUG GameApplication      - Starting main loop
14:28:54.341 [JavaFX Application Thread] DEBUG StartupState         - STARTUP
14:28:54.341 [JavaFX Application Thread] DEBUG GameApplication      - Starting new game
14:28:54.341 [JavaFX Application Thread] DEBUG Input                - Clearing active input actions
14:28:54.351 [JavaFX Application Thread] DEBUG AppStateMachine      - StartupState -> LoadingState
14:28:54.356 [FXGL Background Thread 1 ] DEBUG InitAppTask          - Clearing previous game
14:28:54.356 [FXGL Background Thread 1 ] DEBUG GameWorld            - Clearing game world
14:28:54.356 [FXGL Background Thread 1 ] DEBUG PhysicsWorld         - Clearing physics world
14:28:54.357 [FXGL Background Thread 1 ] DEBUG GameScene            - Clearing game scene
14:28:54.358 [FXGL Background Thread 1 ] DEBUG InitAppTask          - Initializing Game
14:28:54.362 [FXGL Background Thread 1 ] DEBUG InitAppTask          - Initializing Physics
14:28:54.363 [FXGL Background Thread 1 ] DEBUG InitAppTask          - Initializing UI
14:28:54.363 [FXGL Background Thread 1 ] DEBUG AssetLoader          - Loading from disk: /assets/ui/login.fxml
14:28:54.432 [FXGL Background Thread 1 ] DEBUG InitAppTask          - Initialization Complete
14:28:54.432 [FXGL Background Thread 1 ] INFO  InitAppTask          - Game initialization took: 0.076 sec
14:28:54.456 [JavaFX Application Thread] DEBUG Input                - Clearing active input actions
14:28:54.466 [JavaFX Application Thread] DEBUG AppStateMachine      - LoadingState -> PlayState
14:29:03.557 [JavaFX Application Thread] DEBUG GameApplication      - Exiting game application
14:29:03.559 [JavaFX Application Thread] DEBUG GameApplication      - Shutting down background threads
14:29:03.559 [JavaFX Application Thread] DEBUG GameApplication      - Exiting FXGL
14:29:03.559 [JavaFX Application Thread] DEBUG FXGL                 - Saving FXGL system data
14:29:03.562 [JavaFX Application Thread] DEBUG DesktopFSService     - Writing to: system/fxgl.bundle
14:29:03.566 [JavaFX Application Thread] DEBUG GameApplication      - Closing logger and exiting JavaFX
