18:29:39.440 [JavaFX Application Thread] DEBUG GameApplication      - Logger initialized
18:29:39.445 [JavaFX Application Thread] DEBUG GameApplication      - Logging settings
Title: Basic Game App
Version: 0.0
Width: 800
Height: 600
Fullscreen: false
Intro: false
Menus: false
Profiling: false
Single step:false
App Mode: DEVELOPER
Menu Key: ESCAPE
Stage Style: DECORATED
Scene Factory: class com.almasb.fxgl.scene.SceneFactory
Dialog Factory: class com.almasb.fxgl.ui.FXGLDialogFactory
UI Factory: class com.almasb.fxgl.ui.FXGLUIFactory
Notification Service: class com.almasb.fxgl.gameplay.notification.XboxNotificationView
Exception Handler: class com.almasb.fxgl.app.FXGLExceptionHandler
18:29:39.446 [JavaFX Application Thread] DEBUG GameApplication      - Starting FXGL
18:29:39.462 [JavaFX Application Thread] INFO  FXGL                 - FXGL-0.5.4 on DESKTOP
18:29:39.463 [JavaFX Application Thread] INFO  FXGL                 - Source code and latest versions at: https://github.com/AlmasB/FXGL
18:29:39.463 [JavaFX Application Thread] INFO  FXGL                 -              Join the FXGL chat at: https://gitter.im/AlmasB/FXGL
18:29:39.463 [JavaFX Application Thread] DEBUG FXGL                 - FXGL started
18:29:39.464 [JavaFX Application Thread] DEBUG FXGL                 - Initializing FXGL
18:29:39.531 [JavaFX Application Thread] DEBUG AssetLoader          - Loading from disk: /assets/ui/cursors/fxgl_default.png
18:29:39.652 [JavaFX Application Thread] DEBUG AssetLoader          - Loading from disk: /assets/ui/fonts/VarelaRound-Regular.ttf
18:29:39.738 [JavaFX Application Thread] DEBUG MainWindow           - Creating a JavaFX scene
18:29:39.808 [JavaFX Application Thread] DEBUG MainWindow           - Target settings size: 800.0 x 600.0
18:29:39.808 [JavaFX Application Thread] DEBUG MainWindow           - Scaled scene size:    800.0 x 600.0
18:29:39.814 [JavaFX Application Thread] DEBUG MainWindow           - Scaled ratio: (1.0, 1.0)
18:29:39.818 [JavaFX Application Thread] DEBUG AssetLoader          - Loading from disk: /assets/ui/css/fxgl_dark.css
18:29:39.823 [JavaFX Application Thread] DEBUG AssetLoader          - Loading from disk: /assets/textures/fxgl_icon.png
18:29:39.875 [JavaFX Application Thread] DEBUG MainWindow           - Opening main window
18:29:40.116 [JavaFX Application Thread] DEBUG MainWindow           - Window border size: (2.0, 31.0)
18:29:40.117 [JavaFX Application Thread] DEBUG MainWindow           - Scaled size: 800.0 x 600.0
18:29:40.118 [JavaFX Application Thread] DEBUG MainWindow           - Scaled ratio: (1.0, 1.0)
18:29:40.120 [JavaFX Application Thread] DEBUG MainWindow           - Scene size: 800.0 x 600.0
18:29:40.121 [JavaFX Application Thread] DEBUG MainWindow           - Stage size: 802.0 x 631.0
18:29:40.180 [ForkJoinPool.commonPool-worker-3] DEBUG FS                   - Loaded DesktopFSService
18:29:40.180 [ForkJoinPool.commonPool-worker-3] DEBUG FXGL                 - Loading FXGL system data
18:29:40.196 [ForkJoinPool.commonPool-worker-3] DEBUG DesktopFSService     - Reading from: system/fxgl.bundle
18:29:40.207 [ForkJoinPool.commonPool-worker-3] DEBUG Bundle               - Logging bundle: FXGL
18:29:40.208 [ForkJoinPool.commonPool-worker-3] DEBUG Bundle               - FXGL.offline.timer.version.check=2018-12-29T13:45:18.325397
18:29:40.209 [ForkJoinPool.commonPool-worker-3] DEBUG FXGL                 - Initializing state machine and application states
18:29:40.211 [ForkJoinPool.commonPool-worker-3] DEBUG AssetLoader          - Loading from disk: /assets/ui/cursors/fxgl_default.png
18:29:40.220 [ForkJoinPool.commonPool-worker-3] DEBUG AssetLoader          - Loading from disk: /assets/ui/cursors/fxgl_default.png
18:29:40.240 [ForkJoinPool.commonPool-worker-3] DEBUG AssetLoader          - Loading from cache: /assets/ui/fonts/VarelaRound-Regular.ttf
18:29:40.244 [ForkJoinPool.commonPool-worker-3] DEBUG AssetLoader          - Loading from disk: /assets/ui/cursors/fxgl_default.png
18:29:40.250 [ForkJoinPool.commonPool-worker-3] DEBUG GameScene            - Game scene initialized: 800x600
18:29:40.256 [ForkJoinPool.commonPool-worker-3] DEBUG GameWorld            - Game world initialized
18:29:40.325 [ForkJoinPool.commonPool-worker-3] DEBUG PhysicsWorld         - Physics world initialized: appHeight=600, physics.ppm=50.0
18:29:40.348 [ForkJoinPool.commonPool-worker-3] DEBUG Input                - Registered new binding: Pause - Esc
18:29:40.425 [JavaFX Application Thread] DEBUG FXGL                 - Running preInit()
18:29:40.427 [JavaFX Application Thread] DEBUG Input                - Registered new binding: Screenshot - P
18:29:40.428 [JavaFX Application Thread] DEBUG Input                - Registered new binding: Dev Options - CTRL+0
18:29:40.429 [JavaFX Application Thread] DEBUG Input                - Registered new binding: System info dump - CTRL+9
18:29:40.430 [JavaFX Application Thread] DEBUG Input                - Registered new binding: Restart - CTRL+R
18:29:40.430 [JavaFX Application Thread] INFO  FXGL                 - FXGL initialization took: 0.966 sec
18:29:40.431 [JavaFX Application Thread] DEBUG LoopRunner           - Starting loop
18:29:40.434 [JavaFX Application Thread] DEBUG StartupState         - STARTUP
18:29:40.434 [JavaFX Application Thread] DEBUG GameApplication      - Starting new game
18:29:40.434 [JavaFX Application Thread] DEBUG Input                - Clearing active input actions
18:29:40.435 [JavaFX Application Thread] DEBUG AssetLoader          - Loading from disk: /assets/ui/css/fxgl_dark.css
18:29:40.448 [JavaFX Application Thread] DEBUG AppStateMachine      - StartupState -> LoadingState
18:29:40.456 [FXGL Background Thread 1 ] DEBUG InitAppTask          - Clearing previous game
18:29:40.457 [FXGL Background Thread 1 ] DEBUG GameWorld            - Clearing game world
18:29:40.459 [FXGL Background Thread 1 ] DEBUG PhysicsWorld         - Clearing physics world
18:29:40.463 [FXGL Background Thread 1 ] DEBUG GameScene            - Clearing game scene
18:29:40.466 [FXGL Background Thread 1 ] DEBUG InitAppTask          - Initializing Game
18:29:40.485 [FXGL Background Thread 1 ] DEBUG InitAppTask          - Initializing Physics
18:29:40.485 [FXGL Background Thread 1 ] DEBUG InitAppTask          - Initializing UI
18:29:40.486 [FXGL Background Thread 1 ] DEBUG AssetLoader          - Loading from disk: /assets/ui/login.fxml
18:29:40.639 [FXGL Background Thread 1 ] DEBUG InitAppTask          - Initialization Complete
18:29:40.641 [FXGL Background Thread 1 ] INFO  InitAppTask          - Game initialization took: 0.185 sec
18:29:40.655 [JavaFX Application Thread] DEBUG Input                - Clearing active input actions
18:29:40.655 [JavaFX Application Thread] DEBUG AssetLoader          - Loading from disk: /assets/ui/css/fxgl_dark.css
18:29:40.676 [JavaFX Application Thread] DEBUG AppStateMachine      - LoadingState -> PlayState
18:29:49.422 [JavaFX Application Thread] DEBUG FXGL                 - Exiting FXGL
18:29:49.423 [JavaFX Application Thread] DEBUG FXGL                 - Shutting down background threads
18:29:49.424 [JavaFX Application Thread] DEBUG FXGL                 - Saving FXGL system data
18:29:49.431 [JavaFX Application Thread] DEBUG DesktopFSService     - Writing to: system/fxgl.bundle
18:29:49.444 [JavaFX Application Thread] DEBUG FXGL                 - Closing logger and exiting JavaFX
