11:26:03.682 [JavaFX Application Thread] DEBUG GameApplication      - Logger initialized
11:26:03.690 [JavaFX Application Thread] DEBUG MainWindow           - Creating a JavaFX scene
11:26:03.840 [JavaFX Application Thread] DEBUG MainWindow           - Target settings size: 860.0 x 600.0
11:26:03.840 [JavaFX Application Thread] DEBUG MainWindow           - Scaled scene size:    860.0 x 600.0
11:26:03.840 [JavaFX Application Thread] DEBUG MainWindow           - Scaled ratio: (1.0, 1.0)
11:26:03.848 [JavaFX Application Thread] DEBUG GameApplication      - Starting FXGL
11:26:03.854 [JavaFX Application Thread] INFO  FXGL                 - FXGL-0.5.3 on DESKTOP
11:26:03.855 [JavaFX Application Thread] INFO  FXGL                 - Source code and latest versions at: https://github.com/AlmasB/FXGL
11:26:03.855 [JavaFX Application Thread] INFO  FXGL                 -              Join the FXGL chat at: https://gitter.im/AlmasB/FXGL
11:26:03.864 [JavaFX Application Thread] DEBUG FS                   - Loaded DesktopFSService
11:26:03.865 [JavaFX Application Thread] DEBUG FXGL                 - Loading FXGL system data
11:26:03.873 [JavaFX Application Thread] DEBUG DesktopFSService     - Reading from: system/fxgl.bundle
11:26:03.884 [JavaFX Application Thread] DEBUG Bundle               - Logging bundle: FXGL
11:26:03.885 [JavaFX Application Thread] DEBUG Bundle               - FXGL.offline.timer.version.check=2019-02-21T16:31:03.317
11:26:03.922 [JavaFX Application Thread] DEBUG GameApplication      - FXGL started
11:26:03.923 [JavaFX Application Thread] DEBUG GameApplication      - Logging game settings
Title: Alpha
Version: 0.0
Width: 860
Height: 600
Fullscreen: false
Intro: false
Menus: false
Profiling: false
Single step:false
App Mode: DEVELOPER
Menu Key: ESCAPE
Stage Style: DECORATED
Scene Factory: class com.almasb.fxgl.scene.SceneFactory
Dialog Factory: class com.almasb.fxgl.ui.FXGLDialogFactory
UI Factory: class com.almasb.fxgl.ui.FXGLUIFactory
Notification Service: class com.almasb.fxgl.gameplay.notification.XboxNotificationView
Exception Handler: class com.almasb.fxgl.app.FXGLExceptionHandler
11:26:03.923 [JavaFX Application Thread] DEBUG GameApplication      - Configuring GameApplication
11:26:03.924 [JavaFX Application Thread] DEBUG GameApplication      - Initializing state machine and application states
11:26:03.936 [JavaFX Application Thread] DEBUG AssetLoader          - Loading from disk: /assets/ui/cursors/fxgl_default.png
11:26:03.964 [JavaFX Application Thread] DEBUG AssetLoader          - Loading from disk: /assets/ui/cursors/fxgl_default.png
11:26:03.998 [JavaFX Application Thread] DEBUG FXGLAssets           - Loading FXGLAssets
11:26:04.022 [JavaFX Application Thread] DEBUG AssetLoader          - Loading from disk: /assets/ui/fonts/VarelaRound-Regular.ttf
11:26:04.036 [JavaFX Application Thread] DEBUG AssetLoader          - Loading from disk: /assets/ui/fonts/lucida_console.ttf
11:26:04.038 [JavaFX Application Thread] DEBUG AssetLoader          - Loading from disk: /assets/ui/fonts/Courier-Prime.ttf
11:26:04.040 [JavaFX Application Thread] DEBUG AssetLoader          - Loading from disk: /assets/ui/fonts/Abel-Regular.ttf
11:26:04.042 [JavaFX Application Thread] DEBUG AssetLoader          - Loading from disk: /assets/ui/css/fxgl_dark.css
11:26:04.074 [JavaFX Application Thread] DEBUG AssetLoader          - Loading from disk: /assets/ui/cursors/fxgl_default.png
11:26:04.110 [JavaFX Application Thread] DEBUG AssetLoader          - Loading from disk: /assets/ui/cursors/fxgl_default.png
11:26:04.131 [JavaFX Application Thread] DEBUG GameScene            - Game scene initialized: 860x600
11:26:04.135 [JavaFX Application Thread] DEBUG GameWorld            - Game world initialized
11:26:04.175 [JavaFX Application Thread] DEBUG PhysicsWorld         - Physics world initialized: appHeight=600, physics.ppm=50.0
11:26:04.192 [JavaFX Application Thread] DEBUG Input                - Registered new binding: Pause - Esc
11:26:04.210 [JavaFX Application Thread] DEBUG Input                - Clearing active input actions
11:26:04.257 [JavaFX Application Thread] DEBUG AppStateMachine      - StartupState -> StartupState
11:26:04.260 [JavaFX Application Thread] INFO  GameApplication      - Game configuration took:  0.336 sec
11:26:04.261 [JavaFX Application Thread] DEBUG AssetLoader          - Loading from disk: /assets/textures/fxgl_icon.png
11:26:04.276 [JavaFX Application Thread] DEBUG MainWindow           - Opening main window
11:26:04.355 [JavaFX Application Thread] DEBUG MainWindow           - Window border size: (0.0, 0.0)
11:26:04.355 [JavaFX Application Thread] DEBUG MainWindow           - Scaled size: 860.0 x 600.0
11:26:04.356 [JavaFX Application Thread] DEBUG MainWindow           - Scaled ratio: (1.0, 1.0)
11:26:04.356 [JavaFX Application Thread] DEBUG MainWindow           - Scene size: 860.0 x 600.0
11:26:04.356 [JavaFX Application Thread] DEBUG MainWindow           - Stage size: 860.0 x 600.0
11:26:04.356 [JavaFX Application Thread] DEBUG GameApplication      - Running preInit()
11:26:04.358 [JavaFX Application Thread] DEBUG Input                - Registered new binding: Screenshot - P
11:26:04.358 [JavaFX Application Thread] DEBUG Input                - Registered new binding: Dev Options - CTRL+0
11:26:04.358 [JavaFX Application Thread] DEBUG Input                - Registered new binding: System info dump - CTRL+9
11:26:04.359 [JavaFX Application Thread] DEBUG Input                - Registered new binding: Restart - CTRL+R
11:26:04.359 [JavaFX Application Thread] DEBUG Input                - Registered new binding: Up 1 - W
11:26:04.359 [JavaFX Application Thread] DEBUG Input                - Registered new binding: Down 1 - S
11:26:04.359 [JavaFX Application Thread] DEBUG Input                - Registered new binding: Right 1 - D
11:26:04.360 [JavaFX Application Thread] DEBUG Input                - Registered new binding: Left 1 - A
11:26:04.360 [JavaFX Application Thread] DEBUG Input                - Registered new binding: Tab - Tab
11:26:04.387 [JavaFX Application Thread] DEBUG GameApplication      - Starting main loop
11:26:04.405 [JavaFX Application Thread] DEBUG StartupState         - STARTUP
11:26:04.405 [JavaFX Application Thread] DEBUG GameApplication      - Starting new game
11:26:04.405 [JavaFX Application Thread] DEBUG Input                - Clearing active input actions
11:26:04.412 [JavaFX Application Thread] DEBUG AppStateMachine      - StartupState -> LoadingState
11:26:04.417 [FXGL Background Thread 1 ] DEBUG InitAppTask          - Clearing previous game
11:26:04.417 [FXGL Background Thread 1 ] DEBUG GameWorld            - Clearing game world
11:26:04.417 [FXGL Background Thread 1 ] DEBUG PhysicsWorld         - Clearing physics world
11:26:04.418 [FXGL Background Thread 1 ] DEBUG GameScene            - Clearing game scene
11:26:04.419 [FXGL Background Thread 1 ] DEBUG InitAppTask          - Initializing Game
11:26:04.423 [FXGL Background Thread 1 ] DEBUG InitAppTask          - Initializing Physics
11:26:04.425 [FXGL Background Thread 1 ] DEBUG InitAppTask          - Initializing UI
11:26:04.425 [FXGL Background Thread 1 ] DEBUG AssetLoader          - Loading from disk: /assets/ui/login.fxml
11:26:05.509 [FXGL Background Thread 1 ] DEBUG AssetLoader          - Loading from disk: /assets/textures/ui/box.png
11:26:05.510 [FXGL Background Thread 1 ] DEBUG AssetLoader          - Loading from disk: /assets/ui/mainpanel.fxml
11:26:05.546 [FXGL Background Thread 1 ] DEBUG InitAppTask          - Initialization Complete
11:26:05.546 [FXGL Background Thread 1 ] INFO  InitAppTask          - Game initialization took: 1.129 sec
11:26:05.553 [JavaFX Application Thread] DEBUG Input                - Clearing active input actions
11:26:05.566 [JavaFX Application Thread] DEBUG AppStateMachine      - LoadingState -> PlayState
11:26:06.948 [JavaFX Application Thread] FATAL GameApplication      - Uncaught Exception:

Fatal exception occurred: java.lang.IllegalStateException : No EntityFactory was added! Call gameWorld.addEntityFactory()
E: com.almasb.fxgl.entity.GameWorld.create(GameWorld.kt:427)
E: com.almasb.fxgl.entity.GameWorld.spawn(GameWorld.kt:413)
E: client.ClientGameMap$3.run(ClientGameMap.java:183)
E: com.sun.javafx.application.PlatformImpl.lambda$null$5(PlatformImpl.java:295)
E: java.security.AccessController.doPrivileged(Native Method)
E: com.sun.javafx.application.PlatformImpl.lambda$runLater$6(PlatformImpl.java:294)
E: com.sun.glass.ui.InvokeLaterDispatcher$Future.run(InvokeLaterDispatcher.java:95)
E: com.sun.glass.ui.gtk.GtkApplication._runLoop(Native Method)
E: com.sun.glass.ui.gtk.GtkApplication.lambda$null$5(GtkApplication.java:139)
E: java.lang.Thread.run(Thread.java:748)

11:26:06.948 [JavaFX Application Thread] FATAL GameApplication      - Application will now exit
11:26:06.948 [JavaFX Application Thread] DEBUG GameApplication      - Stopping main loop
11:26:10.908 [JavaFX Application Thread] DEBUG GameApplication      - Exiting game application
11:26:10.909 [JavaFX Application Thread] DEBUG GameApplication      - Shutting down background threads
11:26:10.909 [JavaFX Application Thread] DEBUG GameApplication      - Exiting FXGL
11:26:10.909 [JavaFX Application Thread] DEBUG FXGL                 - Saving FXGL system data
11:26:10.912 [JavaFX Application Thread] DEBUG DesktopFSService     - Writing to: system/fxgl.bundle
11:26:10.915 [JavaFX Application Thread] DEBUG GameApplication      - Closing logger and exiting JavaFX
