17:51:36.992 [JavaFX Application Thread] DEBUG GameApplication      - Logger initialized
17:51:36.997 [JavaFX Application Thread] DEBUG GameApplication      - Logging settings
Title: Alpha
Version: 0.0
Width: 860
Height: 600
Fullscreen: false
Intro: false
Menus: false
Profiling: true
Single step:false
App Mode: DEVELOPER
Menu Key: ESCAPE
Stage Style: DECORATED
Scene Factory: class com.almasb.fxgl.scene.SceneFactory
Dialog Factory: class com.almasb.fxgl.ui.FXGLDialogFactory
UI Factory: class com.almasb.fxgl.ui.FXGLUIFactory
Notification Service: class com.almasb.fxgl.gameplay.notification.XboxNotificationView
Exception Handler: class com.almasb.fxgl.app.FXGLExceptionHandler
17:51:36.998 [JavaFX Application Thread] DEBUG GameApplication      - Starting FXGL
17:51:37.006 [JavaFX Application Thread] INFO  FXGL                 - FXGL-0.5.4 on DESKTOP
17:51:37.006 [JavaFX Application Thread] INFO  FXGL                 - Source code and latest versions at: https://github.com/AlmasB/FXGL
17:51:37.007 [JavaFX Application Thread] INFO  FXGL                 -              Join the FXGL chat at: https://gitter.im/AlmasB/FXGL
17:51:37.007 [JavaFX Application Thread] DEBUG FXGL                 - FXGL started
17:51:37.008 [JavaFX Application Thread] DEBUG FXGL                 - Initializing FXGL
17:51:37.062 [JavaFX Application Thread] DEBUG AssetLoader          - Loading from disk: /assets/ui/cursors/fxgl_default.png
17:51:37.163 [JavaFX Application Thread] DEBUG AssetLoader          - Loading from disk: /assets/ui/fonts/VarelaRound-Regular.ttf
17:51:37.238 [JavaFX Application Thread] DEBUG MainWindow           - Creating a JavaFX scene
17:51:37.284 [JavaFX Application Thread] DEBUG MainWindow           - Target settings size: 860.0 x 600.0
17:51:37.285 [JavaFX Application Thread] DEBUG MainWindow           - Scaled scene size:    860.0 x 600.0
17:51:37.285 [JavaFX Application Thread] DEBUG MainWindow           - Scaled ratio: (1.0, 1.0)
17:51:37.289 [JavaFX Application Thread] DEBUG AssetLoader          - Loading from disk: /assets/ui/css/fxgl_dark.css
17:51:37.293 [JavaFX Application Thread] DEBUG AssetLoader          - Loading from disk: /assets/textures/fxgl_icon.png
17:51:37.314 [JavaFX Application Thread] DEBUG MainWindow           - Opening main window
17:51:37.462 [JavaFX Application Thread] DEBUG MainWindow           - Window border size: (0.0, 35.0)
17:51:37.462 [JavaFX Application Thread] DEBUG MainWindow           - Scaled size: 860.0 x 565.0
17:51:37.463 [JavaFX Application Thread] DEBUG MainWindow           - Scaled ratio: (1.0, 0.9416666666666667)
17:51:37.463 [JavaFX Application Thread] DEBUG MainWindow           - Scene size: 860.0 x 600.0
17:51:37.463 [JavaFX Application Thread] DEBUG MainWindow           - Stage size: 860.0 x 600.0
17:51:37.493 [ForkJoinPool.commonPool-worker-9] DEBUG FS                   - Loaded DesktopFSService
17:51:37.494 [ForkJoinPool.commonPool-worker-9] DEBUG FXGL                 - Loading FXGL system data
17:51:37.500 [ForkJoinPool.commonPool-worker-9] DEBUG DesktopFSService     - Reading from: system/fxgl.bundle
17:51:37.508 [ForkJoinPool.commonPool-worker-9] DEBUG Bundle               - Logging bundle: FXGL
17:51:37.509 [ForkJoinPool.commonPool-worker-9] DEBUG Bundle               - FXGL.offline.timer.version.check=2019-03-31T13:59:17.348
17:51:37.509 [ForkJoinPool.commonPool-worker-9] DEBUG FXGL                 - Initializing state machine and application states
17:51:37.510 [ForkJoinPool.commonPool-worker-9] DEBUG AssetLoader          - Loading from disk: /assets/ui/cursors/fxgl_default.png
17:51:37.515 [ForkJoinPool.commonPool-worker-9] DEBUG AssetLoader          - Loading from disk: /assets/ui/cursors/fxgl_default.png
17:51:37.521 [ForkJoinPool.commonPool-worker-9] DEBUG AssetLoader          - Loading from cache: /assets/ui/fonts/VarelaRound-Regular.ttf
17:51:37.523 [ForkJoinPool.commonPool-worker-9] DEBUG AssetLoader          - Loading from disk: /assets/ui/cursors/fxgl_default.png
17:51:37.524 [ForkJoinPool.commonPool-worker-9] DEBUG AssetLoader          - Loading from disk: /assets/ui/fonts/lucida_console.ttf
17:51:37.529 [ForkJoinPool.commonPool-worker-9] DEBUG GameScene            - Game scene initialized: 860x600
17:51:37.535 [ForkJoinPool.commonPool-worker-9] DEBUG GameWorld            - Game world initialized
17:51:37.579 [ForkJoinPool.commonPool-worker-9] DEBUG PhysicsWorld         - Physics world initialized: appHeight=600, physics.ppm=50.0
17:51:37.596 [ForkJoinPool.commonPool-worker-9] DEBUG Input                - Registered new binding: Pause - Esc
17:51:37.640 [JavaFX Application Thread] DEBUG FXGL                 - Running preInit()
17:51:37.641 [JavaFX Application Thread] DEBUG Input                - Registered new binding: Screenshot - P
17:51:37.642 [JavaFX Application Thread] DEBUG Input                - Registered new binding: Dev Options - CTRL+0
17:51:37.642 [JavaFX Application Thread] DEBUG Input                - Registered new binding: System info dump - CTRL+9
17:51:37.642 [JavaFX Application Thread] DEBUG Input                - Registered new binding: Restart - CTRL+R
17:51:37.643 [JavaFX Application Thread] DEBUG Input                - Registered new binding: Up 1 - W
17:51:37.643 [JavaFX Application Thread] DEBUG Input                - Registered new binding: Down 1 - S
17:51:37.643 [JavaFX Application Thread] DEBUG Input                - Registered new binding: Right 1 - D
17:51:37.643 [JavaFX Application Thread] DEBUG Input                - Registered new binding: Left 1 - A
17:51:37.644 [JavaFX Application Thread] DEBUG Input                - Registered new binding: Change State - C
17:51:37.644 [JavaFX Application Thread] DEBUG Input                - Registered new binding: Set Shield - X
17:51:37.645 [JavaFX Application Thread] DEBUG Input                - Registered new binding: Click - LMB
17:51:37.645 [JavaFX Application Thread] DEBUG Input                - Registered new binding: Rightclick - RMB
17:51:37.646 [JavaFX Application Thread] DEBUG Input                - Registered new binding: Tab - Tab
17:51:37.647 [JavaFX Application Thread] INFO  FXGL                 - FXGL initialization took: 0.638 sec
17:51:37.647 [JavaFX Application Thread] DEBUG LoopRunner           - Starting loop
17:51:37.649 [JavaFX Application Thread] DEBUG StartupState         - STARTUP
17:51:37.649 [JavaFX Application Thread] DEBUG GameApplication      - Starting new game
17:51:37.649 [JavaFX Application Thread] DEBUG Input                - Clearing active input actions
17:51:37.650 [JavaFX Application Thread] DEBUG AssetLoader          - Loading from disk: /assets/ui/css/fxgl_dark.css
17:51:37.659 [JavaFX Application Thread] DEBUG AppStateMachine      - StartupState -> LoadingState
17:51:37.663 [FXGL Background Thread 1 ] DEBUG InitAppTask          - Clearing previous game
17:51:37.664 [FXGL Background Thread 1 ] DEBUG GameWorld            - Clearing game world
17:51:37.664 [FXGL Background Thread 1 ] DEBUG PhysicsWorld         - Clearing physics world
17:51:37.664 [FXGL Background Thread 1 ] DEBUG GameScene            - Clearing game scene
17:51:37.665 [FXGL Background Thread 1 ] DEBUG InitAppTask          - Initializing Game
17:51:37.673 [FXGL Background Thread 1 ] DEBUG InitAppTask          - Initializing Physics
17:51:37.676 [FXGL Background Thread 1 ] DEBUG InitAppTask          - Initializing UI
17:51:37.676 [FXGL Background Thread 1 ] DEBUG AssetLoader          - Loading from disk: /assets/ui/login.fxml
17:51:38.826 [FXGL Background Thread 1 ] DEBUG AssetLoader          - Loading from disk: /assets/textures/ui/default.png
17:51:38.827 [FXGL Background Thread 1 ] DEBUG AssetLoader          - Loading from disk: /assets/ui/mainpanel.fxml
17:51:38.862 [FXGL Background Thread 1 ] DEBUG InitAppTask          - Initialization Complete
17:51:38.862 [FXGL Background Thread 1 ] INFO  InitAppTask          - Game initialization took: 1.199 sec
17:51:38.878 [JavaFX Application Thread] DEBUG Input                - Clearing active input actions
17:51:38.878 [JavaFX Application Thread] DEBUG AssetLoader          - Loading from disk: /assets/ui/css/fxgl_dark.css
17:51:38.895 [JavaFX Application Thread] DEBUG AppStateMachine      - LoadingState -> PlayState
17:51:45.000 [JavaFX Application Thread] DEBUG GameApplication      - Starting new game
17:51:45.000 [JavaFX Application Thread] DEBUG Input                - Clearing active input actions
17:51:45.009 [JavaFX Application Thread] DEBUG AppStateMachine      - PlayState -> LoadingState
17:51:45.010 [FXGL Background Thread 1 ] DEBUG InitAppTask          - Clearing previous game
17:51:45.010 [FXGL Background Thread 1 ] DEBUG GameWorld            - Clearing game world
17:51:45.010 [FXGL Background Thread 1 ] DEBUG PhysicsWorld         - Clearing physics world
17:51:45.010 [FXGL Background Thread 1 ] DEBUG GameScene            - Clearing game scene
17:51:45.010 [FXGL Background Thread 1 ] DEBUG InitAppTask          - Initializing Game
17:51:45.010 [FXGL Background Thread 1 ] DEBUG InitAppTask          - Initializing Physics
17:51:45.010 [FXGL Background Thread 1 ] DEBUG InitAppTask          - Initializing UI
17:51:45.011 [FXGL Background Thread 1 ] DEBUG AssetLoader          - Loading from disk: /assets/ui/login.fxml
17:51:45.989 [FXGL Background Thread 1 ] DEBUG AssetLoader          - Loading from cache: /assets/textures/ui/default.png
17:51:45.989 [FXGL Background Thread 1 ] DEBUG AssetLoader          - Loading from disk: /assets/ui/mainpanel.fxml
17:51:45.998 [FXGL Background Thread 1 ] DEBUG InitAppTask          - Initialization Complete
17:51:45.999 [FXGL Background Thread 1 ] INFO  InitAppTask          - Game initialization took: 0.989 sec
17:51:46.002 [JavaFX Application Thread] DEBUG Input                - Clearing active input actions
17:51:46.009 [JavaFX Application Thread] DEBUG AppStateMachine      - LoadingState -> PlayState
17:52:09.213 [JavaFX Application Thread] DEBUG FXGL                 - Exiting FXGL
17:52:09.214 [JavaFX Application Thread] DEBUG FXGL                 - Shutting down background threads
17:52:09.214 [JavaFX Application Thread] INFO  Profiler             - Processed Frames: 2048
17:52:09.214 [JavaFX Application Thread] INFO  Profiler             - Average FPS: 59
17:52:09.214 [JavaFX Application Thread] INFO  Profiler             - Avg Frame Took: 0.04 ms
17:52:09.215 [JavaFX Application Thread] INFO  Profiler             - Avg Memory Usage: 253 MB
17:52:09.215 [JavaFX Application Thread] INFO  Profiler             - Min Memory Usage: 11 MB
17:52:09.215 [JavaFX Application Thread] INFO  Profiler             - Max Memory Usage: 287 MB
17:52:09.215 [JavaFX Application Thread] INFO  Profiler             - Estimated GC runs: 1
17:52:09.215 [JavaFX Application Thread] DEBUG FXGL                 - Saving FXGL system data
17:52:09.217 [JavaFX Application Thread] DEBUG DesktopFSService     - Writing to: system/fxgl.bundle
17:52:09.220 [JavaFX Application Thread] DEBUG FXGL                 - Closing logger and exiting JavaFX
