15:22:41.215 [JavaFX Application Thread] DEBUG GameApplication      - Logger initialized
15:22:41.221 [JavaFX Application Thread] DEBUG MainWindow           - Creating a JavaFX scene
15:22:41.344 [JavaFX Application Thread] DEBUG MainWindow           - Target settings size: 860.0 x 600.0
15:22:41.345 [JavaFX Application Thread] DEBUG MainWindow           - Scaled scene size:    860.0 x 600.0
15:22:41.345 [JavaFX Application Thread] DEBUG MainWindow           - Scaled ratio: (1.0, 1.0)
15:22:41.350 [JavaFX Application Thread] DEBUG GameApplication      - Starting FXGL
15:22:41.355 [JavaFX Application Thread] INFO  FXGL                 - FXGL-0.5.3 on DESKTOP
15:22:41.355 [JavaFX Application Thread] INFO  FXGL                 - Source code and latest versions at: https://github.com/AlmasB/FXGL
15:22:41.356 [JavaFX Application Thread] INFO  FXGL                 -              Join the FXGL chat at: https://gitter.im/AlmasB/FXGL
15:22:41.365 [JavaFX Application Thread] DEBUG FS                   - Loaded DesktopFSService
15:22:41.365 [JavaFX Application Thread] DEBUG FXGL                 - Loading FXGL system data
15:22:41.378 [JavaFX Application Thread] DEBUG DesktopFSService     - Reading from: system/fxgl.bundle
15:22:41.385 [JavaFX Application Thread] DEBUG Bundle               - Logging bundle: FXGL
15:22:41.386 [JavaFX Application Thread] DEBUG Bundle               - FXGL.offline.timer.version.check=2019-03-31T13:59:17.348
15:22:41.415 [JavaFX Application Thread] DEBUG GameApplication      - FXGL started
15:22:41.415 [JavaFX Application Thread] DEBUG GameApplication      - Logging game settings
Title: Alpha
Version: 0.0
Width: 860
Height: 600
Fullscreen: false
Intro: false
Menus: false
Profiling: true
Single step:false
App Mode: DEVELOPER
Menu Key: ESCAPE
Stage Style: DECORATED
Scene Factory: class com.almasb.fxgl.scene.SceneFactory
Dialog Factory: class com.almasb.fxgl.ui.FXGLDialogFactory
UI Factory: class com.almasb.fxgl.ui.FXGLUIFactory
Notification Service: class com.almasb.fxgl.gameplay.notification.XboxNotificationView
Exception Handler: class com.almasb.fxgl.app.FXGLExceptionHandler
15:22:41.416 [JavaFX Application Thread] DEBUG GameApplication      - Configuring GameApplication
15:22:41.417 [JavaFX Application Thread] DEBUG GameApplication      - Initializing state machine and application states
15:22:41.430 [JavaFX Application Thread] DEBUG AssetLoader          - Loading from disk: /assets/ui/cursors/fxgl_default.png
15:22:41.453 [JavaFX Application Thread] DEBUG AssetLoader          - Loading from disk: /assets/ui/cursors/fxgl_default.png
15:22:41.482 [JavaFX Application Thread] DEBUG FXGLAssets           - Loading FXGLAssets
15:22:41.506 [JavaFX Application Thread] DEBUG AssetLoader          - Loading from disk: /assets/ui/fonts/VarelaRound-Regular.ttf
15:22:41.519 [JavaFX Application Thread] DEBUG AssetLoader          - Loading from disk: /assets/ui/fonts/lucida_console.ttf
15:22:41.521 [JavaFX Application Thread] DEBUG AssetLoader          - Loading from disk: /assets/ui/fonts/Courier-Prime.ttf
15:22:41.523 [JavaFX Application Thread] DEBUG AssetLoader          - Loading from disk: /assets/ui/fonts/Abel-Regular.ttf
15:22:41.525 [JavaFX Application Thread] DEBUG AssetLoader          - Loading from disk: /assets/ui/css/fxgl_dark.css
15:22:41.554 [JavaFX Application Thread] DEBUG AssetLoader          - Loading from disk: /assets/ui/cursors/fxgl_default.png
15:22:41.587 [JavaFX Application Thread] DEBUG AssetLoader          - Loading from disk: /assets/ui/cursors/fxgl_default.png
15:22:41.609 [JavaFX Application Thread] DEBUG GameScene            - Game scene initialized: 860x600
15:22:41.612 [JavaFX Application Thread] DEBUG GameWorld            - Game world initialized
15:22:41.655 [JavaFX Application Thread] DEBUG PhysicsWorld         - Physics world initialized: appHeight=600, physics.ppm=50.0
15:22:41.672 [JavaFX Application Thread] DEBUG Input                - Registered new binding: Pause - Esc
15:22:41.689 [JavaFX Application Thread] DEBUG Input                - Clearing active input actions
15:22:41.733 [JavaFX Application Thread] DEBUG AppStateMachine      - StartupState -> StartupState
15:22:41.737 [JavaFX Application Thread] INFO  GameApplication      - Game configuration took:  0.320 sec
15:22:41.739 [JavaFX Application Thread] DEBUG AssetLoader          - Loading from disk: /assets/textures/fxgl_icon.png
15:22:41.755 [JavaFX Application Thread] DEBUG MainWindow           - Opening main window
15:22:41.822 [JavaFX Application Thread] DEBUG MainWindow           - Window border size: (0.0, 0.0)
15:22:41.822 [JavaFX Application Thread] DEBUG MainWindow           - Scaled size: 860.0 x 600.0
15:22:41.822 [JavaFX Application Thread] DEBUG MainWindow           - Scaled ratio: (1.0, 1.0)
15:22:41.822 [JavaFX Application Thread] DEBUG MainWindow           - Scene size: 860.0 x 600.0
15:22:41.822 [JavaFX Application Thread] DEBUG MainWindow           - Stage size: 860.0 x 600.0
15:22:41.823 [JavaFX Application Thread] DEBUG GameApplication      - Running preInit()
15:22:41.825 [JavaFX Application Thread] DEBUG Input                - Registered new binding: Screenshot - P
15:22:41.825 [JavaFX Application Thread] DEBUG Input                - Registered new binding: Dev Options - CTRL+0
15:22:41.826 [JavaFX Application Thread] DEBUG Input                - Registered new binding: System info dump - CTRL+9
15:22:41.826 [JavaFX Application Thread] DEBUG Input                - Registered new binding: Restart - CTRL+R
15:22:41.827 [JavaFX Application Thread] DEBUG Input                - Registered new binding: Up 1 - W
15:22:41.827 [JavaFX Application Thread] DEBUG Input                - Registered new binding: Down 1 - S
15:22:41.827 [JavaFX Application Thread] DEBUG Input                - Registered new binding: Right 1 - D
15:22:41.827 [JavaFX Application Thread] DEBUG Input                - Registered new binding: Left 1 - A
15:22:41.827 [JavaFX Application Thread] DEBUG Input                - Registered new binding: Change State - C
15:22:41.828 [JavaFX Application Thread] DEBUG Input                - Registered new binding: Set Shield - X
15:22:41.829 [JavaFX Application Thread] DEBUG Input                - Registered new binding: Click - LMB
15:22:41.829 [JavaFX Application Thread] DEBUG Input                - Registered new binding: Rightclick - RMB
15:22:41.829 [JavaFX Application Thread] DEBUG Input                - Registered new binding: Tab - Tab
15:22:41.858 [JavaFX Application Thread] DEBUG GameApplication      - Starting main loop
15:22:41.868 [JavaFX Application Thread] DEBUG StartupState         - STARTUP
15:22:41.868 [JavaFX Application Thread] DEBUG GameApplication      - Starting new game
15:22:41.869 [JavaFX Application Thread] DEBUG Input                - Clearing active input actions
15:22:41.876 [JavaFX Application Thread] DEBUG AppStateMachine      - StartupState -> LoadingState
15:22:41.881 [FXGL Background Thread 1 ] DEBUG InitAppTask          - Clearing previous game
15:22:41.881 [FXGL Background Thread 1 ] DEBUG GameWorld            - Clearing game world
15:22:41.881 [FXGL Background Thread 1 ] DEBUG PhysicsWorld         - Clearing physics world
15:22:41.881 [FXGL Background Thread 1 ] DEBUG GameScene            - Clearing game scene
15:22:41.882 [FXGL Background Thread 1 ] DEBUG InitAppTask          - Initializing Game
15:22:41.887 [FXGL Background Thread 1 ] DEBUG InitAppTask          - Initializing Physics
15:22:41.888 [FXGL Background Thread 1 ] DEBUG InitAppTask          - Initializing UI
15:22:41.889 [FXGL Background Thread 1 ] DEBUG AssetLoader          - Loading from disk: /assets/ui/login.fxml
15:22:42.960 [FXGL Background Thread 1 ] DEBUG AssetLoader          - Loading from disk: /assets/textures/ui/default.png
15:22:42.961 [FXGL Background Thread 1 ] DEBUG AssetLoader          - Loading from disk: /assets/ui/mainpanel.fxml
15:22:42.996 [FXGL Background Thread 1 ] DEBUG InitAppTask          - Initialization Complete
15:22:42.996 [FXGL Background Thread 1 ] INFO  InitAppTask          - Game initialization took: 1.116 sec
15:22:43.005 [JavaFX Application Thread] DEBUG Input                - Clearing active input actions
15:22:43.020 [JavaFX Application Thread] DEBUG AppStateMachine      - LoadingState -> PlayState
15:23:14.873 [JavaFX Application Thread] DEBUG GameApplication      - Exiting game application
15:23:14.874 [JavaFX Application Thread] DEBUG GameApplication      - Shutting down background threads
15:23:14.874 [JavaFX Application Thread] INFO  Profiler             - Processed Frames: 2052
15:23:14.874 [JavaFX Application Thread] INFO  Profiler             - Average FPS: 59
15:23:14.875 [JavaFX Application Thread] INFO  Profiler             - Avg Frame Took: 0.04 ms
15:23:14.875 [JavaFX Application Thread] INFO  Profiler             - Avg Memory Usage: 166 MB
15:23:14.875 [JavaFX Application Thread] INFO  Profiler             - Min Memory Usage: 12 MB
15:23:14.875 [JavaFX Application Thread] INFO  Profiler             - Max Memory Usage: 169 MB
15:23:14.875 [JavaFX Application Thread] INFO  Profiler             - Estimated GC runs: 0
15:23:14.875 [JavaFX Application Thread] DEBUG GameApplication      - Exiting FXGL
15:23:14.876 [JavaFX Application Thread] DEBUG FXGL                 - Saving FXGL system data
15:23:14.878 [JavaFX Application Thread] DEBUG DesktopFSService     - Writing to: system/fxgl.bundle
15:23:14.881 [JavaFX Application Thread] DEBUG GameApplication      - Closing logger and exiting JavaFX
