16:25:01.490 [JavaFX Application Thread] DEBUG GameApplication      - Logger initialized
16:25:01.502 [JavaFX Application Thread] DEBUG GameApplication      - Logging settings
Title: Basic Game App
Version: 0.0
Width: 800
Height: 600
Fullscreen: false
Intro: false
Menus: false
Profiling: false
Single step:false
App Mode: DEVELOPER
Menu Key: ESCAPE
Stage Style: DECORATED
Scene Factory: class com.almasb.fxgl.scene.SceneFactory
Dialog Factory: class com.almasb.fxgl.ui.FXGLDialogFactory
UI Factory: class com.almasb.fxgl.ui.FXGLUIFactory
Notification Service: class com.almasb.fxgl.gameplay.notification.XboxNotificationView
Exception Handler: class com.almasb.fxgl.app.FXGLExceptionHandler
16:25:01.503 [JavaFX Application Thread] DEBUG GameApplication      - Starting FXGL
16:25:01.573 [JavaFX Application Thread] INFO  FXGL                 - FXGL-0.5.4 on DESKTOP
16:25:01.574 [JavaFX Application Thread] INFO  FXGL                 - Source code and latest versions at: https://github.com/AlmasB/FXGL
16:25:01.574 [JavaFX Application Thread] INFO  FXGL                 -              Join the FXGL chat at: https://gitter.im/AlmasB/FXGL
16:25:01.582 [JavaFX Application Thread] DEBUG FXGL                 - FXGL started
16:25:01.582 [JavaFX Application Thread] DEBUG FXGL                 - Initializing FXGL
16:25:01.685 [JavaFX Application Thread] DEBUG AssetLoader          - Loading from disk: /assets/ui/cursors/fxgl_default.png
16:25:01.870 [JavaFX Application Thread] DEBUG AssetLoader          - Loading from disk: /assets/ui/fonts/VarelaRound-Regular.ttf
16:25:01.980 [JavaFX Application Thread] DEBUG MainWindow           - Creating a JavaFX scene
16:25:02.058 [JavaFX Application Thread] DEBUG MainWindow           - Target settings size: 800.0 x 600.0
16:25:02.058 [JavaFX Application Thread] DEBUG MainWindow           - Scaled scene size:    800.0 x 600.0
16:25:02.058 [JavaFX Application Thread] DEBUG MainWindow           - Scaled ratio: (1.0, 1.0)
16:25:02.062 [JavaFX Application Thread] DEBUG AssetLoader          - Loading from disk: /assets/ui/css/fxgl_dark.css
16:25:02.071 [JavaFX Application Thread] DEBUG AssetLoader          - Loading from disk: /assets/textures/fxgl_icon.png
16:25:02.098 [JavaFX Application Thread] DEBUG MainWindow           - Opening main window
16:25:02.367 [JavaFX Application Thread] DEBUG MainWindow           - Window border size: (2.0, 31.0)
16:25:02.367 [JavaFX Application Thread] DEBUG MainWindow           - Scaled size: 800.0 x 600.0
16:25:02.368 [JavaFX Application Thread] DEBUG MainWindow           - Scaled ratio: (1.0, 1.0)
16:25:02.370 [JavaFX Application Thread] DEBUG MainWindow           - Scene size: 800.0 x 600.0
16:25:02.371 [JavaFX Application Thread] DEBUG MainWindow           - Stage size: 802.0 x 631.0
16:25:02.445 [ForkJoinPool.commonPool-worker-3] DEBUG FS                   - Loaded DesktopFSService
16:25:02.445 [ForkJoinPool.commonPool-worker-3] DEBUG FXGL                 - Loading FXGL system data
16:25:02.454 [ForkJoinPool.commonPool-worker-3] DEBUG DesktopFSService     - Reading from: system/fxgl.bundle
16:25:02.471 [ForkJoinPool.commonPool-worker-3] DEBUG Bundle               - Logging bundle: FXGL
16:25:02.471 [ForkJoinPool.commonPool-worker-3] DEBUG Bundle               - FXGL.offline.timer.version.check=2018-12-29T13:45:18.325397
16:25:02.473 [ForkJoinPool.commonPool-worker-3] DEBUG FXGL                 - Initializing state machine and application states
16:25:02.474 [ForkJoinPool.commonPool-worker-3] DEBUG AssetLoader          - Loading from disk: /assets/ui/cursors/fxgl_default.png
16:25:02.490 [ForkJoinPool.commonPool-worker-3] DEBUG AssetLoader          - Loading from disk: /assets/ui/cursors/fxgl_default.png
16:25:02.503 [ForkJoinPool.commonPool-worker-3] DEBUG AssetLoader          - Loading from cache: /assets/ui/fonts/VarelaRound-Regular.ttf
16:25:02.509 [ForkJoinPool.commonPool-worker-3] DEBUG AssetLoader          - Loading from disk: /assets/ui/cursors/fxgl_default.png
16:25:02.517 [ForkJoinPool.commonPool-worker-3] DEBUG GameScene            - Game scene initialized: 800x600
16:25:02.522 [ForkJoinPool.commonPool-worker-3] DEBUG GameWorld            - Game world initialized
16:25:02.578 [ForkJoinPool.commonPool-worker-3] DEBUG PhysicsWorld         - Physics world initialized: appHeight=600, physics.ppm=50.0
16:25:02.610 [ForkJoinPool.commonPool-worker-3] DEBUG Input                - Registered new binding: Pause - Esc
16:25:02.672 [JavaFX Application Thread] DEBUG FXGL                 - Running preInit()
16:25:02.673 [JavaFX Application Thread] DEBUG Input                - Registered new binding: Screenshot - P
16:25:02.674 [JavaFX Application Thread] DEBUG Input                - Registered new binding: Dev Options - CTRL+0
16:25:02.675 [JavaFX Application Thread] DEBUG Input                - Registered new binding: System info dump - CTRL+9
16:25:02.676 [JavaFX Application Thread] DEBUG Input                - Registered new binding: Restart - CTRL+R
16:25:02.677 [JavaFX Application Thread] INFO  FXGL                 - FXGL initialization took: 1.094 sec
16:25:02.677 [JavaFX Application Thread] DEBUG LoopRunner           - Starting loop
16:25:02.679 [JavaFX Application Thread] DEBUG StartupState         - STARTUP
16:25:02.679 [JavaFX Application Thread] DEBUG GameApplication      - Starting new game
16:25:02.679 [JavaFX Application Thread] DEBUG Input                - Clearing active input actions
16:25:02.680 [JavaFX Application Thread] DEBUG AssetLoader          - Loading from disk: /assets/ui/css/fxgl_dark.css
16:25:02.692 [JavaFX Application Thread] DEBUG AppStateMachine      - StartupState -> LoadingState
16:25:02.703 [FXGL Background Thread 1 ] DEBUG InitAppTask          - Clearing previous game
16:25:02.704 [FXGL Background Thread 1 ] DEBUG GameWorld            - Clearing game world
16:25:02.711 [FXGL Background Thread 1 ] DEBUG PhysicsWorld         - Clearing physics world
16:25:02.711 [FXGL Background Thread 1 ] DEBUG GameScene            - Clearing game scene
16:25:02.714 [FXGL Background Thread 1 ] DEBUG InitAppTask          - Initializing Game
16:25:02.736 [FXGL Background Thread 1 ] DEBUG InitAppTask          - Initializing Physics
16:25:02.736 [FXGL Background Thread 1 ] DEBUG InitAppTask          - Initializing UI
16:25:02.737 [FXGL Background Thread 1 ] DEBUG AssetLoader          - Loading from disk: /assets/ui/login.fxml
16:25:02.926 [FXGL Background Thread 1 ] DEBUG InitAppTask          - Initialization Complete
16:25:02.927 [FXGL Background Thread 1 ] INFO  InitAppTask          - Game initialization took: 0.223 sec
16:25:02.942 [JavaFX Application Thread] DEBUG Input                - Clearing active input actions
16:25:02.942 [JavaFX Application Thread] DEBUG AssetLoader          - Loading from disk: /assets/ui/css/fxgl_dark.css
16:25:02.970 [JavaFX Application Thread] DEBUG AppStateMachine      - LoadingState -> PlayState
16:25:04.734 [JavaFX Application Thread] DEBUG FXGL                 - Exiting FXGL
16:25:04.734 [JavaFX Application Thread] DEBUG FXGL                 - Shutting down background threads
16:25:04.734 [JavaFX Application Thread] DEBUG FXGL                 - Saving FXGL system data
16:25:04.736 [JavaFX Application Thread] DEBUG DesktopFSService     - Writing to: system/fxgl.bundle
16:25:04.740 [JavaFX Application Thread] DEBUG FXGL                 - Closing logger and exiting JavaFX
