13:59:16.612 [JavaFX Application Thread] DEBUG GameApplication      - Logger initialized
13:59:16.619 [JavaFX Application Thread] DEBUG MainWindow           - Creating a JavaFX scene
13:59:16.753 [JavaFX Application Thread] DEBUG MainWindow           - Target settings size: 860.0 x 600.0
13:59:16.753 [JavaFX Application Thread] DEBUG MainWindow           - Scaled scene size:    860.0 x 600.0
13:59:16.754 [JavaFX Application Thread] DEBUG MainWindow           - Scaled ratio: (1.0, 1.0)
13:59:16.760 [JavaFX Application Thread] DEBUG GameApplication      - Starting FXGL
13:59:16.767 [JavaFX Application Thread] INFO  FXGL                 - FXGL-0.5.3 on DESKTOP
13:59:16.767 [JavaFX Application Thread] INFO  FXGL                 - Source code and latest versions at: https://github.com/AlmasB/FXGL
13:59:16.767 [JavaFX Application Thread] INFO  FXGL                 -              Join the FXGL chat at: https://gitter.im/AlmasB/FXGL
13:59:16.776 [JavaFX Application Thread] DEBUG FS                   - Loaded DesktopFSService
13:59:16.777 [JavaFX Application Thread] DEBUG FXGL                 - Loading FXGL system data
13:59:16.784 [JavaFX Application Thread] DEBUG DesktopFSService     - Reading from: system/fxgl.bundle
13:59:16.792 [JavaFX Application Thread] DEBUG Bundle               - Logging bundle: FXGL
13:59:16.793 [JavaFX Application Thread] DEBUG Bundle               - FXGL.offline.timer.version.check=2019-03-09T00:08:16.144
13:59:16.828 [ForkJoinPool.commonPool-worker-9] DEBUG UpdaterTask          - Checking for updates
13:59:16.830 [JavaFX Application Thread] DEBUG GameApplication      - FXGL started
13:59:16.830 [JavaFX Application Thread] DEBUG GameApplication      - Logging game settings
Title: Alpha
Version: 0.0
Width: 860
Height: 600
Fullscreen: false
Intro: false
Menus: false
Profiling: true
Single step:false
App Mode: DEVELOPER
Menu Key: ESCAPE
Stage Style: DECORATED
Scene Factory: class com.almasb.fxgl.scene.SceneFactory
Dialog Factory: class com.almasb.fxgl.ui.FXGLDialogFactory
UI Factory: class com.almasb.fxgl.ui.FXGLUIFactory
Notification Service: class com.almasb.fxgl.gameplay.notification.XboxNotificationView
Exception Handler: class com.almasb.fxgl.app.FXGLExceptionHandler
13:59:16.831 [JavaFX Application Thread] DEBUG GameApplication      - Configuring GameApplication
13:59:16.832 [JavaFX Application Thread] DEBUG GameApplication      - Initializing state machine and application states
13:59:16.851 [JavaFX Application Thread] DEBUG AssetLoader          - Loading from disk: /assets/ui/cursors/fxgl_default.png
13:59:16.884 [JavaFX Application Thread] DEBUG AssetLoader          - Loading from disk: /assets/ui/cursors/fxgl_default.png
13:59:16.929 [JavaFX Application Thread] DEBUG FXGLAssets           - Loading FXGLAssets
13:59:16.954 [JavaFX Application Thread] DEBUG AssetLoader          - Loading from disk: /assets/ui/fonts/VarelaRound-Regular.ttf
13:59:16.963 [JavaFX Application Thread] DEBUG AssetLoader          - Loading from disk: /assets/ui/fonts/lucida_console.ttf
13:59:16.967 [JavaFX Application Thread] DEBUG AssetLoader          - Loading from disk: /assets/ui/fonts/Courier-Prime.ttf
13:59:16.970 [JavaFX Application Thread] DEBUG AssetLoader          - Loading from disk: /assets/ui/fonts/Abel-Regular.ttf
13:59:16.973 [JavaFX Application Thread] DEBUG AssetLoader          - Loading from disk: /assets/ui/css/fxgl_dark.css
13:59:17.030 [JavaFX Application Thread] DEBUG AssetLoader          - Loading from disk: /assets/ui/cursors/fxgl_default.png
13:59:17.092 [JavaFX Application Thread] DEBUG AssetLoader          - Loading from disk: /assets/ui/cursors/fxgl_default.png
13:59:17.126 [JavaFX Application Thread] DEBUG GameScene            - Game scene initialized: 860x600
13:59:17.131 [JavaFX Application Thread] DEBUG GameWorld            - Game world initialized
13:59:17.188 [JavaFX Application Thread] DEBUG PhysicsWorld         - Physics world initialized: appHeight=600, physics.ppm=50.0
13:59:17.250 [JavaFX Application Thread] DEBUG Input                - Registered new binding: Pause - Esc
13:59:17.278 [JavaFX Application Thread] DEBUG Input                - Clearing active input actions
13:59:17.358 [ForkJoinPool.commonPool-worker-9] INFO  UpdaterTask          - Your current version:  0.5.3
13:59:17.359 [ForkJoinPool.commonPool-worker-9] INFO  UpdaterTask          - Latest stable version: 11.1-beta
13:59:17.367 [JavaFX Application Thread] DEBUG AppStateMachine      - StartupState -> StartupState
13:59:17.372 [JavaFX Application Thread] INFO  GameApplication      - Game configuration took:  0.540 sec
13:59:17.375 [JavaFX Application Thread] DEBUG AssetLoader          - Loading from disk: /assets/textures/fxgl_icon.png
13:59:17.394 [JavaFX Application Thread] DEBUG MainWindow           - Opening main window
13:59:17.489 [JavaFX Application Thread] DEBUG MainWindow           - Window border size: (0.0, 0.0)
13:59:17.490 [JavaFX Application Thread] DEBUG MainWindow           - Scaled size: 860.0 x 600.0
13:59:17.490 [JavaFX Application Thread] DEBUG MainWindow           - Scaled ratio: (1.0, 1.0)
13:59:17.490 [JavaFX Application Thread] DEBUG MainWindow           - Scene size: 860.0 x 600.0
13:59:17.490 [JavaFX Application Thread] DEBUG MainWindow           - Stage size: 860.0 x 600.0
13:59:17.490 [JavaFX Application Thread] DEBUG GameApplication      - Running preInit()
13:59:17.494 [JavaFX Application Thread] DEBUG Input                - Registered new binding: Screenshot - P
13:59:17.494 [JavaFX Application Thread] DEBUG Input                - Registered new binding: Dev Options - CTRL+0
13:59:17.495 [JavaFX Application Thread] DEBUG Input                - Registered new binding: System info dump - CTRL+9
13:59:17.495 [JavaFX Application Thread] DEBUG Input                - Registered new binding: Restart - CTRL+R
13:59:17.495 [JavaFX Application Thread] DEBUG Input                - Registered new binding: Up 1 - W
13:59:17.496 [JavaFX Application Thread] DEBUG Input                - Registered new binding: Down 1 - S
13:59:17.496 [JavaFX Application Thread] DEBUG Input                - Registered new binding: Right 1 - D
13:59:17.496 [JavaFX Application Thread] DEBUG Input                - Registered new binding: Left 1 - A
13:59:17.496 [JavaFX Application Thread] DEBUG Input                - Registered new binding: Change State - C
13:59:17.496 [JavaFX Application Thread] DEBUG Input                - Registered new binding: Set Shield - X
13:59:17.497 [JavaFX Application Thread] DEBUG Input                - Registered new binding: Click - LMB
13:59:17.498 [JavaFX Application Thread] DEBUG Input                - Registered new binding: Rightclick - RMB
13:59:17.498 [JavaFX Application Thread] DEBUG Input                - Registered new binding: Tab - Tab
13:59:17.543 [JavaFX Application Thread] DEBUG GameApplication      - Starting main loop
13:59:17.552 [JavaFX Application Thread] DEBUG StartupState         - STARTUP
13:59:17.552 [JavaFX Application Thread] DEBUG GameApplication      - Starting new game
13:59:17.552 [JavaFX Application Thread] DEBUG Input                - Clearing active input actions
13:59:17.562 [JavaFX Application Thread] DEBUG AppStateMachine      - StartupState -> LoadingState
13:59:17.568 [FXGL Background Thread 1 ] DEBUG InitAppTask          - Clearing previous game
13:59:17.568 [FXGL Background Thread 1 ] DEBUG GameWorld            - Clearing game world
13:59:17.568 [FXGL Background Thread 1 ] DEBUG PhysicsWorld         - Clearing physics world
13:59:17.568 [FXGL Background Thread 1 ] DEBUG GameScene            - Clearing game scene
13:59:17.569 [FXGL Background Thread 1 ] DEBUG InitAppTask          - Initializing Game
13:59:17.574 [FXGL Background Thread 1 ] DEBUG InitAppTask          - Initializing Physics
13:59:17.576 [FXGL Background Thread 1 ] DEBUG InitAppTask          - Initializing UI
13:59:17.576 [FXGL Background Thread 1 ] DEBUG AssetLoader          - Loading from disk: /assets/ui/login.fxml
13:59:18.823 [FXGL Background Thread 1 ] DEBUG AssetLoader          - Loading from disk: /assets/textures/ui/default.png
13:59:18.825 [FXGL Background Thread 1 ] DEBUG AssetLoader          - Loading from disk: /assets/ui/mainpanel.fxml
13:59:18.871 [FXGL Background Thread 1 ] DEBUG InitAppTask          - Initialization Complete
13:59:18.871 [FXGL Background Thread 1 ] INFO  InitAppTask          - Game initialization took: 1.304 sec
13:59:19.394 [JavaFX Application Thread] DEBUG Input                - Clearing active input actions
13:59:19.405 [JavaFX Application Thread] DEBUG AppStateMachine      - LoadingState -> PlayState
13:59:21.065 [JavaFX Application Thread] DEBUG GameApplication      - Exiting game application
13:59:21.065 [JavaFX Application Thread] DEBUG GameApplication      - Shutting down background threads
13:59:21.066 [JavaFX Application Thread] INFO  Profiler             - Processed Frames: 121
13:59:21.066 [JavaFX Application Thread] INFO  Profiler             - Average FPS: 59
13:59:21.066 [JavaFX Application Thread] INFO  Profiler             - Avg Frame Took: 0.31 ms
13:59:21.067 [JavaFX Application Thread] INFO  Profiler             - Avg Memory Usage: 156 MB
13:59:21.067 [JavaFX Application Thread] INFO  Profiler             - Min Memory Usage: 11 MB
13:59:21.067 [JavaFX Application Thread] INFO  Profiler             - Max Memory Usage: 163 MB
13:59:21.067 [JavaFX Application Thread] INFO  Profiler             - Estimated GC runs: 0
13:59:21.068 [JavaFX Application Thread] DEBUG GameApplication      - Exiting FXGL
13:59:21.068 [JavaFX Application Thread] DEBUG FXGL                 - Saving FXGL system data
13:59:21.070 [JavaFX Application Thread] DEBUG DesktopFSService     - Writing to: system/fxgl.bundle
13:59:21.074 [JavaFX Application Thread] DEBUG GameApplication      - Closing logger and exiting JavaFX
