18:01:47.528 [JavaFX Application Thread] DEBUG GameApplication      - Logger initialized
18:01:47.535 [JavaFX Application Thread] DEBUG MainWindow           - Creating a JavaFX scene
18:01:47.670 [JavaFX Application Thread] DEBUG MainWindow           - Target settings size: 1024.0 x 860.0
18:01:47.670 [JavaFX Application Thread] DEBUG MainWindow           - Scaled scene size:    1024.0 x 860.0
18:01:47.670 [JavaFX Application Thread] DEBUG MainWindow           - Scaled ratio: (1.0, 1.0)
18:01:47.677 [JavaFX Application Thread] DEBUG GameApplication      - Starting FXGL
18:01:47.681 [JavaFX Application Thread] INFO  FXGL                 - FXGL-0.5.3 on DESKTOP
18:01:47.682 [JavaFX Application Thread] INFO  FXGL                 - Source code and latest versions at: https://github.com/AlmasB/FXGL
18:01:47.682 [JavaFX Application Thread] INFO  FXGL                 -              Join the FXGL chat at: https://gitter.im/AlmasB/FXGL
18:01:47.692 [JavaFX Application Thread] DEBUG FS                   - Loaded DesktopFSService
18:01:47.692 [JavaFX Application Thread] DEBUG FXGL                 - Loading FXGL system data
18:01:47.700 [JavaFX Application Thread] DEBUG DesktopFSService     - Reading from: system/fxgl.bundle
18:01:47.714 [JavaFX Application Thread] DEBUG Bundle               - Logging bundle: FXGL
18:01:47.715 [JavaFX Application Thread] DEBUG Bundle               - FXGL.offline.timer.version.check=2019-01-23T12:24:56.214
18:01:47.746 [JavaFX Application Thread] DEBUG GameApplication      - FXGL started
18:01:47.747 [JavaFX Application Thread] DEBUG GameApplication      - Logging game settings
Title: Basic Game App
Version: 0.0
Width: 1024
Height: 860
Fullscreen: false
Intro: false
Menus: false
Profiling: false
Single step:false
App Mode: DEVELOPER
Menu Key: ESCAPE
Stage Style: DECORATED
Scene Factory: class com.almasb.fxgl.scene.SceneFactory
Dialog Factory: class com.almasb.fxgl.ui.FXGLDialogFactory
UI Factory: class com.almasb.fxgl.ui.FXGLUIFactory
Notification Service: class com.almasb.fxgl.gameplay.notification.XboxNotificationView
Exception Handler: class com.almasb.fxgl.app.FXGLExceptionHandler
18:01:47.748 [JavaFX Application Thread] DEBUG GameApplication      - Configuring GameApplication
18:01:47.748 [JavaFX Application Thread] DEBUG GameApplication      - Initializing state machine and application states
18:01:47.774 [JavaFX Application Thread] DEBUG AssetLoader          - Loading from disk: /assets/ui/cursors/fxgl_default.png
18:01:47.797 [JavaFX Application Thread] DEBUG AssetLoader          - Loading from disk: /assets/ui/cursors/fxgl_default.png
18:01:47.847 [JavaFX Application Thread] DEBUG FXGLAssets           - Loading FXGLAssets
18:01:47.875 [JavaFX Application Thread] DEBUG AssetLoader          - Loading from disk: /assets/ui/fonts/VarelaRound-Regular.ttf
18:01:47.891 [JavaFX Application Thread] DEBUG AssetLoader          - Loading from disk: /assets/ui/fonts/lucida_console.ttf
18:01:47.894 [JavaFX Application Thread] DEBUG AssetLoader          - Loading from disk: /assets/ui/fonts/Courier-Prime.ttf
18:01:47.897 [JavaFX Application Thread] DEBUG AssetLoader          - Loading from disk: /assets/ui/fonts/Abel-Regular.ttf
18:01:47.899 [JavaFX Application Thread] DEBUG AssetLoader          - Loading from disk: /assets/ui/css/fxgl_dark.css
18:01:47.935 [JavaFX Application Thread] DEBUG AssetLoader          - Loading from disk: /assets/ui/cursors/fxgl_default.png
18:01:47.970 [JavaFX Application Thread] DEBUG AssetLoader          - Loading from disk: /assets/ui/cursors/fxgl_default.png
18:01:47.990 [JavaFX Application Thread] DEBUG GameScene            - Game scene initialized: 1024x860
18:01:47.994 [JavaFX Application Thread] DEBUG GameWorld            - Game world initialized
18:01:48.033 [JavaFX Application Thread] DEBUG PhysicsWorld         - Physics world initialized: appHeight=860, physics.ppm=50.0
18:01:48.051 [JavaFX Application Thread] DEBUG Input                - Registered new binding: Pause - Esc
18:01:48.069 [JavaFX Application Thread] DEBUG Input                - Clearing active input actions
18:01:48.114 [JavaFX Application Thread] DEBUG AppStateMachine      - StartupState -> StartupState
18:01:48.118 [JavaFX Application Thread] INFO  GameApplication      - Game configuration took:  0.370 sec
18:01:48.120 [JavaFX Application Thread] DEBUG AssetLoader          - Loading from disk: /assets/textures/fxgl_icon.png
18:01:48.137 [JavaFX Application Thread] DEBUG MainWindow           - Opening main window
18:01:48.209 [JavaFX Application Thread] DEBUG MainWindow           - Window border size: (0.0, 0.0)
18:01:48.209 [JavaFX Application Thread] DEBUG MainWindow           - Scaled size: 1024.0 x 860.0
18:01:48.209 [JavaFX Application Thread] DEBUG MainWindow           - Scaled ratio: (1.0, 1.0)
18:01:48.209 [JavaFX Application Thread] DEBUG MainWindow           - Scene size: 1024.0 x 860.0
18:01:48.210 [JavaFX Application Thread] DEBUG MainWindow           - Stage size: 1024.0 x 860.0
18:01:48.210 [JavaFX Application Thread] DEBUG GameApplication      - Running preInit()
18:01:48.211 [JavaFX Application Thread] DEBUG Input                - Registered new binding: Screenshot - P
18:01:48.212 [JavaFX Application Thread] DEBUG Input                - Registered new binding: Dev Options - CTRL+0
18:01:48.212 [JavaFX Application Thread] DEBUG Input                - Registered new binding: System info dump - CTRL+9
18:01:48.213 [JavaFX Application Thread] DEBUG Input                - Registered new binding: Restart - CTRL+R
18:01:48.213 [JavaFX Application Thread] DEBUG Input                - Registered new binding: Up 1 - W
18:01:48.213 [JavaFX Application Thread] DEBUG Input                - Registered new binding: Down 1 - S
18:01:48.213 [JavaFX Application Thread] DEBUG Input                - Registered new binding: Right 1 - D
18:01:48.214 [JavaFX Application Thread] DEBUG Input                - Registered new binding: Left 1 - A
18:01:48.243 [JavaFX Application Thread] DEBUG GameApplication      - Starting main loop
18:01:48.255 [JavaFX Application Thread] DEBUG StartupState         - STARTUP
18:01:48.255 [JavaFX Application Thread] DEBUG GameApplication      - Starting new game
18:01:48.255 [JavaFX Application Thread] DEBUG Input                - Clearing active input actions
18:01:48.262 [JavaFX Application Thread] DEBUG AppStateMachine      - StartupState -> LoadingState
18:01:48.267 [FXGL Background Thread 1 ] DEBUG InitAppTask          - Clearing previous game
18:01:48.267 [FXGL Background Thread 1 ] DEBUG GameWorld            - Clearing game world
18:01:48.267 [FXGL Background Thread 1 ] DEBUG PhysicsWorld         - Clearing physics world
18:01:48.268 [FXGL Background Thread 1 ] DEBUG GameScene            - Clearing game scene
18:01:48.269 [FXGL Background Thread 1 ] DEBUG InitAppTask          - Initializing Game
18:01:48.273 [FXGL Background Thread 1 ] DEBUG InitAppTask          - Initializing Physics
18:01:48.273 [FXGL Background Thread 1 ] DEBUG InitAppTask          - Initializing UI
18:01:48.274 [FXGL Background Thread 1 ] DEBUG AssetLoader          - Loading from disk: /assets/ui/login.fxml
18:01:48.347 [FXGL Background Thread 1 ] DEBUG InitAppTask          - Initialization Complete
18:01:48.347 [FXGL Background Thread 1 ] INFO  InitAppTask          - Game initialization took: 0.080 sec
18:01:48.385 [JavaFX Application Thread] DEBUG Input                - Clearing active input actions
18:01:48.399 [JavaFX Application Thread] DEBUG AppStateMachine      - LoadingState -> PlayState
18:01:58.848 [JavaFX Application Thread] FATAL GameApplication      - Uncaught Exception:

Fatal exception occurred: java.lang.NullPointerException : null
E: client.Screen$7.onAction(Screen.java:152)
E: com.almasb.fxgl.input.UserAction.fireAction(UserAction.java:80)
E: com.almasb.fxgl.input.Input.update(Input.kt:144)
E: com.almasb.fxgl.app.State.update(State.java:71)
E: com.almasb.fxgl.app.AppStateMachine.onUpdate(AppStateMachine.java:100)
E: com.almasb.fxgl.app.GameApplication.stepLoop(GameApplication.java:382)
E: com.almasb.fxgl.app.GameApplication$2.handle(GameApplication.java:348)
E: javafx.animation.AnimationTimer$AnimationTimerReceiver.lambda$handle$0(AnimationTimer.java:57)
E: java.security.AccessController.doPrivileged(Native Method)
E: javafx.animation.AnimationTimer$AnimationTimerReceiver.handle(AnimationTimer.java:56)
E: com.sun.scenario.animation.AbstractMasterTimer.timePulseImpl(AbstractMasterTimer.java:357)
E: com.sun.scenario.animation.AbstractMasterTimer$MainLoop.run(AbstractMasterTimer.java:267)
E: com.sun.javafx.tk.quantum.QuantumToolkit.pulse(QuantumToolkit.java:514)
E: com.sun.javafx.tk.quantum.QuantumToolkit.pulse(QuantumToolkit.java:498)
E: com.sun.javafx.tk.quantum.QuantumToolkit.pulseFromQueue(QuantumToolkit.java:491)
E: com.sun.javafx.tk.quantum.QuantumToolkit.lambda$runToolkit$11(QuantumToolkit.java:319)
E: com.sun.glass.ui.InvokeLaterDispatcher$Future.run(InvokeLaterDispatcher.java:95)
E: com.sun.glass.ui.gtk.GtkApplication._runLoop(Native Method)
E: com.sun.glass.ui.gtk.GtkApplication.lambda$null$5(GtkApplication.java:139)
E: java.lang.Thread.run(Thread.java:748)

18:01:58.848 [JavaFX Application Thread] FATAL GameApplication      - Application will now exit
18:01:58.848 [JavaFX Application Thread] DEBUG GameApplication      - Stopping main loop
18:02:00.534 [JavaFX Application Thread] DEBUG GameApplication      - Exiting game application
18:02:00.535 [JavaFX Application Thread] DEBUG GameApplication      - Shutting down background threads
18:02:00.535 [JavaFX Application Thread] DEBUG GameApplication      - Exiting FXGL
18:02:00.535 [JavaFX Application Thread] DEBUG FXGL                 - Saving FXGL system data
18:02:00.662 [JavaFX Application Thread] DEBUG DesktopFSService     - Writing to: system/fxgl.bundle
18:02:00.665 [JavaFX Application Thread] DEBUG GameApplication      - Closing logger and exiting JavaFX
