16:09:58.740 [JavaFX Application Thread] DEBUG GameApplication      - Logger initialized
16:09:58.747 [JavaFX Application Thread] DEBUG MainWindow           - Creating a JavaFX scene
16:09:58.876 [JavaFX Application Thread] DEBUG MainWindow           - Target settings size: 860.0 x 600.0
16:09:58.876 [JavaFX Application Thread] DEBUG MainWindow           - Scaled scene size:    860.0 x 600.0
16:09:58.876 [JavaFX Application Thread] DEBUG MainWindow           - Scaled ratio: (1.0, 1.0)
16:09:58.882 [JavaFX Application Thread] DEBUG GameApplication      - Starting FXGL
16:09:58.887 [JavaFX Application Thread] INFO  FXGL                 - FXGL-0.5.3 on DESKTOP
16:09:58.888 [JavaFX Application Thread] INFO  FXGL                 - Source code and latest versions at: https://github.com/AlmasB/FXGL
16:09:58.888 [JavaFX Application Thread] INFO  FXGL                 -              Join the FXGL chat at: https://gitter.im/AlmasB/FXGL
16:09:58.895 [JavaFX Application Thread] DEBUG FS                   - Loaded DesktopFSService
16:09:58.896 [JavaFX Application Thread] DEBUG FXGL                 - Loading FXGL system data
16:09:58.903 [JavaFX Application Thread] DEBUG DesktopFSService     - Reading from: system/fxgl.bundle
16:09:58.911 [JavaFX Application Thread] DEBUG Bundle               - Logging bundle: FXGL
16:09:58.912 [JavaFX Application Thread] DEBUG Bundle               - FXGL.offline.timer.version.check=2019-03-09T00:08:16.144
16:09:58.944 [JavaFX Application Thread] DEBUG GameApplication      - FXGL started
16:09:58.944 [JavaFX Application Thread] DEBUG GameApplication      - Logging game settings
Title: Alpha
Version: 0.0
Width: 860
Height: 600
Fullscreen: false
Intro: false
Menus: false
Profiling: true
Single step:false
App Mode: DEVELOPER
Menu Key: ESCAPE
Stage Style: DECORATED
Scene Factory: class com.almasb.fxgl.scene.SceneFactory
Dialog Factory: class com.almasb.fxgl.ui.FXGLDialogFactory
UI Factory: class com.almasb.fxgl.ui.FXGLUIFactory
Notification Service: class com.almasb.fxgl.gameplay.notification.XboxNotificationView
Exception Handler: class com.almasb.fxgl.app.FXGLExceptionHandler
16:09:58.946 [JavaFX Application Thread] DEBUG GameApplication      - Configuring GameApplication
16:09:58.946 [JavaFX Application Thread] DEBUG GameApplication      - Initializing state machine and application states
16:09:58.959 [JavaFX Application Thread] DEBUG AssetLoader          - Loading from disk: /assets/ui/cursors/fxgl_default.png
16:09:58.983 [JavaFX Application Thread] DEBUG AssetLoader          - Loading from disk: /assets/ui/cursors/fxgl_default.png
16:09:59.015 [JavaFX Application Thread] DEBUG FXGLAssets           - Loading FXGLAssets
16:09:59.043 [JavaFX Application Thread] DEBUG AssetLoader          - Loading from disk: /assets/ui/fonts/VarelaRound-Regular.ttf
16:09:59.057 [JavaFX Application Thread] DEBUG AssetLoader          - Loading from disk: /assets/ui/fonts/lucida_console.ttf
16:09:59.060 [JavaFX Application Thread] DEBUG AssetLoader          - Loading from disk: /assets/ui/fonts/Courier-Prime.ttf
16:09:59.063 [JavaFX Application Thread] DEBUG AssetLoader          - Loading from disk: /assets/ui/fonts/Abel-Regular.ttf
16:09:59.065 [JavaFX Application Thread] DEBUG AssetLoader          - Loading from disk: /assets/ui/css/fxgl_dark.css
16:09:59.095 [JavaFX Application Thread] DEBUG AssetLoader          - Loading from disk: /assets/ui/cursors/fxgl_default.png
16:09:59.139 [JavaFX Application Thread] DEBUG AssetLoader          - Loading from disk: /assets/ui/cursors/fxgl_default.png
16:09:59.160 [JavaFX Application Thread] DEBUG GameScene            - Game scene initialized: 860x600
16:09:59.164 [JavaFX Application Thread] DEBUG GameWorld            - Game world initialized
16:09:59.202 [JavaFX Application Thread] DEBUG PhysicsWorld         - Physics world initialized: appHeight=600, physics.ppm=50.0
16:09:59.218 [JavaFX Application Thread] DEBUG Input                - Registered new binding: Pause - Esc
16:09:59.236 [JavaFX Application Thread] DEBUG Input                - Clearing active input actions
16:09:59.284 [JavaFX Application Thread] DEBUG AppStateMachine      - StartupState -> StartupState
16:09:59.288 [JavaFX Application Thread] INFO  GameApplication      - Game configuration took:  0.342 sec
16:09:59.290 [JavaFX Application Thread] DEBUG AssetLoader          - Loading from disk: /assets/textures/fxgl_icon.png
16:09:59.306 [JavaFX Application Thread] DEBUG MainWindow           - Opening main window
16:09:59.383 [JavaFX Application Thread] DEBUG MainWindow           - Window border size: (0.0, 0.0)
16:09:59.383 [JavaFX Application Thread] DEBUG MainWindow           - Scaled size: 860.0 x 600.0
16:09:59.383 [JavaFX Application Thread] DEBUG MainWindow           - Scaled ratio: (1.0, 1.0)
16:09:59.383 [JavaFX Application Thread] DEBUG MainWindow           - Scene size: 860.0 x 600.0
16:09:59.383 [JavaFX Application Thread] DEBUG MainWindow           - Stage size: 860.0 x 600.0
16:09:59.384 [JavaFX Application Thread] DEBUG GameApplication      - Running preInit()
16:09:59.386 [JavaFX Application Thread] DEBUG Input                - Registered new binding: Screenshot - P
16:09:59.387 [JavaFX Application Thread] DEBUG Input                - Registered new binding: Dev Options - CTRL+0
16:09:59.387 [JavaFX Application Thread] DEBUG Input                - Registered new binding: System info dump - CTRL+9
16:09:59.387 [JavaFX Application Thread] DEBUG Input                - Registered new binding: Restart - CTRL+R
16:09:59.388 [JavaFX Application Thread] DEBUG Input                - Registered new binding: Up 1 - W
16:09:59.388 [JavaFX Application Thread] DEBUG Input                - Registered new binding: Down 1 - S
16:09:59.388 [JavaFX Application Thread] DEBUG Input                - Registered new binding: Right 1 - D
16:09:59.388 [JavaFX Application Thread] DEBUG Input                - Registered new binding: Left 1 - A
16:09:59.389 [JavaFX Application Thread] DEBUG Input                - Registered new binding: Click - LMB
16:09:59.389 [JavaFX Application Thread] DEBUG Input                - Registered new binding: Rightclick - RMB
16:09:59.390 [JavaFX Application Thread] DEBUG Input                - Registered new binding: Tab - Tab
16:09:59.418 [JavaFX Application Thread] DEBUG GameApplication      - Starting main loop
16:09:59.432 [JavaFX Application Thread] DEBUG StartupState         - STARTUP
16:09:59.432 [JavaFX Application Thread] DEBUG GameApplication      - Starting new game
16:09:59.432 [JavaFX Application Thread] DEBUG Input                - Clearing active input actions
16:09:59.439 [JavaFX Application Thread] DEBUG AppStateMachine      - StartupState -> LoadingState
16:09:59.444 [FXGL Background Thread 1 ] DEBUG InitAppTask          - Clearing previous game
16:09:59.444 [FXGL Background Thread 1 ] DEBUG GameWorld            - Clearing game world
16:09:59.444 [FXGL Background Thread 1 ] DEBUG PhysicsWorld         - Clearing physics world
16:09:59.444 [FXGL Background Thread 1 ] DEBUG GameScene            - Clearing game scene
16:09:59.445 [FXGL Background Thread 1 ] DEBUG InitAppTask          - Initializing Game
16:09:59.449 [FXGL Background Thread 1 ] DEBUG InitAppTask          - Initializing Physics
16:09:59.451 [FXGL Background Thread 1 ] DEBUG InitAppTask          - Initializing UI
16:09:59.451 [FXGL Background Thread 1 ] DEBUG AssetLoader          - Loading from disk: /assets/ui/login.fxml
16:10:00.508 [FXGL Background Thread 1 ] DEBUG AssetLoader          - Loading from disk: /assets/textures/ui/default.png
16:10:00.510 [FXGL Background Thread 1 ] DEBUG AssetLoader          - Loading from disk: /assets/ui/mainpanel.fxml
16:10:00.543 [FXGL Background Thread 1 ] DEBUG InitAppTask          - Initialization Complete
16:10:00.543 [FXGL Background Thread 1 ] INFO  InitAppTask          - Game initialization took: 1.100 sec
16:10:00.556 [JavaFX Application Thread] DEBUG Input                - Clearing active input actions
16:10:00.569 [JavaFX Application Thread] DEBUG AppStateMachine      - LoadingState -> PlayState
16:10:00.625 [JavaFX Application Thread] DEBUG GameApplication      - Exiting game application
16:10:00.626 [JavaFX Application Thread] DEBUG GameApplication      - Shutting down background threads
16:10:00.626 [JavaFX Application Thread] INFO  Profiler             - Processed Frames: 65
16:10:00.626 [JavaFX Application Thread] INFO  Profiler             - Average FPS: 59
16:10:00.626 [JavaFX Application Thread] INFO  Profiler             - Avg Frame Took: 0.37 ms
16:10:00.627 [JavaFX Application Thread] INFO  Profiler             - Avg Memory Usage: 145 MB
16:10:00.627 [JavaFX Application Thread] INFO  Profiler             - Min Memory Usage: 12 MB
16:10:00.627 [JavaFX Application Thread] INFO  Profiler             - Max Memory Usage: 156 MB
16:10:00.627 [JavaFX Application Thread] INFO  Profiler             - Estimated GC runs: 0
16:10:00.627 [JavaFX Application Thread] DEBUG GameApplication      - Exiting FXGL
16:10:00.627 [JavaFX Application Thread] DEBUG FXGL                 - Saving FXGL system data
16:10:00.629 [JavaFX Application Thread] DEBUG DesktopFSService     - Writing to: system/fxgl.bundle
16:10:00.665 [JavaFX Application Thread] DEBUG GameApplication      - Closing logger and exiting JavaFX
