19:07:15.542 [JavaFX Application Thread] DEBUG GameApplication      - Logger initialized
19:07:15.549 [JavaFX Application Thread] DEBUG MainWindow           - Creating a JavaFX scene
19:07:15.686 [JavaFX Application Thread] DEBUG MainWindow           - Target settings size: 860.0 x 600.0
19:07:15.686 [JavaFX Application Thread] DEBUG MainWindow           - Scaled scene size:    860.0 x 600.0
19:07:15.686 [JavaFX Application Thread] DEBUG MainWindow           - Scaled ratio: (1.0, 1.0)
19:07:15.693 [JavaFX Application Thread] DEBUG GameApplication      - Starting FXGL
19:07:15.698 [JavaFX Application Thread] INFO  FXGL                 - FXGL-0.5.3 on DESKTOP
19:07:15.698 [JavaFX Application Thread] INFO  FXGL                 - Source code and latest versions at: https://github.com/AlmasB/FXGL
19:07:15.698 [JavaFX Application Thread] INFO  FXGL                 -              Join the FXGL chat at: https://gitter.im/AlmasB/FXGL
19:07:15.705 [JavaFX Application Thread] DEBUG FS                   - Loaded DesktopFSService
19:07:15.705 [JavaFX Application Thread] DEBUG FXGL                 - Loading FXGL system data
19:07:15.711 [JavaFX Application Thread] DEBUG DesktopFSService     - Reading from: system/fxgl.bundle
19:07:15.718 [JavaFX Application Thread] DEBUG Bundle               - Logging bundle: FXGL
19:07:15.719 [JavaFX Application Thread] DEBUG Bundle               - FXGL.offline.timer.version.check=2019-03-01T19:05:40.352
19:07:15.748 [JavaFX Application Thread] DEBUG GameApplication      - FXGL started
19:07:15.749 [JavaFX Application Thread] DEBUG GameApplication      - Logging game settings
Title: Alpha
Version: 0.0
Width: 860
Height: 600
Fullscreen: false
Intro: false
Menus: false
Profiling: false
Single step:false
App Mode: DEVELOPER
Menu Key: ESCAPE
Stage Style: DECORATED
Scene Factory: class com.almasb.fxgl.scene.SceneFactory
Dialog Factory: class com.almasb.fxgl.ui.FXGLDialogFactory
UI Factory: class com.almasb.fxgl.ui.FXGLUIFactory
Notification Service: class com.almasb.fxgl.gameplay.notification.XboxNotificationView
Exception Handler: class com.almasb.fxgl.app.FXGLExceptionHandler
19:07:15.750 [JavaFX Application Thread] DEBUG GameApplication      - Configuring GameApplication
19:07:15.750 [JavaFX Application Thread] DEBUG GameApplication      - Initializing state machine and application states
19:07:15.763 [JavaFX Application Thread] DEBUG AssetLoader          - Loading from disk: /assets/ui/cursors/fxgl_default.png
19:07:15.787 [JavaFX Application Thread] DEBUG AssetLoader          - Loading from disk: /assets/ui/cursors/fxgl_default.png
19:07:15.821 [JavaFX Application Thread] DEBUG FXGLAssets           - Loading FXGLAssets
19:07:15.850 [JavaFX Application Thread] DEBUG AssetLoader          - Loading from disk: /assets/ui/fonts/VarelaRound-Regular.ttf
19:07:15.863 [JavaFX Application Thread] DEBUG AssetLoader          - Loading from disk: /assets/ui/fonts/lucida_console.ttf
19:07:15.865 [JavaFX Application Thread] DEBUG AssetLoader          - Loading from disk: /assets/ui/fonts/Courier-Prime.ttf
19:07:15.867 [JavaFX Application Thread] DEBUG AssetLoader          - Loading from disk: /assets/ui/fonts/Abel-Regular.ttf
19:07:15.869 [JavaFX Application Thread] DEBUG AssetLoader          - Loading from disk: /assets/ui/css/fxgl_dark.css
19:07:15.897 [JavaFX Application Thread] DEBUG AssetLoader          - Loading from disk: /assets/ui/cursors/fxgl_default.png
19:07:15.930 [JavaFX Application Thread] DEBUG AssetLoader          - Loading from disk: /assets/ui/cursors/fxgl_default.png
19:07:15.951 [JavaFX Application Thread] DEBUG GameScene            - Game scene initialized: 860x600
19:07:15.954 [JavaFX Application Thread] DEBUG GameWorld            - Game world initialized
19:07:15.993 [JavaFX Application Thread] DEBUG PhysicsWorld         - Physics world initialized: appHeight=600, physics.ppm=50.0
19:07:16.011 [JavaFX Application Thread] DEBUG Input                - Registered new binding: Pause - Esc
19:07:16.029 [JavaFX Application Thread] DEBUG Input                - Clearing active input actions
19:07:16.070 [JavaFX Application Thread] DEBUG AppStateMachine      - StartupState -> StartupState
19:07:16.074 [JavaFX Application Thread] INFO  GameApplication      - Game configuration took:  0.324 sec
19:07:16.076 [JavaFX Application Thread] DEBUG AssetLoader          - Loading from disk: /assets/textures/fxgl_icon.png
19:07:16.091 [JavaFX Application Thread] DEBUG MainWindow           - Opening main window
19:07:16.158 [JavaFX Application Thread] DEBUG MainWindow           - Window border size: (0.0, 0.0)
19:07:16.158 [JavaFX Application Thread] DEBUG MainWindow           - Scaled size: 860.0 x 600.0
19:07:16.158 [JavaFX Application Thread] DEBUG MainWindow           - Scaled ratio: (1.0, 1.0)
19:07:16.158 [JavaFX Application Thread] DEBUG MainWindow           - Scene size: 860.0 x 600.0
19:07:16.159 [JavaFX Application Thread] DEBUG MainWindow           - Stage size: 860.0 x 600.0
19:07:16.159 [JavaFX Application Thread] DEBUG GameApplication      - Running preInit()
19:07:16.161 [JavaFX Application Thread] DEBUG Input                - Registered new binding: Screenshot - P
19:07:16.161 [JavaFX Application Thread] DEBUG Input                - Registered new binding: Dev Options - CTRL+0
19:07:16.161 [JavaFX Application Thread] DEBUG Input                - Registered new binding: System info dump - CTRL+9
19:07:16.162 [JavaFX Application Thread] DEBUG Input                - Registered new binding: Restart - CTRL+R
19:07:16.162 [JavaFX Application Thread] DEBUG Input                - Registered new binding: Up 1 - W
19:07:16.162 [JavaFX Application Thread] DEBUG Input                - Registered new binding: Down 1 - S
19:07:16.162 [JavaFX Application Thread] DEBUG Input                - Registered new binding: Right 1 - D
19:07:16.163 [JavaFX Application Thread] DEBUG Input                - Registered new binding: Left 1 - A
19:07:16.164 [JavaFX Application Thread] DEBUG Input                - Registered new binding: Click - LMB
19:07:16.164 [JavaFX Application Thread] DEBUG Input                - Registered new binding: Rightclick - RMB
19:07:16.164 [JavaFX Application Thread] DEBUG Input                - Registered new binding: Tab - Tab
19:07:16.203 [JavaFX Application Thread] DEBUG GameApplication      - Starting main loop
19:07:16.212 [JavaFX Application Thread] DEBUG StartupState         - STARTUP
19:07:16.212 [JavaFX Application Thread] DEBUG GameApplication      - Starting new game
19:07:16.212 [JavaFX Application Thread] DEBUG Input                - Clearing active input actions
19:07:16.219 [JavaFX Application Thread] DEBUG AppStateMachine      - StartupState -> LoadingState
19:07:16.224 [FXGL Background Thread 1 ] DEBUG InitAppTask          - Clearing previous game
19:07:16.224 [FXGL Background Thread 1 ] DEBUG GameWorld            - Clearing game world
19:07:16.224 [FXGL Background Thread 1 ] DEBUG PhysicsWorld         - Clearing physics world
19:07:16.224 [FXGL Background Thread 1 ] DEBUG GameScene            - Clearing game scene
19:07:16.225 [FXGL Background Thread 1 ] DEBUG InitAppTask          - Initializing Game
19:07:16.229 [FXGL Background Thread 1 ] DEBUG InitAppTask          - Initializing Physics
19:07:16.231 [FXGL Background Thread 1 ] DEBUG InitAppTask          - Initializing UI
19:07:16.231 [FXGL Background Thread 1 ] DEBUG AssetLoader          - Loading from disk: /assets/ui/login.fxml
19:07:17.300 [FXGL Background Thread 1 ] DEBUG AssetLoader          - Loading from disk: /assets/textures/ui/box.png
19:07:17.302 [FXGL Background Thread 1 ] DEBUG AssetLoader          - Loading from disk: /assets/ui/mainpanel.fxml
19:07:17.335 [FXGL Background Thread 1 ] DEBUG InitAppTask          - Initialization Complete
19:07:17.336 [FXGL Background Thread 1 ] INFO  InitAppTask          - Game initialization took: 1.112 sec
19:07:17.770 [JavaFX Application Thread] DEBUG Input                - Clearing active input actions
19:07:17.785 [JavaFX Application Thread] DEBUG AppStateMachine      - LoadingState -> PlayState
19:07:23.172 [JavaFX Application Thread] FATAL GameApplication      - Uncaught Exception:

Fatal exception occurred: java.lang.IllegalStateException : No EntityFactory was added! Call gameWorld.addEntityFactory()
E: com.almasb.fxgl.entity.GameWorld.create(GameWorld.kt:427)
E: com.almasb.fxgl.entity.GameWorld.spawn(GameWorld.kt:413)
E: client.ClientGameMap$4.run(ClientGameMap.java:223)
E: com.sun.javafx.application.PlatformImpl.lambda$null$5(PlatformImpl.java:295)
E: java.security.AccessController.doPrivileged(Native Method)
E: com.sun.javafx.application.PlatformImpl.lambda$runLater$6(PlatformImpl.java:294)
E: com.sun.glass.ui.InvokeLaterDispatcher$Future.run(InvokeLaterDispatcher.java:95)
E: com.sun.glass.ui.gtk.GtkApplication._runLoop(Native Method)
E: com.sun.glass.ui.gtk.GtkApplication.lambda$null$5(GtkApplication.java:139)
E: java.lang.Thread.run(Thread.java:748)

19:07:23.172 [JavaFX Application Thread] FATAL GameApplication      - Application will now exit
19:07:23.172 [JavaFX Application Thread] DEBUG GameApplication      - Stopping main loop
19:07:24.338 [JavaFX Application Thread] DEBUG GameApplication      - Exiting game application
19:07:24.339 [JavaFX Application Thread] DEBUG GameApplication      - Shutting down background threads
19:07:24.339 [JavaFX Application Thread] DEBUG GameApplication      - Exiting FXGL
19:07:24.339 [JavaFX Application Thread] DEBUG FXGL                 - Saving FXGL system data
19:07:24.341 [JavaFX Application Thread] DEBUG DesktopFSService     - Writing to: system/fxgl.bundle
19:07:24.344 [JavaFX Application Thread] DEBUG GameApplication      - Closing logger and exiting JavaFX
