20:19:45.536 [JavaFX Application Thread] DEBUG GameApplication      - Logger initialized
20:19:45.545 [JavaFX Application Thread] DEBUG MainWindow           - Creating a JavaFX scene
20:19:45.683 [JavaFX Application Thread] DEBUG MainWindow           - Target settings size: 860.0 x 600.0
20:19:45.683 [JavaFX Application Thread] DEBUG MainWindow           - Scaled scene size:    860.0 x 600.0
20:19:45.684 [JavaFX Application Thread] DEBUG MainWindow           - Scaled ratio: (1.0, 1.0)
20:19:45.689 [JavaFX Application Thread] DEBUG GameApplication      - Starting FXGL
20:19:45.694 [JavaFX Application Thread] INFO  FXGL                 - FXGL-0.5.3 on DESKTOP
20:19:45.694 [JavaFX Application Thread] INFO  FXGL                 - Source code and latest versions at: https://github.com/AlmasB/FXGL
20:19:45.694 [JavaFX Application Thread] INFO  FXGL                 -              Join the FXGL chat at: https://gitter.im/AlmasB/FXGL
20:19:45.700 [JavaFX Application Thread] DEBUG FS                   - Loaded DesktopFSService
20:19:45.701 [JavaFX Application Thread] DEBUG FXGL                 - Loading FXGL system data
20:19:45.706 [JavaFX Application Thread] DEBUG DesktopFSService     - Reading from: system/fxgl.bundle
20:19:45.714 [JavaFX Application Thread] DEBUG Bundle               - Logging bundle: FXGL
20:19:45.715 [JavaFX Application Thread] DEBUG Bundle               - FXGL.offline.timer.version.check=2019-02-06T21:58:35.988
20:19:45.745 [JavaFX Application Thread] DEBUG GameApplication      - FXGL started
20:19:45.745 [JavaFX Application Thread] DEBUG GameApplication      - Logging game settings
Title: Basic Game App
Version: 0.0
Width: 860
Height: 600
Fullscreen: false
Intro: false
Menus: false
Profiling: false
Single step:false
App Mode: DEVELOPER
Menu Key: ESCAPE
Stage Style: DECORATED
Scene Factory: class com.almasb.fxgl.scene.SceneFactory
Dialog Factory: class com.almasb.fxgl.ui.FXGLDialogFactory
UI Factory: class com.almasb.fxgl.ui.FXGLUIFactory
Notification Service: class com.almasb.fxgl.gameplay.notification.XboxNotificationView
Exception Handler: class com.almasb.fxgl.app.FXGLExceptionHandler
20:19:45.746 [JavaFX Application Thread] DEBUG GameApplication      - Configuring GameApplication
20:19:45.747 [JavaFX Application Thread] DEBUG GameApplication      - Initializing state machine and application states
20:19:45.761 [JavaFX Application Thread] DEBUG AssetLoader          - Loading from disk: /assets/ui/cursors/fxgl_default.png
20:19:45.790 [JavaFX Application Thread] DEBUG AssetLoader          - Loading from disk: /assets/ui/cursors/fxgl_default.png
20:19:45.823 [JavaFX Application Thread] DEBUG FXGLAssets           - Loading FXGLAssets
20:19:45.848 [JavaFX Application Thread] DEBUG AssetLoader          - Loading from disk: /assets/ui/fonts/VarelaRound-Regular.ttf
20:19:45.861 [JavaFX Application Thread] DEBUG AssetLoader          - Loading from disk: /assets/ui/fonts/lucida_console.ttf
20:19:45.864 [JavaFX Application Thread] DEBUG AssetLoader          - Loading from disk: /assets/ui/fonts/Courier-Prime.ttf
20:19:45.866 [JavaFX Application Thread] DEBUG AssetLoader          - Loading from disk: /assets/ui/fonts/Abel-Regular.ttf
20:19:45.867 [JavaFX Application Thread] DEBUG AssetLoader          - Loading from disk: /assets/ui/css/fxgl_dark.css
20:19:45.897 [JavaFX Application Thread] DEBUG AssetLoader          - Loading from disk: /assets/ui/cursors/fxgl_default.png
20:19:45.933 [JavaFX Application Thread] DEBUG AssetLoader          - Loading from disk: /assets/ui/cursors/fxgl_default.png
20:19:45.954 [JavaFX Application Thread] DEBUG GameScene            - Game scene initialized: 860x600
20:19:45.957 [JavaFX Application Thread] DEBUG GameWorld            - Game world initialized
20:19:45.998 [JavaFX Application Thread] DEBUG PhysicsWorld         - Physics world initialized: appHeight=600, physics.ppm=50.0
20:19:46.015 [JavaFX Application Thread] DEBUG Input                - Registered new binding: Pause - Esc
20:19:46.032 [JavaFX Application Thread] DEBUG Input                - Clearing active input actions
20:19:46.076 [JavaFX Application Thread] DEBUG AppStateMachine      - StartupState -> StartupState
20:19:46.080 [JavaFX Application Thread] INFO  GameApplication      - Game configuration took:  0.333 sec
20:19:46.082 [JavaFX Application Thread] DEBUG AssetLoader          - Loading from disk: /assets/textures/fxgl_icon.png
20:19:46.097 [JavaFX Application Thread] DEBUG MainWindow           - Opening main window
20:19:46.168 [JavaFX Application Thread] DEBUG MainWindow           - Window border size: (0.0, 0.0)
20:19:46.168 [JavaFX Application Thread] DEBUG MainWindow           - Scaled size: 860.0 x 600.0
20:19:46.169 [JavaFX Application Thread] DEBUG MainWindow           - Scaled ratio: (1.0, 1.0)
20:19:46.169 [JavaFX Application Thread] DEBUG MainWindow           - Scene size: 860.0 x 600.0
20:19:46.169 [JavaFX Application Thread] DEBUG MainWindow           - Stage size: 860.0 x 600.0
20:19:46.169 [JavaFX Application Thread] DEBUG GameApplication      - Running preInit()
20:19:46.171 [JavaFX Application Thread] DEBUG Input                - Registered new binding: Screenshot - P
20:19:46.172 [JavaFX Application Thread] DEBUG Input                - Registered new binding: Dev Options - CTRL+0
20:19:46.172 [JavaFX Application Thread] DEBUG Input                - Registered new binding: System info dump - CTRL+9
20:19:46.173 [JavaFX Application Thread] DEBUG Input                - Registered new binding: Restart - CTRL+R
20:19:46.207 [JavaFX Application Thread] DEBUG GameApplication      - Starting main loop
20:19:46.216 [JavaFX Application Thread] DEBUG StartupState         - STARTUP
20:19:46.216 [JavaFX Application Thread] DEBUG GameApplication      - Starting new game
20:19:46.217 [JavaFX Application Thread] DEBUG Input                - Clearing active input actions
20:19:46.223 [JavaFX Application Thread] DEBUG AppStateMachine      - StartupState -> LoadingState
20:19:46.228 [FXGL Background Thread 1 ] DEBUG InitAppTask          - Clearing previous game
20:19:46.228 [FXGL Background Thread 1 ] DEBUG GameWorld            - Clearing game world
20:19:46.228 [FXGL Background Thread 1 ] DEBUG PhysicsWorld         - Clearing physics world
20:19:46.228 [FXGL Background Thread 1 ] DEBUG GameScene            - Clearing game scene
20:19:46.229 [FXGL Background Thread 1 ] DEBUG InitAppTask          - Initializing Game
20:19:46.234 [FXGL Background Thread 1 ] DEBUG InitAppTask          - Initializing Physics
20:19:46.234 [FXGL Background Thread 1 ] DEBUG InitAppTask          - Initializing UI
20:19:46.235 [FXGL Background Thread 1 ] DEBUG AssetLoader          - Loading from disk: /assets/ui/login.fxml
20:19:47.353 [FXGL Background Thread 1 ] DEBUG InitAppTask          - Initialization Complete
20:19:47.353 [FXGL Background Thread 1 ] INFO  InitAppTask          - Game initialization took: 1.125 sec
20:19:47.366 [JavaFX Application Thread] DEBUG Input                - Clearing active input actions
20:19:47.382 [JavaFX Application Thread] DEBUG AppStateMachine      - LoadingState -> PlayState
20:19:49.134 [JavaFX Application Thread] DEBUG Input                - Registered new binding: Up 1 - W
20:19:49.134 [JavaFX Application Thread] DEBUG Input                - Registered new binding: Down 1 - S
20:19:49.134 [JavaFX Application Thread] DEBUG Input                - Registered new binding: Right 1 - D
20:19:49.134 [JavaFX Application Thread] DEBUG Input                - Registered new binding: Left 1 - A
20:19:49.191 [JavaFX Application Thread] DEBUG GameWorld            - Clearing removable entities
20:19:49.191 [JavaFX Application Thread] DEBUG GameWorld            - Setting level from map
20:19:49.219 [JavaFX Application Thread] DEBUG AssetLoader          - Loading from disk: /assets/textures/ZRPGtrees.png
20:19:49.247 [JavaFX Application Thread] DEBUG AssetLoader          - Loading from cache: /assets/textures/ZRPGtrees.png
20:19:49.247 [JavaFX Application Thread] DEBUG AssetLoader          - Loading from cache: /assets/textures/ZRPGtrees.png
20:19:49.247 [JavaFX Application Thread] DEBUG AssetLoader          - Loading from cache: /assets/textures/ZRPGtrees.png
20:19:49.247 [JavaFX Application Thread] DEBUG AssetLoader          - Loading from cache: /assets/textures/ZRPGtrees.png
20:19:49.247 [JavaFX Application Thread] DEBUG AssetLoader          - Loading from cache: /assets/textures/ZRPGtrees.png
20:19:49.248 [JavaFX Application Thread] DEBUG AssetLoader          - Loading from cache: /assets/textures/ZRPGtrees.png
20:19:49.248 [JavaFX Application Thread] DEBUG AssetLoader          - Loading from cache: /assets/textures/ZRPGtrees.png
20:19:49.248 [JavaFX Application Thread] DEBUG AssetLoader          - Loading from cache: /assets/textures/ZRPGtrees.png
20:19:49.248 [JavaFX Application Thread] DEBUG AssetLoader          - Loading from cache: /assets/textures/ZRPGtrees.png
20:19:49.248 [JavaFX Application Thread] DEBUG AssetLoader          - Loading from cache: /assets/textures/ZRPGtrees.png
20:19:49.248 [JavaFX Application Thread] DEBUG AssetLoader          - Loading from cache: /assets/textures/ZRPGtrees.png
20:19:49.248 [JavaFX Application Thread] DEBUG AssetLoader          - Loading from cache: /assets/textures/ZRPGtrees.png
20:19:49.249 [JavaFX Application Thread] DEBUG AssetLoader          - Loading from cache: /assets/textures/ZRPGtrees.png
20:19:49.249 [JavaFX Application Thread] DEBUG AssetLoader          - Loading from cache: /assets/textures/ZRPGtrees.png
20:19:49.249 [JavaFX Application Thread] DEBUG AssetLoader          - Loading from cache: /assets/textures/ZRPGtrees.png
20:19:49.249 [JavaFX Application Thread] DEBUG AssetLoader          - Loading from cache: /assets/textures/ZRPGtrees.png
20:19:49.249 [JavaFX Application Thread] DEBUG AssetLoader          - Loading from cache: /assets/textures/ZRPGtrees.png
20:19:49.249 [JavaFX Application Thread] DEBUG AssetLoader          - Loading from cache: /assets/textures/ZRPGtrees.png
20:19:49.249 [JavaFX Application Thread] DEBUG AssetLoader          - Loading from cache: /assets/textures/ZRPGtrees.png
20:19:49.250 [JavaFX Application Thread] DEBUG AssetLoader          - Loading from cache: /assets/textures/ZRPGtrees.png
20:19:49.250 [JavaFX Application Thread] DEBUG AssetLoader          - Loading from cache: /assets/textures/ZRPGtrees.png
20:19:49.250 [JavaFX Application Thread] DEBUG AssetLoader          - Loading from cache: /assets/textures/ZRPGtrees.png
20:19:49.250 [JavaFX Application Thread] DEBUG AssetLoader          - Loading from cache: /assets/textures/ZRPGtrees.png
20:19:49.250 [JavaFX Application Thread] DEBUG AssetLoader          - Loading from cache: /assets/textures/ZRPGtrees.png
20:19:49.250 [JavaFX Application Thread] DEBUG AssetLoader          - Loading from cache: /assets/textures/ZRPGtrees.png
20:19:49.250 [JavaFX Application Thread] DEBUG AssetLoader          - Loading from cache: /assets/textures/ZRPGtrees.png
20:19:49.251 [JavaFX Application Thread] DEBUG AssetLoader          - Loading from cache: /assets/textures/ZRPGtrees.png
20:19:49.251 [JavaFX Application Thread] DEBUG AssetLoader          - Loading from cache: /assets/textures/ZRPGtrees.png
20:19:49.251 [JavaFX Application Thread] DEBUG AssetLoader          - Loading from cache: /assets/textures/ZRPGtrees.png
20:19:49.251 [JavaFX Application Thread] DEBUG AssetLoader          - Loading from cache: /assets/textures/ZRPGtrees.png
20:19:49.251 [JavaFX Application Thread] DEBUG AssetLoader          - Loading from cache: /assets/textures/ZRPGtrees.png
20:19:49.251 [JavaFX Application Thread] DEBUG AssetLoader          - Loading from cache: /assets/textures/ZRPGtrees.png
20:19:49.251 [JavaFX Application Thread] DEBUG AssetLoader          - Loading from cache: /assets/textures/ZRPGtrees.png
20:19:49.252 [JavaFX Application Thread] DEBUG AssetLoader          - Loading from cache: /assets/textures/ZRPGtrees.png
20:19:49.252 [JavaFX Application Thread] DEBUG AssetLoader          - Loading from cache: /assets/textures/ZRPGtrees.png
20:19:49.252 [JavaFX Application Thread] DEBUG AssetLoader          - Loading from cache: /assets/textures/ZRPGtrees.png
20:19:49.252 [JavaFX Application Thread] DEBUG AssetLoader          - Loading from cache: /assets/textures/ZRPGtrees.png
20:19:49.252 [JavaFX Application Thread] DEBUG AssetLoader          - Loading from cache: /assets/textures/ZRPGtrees.png
20:19:49.252 [JavaFX Application Thread] DEBUG AssetLoader          - Loading from cache: /assets/textures/ZRPGtrees.png
20:19:49.252 [JavaFX Application Thread] DEBUG AssetLoader          - Loading from cache: /assets/textures/ZRPGtrees.png
20:19:49.253 [JavaFX Application Thread] DEBUG AssetLoader          - Loading from cache: /assets/textures/ZRPGtrees.png
20:19:49.253 [JavaFX Application Thread] DEBUG AssetLoader          - Loading from cache: /assets/textures/ZRPGtrees.png
20:19:49.253 [JavaFX Application Thread] DEBUG AssetLoader          - Loading from cache: /assets/textures/ZRPGtrees.png
20:19:49.253 [JavaFX Application Thread] DEBUG AssetLoader          - Loading from cache: /assets/textures/ZRPGtrees.png
20:19:49.253 [JavaFX Application Thread] DEBUG AssetLoader          - Loading from cache: /assets/textures/ZRPGtrees.png
20:19:49.253 [JavaFX Application Thread] DEBUG AssetLoader          - Loading from cache: /assets/textures/ZRPGtrees.png
20:19:49.253 [JavaFX Application Thread] DEBUG AssetLoader          - Loading from cache: /assets/textures/ZRPGtrees.png
20:19:49.253 [JavaFX Application Thread] DEBUG AssetLoader          - Loading from cache: /assets/textures/ZRPGtrees.png
20:19:49.254 [JavaFX Application Thread] DEBUG AssetLoader          - Loading from cache: /assets/textures/ZRPGtrees.png
20:19:49.254 [JavaFX Application Thread] DEBUG AssetLoader          - Loading from cache: /assets/textures/ZRPGtrees.png
20:19:49.254 [JavaFX Application Thread] DEBUG AssetLoader          - Loading from cache: /assets/textures/ZRPGtrees.png
20:19:49.254 [JavaFX Application Thread] DEBUG AssetLoader          - Loading from cache: /assets/textures/ZRPGtrees.png
20:19:49.254 [JavaFX Application Thread] DEBUG AssetLoader          - Loading from cache: /assets/textures/ZRPGtrees.png
20:19:49.254 [JavaFX Application Thread] DEBUG AssetLoader          - Loading from cache: /assets/textures/ZRPGtrees.png
20:19:49.255 [JavaFX Application Thread] DEBUG AssetLoader          - Loading from cache: /assets/textures/ZRPGtrees.png
20:19:49.255 [JavaFX Application Thread] DEBUG AssetLoader          - Loading from cache: /assets/textures/ZRPGtrees.png
20:19:49.255 [JavaFX Application Thread] DEBUG AssetLoader          - Loading from cache: /assets/textures/ZRPGtrees.png
20:19:49.255 [JavaFX Application Thread] DEBUG AssetLoader          - Loading from cache: /assets/textures/ZRPGtrees.png
20:19:49.255 [JavaFX Application Thread] DEBUG AssetLoader          - Loading from cache: /assets/textures/ZRPGtrees.png
20:19:49.255 [JavaFX Application Thread] DEBUG AssetLoader          - Loading from cache: /assets/textures/ZRPGtrees.png
20:19:49.255 [JavaFX Application Thread] DEBUG AssetLoader          - Loading from cache: /assets/textures/ZRPGtrees.png
20:19:49.256 [JavaFX Application Thread] DEBUG AssetLoader          - Loading from cache: /assets/textures/ZRPGtrees.png
20:19:49.256 [JavaFX Application Thread] DEBUG AssetLoader          - Loading from cache: /assets/textures/ZRPGtrees.png
20:19:49.256 [JavaFX Application Thread] DEBUG AssetLoader          - Loading from cache: /assets/textures/ZRPGtrees.png
20:19:49.256 [JavaFX Application Thread] DEBUG AssetLoader          - Loading from cache: /assets/textures/ZRPGtrees.png
20:19:49.256 [JavaFX Application Thread] DEBUG AssetLoader          - Loading from cache: /assets/textures/ZRPGtrees.png
20:19:49.256 [JavaFX Application Thread] DEBUG AssetLoader          - Loading from cache: /assets/textures/ZRPGtrees.png
20:19:49.256 [JavaFX Application Thread] DEBUG AssetLoader          - Loading from cache: /assets/textures/ZRPGtrees.png
20:19:49.256 [JavaFX Application Thread] DEBUG AssetLoader          - Loading from cache: /assets/textures/ZRPGtrees.png
20:19:49.257 [JavaFX Application Thread] DEBUG AssetLoader          - Loading from cache: /assets/textures/ZRPGtrees.png
20:19:49.257 [JavaFX Application Thread] DEBUG AssetLoader          - Loading from cache: /assets/textures/ZRPGtrees.png
20:19:49.257 [JavaFX Application Thread] DEBUG AssetLoader          - Loading from cache: /assets/textures/ZRPGtrees.png
20:19:49.257 [JavaFX Application Thread] DEBUG AssetLoader          - Loading from cache: /assets/textures/ZRPGtrees.png
20:19:49.257 [JavaFX Application Thread] DEBUG AssetLoader          - Loading from cache: /assets/textures/ZRPGtrees.png
20:19:49.257 [JavaFX Application Thread] DEBUG AssetLoader          - Loading from cache: /assets/textures/ZRPGtrees.png
20:19:49.258 [JavaFX Application Thread] DEBUG AssetLoader          - Loading from cache: /assets/textures/ZRPGtrees.png
20:19:49.258 [JavaFX Application Thread] DEBUG AssetLoader          - Loading from cache: /assets/textures/ZRPGtrees.png
20:19:49.258 [JavaFX Application Thread] DEBUG AssetLoader          - Loading from cache: /assets/textures/ZRPGtrees.png
20:19:49.258 [JavaFX Application Thread] DEBUG AssetLoader          - Loading from cache: /assets/textures/ZRPGtrees.png
20:19:49.258 [JavaFX Application Thread] DEBUG AssetLoader          - Loading from cache: /assets/textures/ZRPGtrees.png
20:19:49.258 [JavaFX Application Thread] DEBUG AssetLoader          - Loading from cache: /assets/textures/ZRPGtrees.png
20:19:49.258 [JavaFX Application Thread] DEBUG AssetLoader          - Loading from cache: /assets/textures/ZRPGtrees.png
20:19:49.259 [JavaFX Application Thread] DEBUG AssetLoader          - Loading from cache: /assets/textures/ZRPGtrees.png
20:19:49.259 [JavaFX Application Thread] DEBUG AssetLoader          - Loading from cache: /assets/textures/ZRPGtrees.png
20:19:49.259 [JavaFX Application Thread] DEBUG AssetLoader          - Loading from cache: /assets/textures/ZRPGtrees.png
20:19:49.259 [JavaFX Application Thread] DEBUG AssetLoader          - Loading from cache: /assets/textures/ZRPGtrees.png
20:19:49.259 [JavaFX Application Thread] DEBUG AssetLoader          - Loading from cache: /assets/textures/ZRPGtrees.png
20:19:49.259 [JavaFX Application Thread] DEBUG AssetLoader          - Loading from cache: /assets/textures/ZRPGtrees.png
20:19:49.260 [JavaFX Application Thread] DEBUG AssetLoader          - Loading from cache: /assets/textures/ZRPGtrees.png
20:19:49.260 [JavaFX Application Thread] DEBUG AssetLoader          - Loading from cache: /assets/textures/ZRPGtrees.png
20:19:49.260 [JavaFX Application Thread] DEBUG AssetLoader          - Loading from cache: /assets/textures/ZRPGtrees.png
20:19:49.260 [JavaFX Application Thread] DEBUG AssetLoader          - Loading from cache: /assets/textures/ZRPGtrees.png
20:19:49.260 [JavaFX Application Thread] DEBUG AssetLoader          - Loading from cache: /assets/textures/ZRPGtrees.png
20:19:49.260 [JavaFX Application Thread] DEBUG AssetLoader          - Loading from cache: /assets/textures/ZRPGtrees.png
20:19:49.260 [JavaFX Application Thread] DEBUG AssetLoader          - Loading from cache: /assets/textures/ZRPGtrees.png
20:19:49.261 [JavaFX Application Thread] DEBUG AssetLoader          - Loading from cache: /assets/textures/ZRPGtrees.png
20:19:49.261 [JavaFX Application Thread] DEBUG AssetLoader          - Loading from cache: /assets/textures/ZRPGtrees.png
20:19:49.261 [JavaFX Application Thread] DEBUG AssetLoader          - Loading from cache: /assets/textures/ZRPGtrees.png
20:19:49.261 [JavaFX Application Thread] DEBUG AssetLoader          - Loading from cache: /assets/textures/ZRPGtrees.png
20:19:49.261 [JavaFX Application Thread] DEBUG AssetLoader          - Loading from cache: /assets/textures/ZRPGtrees.png
20:19:49.261 [JavaFX Application Thread] DEBUG AssetLoader          - Loading from cache: /assets/textures/ZRPGtrees.png
20:19:49.261 [JavaFX Application Thread] DEBUG AssetLoader          - Loading from cache: /assets/textures/ZRPGtrees.png
20:19:49.261 [JavaFX Application Thread] DEBUG AssetLoader          - Loading from cache: /assets/textures/ZRPGtrees.png
20:19:49.262 [JavaFX Application Thread] DEBUG AssetLoader          - Loading from cache: /assets/textures/ZRPGtrees.png
20:19:49.262 [JavaFX Application Thread] DEBUG AssetLoader          - Loading from cache: /assets/textures/ZRPGtrees.png
20:19:49.262 [JavaFX Application Thread] DEBUG AssetLoader          - Loading from cache: /assets/textures/ZRPGtrees.png
20:19:49.262 [JavaFX Application Thread] DEBUG AssetLoader          - Loading from cache: /assets/textures/ZRPGtrees.png
20:19:49.262 [JavaFX Application Thread] DEBUG AssetLoader          - Loading from cache: /assets/textures/ZRPGtrees.png
20:19:49.262 [JavaFX Application Thread] DEBUG AssetLoader          - Loading from cache: /assets/textures/ZRPGtrees.png
20:19:49.262 [JavaFX Application Thread] DEBUG AssetLoader          - Loading from cache: /assets/textures/ZRPGtrees.png
20:19:49.262 [JavaFX Application Thread] DEBUG AssetLoader          - Loading from cache: /assets/textures/ZRPGtrees.png
20:19:49.263 [JavaFX Application Thread] DEBUG AssetLoader          - Loading from cache: /assets/textures/ZRPGtrees.png
20:19:49.263 [JavaFX Application Thread] DEBUG AssetLoader          - Loading from cache: /assets/textures/ZRPGtrees.png
20:19:49.263 [JavaFX Application Thread] DEBUG AssetLoader          - Loading from cache: /assets/textures/ZRPGtrees.png
20:19:49.263 [JavaFX Application Thread] DEBUG AssetLoader          - Loading from cache: /assets/textures/ZRPGtrees.png
20:19:49.263 [JavaFX Application Thread] DEBUG AssetLoader          - Loading from cache: /assets/textures/ZRPGtrees.png
20:19:49.263 [JavaFX Application Thread] DEBUG AssetLoader          - Loading from cache: /assets/textures/ZRPGtrees.png
20:19:49.263 [JavaFX Application Thread] DEBUG AssetLoader          - Loading from cache: /assets/textures/ZRPGtrees.png
20:19:49.263 [JavaFX Application Thread] DEBUG AssetLoader          - Loading from cache: /assets/textures/ZRPGtrees.png
20:19:49.263 [JavaFX Application Thread] DEBUG AssetLoader          - Loading from cache: /assets/textures/ZRPGtrees.png
20:19:49.264 [JavaFX Application Thread] DEBUG AssetLoader          - Loading from cache: /assets/textures/ZRPGtrees.png
20:19:49.264 [JavaFX Application Thread] DEBUG AssetLoader          - Loading from cache: /assets/textures/ZRPGtrees.png
20:19:49.264 [JavaFX Application Thread] DEBUG AssetLoader          - Loading from cache: /assets/textures/ZRPGtrees.png
20:19:49.264 [JavaFX Application Thread] DEBUG AssetLoader          - Loading from cache: /assets/textures/ZRPGtrees.png
20:19:49.264 [JavaFX Application Thread] DEBUG AssetLoader          - Loading from cache: /assets/textures/ZRPGtrees.png
20:19:49.264 [JavaFX Application Thread] DEBUG AssetLoader          - Loading from cache: /assets/textures/ZRPGtrees.png
20:19:49.264 [JavaFX Application Thread] DEBUG AssetLoader          - Loading from cache: /assets/textures/ZRPGtrees.png
20:19:49.264 [JavaFX Application Thread] DEBUG AssetLoader          - Loading from cache: /assets/textures/ZRPGtrees.png
20:19:49.264 [JavaFX Application Thread] DEBUG AssetLoader          - Loading from cache: /assets/textures/ZRPGtrees.png
20:19:49.265 [JavaFX Application Thread] DEBUG AssetLoader          - Loading from cache: /assets/textures/ZRPGtrees.png
20:19:49.265 [JavaFX Application Thread] DEBUG AssetLoader          - Loading from cache: /assets/textures/ZRPGtrees.png
20:19:49.265 [JavaFX Application Thread] DEBUG AssetLoader          - Loading from cache: /assets/textures/ZRPGtrees.png
20:19:49.265 [JavaFX Application Thread] DEBUG AssetLoader          - Loading from cache: /assets/textures/ZRPGtrees.png
20:19:49.265 [JavaFX Application Thread] DEBUG AssetLoader          - Loading from cache: /assets/textures/ZRPGtrees.png
20:19:49.265 [JavaFX Application Thread] DEBUG AssetLoader          - Loading from cache: /assets/textures/ZRPGtrees.png
20:19:49.265 [JavaFX Application Thread] DEBUG AssetLoader          - Loading from cache: /assets/textures/ZRPGtrees.png
20:19:49.265 [JavaFX Application Thread] DEBUG AssetLoader          - Loading from cache: /assets/textures/ZRPGtrees.png
20:19:49.265 [JavaFX Application Thread] DEBUG AssetLoader          - Loading from cache: /assets/textures/ZRPGtrees.png
20:19:49.266 [JavaFX Application Thread] DEBUG AssetLoader          - Loading from cache: /assets/textures/ZRPGtrees.png
20:19:49.266 [JavaFX Application Thread] DEBUG AssetLoader          - Loading from cache: /assets/textures/ZRPGtrees.png
20:19:49.266 [JavaFX Application Thread] DEBUG AssetLoader          - Loading from cache: /assets/textures/ZRPGtrees.png
20:19:49.266 [JavaFX Application Thread] DEBUG AssetLoader          - Loading from cache: /assets/textures/ZRPGtrees.png
20:19:49.266 [JavaFX Application Thread] DEBUG AssetLoader          - Loading from cache: /assets/textures/ZRPGtrees.png
20:19:49.266 [JavaFX Application Thread] DEBUG AssetLoader          - Loading from cache: /assets/textures/ZRPGtrees.png
20:19:49.266 [JavaFX Application Thread] DEBUG AssetLoader          - Loading from cache: /assets/textures/ZRPGtrees.png
20:19:49.266 [JavaFX Application Thread] DEBUG AssetLoader          - Loading from cache: /assets/textures/ZRPGtrees.png
20:19:49.266 [JavaFX Application Thread] DEBUG AssetLoader          - Loading from cache: /assets/textures/ZRPGtrees.png
20:19:49.267 [JavaFX Application Thread] DEBUG AssetLoader          - Loading from cache: /assets/textures/ZRPGtrees.png
20:19:49.267 [JavaFX Application Thread] DEBUG AssetLoader          - Loading from cache: /assets/textures/ZRPGtrees.png
20:19:49.267 [JavaFX Application Thread] DEBUG AssetLoader          - Loading from cache: /assets/textures/ZRPGtrees.png
20:19:49.267 [JavaFX Application Thread] DEBUG AssetLoader          - Loading from cache: /assets/textures/ZRPGtrees.png
20:19:49.267 [JavaFX Application Thread] DEBUG AssetLoader          - Loading from cache: /assets/textures/ZRPGtrees.png
20:19:49.267 [JavaFX Application Thread] DEBUG AssetLoader          - Loading from cache: /assets/textures/ZRPGtrees.png
20:19:49.267 [JavaFX Application Thread] DEBUG AssetLoader          - Loading from cache: /assets/textures/ZRPGtrees.png
20:19:49.267 [JavaFX Application Thread] DEBUG AssetLoader          - Loading from cache: /assets/textures/ZRPGtrees.png
20:19:49.267 [JavaFX Application Thread] DEBUG AssetLoader          - Loading from cache: /assets/textures/ZRPGtrees.png
20:19:49.268 [JavaFX Application Thread] DEBUG AssetLoader          - Loading from cache: /assets/textures/ZRPGtrees.png
20:19:49.268 [JavaFX Application Thread] DEBUG AssetLoader          - Loading from cache: /assets/textures/ZRPGtrees.png
20:19:49.268 [JavaFX Application Thread] DEBUG AssetLoader          - Loading from cache: /assets/textures/ZRPGtrees.png
20:19:49.268 [JavaFX Application Thread] DEBUG AssetLoader          - Loading from cache: /assets/textures/ZRPGtrees.png
20:19:49.268 [JavaFX Application Thread] DEBUG AssetLoader          - Loading from cache: /assets/textures/ZRPGtrees.png
20:19:49.268 [JavaFX Application Thread] DEBUG AssetLoader          - Loading from cache: /assets/textures/ZRPGtrees.png
20:19:49.268 [JavaFX Application Thread] DEBUG AssetLoader          - Loading from cache: /assets/textures/ZRPGtrees.png
20:19:49.268 [JavaFX Application Thread] DEBUG AssetLoader          - Loading from cache: /assets/textures/ZRPGtrees.png
20:19:49.268 [JavaFX Application Thread] DEBUG AssetLoader          - Loading from cache: /assets/textures/ZRPGtrees.png
20:19:49.269 [JavaFX Application Thread] DEBUG AssetLoader          - Loading from cache: /assets/textures/ZRPGtrees.png
20:19:49.269 [JavaFX Application Thread] DEBUG AssetLoader          - Loading from cache: /assets/textures/ZRPGtrees.png
20:19:49.269 [JavaFX Application Thread] DEBUG AssetLoader          - Loading from cache: /assets/textures/ZRPGtrees.png
20:19:49.269 [JavaFX Application Thread] DEBUG AssetLoader          - Loading from cache: /assets/textures/ZRPGtrees.png
20:19:49.269 [JavaFX Application Thread] DEBUG AssetLoader          - Loading from cache: /assets/textures/ZRPGtrees.png
20:19:49.269 [JavaFX Application Thread] DEBUG AssetLoader          - Loading from cache: /assets/textures/ZRPGtrees.png
20:19:49.269 [JavaFX Application Thread] DEBUG AssetLoader          - Loading from cache: /assets/textures/ZRPGtrees.png
20:19:49.269 [JavaFX Application Thread] DEBUG AssetLoader          - Loading from cache: /assets/textures/ZRPGtrees.png
20:19:49.269 [JavaFX Application Thread] DEBUG AssetLoader          - Loading from cache: /assets/textures/ZRPGtrees.png
20:19:49.270 [JavaFX Application Thread] DEBUG AssetLoader          - Loading from cache: /assets/textures/ZRPGtrees.png
20:19:49.270 [JavaFX Application Thread] DEBUG AssetLoader          - Loading from cache: /assets/textures/ZRPGtrees.png
20:19:49.270 [JavaFX Application Thread] DEBUG AssetLoader          - Loading from cache: /assets/textures/ZRPGtrees.png
20:19:49.270 [JavaFX Application Thread] DEBUG AssetLoader          - Loading from cache: /assets/textures/ZRPGtrees.png
20:19:49.270 [JavaFX Application Thread] DEBUG AssetLoader          - Loading from cache: /assets/textures/ZRPGtrees.png
20:19:49.270 [JavaFX Application Thread] DEBUG AssetLoader          - Loading from cache: /assets/textures/ZRPGtrees.png
20:19:49.270 [JavaFX Application Thread] DEBUG AssetLoader          - Loading from cache: /assets/textures/ZRPGtrees.png
20:19:49.270 [JavaFX Application Thread] DEBUG AssetLoader          - Loading from cache: /assets/textures/ZRPGtrees.png
20:19:49.270 [JavaFX Application Thread] DEBUG AssetLoader          - Loading from cache: /assets/textures/ZRPGtrees.png
20:19:49.271 [JavaFX Application Thread] DEBUG AssetLoader          - Loading from cache: /assets/textures/ZRPGtrees.png
20:19:49.271 [JavaFX Application Thread] DEBUG AssetLoader          - Loading from cache: /assets/textures/ZRPGtrees.png
20:19:49.271 [JavaFX Application Thread] DEBUG AssetLoader          - Loading from cache: /assets/textures/ZRPGtrees.png
20:19:49.271 [JavaFX Application Thread] DEBUG AssetLoader          - Loading from cache: /assets/textures/ZRPGtrees.png
20:19:49.271 [JavaFX Application Thread] DEBUG AssetLoader          - Loading from cache: /assets/textures/ZRPGtrees.png
20:19:49.271 [JavaFX Application Thread] DEBUG AssetLoader          - Loading from cache: /assets/textures/ZRPGtrees.png
20:19:49.271 [JavaFX Application Thread] DEBUG AssetLoader          - Loading from cache: /assets/textures/ZRPGtrees.png
20:19:49.271 [JavaFX Application Thread] DEBUG AssetLoader          - Loading from cache: /assets/textures/ZRPGtrees.png
20:19:49.271 [JavaFX Application Thread] DEBUG AssetLoader          - Loading from cache: /assets/textures/ZRPGtrees.png
20:19:49.272 [JavaFX Application Thread] DEBUG AssetLoader          - Loading from cache: /assets/textures/ZRPGtrees.png
20:19:49.272 [JavaFX Application Thread] DEBUG AssetLoader          - Loading from cache: /assets/textures/ZRPGtrees.png
20:19:49.272 [JavaFX Application Thread] FATAL GameApplication      - Uncaught Exception:

Fatal exception occurred: java.lang.IllegalArgumentException : Tileset for gid=1073742833 not found
E: com.almasb.fxgl.entity.Entities.findTileset(Entities.java:439)
E: com.almasb.fxgl.entity.Entities.access$300(Entities.java:39)
E: com.almasb.fxgl.entity.Entities$EntityBuilder.tilesToView(Entities.java:316)
E: com.almasb.fxgl.entity.Entities$EntityBuilder.viewFromTiles(Entities.java:284)
E: com.almasb.fxgl.entity.GameWorld.setLevelFromMap(GameWorld.kt:272)
E: client.Screen.parseWorld(Screen.java:217)
E: client.Screen.access$400(Screen.java:33)
E: client.Screen$7.run(Screen.java:187)
E: com.sun.javafx.application.PlatformImpl.lambda$null$5(PlatformImpl.java:295)
E: java.security.AccessController.doPrivileged(Native Method)
E: com.sun.javafx.application.PlatformImpl.lambda$runLater$6(PlatformImpl.java:294)
E: com.sun.glass.ui.InvokeLaterDispatcher$Future.run(InvokeLaterDispatcher.java:95)
E: com.sun.glass.ui.gtk.GtkApplication._runLoop(Native Method)
E: com.sun.glass.ui.gtk.GtkApplication.lambda$null$5(GtkApplication.java:139)
E: java.lang.Thread.run(Thread.java:748)

20:19:49.272 [JavaFX Application Thread] FATAL GameApplication      - Application will now exit
20:19:49.272 [JavaFX Application Thread] DEBUG GameApplication      - Stopping main loop
20:19:50.896 [JavaFX Application Thread] DEBUG GameApplication      - Exiting game application
20:19:50.897 [JavaFX Application Thread] DEBUG GameApplication      - Shutting down background threads
20:19:50.897 [JavaFX Application Thread] DEBUG GameApplication      - Exiting FXGL
20:19:50.898 [JavaFX Application Thread] DEBUG FXGL                 - Saving FXGL system data
20:19:50.899 [JavaFX Application Thread] DEBUG DesktopFSService     - Writing to: system/fxgl.bundle
20:19:50.902 [JavaFX Application Thread] DEBUG GameApplication      - Closing logger and exiting JavaFX
