17:07:59.997 [JavaFX Application Thread] DEBUG GameApplication      - Logger initialized
17:08:00.001 [JavaFX Application Thread] DEBUG GameApplication      - Logging settings
Title: Alpha
Version: 0.0
Width: 860
Height: 600
Fullscreen: false
Intro: false
Menus: false
Profiling: true
Single step:false
App Mode: DEVELOPER
Menu Key: ESCAPE
Stage Style: DECORATED
Scene Factory: class com.almasb.fxgl.scene.SceneFactory
Dialog Factory: class com.almasb.fxgl.ui.FXGLDialogFactory
UI Factory: class com.almasb.fxgl.ui.FXGLUIFactory
Notification Service: class com.almasb.fxgl.gameplay.notification.XboxNotificationView
Exception Handler: class com.almasb.fxgl.app.FXGLExceptionHandler
17:08:00.001 [JavaFX Application Thread] DEBUG GameApplication      - Starting FXGL
17:08:00.010 [JavaFX Application Thread] INFO  FXGL                 - FXGL-0.5.4 on DESKTOP
17:08:00.010 [JavaFX Application Thread] INFO  FXGL                 - Source code and latest versions at: https://github.com/AlmasB/FXGL
17:08:00.010 [JavaFX Application Thread] INFO  FXGL                 -              Join the FXGL chat at: https://gitter.im/AlmasB/FXGL
17:08:00.011 [JavaFX Application Thread] DEBUG FXGL                 - FXGL started
17:08:00.011 [JavaFX Application Thread] DEBUG FXGL                 - Initializing FXGL
17:08:00.064 [JavaFX Application Thread] DEBUG AssetLoader          - Loading from disk: /assets/ui/cursors/fxgl_default.png
17:08:00.155 [JavaFX Application Thread] DEBUG AssetLoader          - Loading from disk: /assets/ui/fonts/VarelaRound-Regular.ttf
17:08:00.225 [JavaFX Application Thread] DEBUG MainWindow           - Creating a JavaFX scene
17:08:00.269 [JavaFX Application Thread] DEBUG MainWindow           - Target settings size: 860.0 x 600.0
17:08:00.269 [JavaFX Application Thread] DEBUG MainWindow           - Scaled scene size:    860.0 x 600.0
17:08:00.269 [JavaFX Application Thread] DEBUG MainWindow           - Scaled ratio: (1.0, 1.0)
17:08:00.273 [JavaFX Application Thread] DEBUG AssetLoader          - Loading from disk: /assets/ui/css/fxgl_dark.css
17:08:00.279 [JavaFX Application Thread] DEBUG AssetLoader          - Loading from disk: /assets/textures/fxgl_icon.png
17:08:00.299 [JavaFX Application Thread] DEBUG MainWindow           - Opening main window
17:08:00.453 [JavaFX Application Thread] DEBUG MainWindow           - Window border size: (0.0, 35.0)
17:08:00.453 [JavaFX Application Thread] DEBUG MainWindow           - Scaled size: 860.0 x 565.0
17:08:00.454 [JavaFX Application Thread] DEBUG MainWindow           - Scaled ratio: (1.0, 0.9416666666666667)
17:08:00.454 [JavaFX Application Thread] DEBUG MainWindow           - Scene size: 860.0 x 600.0
17:08:00.454 [JavaFX Application Thread] DEBUG MainWindow           - Stage size: 860.0 x 600.0
17:08:00.480 [ForkJoinPool.commonPool-worker-9] DEBUG FS                   - Loaded DesktopFSService
17:08:00.480 [ForkJoinPool.commonPool-worker-9] DEBUG FXGL                 - Loading FXGL system data
17:08:00.485 [ForkJoinPool.commonPool-worker-9] DEBUG DesktopFSService     - Reading from: system/fxgl.bundle
17:08:00.491 [ForkJoinPool.commonPool-worker-9] DEBUG Bundle               - Logging bundle: FXGL
17:08:00.492 [ForkJoinPool.commonPool-worker-9] DEBUG Bundle               - FXGL.offline.timer.version.check=2019-03-31T13:59:17.348
17:08:00.492 [ForkJoinPool.commonPool-worker-9] DEBUG FXGL                 - Initializing state machine and application states
17:08:00.493 [ForkJoinPool.commonPool-worker-9] DEBUG AssetLoader          - Loading from disk: /assets/ui/cursors/fxgl_default.png
17:08:00.498 [ForkJoinPool.commonPool-worker-9] DEBUG AssetLoader          - Loading from disk: /assets/ui/cursors/fxgl_default.png
17:08:00.504 [ForkJoinPool.commonPool-worker-9] DEBUG AssetLoader          - Loading from cache: /assets/ui/fonts/VarelaRound-Regular.ttf
17:08:00.506 [ForkJoinPool.commonPool-worker-9] DEBUG AssetLoader          - Loading from disk: /assets/ui/cursors/fxgl_default.png
17:08:00.507 [ForkJoinPool.commonPool-worker-9] DEBUG AssetLoader          - Loading from disk: /assets/ui/fonts/lucida_console.ttf
17:08:00.511 [ForkJoinPool.commonPool-worker-9] DEBUG GameScene            - Game scene initialized: 860x600
17:08:00.515 [ForkJoinPool.commonPool-worker-9] DEBUG GameWorld            - Game world initialized
17:08:00.556 [ForkJoinPool.commonPool-worker-9] DEBUG PhysicsWorld         - Physics world initialized: appHeight=600, physics.ppm=50.0
17:08:00.573 [ForkJoinPool.commonPool-worker-9] DEBUG Input                - Registered new binding: Pause - Esc
17:08:00.718 [JavaFX Application Thread] DEBUG FXGL                 - Running preInit()
17:08:00.720 [JavaFX Application Thread] DEBUG Input                - Registered new binding: Screenshot - P
17:08:00.720 [JavaFX Application Thread] DEBUG Input                - Registered new binding: Dev Options - CTRL+0
17:08:00.721 [JavaFX Application Thread] DEBUG Input                - Registered new binding: System info dump - CTRL+9
17:08:00.721 [JavaFX Application Thread] DEBUG Input                - Registered new binding: Restart - CTRL+R
17:08:00.721 [JavaFX Application Thread] DEBUG Input                - Registered new binding: Up 1 - W
17:08:00.722 [JavaFX Application Thread] DEBUG Input                - Registered new binding: Down 1 - S
17:08:00.722 [JavaFX Application Thread] DEBUG Input                - Registered new binding: Right 1 - D
17:08:00.722 [JavaFX Application Thread] DEBUG Input                - Registered new binding: Left 1 - A
17:08:00.722 [JavaFX Application Thread] DEBUG Input                - Registered new binding: Change State - C
17:08:00.722 [JavaFX Application Thread] DEBUG Input                - Registered new binding: Set Shield - X
17:08:00.723 [JavaFX Application Thread] DEBUG Input                - Registered new binding: Click - LMB
17:08:00.723 [JavaFX Application Thread] DEBUG Input                - Registered new binding: Rightclick - RMB
17:08:00.724 [JavaFX Application Thread] DEBUG Input                - Registered new binding: Tab - Tab
17:08:00.724 [JavaFX Application Thread] INFO  FXGL                 - FXGL initialization took: 0.713 sec
17:08:00.724 [JavaFX Application Thread] DEBUG LoopRunner           - Starting loop
17:08:00.727 [JavaFX Application Thread] DEBUG StartupState         - STARTUP
17:08:00.727 [JavaFX Application Thread] DEBUG GameApplication      - Starting new game
17:08:00.727 [JavaFX Application Thread] DEBUG Input                - Clearing active input actions
17:08:00.728 [JavaFX Application Thread] DEBUG AssetLoader          - Loading from disk: /assets/ui/css/fxgl_dark.css
17:08:00.735 [JavaFX Application Thread] DEBUG AppStateMachine      - StartupState -> LoadingState
17:08:00.739 [FXGL Background Thread 1 ] DEBUG InitAppTask          - Clearing previous game
17:08:00.739 [FXGL Background Thread 1 ] DEBUG GameWorld            - Clearing game world
17:08:00.739 [FXGL Background Thread 1 ] DEBUG PhysicsWorld         - Clearing physics world
17:08:00.740 [FXGL Background Thread 1 ] DEBUG GameScene            - Clearing game scene
17:08:00.740 [FXGL Background Thread 1 ] DEBUG InitAppTask          - Initializing Game
17:08:00.779 [FXGL Background Thread 1 ] DEBUG InitAppTask          - Initializing Physics
17:08:00.780 [FXGL Background Thread 1 ] DEBUG InitAppTask          - Initializing UI
17:08:00.781 [FXGL Background Thread 1 ] DEBUG AssetLoader          - Loading from disk: /assets/ui/login.fxml
17:08:01.849 [FXGL Background Thread 1 ] DEBUG AssetLoader          - Loading from disk: /assets/textures/ui/default.png
17:08:01.850 [FXGL Background Thread 1 ] DEBUG AssetLoader          - Loading from disk: /assets/ui/mainpanel.fxml
17:08:01.887 [FXGL Background Thread 1 ] DEBUG InitAppTask          - Initialization Complete
17:08:01.888 [FXGL Background Thread 1 ] INFO  InitAppTask          - Game initialization took: 1.148 sec
17:08:01.897 [JavaFX Application Thread] DEBUG Input                - Clearing active input actions
17:08:01.897 [JavaFX Application Thread] DEBUG AssetLoader          - Loading from disk: /assets/ui/css/fxgl_dark.css
17:08:01.908 [JavaFX Application Thread] DEBUG AppStateMachine      - LoadingState -> PlayState
17:08:05.142 [JavaFX Application Thread] FATAL FXGL                 - Uncaught Exception:

Fatal exception occurred: java.lang.NullPointerException : null
E: client.AlphaClientApp$2.onAction(AlphaClientApp.java:204)
E: com.almasb.fxgl.input.UserAction.fireAction(UserAction.java:80)
E: com.almasb.fxgl.input.Input.update(Input.kt:148)
E: com.almasb.fxgl.app.State.update(State.java:71)
E: com.almasb.fxgl.app.AppStateMachine.onUpdate(AppStateMachine.java:100)
E: com.almasb.fxgl.app.FXGL.loop(FXGL.kt:356)
E: com.almasb.fxgl.app.FXGL.access$loop(FXGL.kt:54)
E: com.almasb.fxgl.app.FXGL$loop$1.accept(FXGL.kt:78)
E: com.almasb.fxgl.app.FXGL$loop$1.accept(FXGL.kt:54)
E: com.almasb.fxgl.app.LoopRunner.frame(LoopRunner.kt:88)
E: com.almasb.fxgl.app.LoopRunner.access$frame(LoopRunner.kt:19)
E: com.almasb.fxgl.app.LoopRunner$impl$2$1.handle(LoopRunner.kt:39)
E: javafx.animation.AnimationTimer$AnimationTimerReceiver.lambda$handle$0(AnimationTimer.java:57)
E: java.security.AccessController.doPrivileged(Native Method)
E: javafx.animation.AnimationTimer$AnimationTimerReceiver.handle(AnimationTimer.java:56)
E: com.sun.scenario.animation.AbstractMasterTimer.timePulseImpl(AbstractMasterTimer.java:357)
E: com.sun.scenario.animation.AbstractMasterTimer$MainLoop.run(AbstractMasterTimer.java:267)
E: com.sun.javafx.tk.quantum.QuantumToolkit.pulse(QuantumToolkit.java:514)
E: com.sun.javafx.tk.quantum.QuantumToolkit.pulse(QuantumToolkit.java:498)
E: com.sun.javafx.tk.quantum.QuantumToolkit.pulseFromQueue(QuantumToolkit.java:491)
E: com.sun.javafx.tk.quantum.QuantumToolkit.lambda$runToolkit$11(QuantumToolkit.java:319)
E: com.sun.glass.ui.InvokeLaterDispatcher$Future.run(InvokeLaterDispatcher.java:95)
E: com.sun.glass.ui.gtk.GtkApplication._runLoop(Native Method)
E: com.sun.glass.ui.gtk.GtkApplication.lambda$null$5(GtkApplication.java:139)
E: java.lang.Thread.run(Thread.java:748)

17:08:05.142 [JavaFX Application Thread] FATAL FXGL                 - Application will now exit
17:08:05.142 [JavaFX Application Thread] DEBUG LoopRunner           - Stopping loop
17:08:07.363 [JavaFX Application Thread] DEBUG FXGL                 - Exiting FXGL
17:08:07.364 [JavaFX Application Thread] DEBUG FXGL                 - Shutting down background threads
17:08:07.364 [JavaFX Application Thread] INFO  Profiler             - Processed Frames: 276
17:08:07.364 [JavaFX Application Thread] INFO  Profiler             - Average FPS: 59
17:08:07.364 [JavaFX Application Thread] INFO  Profiler             - Avg Frame Took: 0.12 ms
17:08:07.364 [JavaFX Application Thread] INFO  Profiler             - Avg Memory Usage: 155 MB
17:08:07.364 [JavaFX Application Thread] INFO  Profiler             - Min Memory Usage: 20 MB
17:08:07.365 [JavaFX Application Thread] INFO  Profiler             - Max Memory Usage: 160 MB
17:08:07.365 [JavaFX Application Thread] INFO  Profiler             - Estimated GC runs: 1
17:08:07.365 [JavaFX Application Thread] DEBUG FXGL                 - Saving FXGL system data
17:08:07.367 [JavaFX Application Thread] DEBUG DesktopFSService     - Writing to: system/fxgl.bundle
17:08:07.369 [JavaFX Application Thread] DEBUG FXGL                 - Closing logger and exiting JavaFX
