22:14:20.188 [JavaFX Application Thread] DEBUG GameApplication      - Logger initialized
22:14:20.194 [JavaFX Application Thread] DEBUG MainWindow           - Creating a JavaFX scene
22:14:20.317 [JavaFX Application Thread] DEBUG MainWindow           - Target settings size: 860.0 x 600.0
22:14:20.317 [JavaFX Application Thread] DEBUG MainWindow           - Scaled scene size:    860.0 x 600.0
22:14:20.317 [JavaFX Application Thread] DEBUG MainWindow           - Scaled ratio: (1.0, 1.0)
22:14:20.323 [JavaFX Application Thread] DEBUG GameApplication      - Starting FXGL
22:14:20.326 [JavaFX Application Thread] INFO  FXGL                 - FXGL-0.5.3 on DESKTOP
22:14:20.326 [JavaFX Application Thread] INFO  FXGL                 - Source code and latest versions at: https://github.com/AlmasB/FXGL
22:14:20.326 [JavaFX Application Thread] INFO  FXGL                 -              Join the FXGL chat at: https://gitter.im/AlmasB/FXGL
22:14:20.333 [JavaFX Application Thread] DEBUG FS                   - Loaded DesktopFSService
22:14:20.333 [JavaFX Application Thread] DEBUG FXGL                 - Loading FXGL system data
22:14:20.339 [JavaFX Application Thread] DEBUG DesktopFSService     - Reading from: system/fxgl.bundle
22:14:20.345 [JavaFX Application Thread] DEBUG Bundle               - Logging bundle: FXGL
22:14:20.346 [JavaFX Application Thread] DEBUG Bundle               - FXGL.offline.timer.version.check=2019-02-14T00:36:59.438
22:14:20.376 [JavaFX Application Thread] DEBUG GameApplication      - FXGL started
22:14:20.376 [JavaFX Application Thread] DEBUG GameApplication      - Logging game settings
Title: Alpha
Version: 0.0
Width: 860
Height: 600
Fullscreen: false
Intro: false
Menus: false
Profiling: false
Single step:false
App Mode: DEVELOPER
Menu Key: ESCAPE
Stage Style: DECORATED
Scene Factory: class com.almasb.fxgl.scene.SceneFactory
Dialog Factory: class com.almasb.fxgl.ui.FXGLDialogFactory
UI Factory: class com.almasb.fxgl.ui.FXGLUIFactory
Notification Service: class com.almasb.fxgl.gameplay.notification.XboxNotificationView
Exception Handler: class com.almasb.fxgl.app.FXGLExceptionHandler
22:14:20.378 [JavaFX Application Thread] DEBUG GameApplication      - Configuring GameApplication
22:14:20.378 [JavaFX Application Thread] DEBUG GameApplication      - Initializing state machine and application states
22:14:20.392 [JavaFX Application Thread] DEBUG AssetLoader          - Loading from disk: /assets/ui/cursors/fxgl_default.png
22:14:20.417 [JavaFX Application Thread] DEBUG AssetLoader          - Loading from disk: /assets/ui/cursors/fxgl_default.png
22:14:20.446 [JavaFX Application Thread] DEBUG FXGLAssets           - Loading FXGLAssets
22:14:20.470 [JavaFX Application Thread] DEBUG AssetLoader          - Loading from disk: /assets/ui/fonts/VarelaRound-Regular.ttf
22:14:20.482 [JavaFX Application Thread] DEBUG AssetLoader          - Loading from disk: /assets/ui/fonts/lucida_console.ttf
22:14:20.485 [JavaFX Application Thread] DEBUG AssetLoader          - Loading from disk: /assets/ui/fonts/Courier-Prime.ttf
22:14:20.487 [JavaFX Application Thread] DEBUG AssetLoader          - Loading from disk: /assets/ui/fonts/Abel-Regular.ttf
22:14:20.488 [JavaFX Application Thread] DEBUG AssetLoader          - Loading from disk: /assets/ui/css/fxgl_dark.css
22:14:20.521 [JavaFX Application Thread] DEBUG AssetLoader          - Loading from disk: /assets/ui/cursors/fxgl_default.png
22:14:20.553 [JavaFX Application Thread] DEBUG AssetLoader          - Loading from disk: /assets/ui/cursors/fxgl_default.png
22:14:20.573 [JavaFX Application Thread] DEBUG GameScene            - Game scene initialized: 860x600
22:14:20.576 [JavaFX Application Thread] DEBUG GameWorld            - Game world initialized
22:14:20.613 [JavaFX Application Thread] DEBUG PhysicsWorld         - Physics world initialized: appHeight=600, physics.ppm=50.0
22:14:20.630 [JavaFX Application Thread] DEBUG Input                - Registered new binding: Pause - Esc
22:14:20.646 [JavaFX Application Thread] DEBUG Input                - Clearing active input actions
22:14:20.686 [JavaFX Application Thread] DEBUG AppStateMachine      - StartupState -> StartupState
22:14:20.690 [JavaFX Application Thread] INFO  GameApplication      - Game configuration took:  0.312 sec
22:14:20.692 [JavaFX Application Thread] DEBUG AssetLoader          - Loading from disk: /assets/textures/fxgl_icon.png
22:14:20.709 [JavaFX Application Thread] DEBUG MainWindow           - Opening main window
22:14:20.775 [JavaFX Application Thread] DEBUG MainWindow           - Window border size: (0.0, 0.0)
22:14:20.775 [JavaFX Application Thread] DEBUG MainWindow           - Scaled size: 860.0 x 600.0
22:14:20.775 [JavaFX Application Thread] DEBUG MainWindow           - Scaled ratio: (1.0, 1.0)
22:14:20.775 [JavaFX Application Thread] DEBUG MainWindow           - Scene size: 860.0 x 600.0
22:14:20.776 [JavaFX Application Thread] DEBUG MainWindow           - Stage size: 860.0 x 600.0
22:14:20.776 [JavaFX Application Thread] DEBUG GameApplication      - Running preInit()
22:14:20.777 [JavaFX Application Thread] DEBUG Input                - Registered new binding: Screenshot - P
22:14:20.778 [JavaFX Application Thread] DEBUG Input                - Registered new binding: Dev Options - CTRL+0
22:14:20.778 [JavaFX Application Thread] DEBUG Input                - Registered new binding: System info dump - CTRL+9
22:14:20.779 [JavaFX Application Thread] DEBUG Input                - Registered new binding: Restart - CTRL+R
22:14:20.779 [JavaFX Application Thread] DEBUG Input                - Registered new binding: Up 1 - W
22:14:20.779 [JavaFX Application Thread] DEBUG Input                - Registered new binding: Down 1 - S
22:14:20.779 [JavaFX Application Thread] DEBUG Input                - Registered new binding: Right 1 - D
22:14:20.779 [JavaFX Application Thread] DEBUG Input                - Registered new binding: Left 1 - A
22:14:20.780 [JavaFX Application Thread] DEBUG Input                - Registered new binding: Tab - Tab
22:14:20.809 [JavaFX Application Thread] DEBUG GameApplication      - Starting main loop
22:14:20.820 [JavaFX Application Thread] DEBUG StartupState         - STARTUP
22:14:20.820 [JavaFX Application Thread] DEBUG GameApplication      - Starting new game
22:14:20.820 [JavaFX Application Thread] DEBUG Input                - Clearing active input actions
22:14:20.828 [JavaFX Application Thread] DEBUG AppStateMachine      - StartupState -> LoadingState
22:14:20.833 [FXGL Background Thread 1 ] DEBUG InitAppTask          - Clearing previous game
22:14:20.833 [FXGL Background Thread 1 ] DEBUG GameWorld            - Clearing game world
22:14:20.834 [FXGL Background Thread 1 ] DEBUG PhysicsWorld         - Clearing physics world
22:14:20.834 [FXGL Background Thread 1 ] DEBUG GameScene            - Clearing game scene
22:14:20.835 [FXGL Background Thread 1 ] DEBUG InitAppTask          - Initializing Game
22:14:20.840 [FXGL Background Thread 1 ] DEBUG InitAppTask          - Initializing Physics
22:14:20.842 [FXGL Background Thread 1 ] DEBUG InitAppTask          - Initializing UI
22:14:20.842 [FXGL Background Thread 1 ] DEBUG AssetLoader          - Loading from disk: /assets/ui/login.fxml
22:14:21.926 [FXGL Background Thread 1 ] DEBUG AssetLoader          - Loading from disk: /assets/ui/mainpanel.fxml
22:14:21.948 [FXGL Background Thread 1 ] DEBUG AssetLoader          - Loading from disk: /assets/textures/ui/box.png
22:14:21.951 [FXGL Background Thread 1 ] DEBUG AssetLoader          - Loading from cache: /assets/textures/ui/box.png
22:14:21.951 [FXGL Background Thread 1 ] DEBUG AssetLoader          - Loading from cache: /assets/textures/ui/box.png
22:14:21.951 [FXGL Background Thread 1 ] DEBUG AssetLoader          - Loading from cache: /assets/textures/ui/box.png
22:14:21.951 [FXGL Background Thread 1 ] DEBUG AssetLoader          - Loading from cache: /assets/textures/ui/box.png
22:14:21.952 [FXGL Background Thread 1 ] DEBUG AssetLoader          - Loading from cache: /assets/textures/ui/box.png
22:14:21.952 [FXGL Background Thread 1 ] DEBUG AssetLoader          - Loading from cache: /assets/textures/ui/box.png
22:14:21.952 [FXGL Background Thread 1 ] DEBUG AssetLoader          - Loading from cache: /assets/textures/ui/box.png
22:14:21.952 [FXGL Background Thread 1 ] DEBUG AssetLoader          - Loading from cache: /assets/textures/ui/box.png
22:14:21.952 [FXGL Background Thread 1 ] DEBUG AssetLoader          - Loading from cache: /assets/textures/ui/box.png
22:14:21.953 [FXGL Background Thread 1 ] DEBUG AssetLoader          - Loading from cache: /assets/textures/ui/box.png
22:14:21.953 [FXGL Background Thread 1 ] DEBUG AssetLoader          - Loading from cache: /assets/textures/ui/box.png
22:14:21.953 [FXGL Background Thread 1 ] DEBUG AssetLoader          - Loading from cache: /assets/textures/ui/box.png
22:14:21.953 [FXGL Background Thread 1 ] DEBUG AssetLoader          - Loading from cache: /assets/textures/ui/box.png
22:14:21.953 [FXGL Background Thread 1 ] DEBUG AssetLoader          - Loading from cache: /assets/textures/ui/box.png
22:14:21.953 [FXGL Background Thread 1 ] DEBUG AssetLoader          - Loading from cache: /assets/textures/ui/box.png
22:14:21.954 [FXGL Background Thread 1 ] DEBUG InitAppTask          - Initialization Complete
22:14:21.954 [FXGL Background Thread 1 ] INFO  InitAppTask          - Game initialization took: 1.121 sec
22:14:21.970 [JavaFX Application Thread] DEBUG Input                - Clearing active input actions
22:14:21.983 [JavaFX Application Thread] DEBUG AppStateMachine      - LoadingState -> PlayState
22:14:25.716 [JavaFX Application Thread] DEBUG GameApplication      - Exiting game application
22:14:25.717 [JavaFX Application Thread] DEBUG GameApplication      - Shutting down background threads
22:14:25.717 [JavaFX Application Thread] DEBUG GameApplication      - Exiting FXGL
22:14:25.718 [JavaFX Application Thread] DEBUG FXGL                 - Saving FXGL system data
22:14:25.720 [JavaFX Application Thread] DEBUG DesktopFSService     - Writing to: system/fxgl.bundle
22:14:25.724 [JavaFX Application Thread] DEBUG GameApplication      - Closing logger and exiting JavaFX
