14:37:03.171 [JavaFX Application Thread] DEBUG GameApplication      - Logger initialized
14:37:03.178 [JavaFX Application Thread] DEBUG MainWindow           - Creating a JavaFX scene
14:37:03.314 [JavaFX Application Thread] DEBUG MainWindow           - Target settings size: 860.0 x 600.0
14:37:03.315 [JavaFX Application Thread] DEBUG MainWindow           - Scaled scene size:    860.0 x 600.0
14:37:03.315 [JavaFX Application Thread] DEBUG MainWindow           - Scaled ratio: (1.0, 1.0)
14:37:03.321 [JavaFX Application Thread] DEBUG GameApplication      - Starting FXGL
14:37:03.328 [JavaFX Application Thread] INFO  FXGL                 - FXGL-0.5.3 on DESKTOP
14:37:03.328 [JavaFX Application Thread] INFO  FXGL                 - Source code and latest versions at: https://github.com/AlmasB/FXGL
14:37:03.328 [JavaFX Application Thread] INFO  FXGL                 -              Join the FXGL chat at: https://gitter.im/AlmasB/FXGL
14:37:03.337 [JavaFX Application Thread] DEBUG FS                   - Loaded DesktopFSService
14:37:03.337 [JavaFX Application Thread] DEBUG FXGL                 - Loading FXGL system data
14:37:03.344 [JavaFX Application Thread] DEBUG DesktopFSService     - Reading from: system/fxgl.bundle
14:37:03.351 [JavaFX Application Thread] DEBUG Bundle               - Logging bundle: FXGL
14:37:03.352 [JavaFX Application Thread] DEBUG Bundle               - FXGL.offline.timer.version.check=2019-03-09T00:08:16.144
14:37:03.382 [JavaFX Application Thread] DEBUG GameApplication      - FXGL started
14:37:03.383 [JavaFX Application Thread] DEBUG GameApplication      - Logging game settings
Title: Alpha
Version: 0.0
Width: 860
Height: 600
Fullscreen: false
Intro: false
Menus: false
Profiling: false
Single step:false
App Mode: DEVELOPER
Menu Key: ESCAPE
Stage Style: DECORATED
Scene Factory: class com.almasb.fxgl.scene.SceneFactory
Dialog Factory: class com.almasb.fxgl.ui.FXGLDialogFactory
UI Factory: class com.almasb.fxgl.ui.FXGLUIFactory
Notification Service: class com.almasb.fxgl.gameplay.notification.XboxNotificationView
Exception Handler: class com.almasb.fxgl.app.FXGLExceptionHandler
14:37:03.384 [JavaFX Application Thread] DEBUG GameApplication      - Configuring GameApplication
14:37:03.384 [JavaFX Application Thread] DEBUG GameApplication      - Initializing state machine and application states
14:37:03.397 [JavaFX Application Thread] DEBUG AssetLoader          - Loading from disk: /assets/ui/cursors/fxgl_default.png
14:37:03.425 [JavaFX Application Thread] DEBUG AssetLoader          - Loading from disk: /assets/ui/cursors/fxgl_default.png
14:37:03.458 [JavaFX Application Thread] DEBUG FXGLAssets           - Loading FXGLAssets
14:37:03.483 [JavaFX Application Thread] DEBUG AssetLoader          - Loading from disk: /assets/ui/fonts/VarelaRound-Regular.ttf
14:37:03.497 [JavaFX Application Thread] DEBUG AssetLoader          - Loading from disk: /assets/ui/fonts/lucida_console.ttf
14:37:03.500 [JavaFX Application Thread] DEBUG AssetLoader          - Loading from disk: /assets/ui/fonts/Courier-Prime.ttf
14:37:03.502 [JavaFX Application Thread] DEBUG AssetLoader          - Loading from disk: /assets/ui/fonts/Abel-Regular.ttf
14:37:03.503 [JavaFX Application Thread] DEBUG AssetLoader          - Loading from disk: /assets/ui/css/fxgl_dark.css
14:37:03.533 [JavaFX Application Thread] DEBUG AssetLoader          - Loading from disk: /assets/ui/cursors/fxgl_default.png
14:37:03.566 [JavaFX Application Thread] DEBUG AssetLoader          - Loading from disk: /assets/ui/cursors/fxgl_default.png
14:37:03.587 [JavaFX Application Thread] DEBUG GameScene            - Game scene initialized: 860x600
14:37:03.590 [JavaFX Application Thread] DEBUG GameWorld            - Game world initialized
14:37:03.628 [JavaFX Application Thread] DEBUG PhysicsWorld         - Physics world initialized: appHeight=600, physics.ppm=50.0
14:37:03.644 [JavaFX Application Thread] DEBUG Input                - Registered new binding: Pause - Esc
14:37:03.665 [JavaFX Application Thread] DEBUG Input                - Clearing active input actions
14:37:03.706 [JavaFX Application Thread] DEBUG AppStateMachine      - StartupState -> StartupState
14:37:03.710 [JavaFX Application Thread] INFO  GameApplication      - Game configuration took:  0.326 sec
14:37:03.712 [JavaFX Application Thread] DEBUG AssetLoader          - Loading from disk: /assets/textures/fxgl_icon.png
14:37:03.728 [JavaFX Application Thread] DEBUG MainWindow           - Opening main window
14:37:03.793 [JavaFX Application Thread] DEBUG MainWindow           - Window border size: (0.0, 0.0)
14:37:03.793 [JavaFX Application Thread] DEBUG MainWindow           - Scaled size: 860.0 x 600.0
14:37:03.793 [JavaFX Application Thread] DEBUG MainWindow           - Scaled ratio: (1.0, 1.0)
14:37:03.794 [JavaFX Application Thread] DEBUG MainWindow           - Scene size: 860.0 x 600.0
14:37:03.794 [JavaFX Application Thread] DEBUG MainWindow           - Stage size: 860.0 x 600.0
14:37:03.794 [JavaFX Application Thread] DEBUG GameApplication      - Running preInit()
14:37:03.796 [JavaFX Application Thread] DEBUG Input                - Registered new binding: Screenshot - P
14:37:03.796 [JavaFX Application Thread] DEBUG Input                - Registered new binding: Dev Options - CTRL+0
14:37:03.797 [JavaFX Application Thread] DEBUG Input                - Registered new binding: System info dump - CTRL+9
14:37:03.797 [JavaFX Application Thread] DEBUG Input                - Registered new binding: Restart - CTRL+R
14:37:03.797 [JavaFX Application Thread] DEBUG Input                - Registered new binding: Up 1 - W
14:37:03.797 [JavaFX Application Thread] DEBUG Input                - Registered new binding: Down 1 - S
14:37:03.798 [JavaFX Application Thread] DEBUG Input                - Registered new binding: Right 1 - D
14:37:03.798 [JavaFX Application Thread] DEBUG Input                - Registered new binding: Left 1 - A
14:37:03.799 [JavaFX Application Thread] DEBUG Input                - Registered new binding: Click - LMB
14:37:03.799 [JavaFX Application Thread] DEBUG Input                - Registered new binding: Rightclick - RMB
14:37:03.799 [JavaFX Application Thread] DEBUG Input                - Registered new binding: Tab - Tab
14:37:03.828 [JavaFX Application Thread] DEBUG GameApplication      - Starting main loop
14:37:03.844 [JavaFX Application Thread] DEBUG StartupState         - STARTUP
14:37:03.845 [JavaFX Application Thread] DEBUG GameApplication      - Starting new game
14:37:03.845 [JavaFX Application Thread] DEBUG Input                - Clearing active input actions
14:37:03.852 [JavaFX Application Thread] DEBUG AppStateMachine      - StartupState -> LoadingState
14:37:03.856 [FXGL Background Thread 1 ] DEBUG InitAppTask          - Clearing previous game
14:37:03.857 [FXGL Background Thread 1 ] DEBUG GameWorld            - Clearing game world
14:37:03.857 [FXGL Background Thread 1 ] DEBUG PhysicsWorld         - Clearing physics world
14:37:03.857 [FXGL Background Thread 1 ] DEBUG GameScene            - Clearing game scene
14:37:03.858 [FXGL Background Thread 1 ] DEBUG InitAppTask          - Initializing Game
14:37:03.864 [FXGL Background Thread 1 ] DEBUG InitAppTask          - Initializing Physics
14:37:03.865 [FXGL Background Thread 1 ] DEBUG InitAppTask          - Initializing UI
14:37:03.866 [FXGL Background Thread 1 ] DEBUG AssetLoader          - Loading from disk: /assets/ui/login.fxml
14:37:04.951 [FXGL Background Thread 1 ] DEBUG AssetLoader          - Loading from disk: /assets/textures/ui/default.png
14:37:04.953 [FXGL Background Thread 1 ] DEBUG AssetLoader          - Loading from disk: /assets/ui/mainpanel.fxml
14:37:04.986 [FXGL Background Thread 1 ] DEBUG InitAppTask          - Initialization Complete
14:37:04.987 [FXGL Background Thread 1 ] INFO  InitAppTask          - Game initialization took: 1.130 sec
14:37:04.995 [JavaFX Application Thread] DEBUG GameApplication      - Exiting game application
14:37:04.996 [JavaFX Application Thread] DEBUG GameApplication      - Shutting down background threads
14:37:04.996 [JavaFX Application Thread] DEBUG GameApplication      - Exiting FXGL
14:37:04.996 [JavaFX Application Thread] DEBUG FXGL                 - Saving FXGL system data
14:37:04.999 [JavaFX Application Thread] DEBUG DesktopFSService     - Writing to: system/fxgl.bundle
14:37:05.003 [JavaFX Application Thread] DEBUG GameApplication      - Closing logger and exiting JavaFX
