17:18:01.106 [JavaFX Application Thread] DEBUG GameApplication      - Logger initialized
17:18:01.112 [JavaFX Application Thread] DEBUG MainWindow           - Creating a JavaFX scene
17:18:01.240 [JavaFX Application Thread] DEBUG MainWindow           - Target settings size: 1024.0 x 860.0
17:18:01.241 [JavaFX Application Thread] DEBUG MainWindow           - Scaled scene size:    1024.0 x 860.0
17:18:01.241 [JavaFX Application Thread] DEBUG MainWindow           - Scaled ratio: (1.0, 1.0)
17:18:01.247 [JavaFX Application Thread] DEBUG GameApplication      - Starting FXGL
17:18:01.252 [JavaFX Application Thread] INFO  FXGL                 - FXGL-0.5.3 on DESKTOP
17:18:01.253 [JavaFX Application Thread] INFO  FXGL                 - Source code and latest versions at: https://github.com/AlmasB/FXGL
17:18:01.253 [JavaFX Application Thread] INFO  FXGL                 -              Join the FXGL chat at: https://gitter.im/AlmasB/FXGL
17:18:01.262 [JavaFX Application Thread] DEBUG FS                   - Loaded DesktopFSService
17:18:01.262 [JavaFX Application Thread] DEBUG FXGL                 - Loading FXGL system data
17:18:01.269 [JavaFX Application Thread] DEBUG DesktopFSService     - Reading from: system/fxgl.bundle
17:18:01.282 [JavaFX Application Thread] DEBUG Bundle               - Logging bundle: FXGL
17:18:01.283 [JavaFX Application Thread] DEBUG Bundle               - FXGL.offline.timer.version.check=2019-01-23T12:24:56.214
17:18:01.315 [JavaFX Application Thread] DEBUG GameApplication      - FXGL started
17:18:01.315 [JavaFX Application Thread] DEBUG GameApplication      - Logging game settings
Title: Basic Game App
Version: 0.0
Width: 1024
Height: 860
Fullscreen: false
Intro: false
Menus: false
Profiling: false
Single step:false
App Mode: DEVELOPER
Menu Key: ESCAPE
Stage Style: DECORATED
Scene Factory: class com.almasb.fxgl.scene.SceneFactory
Dialog Factory: class com.almasb.fxgl.ui.FXGLDialogFactory
UI Factory: class com.almasb.fxgl.ui.FXGLUIFactory
Notification Service: class com.almasb.fxgl.gameplay.notification.XboxNotificationView
Exception Handler: class com.almasb.fxgl.app.FXGLExceptionHandler
17:18:01.316 [JavaFX Application Thread] DEBUG GameApplication      - Configuring GameApplication
17:18:01.317 [JavaFX Application Thread] DEBUG GameApplication      - Initializing state machine and application states
17:18:01.342 [JavaFX Application Thread] DEBUG AssetLoader          - Loading from disk: /assets/ui/cursors/fxgl_default.png
17:18:01.372 [JavaFX Application Thread] DEBUG AssetLoader          - Loading from disk: /assets/ui/cursors/fxgl_default.png
17:18:01.415 [JavaFX Application Thread] DEBUG FXGLAssets           - Loading FXGLAssets
17:18:01.441 [JavaFX Application Thread] DEBUG AssetLoader          - Loading from disk: /assets/ui/fonts/VarelaRound-Regular.ttf
17:18:01.455 [JavaFX Application Thread] DEBUG AssetLoader          - Loading from disk: /assets/ui/fonts/lucida_console.ttf
17:18:01.458 [JavaFX Application Thread] DEBUG AssetLoader          - Loading from disk: /assets/ui/fonts/Courier-Prime.ttf
17:18:01.460 [JavaFX Application Thread] DEBUG AssetLoader          - Loading from disk: /assets/ui/fonts/Abel-Regular.ttf
17:18:01.462 [JavaFX Application Thread] DEBUG AssetLoader          - Loading from disk: /assets/ui/css/fxgl_dark.css
17:18:01.490 [JavaFX Application Thread] DEBUG AssetLoader          - Loading from disk: /assets/ui/cursors/fxgl_default.png
17:18:01.524 [JavaFX Application Thread] DEBUG AssetLoader          - Loading from disk: /assets/ui/cursors/fxgl_default.png
17:18:01.544 [JavaFX Application Thread] DEBUG GameScene            - Game scene initialized: 1024x860
17:18:01.547 [JavaFX Application Thread] DEBUG GameWorld            - Game world initialized
17:18:01.585 [JavaFX Application Thread] DEBUG PhysicsWorld         - Physics world initialized: appHeight=860, physics.ppm=50.0
17:18:01.602 [JavaFX Application Thread] DEBUG Input                - Registered new binding: Pause - Esc
17:18:01.620 [JavaFX Application Thread] DEBUG Input                - Clearing active input actions
17:18:01.664 [JavaFX Application Thread] DEBUG AppStateMachine      - StartupState -> StartupState
17:18:01.668 [JavaFX Application Thread] INFO  GameApplication      - Game configuration took:  0.351 sec
17:18:01.671 [JavaFX Application Thread] DEBUG AssetLoader          - Loading from disk: /assets/textures/fxgl_icon.png
17:18:01.687 [JavaFX Application Thread] DEBUG MainWindow           - Opening main window
17:18:01.758 [JavaFX Application Thread] DEBUG MainWindow           - Window border size: (0.0, 0.0)
17:18:01.759 [JavaFX Application Thread] DEBUG MainWindow           - Scaled size: 1024.0 x 860.0
17:18:01.759 [JavaFX Application Thread] DEBUG MainWindow           - Scaled ratio: (1.0, 1.0)
17:18:01.759 [JavaFX Application Thread] DEBUG MainWindow           - Scene size: 1024.0 x 860.0
17:18:01.759 [JavaFX Application Thread] DEBUG MainWindow           - Stage size: 1024.0 x 860.0
17:18:01.759 [JavaFX Application Thread] DEBUG GameApplication      - Running preInit()
17:18:01.761 [JavaFX Application Thread] DEBUG Input                - Registered new binding: Screenshot - P
17:18:01.761 [JavaFX Application Thread] DEBUG Input                - Registered new binding: Dev Options - CTRL+0
17:18:01.762 [JavaFX Application Thread] DEBUG Input                - Registered new binding: System info dump - CTRL+9
17:18:01.762 [JavaFX Application Thread] DEBUG Input                - Registered new binding: Restart - CTRL+R
17:18:01.762 [JavaFX Application Thread] DEBUG Input                - Registered new binding: Up 1 - W
17:18:01.763 [JavaFX Application Thread] DEBUG Input                - Registered new binding: Down 1 - S
17:18:01.763 [JavaFX Application Thread] DEBUG Input                - Registered new binding: Right 1 - D
17:18:01.763 [JavaFX Application Thread] DEBUG Input                - Registered new binding: Left 1 - A
17:18:01.793 [JavaFX Application Thread] DEBUG GameApplication      - Starting main loop
17:18:01.802 [JavaFX Application Thread] DEBUG StartupState         - STARTUP
17:18:01.802 [JavaFX Application Thread] DEBUG GameApplication      - Starting new game
17:18:01.802 [JavaFX Application Thread] DEBUG Input                - Clearing active input actions
17:18:01.809 [JavaFX Application Thread] DEBUG AppStateMachine      - StartupState -> LoadingState
17:18:01.813 [FXGL Background Thread 1 ] DEBUG InitAppTask          - Clearing previous game
17:18:01.813 [FXGL Background Thread 1 ] DEBUG GameWorld            - Clearing game world
17:18:01.813 [FXGL Background Thread 1 ] DEBUG PhysicsWorld         - Clearing physics world
17:18:01.814 [FXGL Background Thread 1 ] DEBUG GameScene            - Clearing game scene
17:18:01.815 [FXGL Background Thread 1 ] DEBUG InitAppTask          - Initializing Game
17:18:01.819 [FXGL Background Thread 1 ] DEBUG InitAppTask          - Initializing Physics
17:18:01.819 [FXGL Background Thread 1 ] DEBUG InitAppTask          - Initializing UI
17:18:01.819 [FXGL Background Thread 1 ] DEBUG AssetLoader          - Loading from disk: /assets/ui/login.fxml
17:18:01.890 [FXGL Background Thread 1 ] DEBUG InitAppTask          - Initialization Complete
17:18:01.891 [FXGL Background Thread 1 ] INFO  InitAppTask          - Game initialization took: 0.077 sec
17:18:01.919 [JavaFX Application Thread] DEBUG Input                - Clearing active input actions
17:18:01.931 [JavaFX Application Thread] DEBUG AppStateMachine      - LoadingState -> PlayState
17:18:19.876 [JavaFX Application Thread] DEBUG GameApplication      - Exiting game application
17:18:19.877 [JavaFX Application Thread] DEBUG GameApplication      - Shutting down background threads
17:18:19.877 [JavaFX Application Thread] DEBUG GameApplication      - Exiting FXGL
17:18:19.878 [JavaFX Application Thread] DEBUG FXGL                 - Saving FXGL system data
17:18:19.880 [JavaFX Application Thread] DEBUG DesktopFSService     - Writing to: system/fxgl.bundle
17:18:19.884 [JavaFX Application Thread] DEBUG GameApplication      - Closing logger and exiting JavaFX
