17:01:33.933 [JavaFX Application Thread] DEBUG GameApplication      - Logger initialized
17:01:33.939 [JavaFX Application Thread] DEBUG MainWindow           - Creating a JavaFX scene
17:01:34.086 [JavaFX Application Thread] DEBUG MainWindow           - Target settings size: 860.0 x 600.0
17:01:34.086 [JavaFX Application Thread] DEBUG MainWindow           - Scaled scene size:    860.0 x 600.0
17:01:34.087 [JavaFX Application Thread] DEBUG MainWindow           - Scaled ratio: (1.0, 1.0)
17:01:34.092 [JavaFX Application Thread] DEBUG GameApplication      - Starting FXGL
17:01:34.097 [JavaFX Application Thread] INFO  FXGL                 - FXGL-0.5.3 on DESKTOP
17:01:34.097 [JavaFX Application Thread] INFO  FXGL                 - Source code and latest versions at: https://github.com/AlmasB/FXGL
17:01:34.097 [JavaFX Application Thread] INFO  FXGL                 -              Join the FXGL chat at: https://gitter.im/AlmasB/FXGL
17:01:34.104 [JavaFX Application Thread] DEBUG FS                   - Loaded DesktopFSService
17:01:34.105 [JavaFX Application Thread] DEBUG FXGL                 - Loading FXGL system data
17:01:34.113 [JavaFX Application Thread] DEBUG DesktopFSService     - Reading from: system/fxgl.bundle
17:01:34.124 [JavaFX Application Thread] DEBUG Bundle               - Logging bundle: FXGL
17:01:34.125 [JavaFX Application Thread] DEBUG Bundle               - FXGL.offline.timer.version.check=2019-02-06T21:58:35.988
17:01:34.154 [JavaFX Application Thread] DEBUG GameApplication      - FXGL started
17:01:34.155 [JavaFX Application Thread] DEBUG GameApplication      - Logging game settings
Title: Basic Game App
Version: 0.0
Width: 860
Height: 600
Fullscreen: false
Intro: false
Menus: false
Profiling: false
Single step:false
App Mode: DEVELOPER
Menu Key: ESCAPE
Stage Style: DECORATED
Scene Factory: class com.almasb.fxgl.scene.SceneFactory
Dialog Factory: class com.almasb.fxgl.ui.FXGLDialogFactory
UI Factory: class com.almasb.fxgl.ui.FXGLUIFactory
Notification Service: class com.almasb.fxgl.gameplay.notification.XboxNotificationView
Exception Handler: class com.almasb.fxgl.app.FXGLExceptionHandler
17:01:34.156 [JavaFX Application Thread] DEBUG GameApplication      - Configuring GameApplication
17:01:34.156 [JavaFX Application Thread] DEBUG GameApplication      - Initializing state machine and application states
17:01:34.176 [JavaFX Application Thread] DEBUG AssetLoader          - Loading from disk: /assets/ui/cursors/fxgl_default.png
17:01:34.199 [JavaFX Application Thread] DEBUG AssetLoader          - Loading from disk: /assets/ui/cursors/fxgl_default.png
17:01:34.230 [JavaFX Application Thread] DEBUG FXGLAssets           - Loading FXGLAssets
17:01:34.254 [JavaFX Application Thread] DEBUG AssetLoader          - Loading from disk: /assets/ui/fonts/VarelaRound-Regular.ttf
17:01:34.266 [JavaFX Application Thread] DEBUG AssetLoader          - Loading from disk: /assets/ui/fonts/lucida_console.ttf
17:01:34.268 [JavaFX Application Thread] DEBUG AssetLoader          - Loading from disk: /assets/ui/fonts/Courier-Prime.ttf
17:01:34.270 [JavaFX Application Thread] DEBUG AssetLoader          - Loading from disk: /assets/ui/fonts/Abel-Regular.ttf
17:01:34.272 [JavaFX Application Thread] DEBUG AssetLoader          - Loading from disk: /assets/ui/css/fxgl_dark.css
17:01:34.301 [JavaFX Application Thread] DEBUG AssetLoader          - Loading from disk: /assets/ui/cursors/fxgl_default.png
17:01:34.334 [JavaFX Application Thread] DEBUG AssetLoader          - Loading from disk: /assets/ui/cursors/fxgl_default.png
17:01:34.353 [JavaFX Application Thread] DEBUG GameScene            - Game scene initialized: 860x600
17:01:34.356 [JavaFX Application Thread] DEBUG GameWorld            - Game world initialized
17:01:34.394 [JavaFX Application Thread] DEBUG PhysicsWorld         - Physics world initialized: appHeight=600, physics.ppm=50.0
17:01:34.410 [JavaFX Application Thread] DEBUG Input                - Registered new binding: Pause - Esc
17:01:34.427 [JavaFX Application Thread] DEBUG Input                - Clearing active input actions
17:01:34.468 [JavaFX Application Thread] DEBUG AppStateMachine      - StartupState -> StartupState
17:01:34.472 [JavaFX Application Thread] INFO  GameApplication      - Game configuration took:  0.316 sec
17:01:34.474 [JavaFX Application Thread] DEBUG AssetLoader          - Loading from disk: /assets/textures/fxgl_icon.png
17:01:34.489 [JavaFX Application Thread] DEBUG MainWindow           - Opening main window
17:01:34.560 [JavaFX Application Thread] DEBUG MainWindow           - Window border size: (0.0, 0.0)
17:01:34.560 [JavaFX Application Thread] DEBUG MainWindow           - Scaled size: 860.0 x 600.0
17:01:34.560 [JavaFX Application Thread] DEBUG MainWindow           - Scaled ratio: (1.0, 1.0)
17:01:34.560 [JavaFX Application Thread] DEBUG MainWindow           - Scene size: 860.0 x 600.0
17:01:34.560 [JavaFX Application Thread] DEBUG MainWindow           - Stage size: 860.0 x 600.0
17:01:34.561 [JavaFX Application Thread] DEBUG GameApplication      - Running preInit()
17:01:34.563 [JavaFX Application Thread] DEBUG Input                - Registered new binding: Screenshot - P
17:01:34.563 [JavaFX Application Thread] DEBUG Input                - Registered new binding: Dev Options - CTRL+0
17:01:34.564 [JavaFX Application Thread] DEBUG Input                - Registered new binding: System info dump - CTRL+9
17:01:34.564 [JavaFX Application Thread] DEBUG Input                - Registered new binding: Restart - CTRL+R
17:01:34.593 [JavaFX Application Thread] DEBUG GameApplication      - Starting main loop
17:01:34.608 [JavaFX Application Thread] DEBUG StartupState         - STARTUP
17:01:34.609 [JavaFX Application Thread] DEBUG GameApplication      - Starting new game
17:01:34.609 [JavaFX Application Thread] DEBUG Input                - Clearing active input actions
17:01:34.615 [JavaFX Application Thread] DEBUG AppStateMachine      - StartupState -> LoadingState
17:01:34.620 [FXGL Background Thread 1 ] DEBUG InitAppTask          - Clearing previous game
17:01:34.620 [FXGL Background Thread 1 ] DEBUG GameWorld            - Clearing game world
17:01:34.621 [FXGL Background Thread 1 ] DEBUG PhysicsWorld         - Clearing physics world
17:01:34.621 [FXGL Background Thread 1 ] DEBUG GameScene            - Clearing game scene
17:01:34.622 [FXGL Background Thread 1 ] DEBUG InitAppTask          - Initializing Game
17:01:34.626 [FXGL Background Thread 1 ] DEBUG InitAppTask          - Initializing Physics
17:01:34.627 [FXGL Background Thread 1 ] DEBUG InitAppTask          - Initializing UI
17:01:34.627 [FXGL Background Thread 1 ] DEBUG AssetLoader          - Loading from disk: /assets/ui/login.fxml
17:01:34.737 [FXGL Background Thread 1 ] DEBUG InitAppTask          - Initialization Complete
17:01:34.737 [FXGL Background Thread 1 ] INFO  InitAppTask          - Game initialization took: 0.117 sec
17:01:34.743 [JavaFX Application Thread] DEBUG Input                - Clearing active input actions
17:01:34.754 [JavaFX Application Thread] DEBUG AppStateMachine      - LoadingState -> PlayState
17:01:43.189 [JavaFX Application Thread] DEBUG GameApplication      - Exiting game application
17:01:43.190 [JavaFX Application Thread] DEBUG GameApplication      - Shutting down background threads
17:01:43.191 [JavaFX Application Thread] DEBUG GameApplication      - Exiting FXGL
17:01:43.191 [JavaFX Application Thread] DEBUG FXGL                 - Saving FXGL system data
17:01:43.193 [JavaFX Application Thread] DEBUG DesktopFSService     - Writing to: system/fxgl.bundle
17:01:43.198 [JavaFX Application Thread] DEBUG GameApplication      - Closing logger and exiting JavaFX
