18:24:02.593 [JavaFX Application Thread] DEBUG GameApplication      - Logger initialized
18:24:02.602 [JavaFX Application Thread] DEBUG MainWindow           - Creating a JavaFX scene
18:24:02.732 [JavaFX Application Thread] DEBUG MainWindow           - Target settings size: 860.0 x 600.0
18:24:02.733 [JavaFX Application Thread] DEBUG MainWindow           - Scaled scene size:    860.0 x 600.0
18:24:02.733 [JavaFX Application Thread] DEBUG MainWindow           - Scaled ratio: (1.0, 1.0)
18:24:02.739 [JavaFX Application Thread] DEBUG GameApplication      - Starting FXGL
18:24:02.744 [JavaFX Application Thread] INFO  FXGL                 - FXGL-0.5.3 on DESKTOP
18:24:02.745 [JavaFX Application Thread] INFO  FXGL                 - Source code and latest versions at: https://github.com/AlmasB/FXGL
18:24:02.745 [JavaFX Application Thread] INFO  FXGL                 -              Join the FXGL chat at: https://gitter.im/AlmasB/FXGL
18:24:02.753 [JavaFX Application Thread] DEBUG FS                   - Loaded DesktopFSService
18:24:02.753 [JavaFX Application Thread] DEBUG FXGL                 - Loading FXGL system data
18:24:02.760 [JavaFX Application Thread] DEBUG DesktopFSService     - Reading from: system/fxgl.bundle
18:24:02.767 [JavaFX Application Thread] DEBUG Bundle               - Logging bundle: FXGL
18:24:02.768 [JavaFX Application Thread] DEBUG Bundle               - FXGL.offline.timer.version.check=2019-03-09T00:08:16.144
18:24:02.800 [JavaFX Application Thread] DEBUG GameApplication      - FXGL started
18:24:02.800 [JavaFX Application Thread] DEBUG GameApplication      - Logging game settings
Title: Alpha
Version: 0.0
Width: 860
Height: 600
Fullscreen: false
Intro: false
Menus: false
Profiling: false
Single step:false
App Mode: DEVELOPER
Menu Key: ESCAPE
Stage Style: DECORATED
Scene Factory: class com.almasb.fxgl.scene.SceneFactory
Dialog Factory: class com.almasb.fxgl.ui.FXGLDialogFactory
UI Factory: class com.almasb.fxgl.ui.FXGLUIFactory
Notification Service: class com.almasb.fxgl.gameplay.notification.XboxNotificationView
Exception Handler: class com.almasb.fxgl.app.FXGLExceptionHandler
18:24:02.801 [JavaFX Application Thread] DEBUG GameApplication      - Configuring GameApplication
18:24:02.801 [JavaFX Application Thread] DEBUG GameApplication      - Initializing state machine and application states
18:24:02.815 [JavaFX Application Thread] DEBUG AssetLoader          - Loading from disk: /assets/ui/cursors/fxgl_default.png
18:24:02.839 [JavaFX Application Thread] DEBUG AssetLoader          - Loading from disk: /assets/ui/cursors/fxgl_default.png
18:24:02.868 [JavaFX Application Thread] DEBUG FXGLAssets           - Loading FXGLAssets
18:24:02.893 [JavaFX Application Thread] DEBUG AssetLoader          - Loading from disk: /assets/ui/fonts/VarelaRound-Regular.ttf
18:24:02.906 [JavaFX Application Thread] DEBUG AssetLoader          - Loading from disk: /assets/ui/fonts/lucida_console.ttf
18:24:02.909 [JavaFX Application Thread] DEBUG AssetLoader          - Loading from disk: /assets/ui/fonts/Courier-Prime.ttf
18:24:02.911 [JavaFX Application Thread] DEBUG AssetLoader          - Loading from disk: /assets/ui/fonts/Abel-Regular.ttf
18:24:02.912 [JavaFX Application Thread] DEBUG AssetLoader          - Loading from disk: /assets/ui/css/fxgl_dark.css
18:24:02.940 [JavaFX Application Thread] DEBUG AssetLoader          - Loading from disk: /assets/ui/cursors/fxgl_default.png
18:24:02.973 [JavaFX Application Thread] DEBUG AssetLoader          - Loading from disk: /assets/ui/cursors/fxgl_default.png
18:24:02.993 [JavaFX Application Thread] DEBUG GameScene            - Game scene initialized: 860x600
18:24:02.996 [JavaFX Application Thread] DEBUG GameWorld            - Game world initialized
18:24:03.034 [JavaFX Application Thread] DEBUG PhysicsWorld         - Physics world initialized: appHeight=600, physics.ppm=50.0
18:24:03.051 [JavaFX Application Thread] DEBUG Input                - Registered new binding: Pause - Esc
18:24:03.067 [JavaFX Application Thread] DEBUG Input                - Clearing active input actions
18:24:03.108 [JavaFX Application Thread] DEBUG AppStateMachine      - StartupState -> StartupState
18:24:03.112 [JavaFX Application Thread] INFO  GameApplication      - Game configuration took:  0.311 sec
18:24:03.114 [JavaFX Application Thread] DEBUG AssetLoader          - Loading from disk: /assets/textures/fxgl_icon.png
18:24:03.129 [JavaFX Application Thread] DEBUG MainWindow           - Opening main window
18:24:03.196 [JavaFX Application Thread] DEBUG MainWindow           - Window border size: (0.0, 0.0)
18:24:03.196 [JavaFX Application Thread] DEBUG MainWindow           - Scaled size: 860.0 x 600.0
18:24:03.197 [JavaFX Application Thread] DEBUG MainWindow           - Scaled ratio: (1.0, 1.0)
18:24:03.197 [JavaFX Application Thread] DEBUG MainWindow           - Scene size: 860.0 x 600.0
18:24:03.197 [JavaFX Application Thread] DEBUG MainWindow           - Stage size: 860.0 x 600.0
18:24:03.197 [JavaFX Application Thread] DEBUG GameApplication      - Running preInit()
18:24:03.199 [JavaFX Application Thread] DEBUG Input                - Registered new binding: Screenshot - P
18:24:03.199 [JavaFX Application Thread] DEBUG Input                - Registered new binding: Dev Options - CTRL+0
18:24:03.199 [JavaFX Application Thread] DEBUG Input                - Registered new binding: System info dump - CTRL+9
18:24:03.200 [JavaFX Application Thread] DEBUG Input                - Registered new binding: Restart - CTRL+R
18:24:03.200 [JavaFX Application Thread] DEBUG Input                - Registered new binding: Up 1 - W
18:24:03.200 [JavaFX Application Thread] DEBUG Input                - Registered new binding: Down 1 - S
18:24:03.200 [JavaFX Application Thread] DEBUG Input                - Registered new binding: Right 1 - D
18:24:03.201 [JavaFX Application Thread] DEBUG Input                - Registered new binding: Left 1 - A
18:24:03.202 [JavaFX Application Thread] DEBUG Input                - Registered new binding: Click - LMB
18:24:03.202 [JavaFX Application Thread] DEBUG Input                - Registered new binding: Rightclick - RMB
18:24:03.202 [JavaFX Application Thread] DEBUG Input                - Registered new binding: Tab - Tab
18:24:03.230 [JavaFX Application Thread] DEBUG GameApplication      - Starting main loop
18:24:03.239 [JavaFX Application Thread] DEBUG StartupState         - STARTUP
18:24:03.239 [JavaFX Application Thread] DEBUG GameApplication      - Starting new game
18:24:03.239 [JavaFX Application Thread] DEBUG Input                - Clearing active input actions
18:24:03.247 [JavaFX Application Thread] DEBUG AppStateMachine      - StartupState -> LoadingState
18:24:03.251 [FXGL Background Thread 1 ] DEBUG InitAppTask          - Clearing previous game
18:24:03.251 [FXGL Background Thread 1 ] DEBUG GameWorld            - Clearing game world
18:24:03.251 [FXGL Background Thread 1 ] DEBUG PhysicsWorld         - Clearing physics world
18:24:03.251 [FXGL Background Thread 1 ] DEBUG GameScene            - Clearing game scene
18:24:03.253 [FXGL Background Thread 1 ] DEBUG InitAppTask          - Initializing Game
18:24:03.257 [FXGL Background Thread 1 ] DEBUG InitAppTask          - Initializing Physics
18:24:03.258 [FXGL Background Thread 1 ] DEBUG InitAppTask          - Initializing UI
18:24:03.259 [FXGL Background Thread 1 ] DEBUG AssetLoader          - Loading from disk: /assets/ui/login.fxml
18:24:04.317 [FXGL Background Thread 1 ] DEBUG AssetLoader          - Loading from disk: /assets/textures/ui/default.png
18:24:04.318 [FXGL Background Thread 1 ] DEBUG AssetLoader          - Loading from disk: /assets/ui/mainpanel.fxml
18:24:04.354 [FXGL Background Thread 1 ] DEBUG InitAppTask          - Initialization Complete
18:24:04.354 [FXGL Background Thread 1 ] INFO  InitAppTask          - Game initialization took: 1.103 sec
18:24:04.363 [JavaFX Application Thread] DEBUG Input                - Clearing active input actions
18:24:04.378 [JavaFX Application Thread] DEBUG AppStateMachine      - LoadingState -> PlayState
18:25:18.187 [JavaFX Application Thread] DEBUG GameApplication      - Exiting game application
18:25:18.188 [JavaFX Application Thread] DEBUG GameApplication      - Shutting down background threads
18:25:18.188 [JavaFX Application Thread] DEBUG GameApplication      - Exiting FXGL
18:25:18.189 [JavaFX Application Thread] DEBUG FXGL                 - Saving FXGL system data
18:25:18.191 [JavaFX Application Thread] DEBUG DesktopFSService     - Writing to: system/fxgl.bundle
18:25:18.196 [JavaFX Application Thread] DEBUG GameApplication      - Closing logger and exiting JavaFX
