14:40:00.759 [JavaFX Application Thread] DEBUG GameApplication      - Logger initialized
14:40:00.766 [JavaFX Application Thread] DEBUG MainWindow           - Creating a JavaFX scene
14:40:00.900 [JavaFX Application Thread] DEBUG MainWindow           - Target settings size: 1024.0 x 860.0
14:40:00.901 [JavaFX Application Thread] DEBUG MainWindow           - Scaled scene size:    1024.0 x 860.0
14:40:00.901 [JavaFX Application Thread] DEBUG MainWindow           - Scaled ratio: (1.0, 1.0)
14:40:00.909 [JavaFX Application Thread] DEBUG GameApplication      - Starting FXGL
14:40:00.915 [JavaFX Application Thread] INFO  FXGL                 - FXGL-0.5.3 on DESKTOP
14:40:00.915 [JavaFX Application Thread] INFO  FXGL                 - Source code and latest versions at: https://github.com/AlmasB/FXGL
14:40:00.916 [JavaFX Application Thread] INFO  FXGL                 -              Join the FXGL chat at: https://gitter.im/AlmasB/FXGL
14:40:00.922 [JavaFX Application Thread] DEBUG FS                   - Loaded DesktopFSService
14:40:00.922 [JavaFX Application Thread] DEBUG FXGL                 - Loading FXGL system data
14:40:00.928 [JavaFX Application Thread] DEBUG DesktopFSService     - Reading from: system/fxgl.bundle
14:40:00.936 [JavaFX Application Thread] DEBUG Bundle               - Logging bundle: FXGL
14:40:00.936 [JavaFX Application Thread] DEBUG Bundle               - FXGL.offline.timer.version.check=2019-01-23T12:24:56.214
14:40:00.960 [JavaFX Application Thread] DEBUG GameApplication      - FXGL started
14:40:00.961 [JavaFX Application Thread] DEBUG GameApplication      - Logging game settings
Title: Basic Game App
Version: 0.0
Width: 1024
Height: 860
Fullscreen: false
Intro: false
Menus: false
Profiling: false
Single step:false
App Mode: DEVELOPER
Menu Key: ESCAPE
Stage Style: DECORATED
Scene Factory: class com.almasb.fxgl.scene.SceneFactory
Dialog Factory: class com.almasb.fxgl.ui.FXGLDialogFactory
UI Factory: class com.almasb.fxgl.ui.FXGLUIFactory
Notification Service: class com.almasb.fxgl.gameplay.notification.XboxNotificationView
Exception Handler: class com.almasb.fxgl.app.FXGLExceptionHandler
14:40:00.962 [JavaFX Application Thread] DEBUG GameApplication      - Configuring GameApplication
14:40:00.962 [JavaFX Application Thread] DEBUG GameApplication      - Initializing state machine and application states
14:40:00.983 [JavaFX Application Thread] DEBUG AssetLoader          - Loading from disk: /assets/ui/cursors/fxgl_default.png
14:40:01.006 [JavaFX Application Thread] DEBUG AssetLoader          - Loading from disk: /assets/ui/cursors/fxgl_default.png
14:40:01.040 [JavaFX Application Thread] DEBUG FXGLAssets           - Loading FXGLAssets
14:40:01.068 [JavaFX Application Thread] DEBUG AssetLoader          - Loading from disk: /assets/ui/fonts/VarelaRound-Regular.ttf
14:40:01.081 [JavaFX Application Thread] DEBUG AssetLoader          - Loading from disk: /assets/ui/fonts/lucida_console.ttf
14:40:01.083 [JavaFX Application Thread] DEBUG AssetLoader          - Loading from disk: /assets/ui/fonts/Courier-Prime.ttf
14:40:01.085 [JavaFX Application Thread] DEBUG AssetLoader          - Loading from disk: /assets/ui/fonts/Abel-Regular.ttf
14:40:01.087 [JavaFX Application Thread] DEBUG AssetLoader          - Loading from disk: /assets/ui/css/fxgl_dark.css
14:40:01.117 [JavaFX Application Thread] DEBUG AssetLoader          - Loading from disk: /assets/ui/cursors/fxgl_default.png
14:40:01.151 [JavaFX Application Thread] DEBUG AssetLoader          - Loading from disk: /assets/ui/cursors/fxgl_default.png
14:40:01.172 [JavaFX Application Thread] DEBUG GameScene            - Game scene initialized: 1024x860
14:40:01.175 [JavaFX Application Thread] DEBUG GameWorld            - Game world initialized
14:40:01.213 [JavaFX Application Thread] DEBUG PhysicsWorld         - Physics world initialized: appHeight=860, physics.ppm=50.0
14:40:01.232 [JavaFX Application Thread] DEBUG Input                - Registered new binding: Pause - Esc
14:40:01.250 [JavaFX Application Thread] DEBUG Input                - Clearing active input actions
14:40:01.293 [JavaFX Application Thread] DEBUG AppStateMachine      - StartupState -> StartupState
14:40:01.297 [JavaFX Application Thread] INFO  GameApplication      - Game configuration took:  0.335 sec
14:40:01.299 [JavaFX Application Thread] DEBUG AssetLoader          - Loading from disk: /assets/textures/fxgl_icon.png
14:40:01.314 [JavaFX Application Thread] DEBUG MainWindow           - Opening main window
14:40:01.383 [JavaFX Application Thread] DEBUG MainWindow           - Window border size: (0.0, 0.0)
14:40:01.383 [JavaFX Application Thread] DEBUG MainWindow           - Scaled size: 1024.0 x 860.0
14:40:01.383 [JavaFX Application Thread] DEBUG MainWindow           - Scaled ratio: (1.0, 1.0)
14:40:01.383 [JavaFX Application Thread] DEBUG MainWindow           - Scene size: 1024.0 x 860.0
14:40:01.384 [JavaFX Application Thread] DEBUG MainWindow           - Stage size: 1024.0 x 860.0
14:40:01.384 [JavaFX Application Thread] DEBUG GameApplication      - Running preInit()
14:40:01.385 [JavaFX Application Thread] DEBUG Input                - Registered new binding: Screenshot - P
14:40:01.386 [JavaFX Application Thread] DEBUG Input                - Registered new binding: Dev Options - CTRL+0
14:40:01.386 [JavaFX Application Thread] DEBUG Input                - Registered new binding: System info dump - CTRL+9
14:40:01.386 [JavaFX Application Thread] DEBUG Input                - Registered new binding: Restart - CTRL+R
14:40:01.387 [JavaFX Application Thread] DEBUG Input                - Registered new binding: Up 1 - W
14:40:01.387 [JavaFX Application Thread] DEBUG Input                - Registered new binding: Down 1 - S
14:40:01.387 [JavaFX Application Thread] DEBUG Input                - Registered new binding: Right 1 - D
14:40:01.387 [JavaFX Application Thread] DEBUG Input                - Registered new binding: Left 1 - A
14:40:01.415 [JavaFX Application Thread] DEBUG GameApplication      - Starting main loop
14:40:01.425 [JavaFX Application Thread] DEBUG StartupState         - STARTUP
14:40:01.425 [JavaFX Application Thread] DEBUG GameApplication      - Starting new game
14:40:01.425 [JavaFX Application Thread] DEBUG Input                - Clearing active input actions
14:40:01.432 [JavaFX Application Thread] DEBUG AppStateMachine      - StartupState -> LoadingState
14:40:01.436 [FXGL Background Thread 1 ] DEBUG InitAppTask          - Clearing previous game
14:40:01.437 [FXGL Background Thread 1 ] DEBUG GameWorld            - Clearing game world
14:40:01.437 [FXGL Background Thread 1 ] DEBUG PhysicsWorld         - Clearing physics world
14:40:01.437 [FXGL Background Thread 1 ] DEBUG GameScene            - Clearing game scene
14:40:01.438 [FXGL Background Thread 1 ] DEBUG InitAppTask          - Initializing Game
14:40:01.442 [FXGL Background Thread 1 ] DEBUG InitAppTask          - Initializing Physics
14:40:01.443 [FXGL Background Thread 1 ] DEBUG InitAppTask          - Initializing UI
14:40:01.443 [FXGL Background Thread 1 ] DEBUG AssetLoader          - Loading from disk: /assets/ui/login.fxml
14:40:01.519 [FXGL Background Thread 1 ] DEBUG InitAppTask          - Initialization Complete
14:40:01.520 [FXGL Background Thread 1 ] INFO  InitAppTask          - Game initialization took: 0.083 sec
14:40:01.540 [JavaFX Application Thread] DEBUG Input                - Clearing active input actions
14:40:01.551 [JavaFX Application Thread] DEBUG AppStateMachine      - LoadingState -> PlayState
14:40:08.455 [JavaFX Application Thread] DEBUG AssetLoader          - Loading from disk: /assets/json/ult.json
14:40:08.654 [JavaFX Application Thread] DEBUG GameWorld            - Clearing removable entities
14:40:08.655 [JavaFX Application Thread] DEBUG GameWorld            - Setting level from map
14:40:08.675 [JavaFX Application Thread] DEBUG AssetLoader          - Loading from disk: /assets/textures/grass.png
14:40:08.702 [JavaFX Application Thread] DEBUG AssetLoader          - Loading from cache: /assets/textures/grass.png
14:40:08.702 [JavaFX Application Thread] DEBUG AssetLoader          - Loading from cache: /assets/textures/grass.png
14:40:08.702 [JavaFX Application Thread] DEBUG AssetLoader          - Loading from cache: /assets/textures/grass.png
14:40:08.703 [JavaFX Application Thread] DEBUG AssetLoader          - Loading from cache: /assets/textures/grass.png
14:40:08.703 [JavaFX Application Thread] DEBUG AssetLoader          - Loading from cache: /assets/textures/grass.png
14:40:08.703 [JavaFX Application Thread] DEBUG AssetLoader          - Loading from cache: /assets/textures/grass.png
14:40:08.703 [JavaFX Application Thread] DEBUG AssetLoader          - Loading from cache: /assets/textures/grass.png
14:40:08.703 [JavaFX Application Thread] DEBUG AssetLoader          - Loading from cache: /assets/textures/grass.png
14:40:08.703 [JavaFX Application Thread] DEBUG AssetLoader          - Loading from cache: /assets/textures/grass.png
14:40:08.703 [JavaFX Application Thread] DEBUG AssetLoader          - Loading from cache: /assets/textures/grass.png
14:40:08.704 [JavaFX Application Thread] DEBUG AssetLoader          - Loading from cache: /assets/textures/grass.png
14:40:08.704 [JavaFX Application Thread] DEBUG AssetLoader          - Loading from cache: /assets/textures/grass.png
14:40:08.704 [JavaFX Application Thread] DEBUG AssetLoader          - Loading from cache: /assets/textures/grass.png
14:40:08.704 [JavaFX Application Thread] DEBUG AssetLoader          - Loading from cache: /assets/textures/grass.png
14:40:08.704 [JavaFX Application Thread] DEBUG AssetLoader          - Loading from cache: /assets/textures/grass.png
14:40:08.704 [JavaFX Application Thread] DEBUG AssetLoader          - Loading from cache: /assets/textures/grass.png
14:40:08.704 [JavaFX Application Thread] DEBUG AssetLoader          - Loading from cache: /assets/textures/grass.png
14:40:08.705 [JavaFX Application Thread] DEBUG AssetLoader          - Loading from cache: /assets/textures/grass.png
14:40:08.705 [JavaFX Application Thread] DEBUG AssetLoader          - Loading from cache: /assets/textures/grass.png
14:40:08.705 [JavaFX Application Thread] DEBUG AssetLoader          - Loading from cache: /assets/textures/grass.png
14:40:08.705 [JavaFX Application Thread] DEBUG AssetLoader          - Loading from cache: /assets/textures/grass.png
14:40:08.705 [JavaFX Application Thread] DEBUG AssetLoader          - Loading from cache: /assets/textures/grass.png
14:40:08.705 [JavaFX Application Thread] DEBUG AssetLoader          - Loading from cache: /assets/textures/grass.png
14:40:08.705 [JavaFX Application Thread] DEBUG AssetLoader          - Loading from cache: /assets/textures/grass.png
14:40:08.705 [JavaFX Application Thread] DEBUG AssetLoader          - Loading from cache: /assets/textures/grass.png
14:40:08.706 [JavaFX Application Thread] DEBUG AssetLoader          - Loading from cache: /assets/textures/grass.png
14:40:08.706 [JavaFX Application Thread] DEBUG AssetLoader          - Loading from cache: /assets/textures/grass.png
14:40:08.706 [JavaFX Application Thread] DEBUG AssetLoader          - Loading from cache: /assets/textures/grass.png
14:40:08.706 [JavaFX Application Thread] DEBUG AssetLoader          - Loading from cache: /assets/textures/grass.png
14:40:08.706 [JavaFX Application Thread] DEBUG AssetLoader          - Loading from cache: /assets/textures/grass.png
14:40:08.706 [JavaFX Application Thread] DEBUG AssetLoader          - Loading from cache: /assets/textures/grass.png
14:40:08.706 [JavaFX Application Thread] DEBUG AssetLoader          - Loading from cache: /assets/textures/grass.png
14:40:08.707 [JavaFX Application Thread] DEBUG AssetLoader          - Loading from cache: /assets/textures/grass.png
14:40:08.707 [JavaFX Application Thread] DEBUG AssetLoader          - Loading from cache: /assets/textures/grass.png
14:40:08.707 [JavaFX Application Thread] DEBUG AssetLoader          - Loading from cache: /assets/textures/grass.png
14:40:08.707 [JavaFX Application Thread] DEBUG AssetLoader          - Loading from cache: /assets/textures/grass.png
14:40:08.707 [JavaFX Application Thread] DEBUG AssetLoader          - Loading from cache: /assets/textures/grass.png
14:40:08.707 [JavaFX Application Thread] DEBUG AssetLoader          - Loading from cache: /assets/textures/grass.png
14:40:08.707 [JavaFX Application Thread] DEBUG AssetLoader          - Loading from cache: /assets/textures/grass.png
14:40:08.708 [JavaFX Application Thread] DEBUG AssetLoader          - Loading from cache: /assets/textures/grass.png
14:40:08.708 [JavaFX Application Thread] DEBUG AssetLoader          - Loading from cache: /assets/textures/grass.png
14:40:08.708 [JavaFX Application Thread] DEBUG AssetLoader          - Loading from cache: /assets/textures/grass.png
14:40:08.708 [JavaFX Application Thread] DEBUG AssetLoader          - Loading from cache: /assets/textures/grass.png
14:40:08.708 [JavaFX Application Thread] DEBUG AssetLoader          - Loading from cache: /assets/textures/grass.png
14:40:08.708 [JavaFX Application Thread] DEBUG AssetLoader          - Loading from cache: /assets/textures/grass.png
14:40:08.708 [JavaFX Application Thread] DEBUG AssetLoader          - Loading from cache: /assets/textures/grass.png
14:40:08.708 [JavaFX Application Thread] DEBUG AssetLoader          - Loading from cache: /assets/textures/grass.png
14:40:08.709 [JavaFX Application Thread] DEBUG AssetLoader          - Loading from cache: /assets/textures/grass.png
14:40:08.709 [JavaFX Application Thread] DEBUG AssetLoader          - Loading from cache: /assets/textures/grass.png
14:40:08.709 [JavaFX Application Thread] DEBUG AssetLoader          - Loading from cache: /assets/textures/grass.png
14:40:08.709 [JavaFX Application Thread] DEBUG AssetLoader          - Loading from cache: /assets/textures/grass.png
14:40:08.709 [JavaFX Application Thread] DEBUG AssetLoader          - Loading from cache: /assets/textures/grass.png
14:40:08.709 [JavaFX Application Thread] DEBUG AssetLoader          - Loading from cache: /assets/textures/grass.png
14:40:08.710 [JavaFX Application Thread] DEBUG AssetLoader          - Loading from cache: /assets/textures/grass.png
14:40:08.710 [JavaFX Application Thread] DEBUG AssetLoader          - Loading from cache: /assets/textures/grass.png
14:40:08.710 [JavaFX Application Thread] DEBUG AssetLoader          - Loading from cache: /assets/textures/grass.png
14:40:08.710 [JavaFX Application Thread] DEBUG AssetLoader          - Loading from cache: /assets/textures/grass.png
14:40:08.710 [JavaFX Application Thread] DEBUG AssetLoader          - Loading from cache: /assets/textures/grass.png
14:40:08.710 [JavaFX Application Thread] DEBUG AssetLoader          - Loading from cache: /assets/textures/grass.png
14:40:08.710 [JavaFX Application Thread] DEBUG AssetLoader          - Loading from cache: /assets/textures/grass.png
14:40:08.711 [JavaFX Application Thread] DEBUG AssetLoader          - Loading from cache: /assets/textures/grass.png
14:40:08.711 [JavaFX Application Thread] DEBUG AssetLoader          - Loading from cache: /assets/textures/grass.png
14:40:08.711 [JavaFX Application Thread] DEBUG AssetLoader          - Loading from cache: /assets/textures/grass.png
14:40:08.711 [JavaFX Application Thread] DEBUG AssetLoader          - Loading from cache: /assets/textures/grass.png
14:40:08.711 [JavaFX Application Thread] DEBUG AssetLoader          - Loading from cache: /assets/textures/grass.png
14:40:08.711 [JavaFX Application Thread] DEBUG AssetLoader          - Loading from cache: /assets/textures/grass.png
14:40:08.711 [JavaFX Application Thread] DEBUG AssetLoader          - Loading from disk: /assets/textures/grass-obj.png
14:40:08.719 [JavaFX Application Thread] DEBUG AssetLoader          - Loading from cache: /assets/textures/grass-obj.png
14:40:08.719 [JavaFX Application Thread] DEBUG AssetLoader          - Loading from cache: /assets/textures/grass.png
14:40:08.719 [JavaFX Application Thread] DEBUG AssetLoader          - Loading from cache: /assets/textures/grass.png
14:40:08.719 [JavaFX Application Thread] DEBUG AssetLoader          - Loading from cache: /assets/textures/grass.png
14:40:08.719 [JavaFX Application Thread] DEBUG AssetLoader          - Loading from cache: /assets/textures/grass.png
14:40:08.720 [JavaFX Application Thread] DEBUG AssetLoader          - Loading from cache: /assets/textures/grass.png
14:40:08.720 [JavaFX Application Thread] DEBUG AssetLoader          - Loading from cache: /assets/textures/grass.png
14:40:08.720 [JavaFX Application Thread] DEBUG AssetLoader          - Loading from cache: /assets/textures/grass.png
14:40:08.720 [JavaFX Application Thread] DEBUG AssetLoader          - Loading from cache: /assets/textures/grass.png
14:40:08.720 [JavaFX Application Thread] DEBUG AssetLoader          - Loading from cache: /assets/textures/grass.png
14:40:08.720 [JavaFX Application Thread] DEBUG AssetLoader          - Loading from cache: /assets/textures/grass.png
14:40:08.720 [JavaFX Application Thread] DEBUG AssetLoader          - Loading from cache: /assets/textures/grass.png
14:40:08.720 [JavaFX Application Thread] DEBUG AssetLoader          - Loading from cache: /assets/textures/grass.png
14:40:08.720 [JavaFX Application Thread] DEBUG AssetLoader          - Loading from cache: /assets/textures/grass.png
14:40:08.721 [JavaFX Application Thread] DEBUG AssetLoader          - Loading from cache: /assets/textures/grass.png
14:40:08.721 [JavaFX Application Thread] DEBUG AssetLoader          - Loading from cache: /assets/textures/grass.png
14:40:08.721 [JavaFX Application Thread] DEBUG AssetLoader          - Loading from cache: /assets/textures/grass.png
14:40:08.721 [JavaFX Application Thread] DEBUG AssetLoader          - Loading from cache: /assets/textures/grass.png
14:40:08.721 [JavaFX Application Thread] DEBUG AssetLoader          - Loading from cache: /assets/textures/grass.png
14:40:08.721 [JavaFX Application Thread] DEBUG AssetLoader          - Loading from cache: /assets/textures/grass-obj.png
14:40:08.721 [JavaFX Application Thread] DEBUG AssetLoader          - Loading from cache: /assets/textures/grass-obj.png
14:40:08.721 [JavaFX Application Thread] DEBUG AssetLoader          - Loading from cache: /assets/textures/grass.png
14:40:08.722 [JavaFX Application Thread] DEBUG AssetLoader          - Loading from cache: /assets/textures/grass.png
14:40:08.722 [JavaFX Application Thread] DEBUG AssetLoader          - Loading from cache: /assets/textures/grass.png
14:40:08.722 [JavaFX Application Thread] DEBUG AssetLoader          - Loading from cache: /assets/textures/grass.png
14:40:08.722 [JavaFX Application Thread] DEBUG AssetLoader          - Loading from cache: /assets/textures/grass.png
14:40:08.722 [JavaFX Application Thread] DEBUG AssetLoader          - Loading from cache: /assets/textures/grass.png
14:40:08.722 [JavaFX Application Thread] DEBUG AssetLoader          - Loading from cache: /assets/textures/grass.png
14:40:08.722 [JavaFX Application Thread] DEBUG AssetLoader          - Loading from cache: /assets/textures/grass.png
14:40:08.722 [JavaFX Application Thread] DEBUG AssetLoader          - Loading from cache: /assets/textures/grass.png
14:40:08.722 [JavaFX Application Thread] DEBUG AssetLoader          - Loading from cache: /assets/textures/grass.png
14:40:08.723 [JavaFX Application Thread] DEBUG AssetLoader          - Loading from cache: /assets/textures/grass.png
14:40:08.723 [JavaFX Application Thread] DEBUG AssetLoader          - Loading from cache: /assets/textures/grass.png
14:40:08.723 [JavaFX Application Thread] DEBUG AssetLoader          - Loading from cache: /assets/textures/grass.png
14:40:08.723 [JavaFX Application Thread] DEBUG AssetLoader          - Loading from cache: /assets/textures/grass.png
14:40:08.723 [JavaFX Application Thread] DEBUG AssetLoader          - Loading from cache: /assets/textures/grass.png
14:40:08.723 [JavaFX Application Thread] DEBUG AssetLoader          - Loading from cache: /assets/textures/grass.png
14:40:08.723 [JavaFX Application Thread] DEBUG AssetLoader          - Loading from cache: /assets/textures/grass.png
14:40:08.723 [JavaFX Application Thread] DEBUG AssetLoader          - Loading from cache: /assets/textures/grass.png
14:40:08.724 [JavaFX Application Thread] DEBUG AssetLoader          - Loading from cache: /assets/textures/grass.png
14:40:08.724 [JavaFX Application Thread] DEBUG AssetLoader          - Loading from cache: /assets/textures/grass.png
14:40:08.724 [JavaFX Application Thread] DEBUG AssetLoader          - Loading from cache: /assets/textures/grass.png
14:40:08.724 [JavaFX Application Thread] DEBUG AssetLoader          - Loading from cache: /assets/textures/grass.png
14:40:08.724 [JavaFX Application Thread] DEBUG AssetLoader          - Loading from cache: /assets/textures/grass.png
14:40:08.724 [JavaFX Application Thread] DEBUG AssetLoader          - Loading from cache: /assets/textures/grass.png
14:40:08.724 [JavaFX Application Thread] DEBUG AssetLoader          - Loading from cache: /assets/textures/grass.png
14:40:08.724 [JavaFX Application Thread] DEBUG AssetLoader          - Loading from cache: /assets/textures/grass.png
14:40:08.725 [JavaFX Application Thread] DEBUG AssetLoader          - Loading from cache: /assets/textures/grass.png
14:40:08.725 [JavaFX Application Thread] DEBUG AssetLoader          - Loading from cache: /assets/textures/grass.png
14:40:08.725 [JavaFX Application Thread] DEBUG AssetLoader          - Loading from cache: /assets/textures/grass.png
14:40:08.725 [JavaFX Application Thread] DEBUG AssetLoader          - Loading from cache: /assets/textures/grass.png
14:40:08.725 [JavaFX Application Thread] DEBUG AssetLoader          - Loading from cache: /assets/textures/grass.png
14:40:08.725 [JavaFX Application Thread] DEBUG AssetLoader          - Loading from cache: /assets/textures/grass.png
14:40:08.725 [JavaFX Application Thread] DEBUG AssetLoader          - Loading from cache: /assets/textures/grass.png
14:40:08.725 [JavaFX Application Thread] DEBUG AssetLoader          - Loading from cache: /assets/textures/grass.png
14:40:08.725 [JavaFX Application Thread] DEBUG AssetLoader          - Loading from cache: /assets/textures/grass.png
14:40:08.726 [JavaFX Application Thread] DEBUG AssetLoader          - Loading from cache: /assets/textures/grass.png
14:40:08.726 [JavaFX Application Thread] DEBUG AssetLoader          - Loading from cache: /assets/textures/grass.png
14:40:08.726 [JavaFX Application Thread] DEBUG AssetLoader          - Loading from cache: /assets/textures/grass.png
14:40:08.726 [JavaFX Application Thread] DEBUG AssetLoader          - Loading from cache: /assets/textures/grass.png
14:40:08.726 [JavaFX Application Thread] DEBUG AssetLoader          - Loading from cache: /assets/textures/grass.png
14:40:08.726 [JavaFX Application Thread] DEBUG AssetLoader          - Loading from cache: /assets/textures/grass.png
14:40:08.726 [JavaFX Application Thread] DEBUG AssetLoader          - Loading from cache: /assets/textures/grass.png
14:40:08.726 [JavaFX Application Thread] DEBUG AssetLoader          - Loading from cache: /assets/textures/grass.png
14:40:08.727 [JavaFX Application Thread] DEBUG AssetLoader          - Loading from cache: /assets/textures/grass.png
14:40:08.727 [JavaFX Application Thread] DEBUG AssetLoader          - Loading from cache: /assets/textures/grass.png
14:40:08.727 [JavaFX Application Thread] DEBUG AssetLoader          - Loading from cache: /assets/textures/grass.png
14:40:08.727 [JavaFX Application Thread] DEBUG AssetLoader          - Loading from cache: /assets/textures/grass.png
14:40:08.727 [JavaFX Application Thread] DEBUG AssetLoader          - Loading from cache: /assets/textures/grass.png
14:40:08.727 [JavaFX Application Thread] DEBUG AssetLoader          - Loading from cache: /assets/textures/grass.png
14:40:08.727 [JavaFX Application Thread] DEBUG AssetLoader          - Loading from cache: /assets/textures/grass.png
14:40:08.727 [JavaFX Application Thread] DEBUG AssetLoader          - Loading from cache: /assets/textures/grass.png
14:40:08.728 [JavaFX Application Thread] DEBUG AssetLoader          - Loading from cache: /assets/textures/grass.png
14:40:08.728 [JavaFX Application Thread] DEBUG AssetLoader          - Loading from cache: /assets/textures/grass.png
14:40:08.728 [JavaFX Application Thread] DEBUG AssetLoader          - Loading from cache: /assets/textures/grass.png
14:40:08.728 [JavaFX Application Thread] DEBUG AssetLoader          - Loading from cache: /assets/textures/grass.png
14:40:08.728 [JavaFX Application Thread] DEBUG AssetLoader          - Loading from cache: /assets/textures/grass.png
14:40:08.728 [JavaFX Application Thread] DEBUG AssetLoader          - Loading from cache: /assets/textures/grass.png
14:40:08.728 [JavaFX Application Thread] DEBUG AssetLoader          - Loading from cache: /assets/textures/grass.png
14:40:08.728 [JavaFX Application Thread] DEBUG AssetLoader          - Loading from cache: /assets/textures/grass.png
14:40:08.728 [JavaFX Application Thread] DEBUG AssetLoader          - Loading from cache: /assets/textures/grass.png
14:40:08.729 [JavaFX Application Thread] DEBUG AssetLoader          - Loading from cache: /assets/textures/grass.png
14:40:08.729 [JavaFX Application Thread] DEBUG AssetLoader          - Loading from cache: /assets/textures/grass.png
14:40:08.729 [JavaFX Application Thread] DEBUG AssetLoader          - Loading from cache: /assets/textures/grass.png
14:40:08.729 [JavaFX Application Thread] DEBUG AssetLoader          - Loading from cache: /assets/textures/grass.png
14:40:08.729 [JavaFX Application Thread] DEBUG AssetLoader          - Loading from cache: /assets/textures/grass.png
14:40:08.729 [JavaFX Application Thread] DEBUG AssetLoader          - Loading from cache: /assets/textures/grass.png
14:40:08.729 [JavaFX Application Thread] DEBUG AssetLoader          - Loading from cache: /assets/textures/grass.png
14:40:08.729 [JavaFX Application Thread] DEBUG AssetLoader          - Loading from cache: /assets/textures/grass.png
14:40:08.730 [JavaFX Application Thread] DEBUG AssetLoader          - Loading from cache: /assets/textures/grass.png
14:40:08.730 [JavaFX Application Thread] DEBUG AssetLoader          - Loading from cache: /assets/textures/grass.png
14:40:08.730 [JavaFX Application Thread] DEBUG AssetLoader          - Loading from cache: /assets/textures/grass.png
14:40:08.730 [JavaFX Application Thread] DEBUG AssetLoader          - Loading from cache: /assets/textures/grass.png
14:40:08.730 [JavaFX Application Thread] DEBUG AssetLoader          - Loading from cache: /assets/textures/grass.png
14:40:08.730 [JavaFX Application Thread] DEBUG AssetLoader          - Loading from cache: /assets/textures/grass.png
14:40:08.730 [JavaFX Application Thread] DEBUG AssetLoader          - Loading from cache: /assets/textures/grass.png
14:40:08.730 [JavaFX Application Thread] DEBUG AssetLoader          - Loading from cache: /assets/textures/grass.png
14:40:08.731 [JavaFX Application Thread] DEBUG AssetLoader          - Loading from cache: /assets/textures/grass.png
14:40:08.731 [JavaFX Application Thread] DEBUG AssetLoader          - Loading from cache: /assets/textures/grass.png
14:40:08.731 [JavaFX Application Thread] DEBUG AssetLoader          - Loading from cache: /assets/textures/grass.png
14:40:08.731 [JavaFX Application Thread] DEBUG AssetLoader          - Loading from cache: /assets/textures/grass.png
14:40:08.731 [JavaFX Application Thread] DEBUG AssetLoader          - Loading from cache: /assets/textures/grass.png
14:40:08.731 [JavaFX Application Thread] DEBUG AssetLoader          - Loading from cache: /assets/textures/grass.png
14:40:08.731 [JavaFX Application Thread] DEBUG AssetLoader          - Loading from cache: /assets/textures/grass.png
14:40:08.731 [JavaFX Application Thread] DEBUG AssetLoader          - Loading from cache: /assets/textures/grass.png
14:40:08.731 [JavaFX Application Thread] DEBUG AssetLoader          - Loading from cache: /assets/textures/grass.png
14:40:08.732 [JavaFX Application Thread] DEBUG AssetLoader          - Loading from cache: /assets/textures/grass.png
14:40:08.732 [JavaFX Application Thread] DEBUG AssetLoader          - Loading from cache: /assets/textures/grass.png
14:40:08.732 [JavaFX Application Thread] DEBUG AssetLoader          - Loading from cache: /assets/textures/grass.png
14:40:08.732 [JavaFX Application Thread] DEBUG AssetLoader          - Loading from cache: /assets/textures/grass.png
14:40:08.732 [JavaFX Application Thread] DEBUG AssetLoader          - Loading from cache: /assets/textures/grass.png
14:40:08.732 [JavaFX Application Thread] DEBUG AssetLoader          - Loading from cache: /assets/textures/grass.png
14:40:08.732 [JavaFX Application Thread] DEBUG AssetLoader          - Loading from cache: /assets/textures/grass.png
14:40:08.732 [JavaFX Application Thread] DEBUG AssetLoader          - Loading from cache: /assets/textures/grass.png
14:40:08.733 [JavaFX Application Thread] DEBUG AssetLoader          - Loading from cache: /assets/textures/grass.png
14:40:08.733 [JavaFX Application Thread] DEBUG AssetLoader          - Loading from cache: /assets/textures/grass.png
14:40:08.733 [JavaFX Application Thread] DEBUG AssetLoader          - Loading from cache: /assets/textures/grass.png
14:40:08.733 [JavaFX Application Thread] DEBUG AssetLoader          - Loading from cache: /assets/textures/grass.png
14:40:08.733 [JavaFX Application Thread] DEBUG AssetLoader          - Loading from cache: /assets/textures/grass.png
14:40:08.733 [JavaFX Application Thread] DEBUG AssetLoader          - Loading from cache: /assets/textures/grass.png
14:40:08.733 [JavaFX Application Thread] DEBUG AssetLoader          - Loading from cache: /assets/textures/grass.png
14:40:08.733 [JavaFX Application Thread] DEBUG AssetLoader          - Loading from cache: /assets/textures/grass.png
14:40:08.734 [JavaFX Application Thread] DEBUG AssetLoader          - Loading from cache: /assets/textures/grass.png
14:40:08.734 [JavaFX Application Thread] DEBUG AssetLoader          - Loading from cache: /assets/textures/grass.png
14:40:08.734 [JavaFX Application Thread] DEBUG AssetLoader          - Loading from cache: /assets/textures/grass.png
14:40:08.734 [JavaFX Application Thread] DEBUG AssetLoader          - Loading from cache: /assets/textures/grass.png
14:40:08.734 [JavaFX Application Thread] DEBUG AssetLoader          - Loading from cache: /assets/textures/grass.png
14:40:08.734 [JavaFX Application Thread] DEBUG AssetLoader          - Loading from cache: /assets/textures/grass.png
14:40:08.734 [JavaFX Application Thread] DEBUG AssetLoader          - Loading from cache: /assets/textures/grass.png
14:40:08.734 [JavaFX Application Thread] DEBUG AssetLoader          - Loading from cache: /assets/textures/grass.png
14:40:08.734 [JavaFX Application Thread] DEBUG AssetLoader          - Loading from cache: /assets/textures/grass.png
14:40:08.734 [JavaFX Application Thread] DEBUG AssetLoader          - Loading from cache: /assets/textures/grass.png
14:40:08.735 [JavaFX Application Thread] DEBUG AssetLoader          - Loading from cache: /assets/textures/grass.png
14:40:08.735 [JavaFX Application Thread] DEBUG AssetLoader          - Loading from cache: /assets/textures/grass.png
14:40:08.735 [JavaFX Application Thread] DEBUG AssetLoader          - Loading from cache: /assets/textures/grass.png
14:40:08.735 [JavaFX Application Thread] DEBUG AssetLoader          - Loading from cache: /assets/textures/grass.png
14:40:08.735 [JavaFX Application Thread] DEBUG AssetLoader          - Loading from cache: /assets/textures/grass.png
14:40:08.735 [JavaFX Application Thread] DEBUG AssetLoader          - Loading from cache: /assets/textures/grass.png
14:40:08.735 [JavaFX Application Thread] DEBUG AssetLoader          - Loading from cache: /assets/textures/grass.png
14:40:08.735 [JavaFX Application Thread] DEBUG AssetLoader          - Loading from cache: /assets/textures/grass.png
14:40:08.735 [JavaFX Application Thread] DEBUG AssetLoader          - Loading from cache: /assets/textures/grass.png
14:40:08.736 [JavaFX Application Thread] DEBUG AssetLoader          - Loading from cache: /assets/textures/grass.png
14:40:08.736 [JavaFX Application Thread] DEBUG AssetLoader          - Loading from cache: /assets/textures/grass.png
14:40:08.736 [JavaFX Application Thread] DEBUG AssetLoader          - Loading from cache: /assets/textures/grass.png
14:40:08.736 [JavaFX Application Thread] DEBUG AssetLoader          - Loading from cache: /assets/textures/grass.png
14:40:08.736 [JavaFX Application Thread] DEBUG AssetLoader          - Loading from cache: /assets/textures/grass.png
14:40:08.736 [JavaFX Application Thread] DEBUG AssetLoader          - Loading from cache: /assets/textures/grass.png
14:40:08.736 [JavaFX Application Thread] DEBUG AssetLoader          - Loading from cache: /assets/textures/grass.png
14:40:08.736 [JavaFX Application Thread] DEBUG AssetLoader          - Loading from cache: /assets/textures/grass.png
14:40:08.736 [JavaFX Application Thread] DEBUG AssetLoader          - Loading from cache: /assets/textures/grass.png
14:40:08.736 [JavaFX Application Thread] DEBUG AssetLoader          - Loading from cache: /assets/textures/grass.png
14:40:08.737 [JavaFX Application Thread] DEBUG AssetLoader          - Loading from cache: /assets/textures/grass.png
14:40:08.739 [JavaFX Application Thread] DEBUG GameScene            - Creating render group for layer: BACKGROUND(1000)
14:40:08.744 [JavaFX Application Thread] DEBUG GameScene            - Creating render group for layer: DEFAULT(100000)
14:40:08.764 [JavaFX Application Thread] FATAL GameApplication      - Uncaught Exception:

Fatal exception occurred: java.lang.IllegalArgumentException : Component PhysicsComponent not found!
E: com.almasb.fxgl.entity.Entity.getComponent(Entity.java:276)
E: client.Screen$3.onCollisionBegin(Screen.java:114)
E: com.almasb.fxgl.physics.CollisionPair.collisionBegin(CollisionPair.java:44)
E: com.almasb.fxgl.physics.PhysicsWorld.collisionBeginFor(PhysicsWorld.java:472)
E: com.almasb.fxgl.physics.PhysicsWorld.checkCollisions(PhysicsWorld.java:423)
E: com.almasb.fxgl.physics.PhysicsWorld.onUpdate(PhysicsWorld.java:238)
E: com.almasb.fxgl.app.PlayState.onUpdate(AppStates.kt:234)
E: com.almasb.fxgl.app.State.update(State.java:73)
E: com.almasb.fxgl.app.AppStateMachine.onUpdate(AppStateMachine.java:100)
E: com.almasb.fxgl.app.GameApplication.stepLoop(GameApplication.java:382)
E: com.almasb.fxgl.app.GameApplication$2.handle(GameApplication.java:348)
E: javafx.animation.AnimationTimer$AnimationTimerReceiver.lambda$handle$0(AnimationTimer.java:57)
E: java.security.AccessController.doPrivileged(Native Method)
E: javafx.animation.AnimationTimer$AnimationTimerReceiver.handle(AnimationTimer.java:56)
E: com.sun.scenario.animation.AbstractMasterTimer.timePulseImpl(AbstractMasterTimer.java:357)
E: com.sun.scenario.animation.AbstractMasterTimer$MainLoop.run(AbstractMasterTimer.java:267)
E: com.sun.javafx.tk.quantum.QuantumToolkit.pulse(QuantumToolkit.java:514)
E: com.sun.javafx.tk.quantum.QuantumToolkit.pulse(QuantumToolkit.java:498)
E: com.sun.javafx.tk.quantum.QuantumToolkit.pulseFromQueue(QuantumToolkit.java:491)
E: com.sun.javafx.tk.quantum.QuantumToolkit.lambda$runToolkit$11(QuantumToolkit.java:319)
E: com.sun.glass.ui.InvokeLaterDispatcher$Future.run(InvokeLaterDispatcher.java:95)
E: com.sun.glass.ui.gtk.GtkApplication._runLoop(Native Method)
E: com.sun.glass.ui.gtk.GtkApplication.lambda$null$5(GtkApplication.java:139)
E: java.lang.Thread.run(Thread.java:748)

14:40:08.764 [JavaFX Application Thread] FATAL GameApplication      - Application will now exit
14:40:08.765 [JavaFX Application Thread] DEBUG GameApplication      - Stopping main loop
14:40:14.348 [JavaFX Application Thread] DEBUG GameApplication      - Exiting game application
14:40:14.349 [JavaFX Application Thread] DEBUG GameApplication      - Shutting down background threads
14:40:14.349 [JavaFX Application Thread] DEBUG GameApplication      - Exiting FXGL
14:40:14.350 [JavaFX Application Thread] DEBUG FXGL                 - Saving FXGL system data
14:40:14.352 [JavaFX Application Thread] DEBUG DesktopFSService     - Writing to: system/fxgl.bundle
14:40:14.356 [JavaFX Application Thread] DEBUG GameApplication      - Closing logger and exiting JavaFX
