15:49:57.104 [JavaFX Application Thread] DEBUG GameApplication      - Logger initialized
15:49:57.110 [JavaFX Application Thread] DEBUG MainWindow           - Creating a JavaFX scene
15:49:57.236 [JavaFX Application Thread] DEBUG MainWindow           - Target settings size: 1024.0 x 860.0
15:49:57.237 [JavaFX Application Thread] DEBUG MainWindow           - Scaled scene size:    1024.0 x 860.0
15:49:57.237 [JavaFX Application Thread] DEBUG MainWindow           - Scaled ratio: (1.0, 1.0)
15:49:57.245 [JavaFX Application Thread] DEBUG GameApplication      - Starting FXGL
15:49:57.251 [JavaFX Application Thread] INFO  FXGL                 - FXGL-0.5.3 on DESKTOP
15:49:57.252 [JavaFX Application Thread] INFO  FXGL                 - Source code and latest versions at: https://github.com/AlmasB/FXGL
15:49:57.252 [JavaFX Application Thread] INFO  FXGL                 -              Join the FXGL chat at: https://gitter.im/AlmasB/FXGL
15:49:57.261 [JavaFX Application Thread] DEBUG FS                   - Loaded DesktopFSService
15:49:57.261 [JavaFX Application Thread] DEBUG FXGL                 - Loading FXGL system data
15:49:57.267 [JavaFX Application Thread] DEBUG DesktopFSService     - Reading from: system/fxgl.bundle
15:49:57.279 [JavaFX Application Thread] DEBUG Bundle               - Logging bundle: FXGL
15:49:57.279 [JavaFX Application Thread] DEBUG Bundle               - FXGL.offline.timer.version.check=2019-01-23T12:24:56.214
15:49:57.308 [JavaFX Application Thread] DEBUG GameApplication      - FXGL started
15:49:57.308 [JavaFX Application Thread] DEBUG GameApplication      - Logging game settings
Title: Basic Game App
Version: 0.0
Width: 1024
Height: 860
Fullscreen: false
Intro: false
Menus: false
Profiling: false
Single step:false
App Mode: DEVELOPER
Menu Key: ESCAPE
Stage Style: DECORATED
Scene Factory: class com.almasb.fxgl.scene.SceneFactory
Dialog Factory: class com.almasb.fxgl.ui.FXGLDialogFactory
UI Factory: class com.almasb.fxgl.ui.FXGLUIFactory
Notification Service: class com.almasb.fxgl.gameplay.notification.XboxNotificationView
Exception Handler: class com.almasb.fxgl.app.FXGLExceptionHandler
15:49:57.309 [JavaFX Application Thread] DEBUG GameApplication      - Configuring GameApplication
15:49:57.309 [JavaFX Application Thread] DEBUG GameApplication      - Initializing state machine and application states
15:49:57.324 [JavaFX Application Thread] DEBUG AssetLoader          - Loading from disk: /assets/ui/cursors/fxgl_default.png
15:49:57.354 [JavaFX Application Thread] DEBUG AssetLoader          - Loading from disk: /assets/ui/cursors/fxgl_default.png
15:49:57.385 [JavaFX Application Thread] DEBUG FXGLAssets           - Loading FXGLAssets
15:49:57.412 [JavaFX Application Thread] DEBUG AssetLoader          - Loading from disk: /assets/ui/fonts/VarelaRound-Regular.ttf
15:49:57.429 [JavaFX Application Thread] DEBUG AssetLoader          - Loading from disk: /assets/ui/fonts/lucida_console.ttf
15:49:57.433 [JavaFX Application Thread] DEBUG AssetLoader          - Loading from disk: /assets/ui/fonts/Courier-Prime.ttf
15:49:57.436 [JavaFX Application Thread] DEBUG AssetLoader          - Loading from disk: /assets/ui/fonts/Abel-Regular.ttf
15:49:57.438 [JavaFX Application Thread] DEBUG AssetLoader          - Loading from disk: /assets/ui/css/fxgl_dark.css
15:49:57.471 [JavaFX Application Thread] DEBUG AssetLoader          - Loading from disk: /assets/ui/cursors/fxgl_default.png
15:49:57.515 [JavaFX Application Thread] DEBUG AssetLoader          - Loading from disk: /assets/ui/cursors/fxgl_default.png
15:49:57.535 [JavaFX Application Thread] DEBUG GameScene            - Game scene initialized: 1024x860
15:49:57.539 [JavaFX Application Thread] DEBUG GameWorld            - Game world initialized
15:49:57.578 [JavaFX Application Thread] DEBUG PhysicsWorld         - Physics world initialized: appHeight=860, physics.ppm=50.0
15:49:57.595 [JavaFX Application Thread] DEBUG Input                - Registered new binding: Pause - Esc
15:49:57.612 [JavaFX Application Thread] DEBUG Input                - Clearing active input actions
15:49:57.663 [JavaFX Application Thread] DEBUG AppStateMachine      - StartupState -> StartupState
15:49:57.668 [JavaFX Application Thread] INFO  GameApplication      - Game configuration took:  0.358 sec
15:49:57.669 [JavaFX Application Thread] DEBUG AssetLoader          - Loading from disk: /assets/textures/fxgl_icon.png
15:49:57.685 [JavaFX Application Thread] DEBUG MainWindow           - Opening main window
15:49:57.756 [JavaFX Application Thread] DEBUG MainWindow           - Window border size: (0.0, 0.0)
15:49:57.756 [JavaFX Application Thread] DEBUG MainWindow           - Scaled size: 1024.0 x 860.0
15:49:57.756 [JavaFX Application Thread] DEBUG MainWindow           - Scaled ratio: (1.0, 1.0)
15:49:57.757 [JavaFX Application Thread] DEBUG MainWindow           - Scene size: 1024.0 x 860.0
15:49:57.757 [JavaFX Application Thread] DEBUG MainWindow           - Stage size: 1024.0 x 860.0
15:49:57.757 [JavaFX Application Thread] DEBUG GameApplication      - Running preInit()
15:49:57.759 [JavaFX Application Thread] DEBUG Input                - Registered new binding: Screenshot - P
15:49:57.759 [JavaFX Application Thread] DEBUG Input                - Registered new binding: Dev Options - CTRL+0
15:49:57.759 [JavaFX Application Thread] DEBUG Input                - Registered new binding: System info dump - CTRL+9
15:49:57.760 [JavaFX Application Thread] DEBUG Input                - Registered new binding: Restart - CTRL+R
15:49:57.760 [JavaFX Application Thread] DEBUG Input                - Registered new binding: Up 1 - W
15:49:57.760 [JavaFX Application Thread] DEBUG Input                - Registered new binding: Down 1 - S
15:49:57.761 [JavaFX Application Thread] DEBUG Input                - Registered new binding: Right 1 - D
15:49:57.761 [JavaFX Application Thread] DEBUG Input                - Registered new binding: Left 1 - A
15:49:57.793 [JavaFX Application Thread] DEBUG GameApplication      - Starting main loop
15:49:57.803 [JavaFX Application Thread] DEBUG StartupState         - STARTUP
15:49:57.804 [JavaFX Application Thread] DEBUG GameApplication      - Starting new game
15:49:57.804 [JavaFX Application Thread] DEBUG Input                - Clearing active input actions
15:49:57.811 [JavaFX Application Thread] DEBUG AppStateMachine      - StartupState -> LoadingState
15:49:57.816 [FXGL Background Thread 1 ] DEBUG InitAppTask          - Clearing previous game
15:49:57.816 [FXGL Background Thread 1 ] DEBUG GameWorld            - Clearing game world
15:49:57.817 [FXGL Background Thread 1 ] DEBUG PhysicsWorld         - Clearing physics world
15:49:57.817 [FXGL Background Thread 1 ] DEBUG GameScene            - Clearing game scene
15:49:57.818 [FXGL Background Thread 1 ] DEBUG InitAppTask          - Initializing Game
15:49:57.823 [FXGL Background Thread 1 ] DEBUG InitAppTask          - Initializing Physics
15:49:57.824 [FXGL Background Thread 1 ] DEBUG InitAppTask          - Initializing UI
15:49:57.824 [FXGL Background Thread 1 ] DEBUG AssetLoader          - Loading from disk: /assets/ui/login.fxml
15:49:57.899 [FXGL Background Thread 1 ] DEBUG InitAppTask          - Initialization Complete
15:49:57.899 [FXGL Background Thread 1 ] INFO  InitAppTask          - Game initialization took: 0.083 sec
15:49:57.919 [JavaFX Application Thread] DEBUG Input                - Clearing active input actions
15:49:57.933 [JavaFX Application Thread] DEBUG AppStateMachine      - LoadingState -> PlayState
15:50:00.536 [JavaFX Application Thread] DEBUG GameApplication      - Exiting game application
15:50:00.537 [JavaFX Application Thread] DEBUG GameApplication      - Shutting down background threads
15:50:00.537 [JavaFX Application Thread] DEBUG GameApplication      - Exiting FXGL
15:50:00.538 [JavaFX Application Thread] DEBUG FXGL                 - Saving FXGL system data
15:50:00.541 [JavaFX Application Thread] DEBUG DesktopFSService     - Writing to: system/fxgl.bundle
15:50:00.545 [JavaFX Application Thread] DEBUG GameApplication      - Closing logger and exiting JavaFX
