15:50:11.669 [JavaFX Application Thread] DEBUG GameApplication      - Logger initialized
15:50:11.687 [JavaFX Application Thread] DEBUG GameApplication      - Logging settings
Title: Basic Game App
Version: 0.0
Width: 800
Height: 600
Fullscreen: false
Intro: false
Menus: false
Profiling: false
Single step:false
App Mode: DEVELOPER
Menu Key: ESCAPE
Stage Style: DECORATED
Scene Factory: class com.almasb.fxgl.scene.SceneFactory
Dialog Factory: class com.almasb.fxgl.ui.FXGLDialogFactory
UI Factory: class com.almasb.fxgl.ui.FXGLUIFactory
Notification Service: class com.almasb.fxgl.gameplay.notification.XboxNotificationView
Exception Handler: class com.almasb.fxgl.app.FXGLExceptionHandler
15:50:11.690 [JavaFX Application Thread] DEBUG GameApplication      - Starting FXGL
15:50:11.772 [JavaFX Application Thread] INFO  FXGL                 - FXGL-0.5.4 on DESKTOP
15:50:11.772 [JavaFX Application Thread] INFO  FXGL                 - Source code and latest versions at: https://github.com/AlmasB/FXGL
15:50:11.772 [JavaFX Application Thread] INFO  FXGL                 -              Join the FXGL chat at: https://gitter.im/AlmasB/FXGL
15:50:11.773 [JavaFX Application Thread] DEBUG FXGL                 - FXGL started
15:50:11.773 [JavaFX Application Thread] DEBUG FXGL                 - Initializing FXGL
15:50:11.963 [JavaFX Application Thread] DEBUG AssetLoader          - Loading from disk: /assets/ui/cursors/fxgl_default.png
15:50:12.258 [JavaFX Application Thread] DEBUG AssetLoader          - Loading from disk: /assets/ui/fonts/VarelaRound-Regular.ttf
15:50:12.340 [JavaFX Application Thread] DEBUG MainWindow           - Creating a JavaFX scene
15:50:12.396 [JavaFX Application Thread] DEBUG MainWindow           - Target settings size: 800.0 x 600.0
15:50:12.396 [JavaFX Application Thread] DEBUG MainWindow           - Scaled scene size:    800.0 x 600.0
15:50:12.397 [JavaFX Application Thread] DEBUG MainWindow           - Scaled ratio: (1.0, 1.0)
15:50:12.400 [JavaFX Application Thread] DEBUG AssetLoader          - Loading from disk: /assets/ui/css/fxgl_dark.css
15:50:12.404 [JavaFX Application Thread] DEBUG AssetLoader          - Loading from disk: /assets/textures/fxgl_icon.png
15:50:12.425 [JavaFX Application Thread] DEBUG MainWindow           - Opening main window
15:50:12.637 [JavaFX Application Thread] DEBUG MainWindow           - Window border size: (2.0, 31.0)
15:50:12.637 [JavaFX Application Thread] DEBUG MainWindow           - Scaled size: 800.0 x 600.0
15:50:12.637 [JavaFX Application Thread] DEBUG MainWindow           - Scaled ratio: (1.0, 1.0)
15:50:12.637 [JavaFX Application Thread] DEBUG MainWindow           - Scene size: 800.0 x 600.0
15:50:12.638 [JavaFX Application Thread] DEBUG MainWindow           - Stage size: 802.0 x 631.0
15:50:12.700 [ForkJoinPool.commonPool-worker-3] DEBUG FS                   - Loaded DesktopFSService
15:50:12.701 [ForkJoinPool.commonPool-worker-3] DEBUG FXGL                 - Loading FXGL system data
15:50:12.707 [ForkJoinPool.commonPool-worker-3] DEBUG DesktopFSService     - Reading from: system/fxgl.bundle
15:50:12.721 [ForkJoinPool.commonPool-worker-3] DEBUG Bundle               - Logging bundle: FXGL
15:50:12.722 [ForkJoinPool.commonPool-worker-3] DEBUG Bundle               - FXGL.offline.timer.version.check=2018-12-29T13:45:18.325397
15:50:12.728 [ForkJoinPool.commonPool-worker-3] DEBUG FXGL                 - Initializing state machine and application states
15:50:12.729 [ForkJoinPool.commonPool-worker-3] DEBUG AssetLoader          - Loading from disk: /assets/ui/cursors/fxgl_default.png
15:50:12.740 [ForkJoinPool.commonPool-worker-3] DEBUG AssetLoader          - Loading from disk: /assets/ui/cursors/fxgl_default.png
15:50:12.755 [ForkJoinPool.commonPool-worker-3] DEBUG AssetLoader          - Loading from cache: /assets/ui/fonts/VarelaRound-Regular.ttf
15:50:12.763 [ForkJoinPool.commonPool-worker-3] DEBUG AssetLoader          - Loading from disk: /assets/ui/cursors/fxgl_default.png
15:50:12.767 [ForkJoinPool.commonPool-worker-3] DEBUG GameScene            - Game scene initialized: 800x600
15:50:12.788 [ForkJoinPool.commonPool-worker-3] DEBUG GameWorld            - Game world initialized
15:50:12.915 [ForkJoinPool.commonPool-worker-3] DEBUG PhysicsWorld         - Physics world initialized: appHeight=600, physics.ppm=50.0
15:50:12.967 [ForkJoinPool.commonPool-worker-3] DEBUG Input                - Registered new binding: Pause - Esc
15:50:13.100 [JavaFX Application Thread] DEBUG FXGL                 - Running preInit()
15:50:13.102 [JavaFX Application Thread] DEBUG Input                - Registered new binding: Screenshot - P
15:50:13.102 [JavaFX Application Thread] DEBUG Input                - Registered new binding: Dev Options - CTRL+0
15:50:13.103 [JavaFX Application Thread] DEBUG Input                - Registered new binding: System info dump - CTRL+9
15:50:13.104 [JavaFX Application Thread] DEBUG Input                - Registered new binding: Restart - CTRL+R
15:50:13.105 [JavaFX Application Thread] INFO  FXGL                 - FXGL initialization took: 1.331 sec
15:50:13.105 [JavaFX Application Thread] DEBUG LoopRunner           - Starting loop
15:50:13.108 [JavaFX Application Thread] DEBUG StartupState         - STARTUP
15:50:13.109 [JavaFX Application Thread] DEBUG GameApplication      - Starting new game
15:50:13.110 [JavaFX Application Thread] DEBUG Input                - Clearing active input actions
15:50:13.111 [JavaFX Application Thread] DEBUG AssetLoader          - Loading from disk: /assets/ui/css/fxgl_dark.css
15:50:13.162 [JavaFX Application Thread] DEBUG AppStateMachine      - StartupState -> LoadingState
15:50:13.175 [FXGL Background Thread 1 ] DEBUG InitAppTask          - Clearing previous game
15:50:13.176 [FXGL Background Thread 1 ] DEBUG GameWorld            - Clearing game world
15:50:13.176 [FXGL Background Thread 1 ] DEBUG PhysicsWorld         - Clearing physics world
15:50:13.176 [FXGL Background Thread 1 ] DEBUG GameScene            - Clearing game scene
15:50:13.182 [FXGL Background Thread 1 ] DEBUG InitAppTask          - Initializing Game
15:50:13.201 [FXGL Background Thread 1 ] DEBUG InitAppTask          - Initializing Physics
15:50:13.201 [FXGL Background Thread 1 ] DEBUG InitAppTask          - Initializing UI
15:50:13.207 [FXGL Background Thread 1 ] DEBUG AssetLoader          - Loading from disk: /assets/ui/login.fxml
15:50:13.522 [FXGL Background Thread 1 ] DEBUG InitAppTask          - Initialization Complete
15:50:13.522 [FXGL Background Thread 1 ] INFO  InitAppTask          - Game initialization took: 0.347 sec
15:50:13.584 [JavaFX Application Thread] DEBUG Input                - Clearing active input actions
15:50:13.584 [JavaFX Application Thread] DEBUG AssetLoader          - Loading from disk: /assets/ui/css/fxgl_dark.css
15:50:13.630 [JavaFX Application Thread] DEBUG AppStateMachine      - LoadingState -> PlayState
15:50:18.100 [JavaFX Application Thread] DEBUG FXGL                 - Exiting FXGL
15:50:18.100 [JavaFX Application Thread] DEBUG FXGL                 - Shutting down background threads
15:50:18.101 [JavaFX Application Thread] DEBUG FXGL                 - Saving FXGL system data
15:50:18.110 [JavaFX Application Thread] DEBUG DesktopFSService     - Writing to: system/fxgl.bundle
15:50:18.121 [JavaFX Application Thread] DEBUG FXGL                 - Closing logger and exiting JavaFX
