21:34:23.012 [JavaFX Application Thread] DEBUG GameApplication      - Logger initialized
21:34:23.018 [JavaFX Application Thread] DEBUG MainWindow           - Creating a JavaFX scene
21:34:23.146 [JavaFX Application Thread] DEBUG MainWindow           - Target settings size: 860.0 x 600.0
21:34:23.146 [JavaFX Application Thread] DEBUG MainWindow           - Scaled scene size:    860.0 x 600.0
21:34:23.146 [JavaFX Application Thread] DEBUG MainWindow           - Scaled ratio: (1.0, 1.0)
21:34:23.153 [JavaFX Application Thread] DEBUG GameApplication      - Starting FXGL
21:34:23.158 [JavaFX Application Thread] INFO  FXGL                 - FXGL-0.5.3 on DESKTOP
21:34:23.159 [JavaFX Application Thread] INFO  FXGL                 - Source code and latest versions at: https://github.com/AlmasB/FXGL
21:34:23.159 [JavaFX Application Thread] INFO  FXGL                 -              Join the FXGL chat at: https://gitter.im/AlmasB/FXGL
21:34:23.168 [JavaFX Application Thread] DEBUG FS                   - Loaded DesktopFSService
21:34:23.169 [JavaFX Application Thread] DEBUG FXGL                 - Loading FXGL system data
21:34:23.177 [JavaFX Application Thread] DEBUG DesktopFSService     - Reading from: system/fxgl.bundle
21:34:23.188 [JavaFX Application Thread] DEBUG Bundle               - Logging bundle: FXGL
21:34:23.189 [JavaFX Application Thread] DEBUG Bundle               - FXGL.offline.timer.version.check=2019-03-01T19:05:40.352
21:34:23.225 [JavaFX Application Thread] DEBUG GameApplication      - FXGL started
21:34:23.225 [JavaFX Application Thread] DEBUG GameApplication      - Logging game settings
Title: Alpha
Version: 0.0
Width: 860
Height: 600
Fullscreen: false
Intro: false
Menus: false
Profiling: false
Single step:false
App Mode: DEVELOPER
Menu Key: ESCAPE
Stage Style: DECORATED
Scene Factory: class com.almasb.fxgl.scene.SceneFactory
Dialog Factory: class com.almasb.fxgl.ui.FXGLDialogFactory
UI Factory: class com.almasb.fxgl.ui.FXGLUIFactory
Notification Service: class com.almasb.fxgl.gameplay.notification.XboxNotificationView
Exception Handler: class com.almasb.fxgl.app.FXGLExceptionHandler
21:34:23.226 [JavaFX Application Thread] DEBUG GameApplication      - Configuring GameApplication
21:34:23.226 [JavaFX Application Thread] DEBUG GameApplication      - Initializing state machine and application states
21:34:23.245 [JavaFX Application Thread] DEBUG AssetLoader          - Loading from disk: /assets/ui/cursors/fxgl_default.png
21:34:23.274 [JavaFX Application Thread] DEBUG AssetLoader          - Loading from disk: /assets/ui/cursors/fxgl_default.png
21:34:23.305 [JavaFX Application Thread] DEBUG FXGLAssets           - Loading FXGLAssets
21:34:23.328 [JavaFX Application Thread] DEBUG AssetLoader          - Loading from disk: /assets/ui/fonts/VarelaRound-Regular.ttf
21:34:23.341 [JavaFX Application Thread] DEBUG AssetLoader          - Loading from disk: /assets/ui/fonts/lucida_console.ttf
21:34:23.343 [JavaFX Application Thread] DEBUG AssetLoader          - Loading from disk: /assets/ui/fonts/Courier-Prime.ttf
21:34:23.345 [JavaFX Application Thread] DEBUG AssetLoader          - Loading from disk: /assets/ui/fonts/Abel-Regular.ttf
21:34:23.347 [JavaFX Application Thread] DEBUG AssetLoader          - Loading from disk: /assets/ui/css/fxgl_dark.css
21:34:23.378 [JavaFX Application Thread] DEBUG AssetLoader          - Loading from disk: /assets/ui/cursors/fxgl_default.png
21:34:23.411 [JavaFX Application Thread] DEBUG AssetLoader          - Loading from disk: /assets/ui/cursors/fxgl_default.png
21:34:23.431 [JavaFX Application Thread] DEBUG GameScene            - Game scene initialized: 860x600
21:34:23.434 [JavaFX Application Thread] DEBUG GameWorld            - Game world initialized
21:34:23.472 [JavaFX Application Thread] DEBUG PhysicsWorld         - Physics world initialized: appHeight=600, physics.ppm=50.0
21:34:23.489 [JavaFX Application Thread] DEBUG Input                - Registered new binding: Pause - Esc
21:34:23.505 [JavaFX Application Thread] DEBUG Input                - Clearing active input actions
21:34:23.545 [JavaFX Application Thread] DEBUG AppStateMachine      - StartupState -> StartupState
21:34:23.549 [JavaFX Application Thread] INFO  GameApplication      - Game configuration took:  0.323 sec
21:34:23.551 [JavaFX Application Thread] DEBUG AssetLoader          - Loading from disk: /assets/textures/fxgl_icon.png
21:34:23.566 [JavaFX Application Thread] DEBUG MainWindow           - Opening main window
21:34:23.637 [JavaFX Application Thread] DEBUG MainWindow           - Window border size: (0.0, 0.0)
21:34:23.637 [JavaFX Application Thread] DEBUG MainWindow           - Scaled size: 860.0 x 600.0
21:34:23.638 [JavaFX Application Thread] DEBUG MainWindow           - Scaled ratio: (1.0, 1.0)
21:34:23.638 [JavaFX Application Thread] DEBUG MainWindow           - Scene size: 860.0 x 600.0
21:34:23.638 [JavaFX Application Thread] DEBUG MainWindow           - Stage size: 860.0 x 600.0
21:34:23.638 [JavaFX Application Thread] DEBUG GameApplication      - Running preInit()
21:34:23.640 [JavaFX Application Thread] DEBUG Input                - Registered new binding: Screenshot - P
21:34:23.640 [JavaFX Application Thread] DEBUG Input                - Registered new binding: Dev Options - CTRL+0
21:34:23.641 [JavaFX Application Thread] DEBUG Input                - Registered new binding: System info dump - CTRL+9
21:34:23.641 [JavaFX Application Thread] DEBUG Input                - Registered new binding: Restart - CTRL+R
21:34:23.642 [JavaFX Application Thread] DEBUG Input                - Registered new binding: Up 1 - W
21:34:23.642 [JavaFX Application Thread] DEBUG Input                - Registered new binding: Down 1 - S
21:34:23.642 [JavaFX Application Thread] DEBUG Input                - Registered new binding: Right 1 - D
21:34:23.642 [JavaFX Application Thread] DEBUG Input                - Registered new binding: Left 1 - A
21:34:23.643 [JavaFX Application Thread] DEBUG Input                - Registered new binding: Click - LMB
21:34:23.644 [JavaFX Application Thread] DEBUG Input                - Registered new binding: Rightclick - RMB
21:34:23.644 [JavaFX Application Thread] DEBUG Input                - Registered new binding: Tab - Tab
21:34:23.678 [JavaFX Application Thread] DEBUG GameApplication      - Starting main loop
21:34:23.686 [JavaFX Application Thread] DEBUG StartupState         - STARTUP
21:34:23.687 [JavaFX Application Thread] DEBUG GameApplication      - Starting new game
21:34:23.687 [JavaFX Application Thread] DEBUG Input                - Clearing active input actions
21:34:23.693 [JavaFX Application Thread] DEBUG AppStateMachine      - StartupState -> LoadingState
21:34:23.698 [FXGL Background Thread 1 ] DEBUG InitAppTask          - Clearing previous game
21:34:23.698 [FXGL Background Thread 1 ] DEBUG GameWorld            - Clearing game world
21:34:23.698 [FXGL Background Thread 1 ] DEBUG PhysicsWorld         - Clearing physics world
21:34:23.698 [FXGL Background Thread 1 ] DEBUG GameScene            - Clearing game scene
21:34:23.699 [FXGL Background Thread 1 ] DEBUG InitAppTask          - Initializing Game
21:34:23.704 [FXGL Background Thread 1 ] DEBUG InitAppTask          - Initializing Physics
21:34:23.706 [FXGL Background Thread 1 ] DEBUG InitAppTask          - Initializing UI
21:34:23.706 [FXGL Background Thread 1 ] DEBUG AssetLoader          - Loading from disk: /assets/ui/login.fxml
21:34:24.771 [FXGL Background Thread 1 ] DEBUG AssetLoader          - Loading from disk: /assets/textures/ui/default.png
21:34:24.773 [FXGL Background Thread 1 ] DEBUG AssetLoader          - Loading from disk: /assets/ui/mainpanel.fxml
21:34:24.807 [FXGL Background Thread 1 ] DEBUG InitAppTask          - Initialization Complete
21:34:24.807 [FXGL Background Thread 1 ] INFO  InitAppTask          - Game initialization took: 1.110 sec
21:34:24.822 [JavaFX Application Thread] DEBUG Input                - Clearing active input actions
21:34:24.840 [JavaFX Application Thread] DEBUG AppStateMachine      - LoadingState -> PlayState
21:34:26.898 [JavaFX Application Thread] DEBUG GameApplication      - Exiting game application
21:34:26.899 [JavaFX Application Thread] DEBUG GameApplication      - Shutting down background threads
21:34:26.899 [JavaFX Application Thread] DEBUG GameApplication      - Exiting FXGL
21:34:26.899 [JavaFX Application Thread] DEBUG FXGL                 - Saving FXGL system data
21:34:26.902 [JavaFX Application Thread] DEBUG DesktopFSService     - Writing to: system/fxgl.bundle
21:34:26.907 [JavaFX Application Thread] DEBUG GameApplication      - Closing logger and exiting JavaFX
