18:29:10.154 [JavaFX Application Thread] DEBUG GameApplication      - Logger initialized
18:29:10.162 [JavaFX Application Thread] DEBUG MainWindow           - Creating a JavaFX scene
18:29:10.300 [JavaFX Application Thread] DEBUG MainWindow           - Target settings size: 860.0 x 600.0
18:29:10.301 [JavaFX Application Thread] DEBUG MainWindow           - Scaled scene size:    860.0 x 600.0
18:29:10.301 [JavaFX Application Thread] DEBUG MainWindow           - Scaled ratio: (1.0, 1.0)
18:29:10.307 [JavaFX Application Thread] DEBUG GameApplication      - Starting FXGL
18:29:10.312 [JavaFX Application Thread] INFO  FXGL                 - FXGL-0.5.3 on DESKTOP
18:29:10.312 [JavaFX Application Thread] INFO  FXGL                 - Source code and latest versions at: https://github.com/AlmasB/FXGL
18:29:10.312 [JavaFX Application Thread] INFO  FXGL                 -              Join the FXGL chat at: https://gitter.im/AlmasB/FXGL
18:29:10.320 [JavaFX Application Thread] DEBUG FS                   - Loaded DesktopFSService
18:29:10.320 [JavaFX Application Thread] DEBUG FXGL                 - Loading FXGL system data
18:29:10.326 [JavaFX Application Thread] DEBUG DesktopFSService     - Reading from: system/fxgl.bundle
18:29:10.336 [JavaFX Application Thread] DEBUG Bundle               - Logging bundle: FXGL
18:29:10.337 [JavaFX Application Thread] DEBUG Bundle               - FXGL.offline.timer.version.check=2019-03-01T19:05:40.352
18:29:10.376 [JavaFX Application Thread] DEBUG GameApplication      - FXGL started
18:29:10.376 [JavaFX Application Thread] DEBUG GameApplication      - Logging game settings
Title: Alpha
Version: 0.0
Width: 860
Height: 600
Fullscreen: false
Intro: false
Menus: false
Profiling: false
Single step:false
App Mode: DEVELOPER
Menu Key: ESCAPE
Stage Style: DECORATED
Scene Factory: class com.almasb.fxgl.scene.SceneFactory
Dialog Factory: class com.almasb.fxgl.ui.FXGLDialogFactory
UI Factory: class com.almasb.fxgl.ui.FXGLUIFactory
Notification Service: class com.almasb.fxgl.gameplay.notification.XboxNotificationView
Exception Handler: class com.almasb.fxgl.app.FXGLExceptionHandler
18:29:10.378 [JavaFX Application Thread] DEBUG GameApplication      - Configuring GameApplication
18:29:10.378 [JavaFX Application Thread] DEBUG GameApplication      - Initializing state machine and application states
18:29:10.397 [JavaFX Application Thread] DEBUG AssetLoader          - Loading from disk: /assets/ui/cursors/fxgl_default.png
18:29:10.426 [JavaFX Application Thread] DEBUG AssetLoader          - Loading from disk: /assets/ui/cursors/fxgl_default.png
18:29:10.458 [JavaFX Application Thread] DEBUG FXGLAssets           - Loading FXGLAssets
18:29:10.484 [JavaFX Application Thread] DEBUG AssetLoader          - Loading from disk: /assets/ui/fonts/VarelaRound-Regular.ttf
18:29:10.496 [JavaFX Application Thread] DEBUG AssetLoader          - Loading from disk: /assets/ui/fonts/lucida_console.ttf
18:29:10.498 [JavaFX Application Thread] DEBUG AssetLoader          - Loading from disk: /assets/ui/fonts/Courier-Prime.ttf
18:29:10.501 [JavaFX Application Thread] DEBUG AssetLoader          - Loading from disk: /assets/ui/fonts/Abel-Regular.ttf
18:29:10.502 [JavaFX Application Thread] DEBUG AssetLoader          - Loading from disk: /assets/ui/css/fxgl_dark.css
18:29:10.531 [JavaFX Application Thread] DEBUG AssetLoader          - Loading from disk: /assets/ui/cursors/fxgl_default.png
18:29:10.565 [JavaFX Application Thread] DEBUG AssetLoader          - Loading from disk: /assets/ui/cursors/fxgl_default.png
18:29:10.587 [JavaFX Application Thread] DEBUG GameScene            - Game scene initialized: 860x600
18:29:10.590 [JavaFX Application Thread] DEBUG GameWorld            - Game world initialized
18:29:10.629 [JavaFX Application Thread] DEBUG PhysicsWorld         - Physics world initialized: appHeight=600, physics.ppm=50.0
18:29:10.646 [JavaFX Application Thread] DEBUG Input                - Registered new binding: Pause - Esc
18:29:10.666 [JavaFX Application Thread] DEBUG Input                - Clearing active input actions
18:29:10.709 [JavaFX Application Thread] DEBUG AppStateMachine      - StartupState -> StartupState
18:29:10.713 [JavaFX Application Thread] INFO  GameApplication      - Game configuration took:  0.335 sec
18:29:10.715 [JavaFX Application Thread] DEBUG AssetLoader          - Loading from disk: /assets/textures/fxgl_icon.png
18:29:10.734 [JavaFX Application Thread] DEBUG MainWindow           - Opening main window
18:29:10.808 [JavaFX Application Thread] DEBUG MainWindow           - Window border size: (0.0, 0.0)
18:29:10.809 [JavaFX Application Thread] DEBUG MainWindow           - Scaled size: 860.0 x 600.0
18:29:10.809 [JavaFX Application Thread] DEBUG MainWindow           - Scaled ratio: (1.0, 1.0)
18:29:10.809 [JavaFX Application Thread] DEBUG MainWindow           - Scene size: 860.0 x 600.0
18:29:10.809 [JavaFX Application Thread] DEBUG MainWindow           - Stage size: 860.0 x 600.0
18:29:10.810 [JavaFX Application Thread] DEBUG GameApplication      - Running preInit()
18:29:10.811 [JavaFX Application Thread] DEBUG Input                - Registered new binding: Screenshot - P
18:29:10.812 [JavaFX Application Thread] DEBUG Input                - Registered new binding: Dev Options - CTRL+0
18:29:10.813 [JavaFX Application Thread] DEBUG Input                - Registered new binding: System info dump - CTRL+9
18:29:10.813 [JavaFX Application Thread] DEBUG Input                - Registered new binding: Restart - CTRL+R
18:29:10.813 [JavaFX Application Thread] DEBUG Input                - Registered new binding: Up 1 - W
18:29:10.814 [JavaFX Application Thread] DEBUG Input                - Registered new binding: Down 1 - S
18:29:10.814 [JavaFX Application Thread] DEBUG Input                - Registered new binding: Right 1 - D
18:29:10.814 [JavaFX Application Thread] DEBUG Input                - Registered new binding: Left 1 - A
18:29:10.816 [JavaFX Application Thread] DEBUG Input                - Registered new binding: Click - LMB
18:29:10.816 [JavaFX Application Thread] DEBUG Input                - Registered new binding: Rightclick - RMB
18:29:10.816 [JavaFX Application Thread] DEBUG Input                - Registered new binding: Tab - Tab
18:29:10.845 [JavaFX Application Thread] DEBUG GameApplication      - Starting main loop
18:29:10.865 [JavaFX Application Thread] DEBUG StartupState         - STARTUP
18:29:10.865 [JavaFX Application Thread] DEBUG GameApplication      - Starting new game
18:29:10.866 [JavaFX Application Thread] DEBUG Input                - Clearing active input actions
18:29:10.875 [JavaFX Application Thread] DEBUG AppStateMachine      - StartupState -> LoadingState
18:29:10.880 [FXGL Background Thread 1 ] DEBUG InitAppTask          - Clearing previous game
18:29:10.880 [FXGL Background Thread 1 ] DEBUG GameWorld            - Clearing game world
18:29:10.880 [FXGL Background Thread 1 ] DEBUG PhysicsWorld         - Clearing physics world
18:29:10.880 [FXGL Background Thread 1 ] DEBUG GameScene            - Clearing game scene
18:29:10.881 [FXGL Background Thread 1 ] DEBUG InitAppTask          - Initializing Game
18:29:10.887 [FXGL Background Thread 1 ] DEBUG InitAppTask          - Initializing Physics
18:29:10.888 [FXGL Background Thread 1 ] DEBUG InitAppTask          - Initializing UI
18:29:10.889 [FXGL Background Thread 1 ] DEBUG AssetLoader          - Loading from disk: /assets/ui/login.fxml
18:29:11.978 [FXGL Background Thread 1 ] DEBUG AssetLoader          - Loading from disk: /assets/textures/ui/default.png
18:29:11.979 [FXGL Background Thread 1 ] DEBUG AssetLoader          - Loading from disk: /assets/ui/mainpanel.fxml
18:29:12.016 [FXGL Background Thread 1 ] DEBUG InitAppTask          - Initialization Complete
18:29:12.016 [FXGL Background Thread 1 ] INFO  InitAppTask          - Game initialization took: 1.137 sec
18:29:12.028 [JavaFX Application Thread] DEBUG Input                - Clearing active input actions
18:29:12.042 [JavaFX Application Thread] DEBUG AppStateMachine      - LoadingState -> PlayState
18:29:20.780 [JavaFX Application Thread] FATAL GameApplication      - Uncaught Exception:

Fatal exception occurred: java.lang.RuntimeException : java.lang.reflect.InvocationTargetException
E: javafx.fxml.FXMLLoader$MethodHandler.invoke(FXMLLoader.java:1774)
E: javafx.fxml.FXMLLoader$ControllerMethodEventHandler.handle(FXMLLoader.java:1657)
E: com.sun.javafx.event.CompositeEventHandler.dispatchBubblingEvent(CompositeEventHandler.java:86)
E: com.sun.javafx.event.EventHandlerManager.dispatchBubblingEvent(EventHandlerManager.java:238)
E: com.sun.javafx.event.EventHandlerManager.dispatchBubblingEvent(EventHandlerManager.java:191)
E: com.sun.javafx.event.CompositeEventDispatcher.dispatchBubblingEvent(CompositeEventDispatcher.java:59)
E: com.sun.javafx.event.BasicEventDispatcher.dispatchEvent(BasicEventDispatcher.java:58)
E: com.sun.javafx.event.EventDispatchChainImpl.dispatchEvent(EventDispatchChainImpl.java:114)
E: com.sun.javafx.event.BasicEventDispatcher.dispatchEvent(BasicEventDispatcher.java:56)
E: com.sun.javafx.event.EventDispatchChainImpl.dispatchEvent(EventDispatchChainImpl.java:114)
E: com.sun.javafx.event.BasicEventDispatcher.dispatchEvent(BasicEventDispatcher.java:56)
E: com.sun.javafx.event.EventDispatchChainImpl.dispatchEvent(EventDispatchChainImpl.java:114)
E: com.sun.javafx.event.BasicEventDispatcher.dispatchEvent(BasicEventDispatcher.java:56)
E: com.sun.javafx.event.EventDispatchChainImpl.dispatchEvent(EventDispatchChainImpl.java:114)
E: com.sun.javafx.event.EventUtil.fireEventImpl(EventUtil.java:74)
E: com.sun.javafx.event.EventUtil.fireEvent(EventUtil.java:49)
E: javafx.event.Event.fireEvent(Event.java:198)
E: javafx.scene.Node.fireEvent(Node.java:8413)
E: com.sun.javafx.scene.control.behavior.TextFieldBehavior.fire(TextFieldBehavior.java:179)
E: com.sun.javafx.scene.control.behavior.TextInputControlBehavior.callAction(TextInputControlBehavior.java:178)
E: com.sun.javafx.scene.control.behavior.BehaviorBase.callActionForEvent(BehaviorBase.java:218)
E: com.sun.javafx.scene.control.behavior.TextInputControlBehavior.callActionForEvent(TextInputControlBehavior.java:127)
E: com.sun.javafx.scene.control.behavior.BehaviorBase.lambda$new$0(BehaviorBase.java:135)
E: com.sun.javafx.event.CompositeEventHandler$NormalEventHandlerRecord.handleBubblingEvent(CompositeEventHandler.java:218)
E: com.sun.javafx.event.CompositeEventHandler.dispatchBubblingEvent(CompositeEventHandler.java:80)
E: com.sun.javafx.event.EventHandlerManager.dispatchBubblingEvent(EventHandlerManager.java:238)
E: com.sun.javafx.event.EventHandlerManager.dispatchBubblingEvent(EventHandlerManager.java:191)
E: com.sun.javafx.event.CompositeEventDispatcher.dispatchBubblingEvent(CompositeEventDispatcher.java:59)
E: com.sun.javafx.event.BasicEventDispatcher.dispatchEvent(BasicEventDispatcher.java:58)
E: com.sun.javafx.event.EventDispatchChainImpl.dispatchEvent(EventDispatchChainImpl.java:114)
E: com.sun.javafx.event.BasicEventDispatcher.dispatchEvent(BasicEventDispatcher.java:56)
E: com.sun.javafx.event.EventDispatchChainImpl.dispatchEvent(EventDispatchChainImpl.java:114)
E: com.sun.javafx.event.BasicEventDispatcher.dispatchEvent(BasicEventDispatcher.java:56)
E: com.sun.javafx.event.EventDispatchChainImpl.dispatchEvent(EventDispatchChainImpl.java:114)
E: com.sun.javafx.event.BasicEventDispatcher.dispatchEvent(BasicEventDispatcher.java:56)
E: com.sun.javafx.event.EventDispatchChainImpl.dispatchEvent(EventDispatchChainImpl.java:114)
E: com.sun.javafx.event.EventUtil.fireEventImpl(EventUtil.java:74)
E: com.sun.javafx.event.EventUtil.fireEvent(EventUtil.java:54)
E: javafx.event.Event.fireEvent(Event.java:198)
E: javafx.scene.Scene$KeyHandler.process(Scene.java:3964)
E: javafx.scene.Scene$KeyHandler.access$1800(Scene.java:3910)
E: javafx.scene.Scene.impl_processKeyEvent(Scene.java:2040)
E: javafx.scene.Scene$ScenePeerListener.keyEvent(Scene.java:2501)
E: com.sun.javafx.tk.quantum.GlassViewEventHandler$KeyEventNotification.run(GlassViewEventHandler.java:217)
E: com.sun.javafx.tk.quantum.GlassViewEventHandler$KeyEventNotification.run(GlassViewEventHandler.java:149)
E: java.security.AccessController.doPrivileged(Native Method)
E: com.sun.javafx.tk.quantum.GlassViewEventHandler.lambda$handleKeyEvent$1(GlassViewEventHandler.java:248)
E: com.sun.javafx.tk.quantum.QuantumToolkit.runWithoutRenderLock(QuantumToolkit.java:389)
E: com.sun.javafx.tk.quantum.GlassViewEventHandler.handleKeyEvent(GlassViewEventHandler.java:247)
E: com.sun.glass.ui.View.handleKeyEvent(View.java:546)
E: com.sun.glass.ui.View.notifyKey(View.java:966)
E: com.sun.glass.ui.gtk.GtkApplication._runLoop(Native Method)
E: com.sun.glass.ui.gtk.GtkApplication.lambda$null$5(GtkApplication.java:139)
E: java.lang.Thread.run(Thread.java:748)

18:29:20.781 [JavaFX Application Thread] FATAL GameApplication      - Application will now exit
18:29:20.781 [JavaFX Application Thread] DEBUG GameApplication      - Stopping main loop
18:29:21.957 [JavaFX Application Thread] DEBUG GameApplication      - Exiting game application
18:29:21.958 [JavaFX Application Thread] DEBUG GameApplication      - Shutting down background threads
18:29:21.958 [JavaFX Application Thread] DEBUG GameApplication      - Exiting FXGL
18:29:21.958 [JavaFX Application Thread] DEBUG FXGL                 - Saving FXGL system data
18:29:21.960 [JavaFX Application Thread] DEBUG DesktopFSService     - Writing to: system/fxgl.bundle
18:29:21.977 [JavaFX Application Thread] DEBUG GameApplication      - Closing logger and exiting JavaFX
