12:48:07.846 [JavaFX Application Thread] DEBUG GameApplication      - Logger initialized
12:48:07.855 [JavaFX Application Thread] DEBUG MainWindow           - Creating a JavaFX scene
12:48:07.993 [JavaFX Application Thread] DEBUG MainWindow           - Target settings size: 860.0 x 600.0
12:48:07.994 [JavaFX Application Thread] DEBUG MainWindow           - Scaled scene size:    860.0 x 600.0
12:48:07.994 [JavaFX Application Thread] DEBUG MainWindow           - Scaled ratio: (1.0, 1.0)
12:48:08.001 [JavaFX Application Thread] DEBUG GameApplication      - Starting FXGL
12:48:08.006 [JavaFX Application Thread] INFO  FXGL                 - FXGL-0.5.3 on DESKTOP
12:48:08.006 [JavaFX Application Thread] INFO  FXGL                 - Source code and latest versions at: https://github.com/AlmasB/FXGL
12:48:08.006 [JavaFX Application Thread] INFO  FXGL                 -              Join the FXGL chat at: https://gitter.im/AlmasB/FXGL
12:48:08.014 [JavaFX Application Thread] DEBUG FS                   - Loaded DesktopFSService
12:48:08.014 [JavaFX Application Thread] DEBUG FXGL                 - Loading FXGL system data
12:48:08.021 [JavaFX Application Thread] DEBUG DesktopFSService     - Reading from: system/fxgl.bundle
12:48:08.031 [JavaFX Application Thread] DEBUG Bundle               - Logging bundle: FXGL
12:48:08.032 [JavaFX Application Thread] DEBUG Bundle               - FXGL.offline.timer.version.check=2019-02-14T00:36:59.438
12:48:08.098 [JavaFX Application Thread] DEBUG GameApplication      - FXGL started
12:48:08.099 [JavaFX Application Thread] DEBUG GameApplication      - Logging game settings
Title: Alpha 0.0
Version: 0.0
Width: 860
Height: 600
Fullscreen: false
Intro: false
Menus: true
Profiling: false
Single step:false
App Mode: DEVELOPER
Menu Key: ESCAPE
Stage Style: DECORATED
Scene Factory: class client.ui.AlphaScreenFactory
Dialog Factory: class com.almasb.fxgl.ui.FXGLDialogFactory
UI Factory: class com.almasb.fxgl.ui.FXGLUIFactory
Notification Service: class com.almasb.fxgl.gameplay.notification.XboxNotificationView
Exception Handler: class com.almasb.fxgl.app.FXGLExceptionHandler
12:48:08.100 [JavaFX Application Thread] DEBUG GameApplication      - Configuring GameApplication
12:48:08.100 [JavaFX Application Thread] DEBUG GameApplication      - Initializing state machine and application states
12:48:08.125 [JavaFX Application Thread] DEBUG AssetLoader          - Loading from disk: /assets/ui/cursors/fxgl_default.png
12:48:08.168 [JavaFX Application Thread] DEBUG AssetLoader          - Loading from disk: /assets/ui/cursors/fxgl_default.png
12:48:08.215 [JavaFX Application Thread] DEBUG FXGLAssets           - Loading FXGLAssets
12:48:08.248 [JavaFX Application Thread] DEBUG AssetLoader          - Loading from disk: /assets/ui/fonts/VarelaRound-Regular.ttf
12:48:08.266 [JavaFX Application Thread] DEBUG AssetLoader          - Loading from disk: /assets/ui/fonts/lucida_console.ttf
12:48:08.269 [JavaFX Application Thread] DEBUG AssetLoader          - Loading from disk: /assets/ui/fonts/Courier-Prime.ttf
12:48:08.271 [JavaFX Application Thread] DEBUG AssetLoader          - Loading from disk: /assets/ui/fonts/Abel-Regular.ttf
12:48:08.273 [JavaFX Application Thread] DEBUG AssetLoader          - Loading from disk: /assets/ui/css/fxgl_dark.css
12:48:08.315 [JavaFX Application Thread] DEBUG AssetLoader          - Loading from disk: /assets/ui/cursors/fxgl_default.png
12:48:08.364 [JavaFX Application Thread] DEBUG AssetLoader          - Loading from disk: /assets/ui/cursors/fxgl_default.png
12:48:08.389 [JavaFX Application Thread] DEBUG GameScene            - Game scene initialized: 860x600
12:48:08.393 [JavaFX Application Thread] DEBUG GameWorld            - Game world initialized
12:48:08.436 [JavaFX Application Thread] DEBUG PhysicsWorld         - Physics world initialized: appHeight=600, physics.ppm=50.0
12:48:08.464 [JavaFX Application Thread] DEBUG AssetLoader          - Loading from disk: /assets/ui/cursors/fxgl_default.png
12:48:08.480 [JavaFX Application Thread] DEBUG AssetLoader          - Loading from disk: /assets/ui/cursors/fxgl_default.png
12:48:08.491 [JavaFX Application Thread] DEBUG AssetLoader          - Loading from disk: /assets/textures/particles/trace_horizontal.png
12:48:08.524 [JavaFX Application Thread] DEBUG FXGL.Menu            - createMenuBodyGameMenu()
12:48:08.532 [JavaFX Application Thread] DEBUG AssetLoader          - Loading from disk: /assets/properties/languages/english.properties
12:48:08.536 [JavaFX Application Thread] DEBUG AssetLoader          - Loading from cache: /assets/properties/languages/english.properties
12:48:08.536 [JavaFX Application Thread] DEBUG FXGL.Menu            - createOptionsMenu()
12:48:08.537 [JavaFX Application Thread] DEBUG AssetLoader          - Loading from cache: /assets/properties/languages/english.properties
12:48:08.538 [JavaFX Application Thread] DEBUG AssetLoader          - Loading from cache: /assets/properties/languages/english.properties
12:48:08.539 [JavaFX Application Thread] DEBUG AssetLoader          - Loading from cache: /assets/properties/languages/english.properties
12:48:08.539 [JavaFX Application Thread] DEBUG AssetLoader          - Loading from cache: /assets/properties/languages/english.properties
12:48:08.540 [JavaFX Application Thread] DEBUG AssetLoader          - Loading from cache: /assets/properties/languages/english.properties
12:48:08.541 [JavaFX Application Thread] DEBUG AssetLoader          - Loading from cache: /assets/properties/languages/english.properties
12:48:08.542 [JavaFX Application Thread] DEBUG AssetLoader          - Loading from cache: /assets/properties/languages/english.properties
12:48:08.543 [JavaFX Application Thread] DEBUG AssetLoader          - Loading from disk: /assets/textures/particles/smoke.png
12:48:08.609 [JavaFX Application Thread] DEBUG Input                - Clearing active input actions
12:48:08.651 [JavaFX Application Thread] DEBUG AppStateMachine      - StartupState -> StartupState
12:48:08.655 [JavaFX Application Thread] INFO  GameApplication      - Game configuration took:  0.555 sec
12:48:08.657 [JavaFX Application Thread] DEBUG AssetLoader          - Loading from disk: /assets/textures/fxgl_icon.png
12:48:08.667 [JavaFX Application Thread] DEBUG MainWindow           - Opening main window
12:48:08.743 [JavaFX Application Thread] DEBUG MainWindow           - Window border size: (0.0, 0.0)
12:48:08.744 [JavaFX Application Thread] DEBUG MainWindow           - Scaled size: 860.0 x 600.0
12:48:08.744 [JavaFX Application Thread] DEBUG MainWindow           - Scaled ratio: (1.0, 1.0)
12:48:08.744 [JavaFX Application Thread] DEBUG MainWindow           - Scene size: 860.0 x 600.0
12:48:08.744 [JavaFX Application Thread] DEBUG MainWindow           - Stage size: 860.0 x 600.0
12:48:08.744 [JavaFX Application Thread] DEBUG GameApplication      - Running preInit()
12:48:08.763 [JavaFX Application Thread] DEBUG Input                - Registered new binding: Screenshot - P
12:48:08.763 [JavaFX Application Thread] DEBUG Input                - Registered new binding: Dev Options - CTRL+0
12:48:08.764 [JavaFX Application Thread] DEBUG Input                - Registered new binding: System info dump - CTRL+9
12:48:08.764 [JavaFX Application Thread] DEBUG Input                - Registered new binding: Restart - CTRL+R
12:48:08.764 [JavaFX Application Thread] DEBUG Input                - Registered new binding: Up 1 - W
12:48:08.765 [JavaFX Application Thread] DEBUG Input                - Registered new binding: Down 1 - S
12:48:08.765 [JavaFX Application Thread] DEBUG Input                - Registered new binding: Right 1 - D
12:48:08.765 [JavaFX Application Thread] DEBUG Input                - Registered new binding: Left 1 - A
12:48:08.765 [JavaFX Application Thread] DEBUG Input                - Registered new binding: Tab - Tab
12:48:08.766 [JavaFX Application Thread] DEBUG MenuEventHandler     - generateDefaultProfile()
12:48:08.766 [JavaFX Application Thread] DEBUG MenuEventHandler     - Creating default profile
12:48:08.766 [JavaFX Application Thread] DEBUG EventBus             - Firing event: SaveEvent
12:48:08.769 [JavaFX Application Thread] DEBUG AudioPlayer          - Saving data to profile
12:48:08.769 [JavaFX Application Thread] DEBUG Bundle               - Logging bundle: audio
12:48:08.769 [JavaFX Application Thread] DEBUG Bundle               - audio.musicVolume=0.5
12:48:08.769 [JavaFX Application Thread] DEBUG Bundle               - audio.soundVolume=0.5
12:48:08.769 [JavaFX Application Thread] DEBUG Input                - Saving data to profile
12:48:08.769 [JavaFX Application Thread] DEBUG Bundle               - Logging bundle: input
12:48:08.769 [JavaFX Application Thread] DEBUG Bundle               - input.Screenshot=P
12:48:08.770 [JavaFX Application Thread] DEBUG Bundle               - input.System info dump=CTRL+9
12:48:08.770 [JavaFX Application Thread] DEBUG Bundle               - input.Restart=CTRL+R
12:48:08.770 [JavaFX Application Thread] DEBUG Bundle               - input.Up 1=W
12:48:08.770 [JavaFX Application Thread] DEBUG Bundle               - input.Dev Options=CTRL+0
12:48:08.770 [JavaFX Application Thread] DEBUG Bundle               - input.Down 1=S
12:48:08.770 [JavaFX Application Thread] DEBUG Bundle               - input.Right 1=D
12:48:08.770 [JavaFX Application Thread] DEBUG Bundle               - input.Left 1=A
12:48:08.770 [JavaFX Application Thread] DEBUG Bundle               - input.Tab=Tab
12:48:08.774 [JavaFX Application Thread] DEBUG Bundle               - Logging bundle: gameplayStats
12:48:08.775 [JavaFX Application Thread] DEBUG Bundle               - gameplayStats.playtime=0
12:48:08.776 [JavaFX Application Thread] DEBUG AchievementManager   - Saving data to profile
12:48:08.776 [JavaFX Application Thread] DEBUG Bundle               - Logging bundle: achievement
12:48:08.802 [JavaFX Application Thread] DEBUG GameApplication      - Starting main loop
12:48:08.818 [JavaFX Application Thread] DEBUG StartupState         - STARTUP
12:48:08.818 [JavaFX Application Thread] DEBUG Input                - Clearing active input actions
12:48:08.826 [JavaFX Application Thread] DEBUG AppStateMachine      - StartupState -> MainMenuState
12:48:08.831 [JavaFX Application Thread] DEBUG AssetLoader          - Loading from cache: /assets/properties/languages/english.properties
12:48:08.831 [JavaFX Application Thread] DEBUG AssetLoader          - Loading from cache: /assets/properties/languages/english.properties
12:48:08.831 [JavaFX Application Thread] DEBUG AssetLoader          - Loading from cache: /assets/properties/languages/english.properties
12:48:08.833 [JavaFX Application Thread] DEBUG SaveLoadManager      - Checking profiles dir: profiles/
12:48:08.833 [JavaFX Application Thread] DEBUG SaveLoadManager      - Loading profile names
12:48:08.834 [JavaFX Application Thread] DEBUG AssetLoader          - Loading from cache: /assets/properties/languages/english.properties
12:48:08.837 [JavaFX Application Thread] DEBUG AppStateMachine      - Push state: DialogSubState
12:48:08.837 [JavaFX Application Thread] DEBUG Input                - Clearing active input actions
12:48:08.837 [JavaFX Application Thread] DEBUG AppStateMachine      - MainMenuState -> DialogSubState
12:48:09.012 [JavaFX Application Thread] DEBUG AppStateMachine      - Pop state: DialogSubState
12:48:09.012 [JavaFX Application Thread] DEBUG Input                - Clearing active input actions
12:48:09.013 [JavaFX Application Thread] DEBUG AppStateMachine      - MainMenuState <- DialogSubState
12:48:09.013 [JavaFX Application Thread] DEBUG AssetLoader          - Loading from cache: /assets/properties/languages/english.properties
12:48:09.014 [JavaFX Application Thread] DEBUG AppStateMachine      - Push state: DialogSubState
12:48:09.014 [JavaFX Application Thread] DEBUG Input                - Clearing active input actions
12:48:09.015 [JavaFX Application Thread] DEBUG AppStateMachine      - MainMenuState -> DialogSubState
12:48:41.744 [JavaFX Application Thread] DEBUG AppStateMachine      - Pop state: DialogSubState
12:48:41.745 [JavaFX Application Thread] DEBUG Input                - Clearing active input actions
12:48:41.745 [JavaFX Application Thread] DEBUG AppStateMachine      - MainMenuState <- DialogSubState
12:48:41.746 [JavaFX Application Thread] DEBUG SaveLoadManager      - Deleting profile: ikyk
12:48:41.748 [JavaFX Application Thread] DEBUG AssetLoader          - Loading from cache: /assets/properties/languages/english.properties
12:48:41.749 [JavaFX Application Thread] DEBUG AppStateMachine      - Push state: DialogSubState
12:48:41.749 [JavaFX Application Thread] DEBUG Input                - Clearing active input actions
12:48:41.749 [JavaFX Application Thread] DEBUG AppStateMachine      - MainMenuState -> DialogSubState
12:48:41.752 [FXGL Background Thread 1 ] DEBUG DesktopFSService     - Deleting file: ./profiles/ikyk/saves/Readme.txt
12:48:41.752 [FXGL Background Thread 1 ] DEBUG DesktopFSService     - Deleting directory: ./profiles/ikyk/saves
12:48:41.752 [FXGL Background Thread 1 ] DEBUG DesktopFSService     - Deleting file: ./profiles/ikyk/user.profile
12:48:41.753 [FXGL Background Thread 1 ] DEBUG DesktopFSService     - Deleting directory: ./profiles/ikyk
12:48:41.754 [JavaFX Application Thread] DEBUG AppStateMachine      - Pop state: DialogSubState
12:48:41.754 [JavaFX Application Thread] DEBUG Input                - Clearing active input actions
12:48:41.754 [JavaFX Application Thread] DEBUG AppStateMachine      - MainMenuState <- DialogSubState
12:48:41.755 [JavaFX Application Thread] DEBUG AssetLoader          - Loading from cache: /assets/properties/languages/english.properties
12:48:41.755 [JavaFX Application Thread] DEBUG AssetLoader          - Loading from cache: /assets/properties/languages/english.properties
12:48:41.755 [JavaFX Application Thread] DEBUG AssetLoader          - Loading from cache: /assets/properties/languages/english.properties
12:48:41.756 [JavaFX Application Thread] DEBUG SaveLoadManager      - Loading profile names
12:48:41.756 [JavaFX Application Thread] DEBUG AssetLoader          - Loading from cache: /assets/properties/languages/english.properties
12:48:41.756 [JavaFX Application Thread] DEBUG AppStateMachine      - Push state: DialogSubState
12:48:41.757 [JavaFX Application Thread] DEBUG Input                - Clearing active input actions
12:48:41.757 [JavaFX Application Thread] DEBUG AppStateMachine      - MainMenuState -> DialogSubState
12:48:41.765 [JavaFX Application Thread] DEBUG AppStateMachine      - Pop state: DialogSubState
12:48:41.765 [JavaFX Application Thread] DEBUG Input                - Clearing active input actions
12:48:41.765 [JavaFX Application Thread] DEBUG AppStateMachine      - MainMenuState <- DialogSubState
12:48:41.766 [JavaFX Application Thread] DEBUG AssetLoader          - Loading from cache: /assets/properties/languages/english.properties
12:48:41.766 [JavaFX Application Thread] DEBUG AppStateMachine      - Push state: DialogSubState
12:48:41.766 [JavaFX Application Thread] DEBUG Input                - Clearing active input actions
12:48:41.766 [JavaFX Application Thread] DEBUG AppStateMachine      - MainMenuState -> DialogSubState
12:48:42.846 [JavaFX Application Thread] DEBUG AppStateMachine      - Pop state: DialogSubState
12:48:42.846 [JavaFX Application Thread] DEBUG Input                - Clearing active input actions
12:48:42.847 [JavaFX Application Thread] DEBUG AppStateMachine      - MainMenuState <- DialogSubState
12:48:42.848 [JavaFX Application Thread] DEBUG AssetLoader          - Loading from cache: /assets/properties/languages/english.properties
12:48:42.853 [JavaFX Application Thread] DEBUG AssetLoader          - Loading from cache: /assets/properties/languages/english.properties
12:48:42.854 [JavaFX Application Thread] DEBUG AppStateMachine      - Push state: DialogSubState
12:48:42.854 [JavaFX Application Thread] DEBUG Input                - Clearing active input actions
12:48:42.854 [JavaFX Application Thread] DEBUG AppStateMachine      - MainMenuState -> DialogSubState
12:49:09.400 [JavaFX Application Thread] DEBUG GameApplication      - Exiting game application
12:49:09.401 [JavaFX Application Thread] DEBUG GameApplication      - Shutting down background threads
12:49:09.401 [JavaFX Application Thread] DEBUG GameApplication      - Exiting FXGL
12:49:09.402 [JavaFX Application Thread] DEBUG FXGL                 - Saving FXGL system data
12:49:09.404 [JavaFX Application Thread] DEBUG DesktopFSService     - Writing to: system/fxgl.bundle
12:49:09.407 [JavaFX Application Thread] DEBUG GameApplication      - Closing logger and exiting JavaFX
