17:32:38.101 [JavaFX Application Thread] DEBUG GameApplication      - Logger initialized
17:32:38.107 [JavaFX Application Thread] DEBUG MainWindow           - Creating a JavaFX scene
17:32:38.255 [JavaFX Application Thread] DEBUG MainWindow           - Target settings size: 1024.0 x 860.0
17:32:38.256 [JavaFX Application Thread] DEBUG MainWindow           - Scaled scene size:    1024.0 x 860.0
17:32:38.256 [JavaFX Application Thread] DEBUG MainWindow           - Scaled ratio: (1.0, 1.0)
17:32:38.262 [JavaFX Application Thread] DEBUG GameApplication      - Starting FXGL
17:32:38.266 [JavaFX Application Thread] INFO  FXGL                 - FXGL-0.5.3 on DESKTOP
17:32:38.267 [JavaFX Application Thread] INFO  FXGL                 - Source code and latest versions at: https://github.com/AlmasB/FXGL
17:32:38.267 [JavaFX Application Thread] INFO  FXGL                 -              Join the FXGL chat at: https://gitter.im/AlmasB/FXGL
17:32:38.276 [JavaFX Application Thread] DEBUG FS                   - Loaded DesktopFSService
17:32:38.276 [JavaFX Application Thread] DEBUG FXGL                 - Loading FXGL system data
17:32:38.284 [JavaFX Application Thread] DEBUG DesktopFSService     - Reading from: system/fxgl.bundle
17:32:38.295 [JavaFX Application Thread] DEBUG Bundle               - Logging bundle: FXGL
17:32:38.296 [JavaFX Application Thread] DEBUG Bundle               - FXGL.offline.timer.version.check=2019-01-23T12:24:56.214
17:32:38.327 [JavaFX Application Thread] DEBUG GameApplication      - FXGL started
17:32:38.327 [JavaFX Application Thread] DEBUG GameApplication      - Logging game settings
Title: Basic Game App
Version: 0.0
Width: 1024
Height: 860
Fullscreen: false
Intro: false
Menus: false
Profiling: false
Single step:false
App Mode: DEVELOPER
Menu Key: ESCAPE
Stage Style: DECORATED
Scene Factory: class com.almasb.fxgl.scene.SceneFactory
Dialog Factory: class com.almasb.fxgl.ui.FXGLDialogFactory
UI Factory: class com.almasb.fxgl.ui.FXGLUIFactory
Notification Service: class com.almasb.fxgl.gameplay.notification.XboxNotificationView
Exception Handler: class com.almasb.fxgl.app.FXGLExceptionHandler
17:32:38.329 [JavaFX Application Thread] DEBUG GameApplication      - Configuring GameApplication
17:32:38.329 [JavaFX Application Thread] DEBUG GameApplication      - Initializing state machine and application states
17:32:38.353 [JavaFX Application Thread] DEBUG AssetLoader          - Loading from disk: /assets/ui/cursors/fxgl_default.png
17:32:38.375 [JavaFX Application Thread] DEBUG AssetLoader          - Loading from disk: /assets/ui/cursors/fxgl_default.png
17:32:38.415 [JavaFX Application Thread] DEBUG FXGLAssets           - Loading FXGLAssets
17:32:38.439 [JavaFX Application Thread] DEBUG AssetLoader          - Loading from disk: /assets/ui/fonts/VarelaRound-Regular.ttf
17:32:38.453 [JavaFX Application Thread] DEBUG AssetLoader          - Loading from disk: /assets/ui/fonts/lucida_console.ttf
17:32:38.456 [JavaFX Application Thread] DEBUG AssetLoader          - Loading from disk: /assets/ui/fonts/Courier-Prime.ttf
17:32:38.458 [JavaFX Application Thread] DEBUG AssetLoader          - Loading from disk: /assets/ui/fonts/Abel-Regular.ttf
17:32:38.459 [JavaFX Application Thread] DEBUG AssetLoader          - Loading from disk: /assets/ui/css/fxgl_dark.css
17:32:38.489 [JavaFX Application Thread] DEBUG AssetLoader          - Loading from disk: /assets/ui/cursors/fxgl_default.png
17:32:38.521 [JavaFX Application Thread] DEBUG AssetLoader          - Loading from disk: /assets/ui/cursors/fxgl_default.png
17:32:38.541 [JavaFX Application Thread] DEBUG GameScene            - Game scene initialized: 1024x860
17:32:38.544 [JavaFX Application Thread] DEBUG GameWorld            - Game world initialized
17:32:38.583 [JavaFX Application Thread] DEBUG PhysicsWorld         - Physics world initialized: appHeight=860, physics.ppm=50.0
17:32:38.603 [JavaFX Application Thread] DEBUG Input                - Registered new binding: Pause - Esc
17:32:38.619 [JavaFX Application Thread] DEBUG Input                - Clearing active input actions
17:32:38.661 [JavaFX Application Thread] DEBUG AppStateMachine      - StartupState -> StartupState
17:32:38.665 [JavaFX Application Thread] INFO  GameApplication      - Game configuration took:  0.336 sec
17:32:38.667 [JavaFX Application Thread] DEBUG AssetLoader          - Loading from disk: /assets/textures/fxgl_icon.png
17:32:38.683 [JavaFX Application Thread] DEBUG MainWindow           - Opening main window
17:32:38.759 [JavaFX Application Thread] DEBUG MainWindow           - Window border size: (0.0, 0.0)
17:32:38.760 [JavaFX Application Thread] DEBUG MainWindow           - Scaled size: 1024.0 x 860.0
17:32:38.760 [JavaFX Application Thread] DEBUG MainWindow           - Scaled ratio: (1.0, 1.0)
17:32:38.760 [JavaFX Application Thread] DEBUG MainWindow           - Scene size: 1024.0 x 860.0
17:32:38.760 [JavaFX Application Thread] DEBUG MainWindow           - Stage size: 1024.0 x 860.0
17:32:38.761 [JavaFX Application Thread] DEBUG GameApplication      - Running preInit()
17:32:38.763 [JavaFX Application Thread] DEBUG Input                - Registered new binding: Screenshot - P
17:32:38.763 [JavaFX Application Thread] DEBUG Input                - Registered new binding: Dev Options - CTRL+0
17:32:38.764 [JavaFX Application Thread] DEBUG Input                - Registered new binding: System info dump - CTRL+9
17:32:38.764 [JavaFX Application Thread] DEBUG Input                - Registered new binding: Restart - CTRL+R
17:32:38.765 [JavaFX Application Thread] DEBUG Input                - Registered new binding: Up 1 - W
17:32:38.765 [JavaFX Application Thread] DEBUG Input                - Registered new binding: Down 1 - S
17:32:38.765 [JavaFX Application Thread] DEBUG Input                - Registered new binding: Right 1 - D
17:32:38.765 [JavaFX Application Thread] DEBUG Input                - Registered new binding: Left 1 - A
17:32:38.793 [JavaFX Application Thread] DEBUG GameApplication      - Starting main loop
17:32:38.804 [JavaFX Application Thread] DEBUG StartupState         - STARTUP
17:32:38.804 [JavaFX Application Thread] DEBUG GameApplication      - Starting new game
17:32:38.804 [JavaFX Application Thread] DEBUG Input                - Clearing active input actions
17:32:38.813 [JavaFX Application Thread] DEBUG AppStateMachine      - StartupState -> LoadingState
17:32:38.818 [FXGL Background Thread 1 ] DEBUG InitAppTask          - Clearing previous game
17:32:38.818 [FXGL Background Thread 1 ] DEBUG GameWorld            - Clearing game world
17:32:38.818 [FXGL Background Thread 1 ] DEBUG PhysicsWorld         - Clearing physics world
17:32:38.819 [FXGL Background Thread 1 ] DEBUG GameScene            - Clearing game scene
17:32:38.820 [FXGL Background Thread 1 ] DEBUG InitAppTask          - Initializing Game
17:32:38.824 [FXGL Background Thread 1 ] DEBUG InitAppTask          - Initializing Physics
17:32:38.824 [FXGL Background Thread 1 ] DEBUG InitAppTask          - Initializing UI
17:32:38.825 [FXGL Background Thread 1 ] DEBUG AssetLoader          - Loading from disk: /assets/ui/login.fxml
17:32:38.896 [FXGL Background Thread 1 ] DEBUG InitAppTask          - Initialization Complete
17:32:38.897 [FXGL Background Thread 1 ] INFO  InitAppTask          - Game initialization took: 0.078 sec
17:32:38.944 [JavaFX Application Thread] DEBUG Input                - Clearing active input actions
17:32:38.955 [JavaFX Application Thread] DEBUG AppStateMachine      - LoadingState -> PlayState
17:32:41.067 [JavaFX Application Thread] DEBUG GameScene            - Creating render group for layer: DEFAULT(100000)
17:32:41.068 [JavaFX Application Thread] FATAL GameApplication      - Uncaught Exception:

Fatal exception occurred: java.lang.IllegalArgumentException : Property Player does not exist
E: com.almasb.fxgl.core.collection.PropertyMap.get(PropertyMap.kt:208)
E: com.almasb.fxgl.core.collection.PropertyMap.objectProperty(PropertyMap.kt:168)
E: com.almasb.fxgl.core.collection.PropertyMap.getObject(PropertyMap.kt:157)
E: com.almasb.fxgl.entity.Entity.getObject(Entity.java:238)
E: client.Screen$1.run(Screen.java:71)
E: com.sun.javafx.application.PlatformImpl.lambda$null$5(PlatformImpl.java:295)
E: java.security.AccessController.doPrivileged(Native Method)
E: com.sun.javafx.application.PlatformImpl.lambda$runLater$6(PlatformImpl.java:294)
E: com.sun.glass.ui.InvokeLaterDispatcher$Future.run(InvokeLaterDispatcher.java:95)
E: com.sun.glass.ui.gtk.GtkApplication._runLoop(Native Method)
E: com.sun.glass.ui.gtk.GtkApplication.lambda$null$5(GtkApplication.java:139)
E: java.lang.Thread.run(Thread.java:748)

17:32:41.068 [JavaFX Application Thread] FATAL GameApplication      - Application will now exit
17:32:41.069 [JavaFX Application Thread] DEBUG GameApplication      - Stopping main loop
17:32:45.618 [JavaFX Application Thread] DEBUG GameApplication      - Exiting game application
17:32:45.618 [JavaFX Application Thread] DEBUG GameApplication      - Shutting down background threads
17:32:45.619 [JavaFX Application Thread] DEBUG GameApplication      - Exiting FXGL
17:32:45.619 [JavaFX Application Thread] DEBUG FXGL                 - Saving FXGL system data
17:32:45.621 [JavaFX Application Thread] DEBUG DesktopFSService     - Writing to: system/fxgl.bundle
17:32:45.623 [JavaFX Application Thread] DEBUG GameApplication      - Closing logger and exiting JavaFX
