22:45:29.275 [JavaFX Application Thread] DEBUG GameApplication      - Logger initialized
22:45:29.281 [JavaFX Application Thread] DEBUG MainWindow           - Creating a JavaFX scene
22:45:29.535 [JavaFX Application Thread] DEBUG MainWindow           - Target settings size: 860.0 x 600.0
22:45:29.535 [JavaFX Application Thread] DEBUG MainWindow           - Scaled scene size:    860.0 x 600.0
22:45:29.535 [JavaFX Application Thread] DEBUG MainWindow           - Scaled ratio: (1.0, 1.0)
22:45:29.563 [JavaFX Application Thread] DEBUG GameApplication      - Starting FXGL
22:45:29.568 [JavaFX Application Thread] INFO  FXGL                 - FXGL-0.5.3 on DESKTOP
22:45:29.568 [JavaFX Application Thread] INFO  FXGL                 - Source code and latest versions at: https://github.com/AlmasB/FXGL
22:45:29.568 [JavaFX Application Thread] INFO  FXGL                 -              Join the FXGL chat at: https://gitter.im/AlmasB/FXGL
22:45:29.576 [JavaFX Application Thread] DEBUG FS                   - Loaded DesktopFSService
22:45:29.577 [JavaFX Application Thread] DEBUG FXGL                 - Loading FXGL system data
22:45:29.603 [JavaFX Application Thread] DEBUG DesktopFSService     - Reading from: system/fxgl.bundle
22:45:29.610 [JavaFX Application Thread] DEBUG Bundle               - Logging bundle: FXGL
22:45:29.611 [JavaFX Application Thread] DEBUG Bundle               - FXGL.offline.timer.version.check=2019-03-01T19:05:40.352
22:45:29.668 [JavaFX Application Thread] DEBUG GameApplication      - FXGL started
22:45:29.668 [JavaFX Application Thread] DEBUG GameApplication      - Logging game settings
Title: Alpha
Version: 0.0
Width: 860
Height: 600
Fullscreen: false
Intro: false
Menus: false
Profiling: false
Single step:false
App Mode: DEVELOPER
Menu Key: ESCAPE
Stage Style: DECORATED
Scene Factory: class com.almasb.fxgl.scene.SceneFactory
Dialog Factory: class com.almasb.fxgl.ui.FXGLDialogFactory
UI Factory: class com.almasb.fxgl.ui.FXGLUIFactory
Notification Service: class com.almasb.fxgl.gameplay.notification.XboxNotificationView
Exception Handler: class com.almasb.fxgl.app.FXGLExceptionHandler
22:45:29.669 [JavaFX Application Thread] DEBUG GameApplication      - Configuring GameApplication
22:45:29.670 [JavaFX Application Thread] DEBUG GameApplication      - Initializing state machine and application states
22:45:29.685 [JavaFX Application Thread] DEBUG AssetLoader          - Loading from disk: /assets/ui/cursors/fxgl_default.png
22:45:29.780 [JavaFX Application Thread] DEBUG AssetLoader          - Loading from disk: /assets/ui/cursors/fxgl_default.png
22:45:29.878 [JavaFX Application Thread] DEBUG FXGLAssets           - Loading FXGLAssets
22:45:29.994 [JavaFX Application Thread] DEBUG AssetLoader          - Loading from disk: /assets/ui/fonts/VarelaRound-Regular.ttf
22:45:30.009 [JavaFX Application Thread] DEBUG AssetLoader          - Loading from disk: /assets/ui/fonts/lucida_console.ttf
22:45:30.012 [JavaFX Application Thread] DEBUG AssetLoader          - Loading from disk: /assets/ui/fonts/Courier-Prime.ttf
22:45:30.014 [JavaFX Application Thread] DEBUG AssetLoader          - Loading from disk: /assets/ui/fonts/Abel-Regular.ttf
22:45:30.016 [JavaFX Application Thread] DEBUG AssetLoader          - Loading from disk: /assets/ui/css/fxgl_dark.css
22:45:30.087 [JavaFX Application Thread] DEBUG AssetLoader          - Loading from disk: /assets/ui/cursors/fxgl_default.png
22:45:30.145 [JavaFX Application Thread] DEBUG AssetLoader          - Loading from disk: /assets/ui/cursors/fxgl_default.png
22:45:30.167 [JavaFX Application Thread] DEBUG GameScene            - Game scene initialized: 860x600
22:45:30.170 [JavaFX Application Thread] DEBUG GameWorld            - Game world initialized
22:45:30.244 [JavaFX Application Thread] DEBUG PhysicsWorld         - Physics world initialized: appHeight=600, physics.ppm=50.0
22:45:30.261 [JavaFX Application Thread] DEBUG Input                - Registered new binding: Pause - Esc
22:45:30.279 [JavaFX Application Thread] DEBUG Input                - Clearing active input actions
22:45:30.336 [JavaFX Application Thread] DEBUG AppStateMachine      - StartupState -> StartupState
22:45:30.341 [JavaFX Application Thread] INFO  GameApplication      - Game configuration took:  0.671 sec
22:45:30.343 [JavaFX Application Thread] DEBUG AssetLoader          - Loading from disk: /assets/textures/fxgl_icon.png
22:45:30.363 [JavaFX Application Thread] DEBUG MainWindow           - Opening main window
22:45:30.497 [JavaFX Application Thread] DEBUG MainWindow           - Window border size: (0.0, 0.0)
22:45:30.497 [JavaFX Application Thread] DEBUG MainWindow           - Scaled size: 860.0 x 600.0
22:45:30.498 [JavaFX Application Thread] DEBUG MainWindow           - Scaled ratio: (1.0, 1.0)
22:45:30.498 [JavaFX Application Thread] DEBUG MainWindow           - Scene size: 860.0 x 600.0
22:45:30.498 [JavaFX Application Thread] DEBUG MainWindow           - Stage size: 860.0 x 600.0
22:45:30.498 [JavaFX Application Thread] DEBUG GameApplication      - Running preInit()
22:45:30.500 [JavaFX Application Thread] DEBUG Input                - Registered new binding: Screenshot - P
22:45:30.500 [JavaFX Application Thread] DEBUG Input                - Registered new binding: Dev Options - CTRL+0
22:45:30.500 [JavaFX Application Thread] DEBUG Input                - Registered new binding: System info dump - CTRL+9
22:45:30.501 [JavaFX Application Thread] DEBUG Input                - Registered new binding: Restart - CTRL+R
22:45:30.501 [JavaFX Application Thread] DEBUG Input                - Registered new binding: Up 1 - W
22:45:30.501 [JavaFX Application Thread] DEBUG Input                - Registered new binding: Down 1 - S
22:45:30.501 [JavaFX Application Thread] DEBUG Input                - Registered new binding: Right 1 - D
22:45:30.502 [JavaFX Application Thread] DEBUG Input                - Registered new binding: Left 1 - A
22:45:30.503 [JavaFX Application Thread] DEBUG Input                - Registered new binding: Click - LMB
22:45:30.503 [JavaFX Application Thread] DEBUG Input                - Registered new binding: Rightclick - RMB
22:45:30.503 [JavaFX Application Thread] DEBUG Input                - Registered new binding: Tab - Tab
22:45:30.528 [JavaFX Application Thread] DEBUG GameApplication      - Starting main loop
22:45:30.536 [JavaFX Application Thread] DEBUG StartupState         - STARTUP
22:45:30.536 [JavaFX Application Thread] DEBUG GameApplication      - Starting new game
22:45:30.536 [JavaFX Application Thread] DEBUG Input                - Clearing active input actions
22:45:30.543 [JavaFX Application Thread] DEBUG AppStateMachine      - StartupState -> LoadingState
22:45:30.548 [FXGL Background Thread 1 ] DEBUG InitAppTask          - Clearing previous game
22:45:30.548 [FXGL Background Thread 1 ] DEBUG GameWorld            - Clearing game world
22:45:30.548 [FXGL Background Thread 1 ] DEBUG PhysicsWorld         - Clearing physics world
22:45:30.549 [FXGL Background Thread 1 ] DEBUG GameScene            - Clearing game scene
22:45:30.550 [FXGL Background Thread 1 ] DEBUG InitAppTask          - Initializing Game
22:45:30.641 [FXGL Background Thread 1 ] DEBUG InitAppTask          - Initializing Physics
22:45:30.642 [FXGL Background Thread 1 ] DEBUG InitAppTask          - Initializing UI
22:45:30.643 [FXGL Background Thread 1 ] DEBUG AssetLoader          - Loading from disk: /assets/ui/login.fxml
22:45:32.469 [FXGL Background Thread 1 ] DEBUG AssetLoader          - Loading from disk: /assets/textures/ui/box.png
22:45:32.493 [FXGL Background Thread 1 ] DEBUG AssetLoader          - Loading from disk: /assets/ui/mainpanel.fxml
22:45:32.598 [FXGL Background Thread 1 ] DEBUG InitAppTask          - Initialization Complete
22:45:32.598 [FXGL Background Thread 1 ] INFO  InitAppTask          - Game initialization took: 2.050 sec
22:45:32.613 [JavaFX Application Thread] DEBUG Input                - Clearing active input actions
22:45:32.627 [JavaFX Application Thread] DEBUG AppStateMachine      - LoadingState -> PlayState
22:45:33.411 [JavaFX Application Thread] DEBUG GameApplication      - Exiting game application
22:45:33.411 [JavaFX Application Thread] DEBUG GameApplication      - Shutting down background threads
22:45:33.412 [JavaFX Application Thread] DEBUG GameApplication      - Exiting FXGL
22:45:33.412 [JavaFX Application Thread] DEBUG FXGL                 - Saving FXGL system data
22:45:33.439 [JavaFX Application Thread] DEBUG DesktopFSService     - Writing to: system/fxgl.bundle
22:45:33.444 [JavaFX Application Thread] DEBUG GameApplication      - Closing logger and exiting JavaFX
