17:31:05.603 [JavaFX Application Thread] DEBUG GameApplication      - Logger initialized
17:31:05.610 [JavaFX Application Thread] DEBUG MainWindow           - Creating a JavaFX scene
17:31:05.736 [JavaFX Application Thread] DEBUG MainWindow           - Target settings size: 1024.0 x 860.0
17:31:05.737 [JavaFX Application Thread] DEBUG MainWindow           - Scaled scene size:    1024.0 x 860.0
17:31:05.737 [JavaFX Application Thread] DEBUG MainWindow           - Scaled ratio: (1.0, 1.0)
17:31:05.743 [JavaFX Application Thread] DEBUG GameApplication      - Starting FXGL
17:31:05.748 [JavaFX Application Thread] INFO  FXGL                 - FXGL-0.5.3 on DESKTOP
17:31:05.749 [JavaFX Application Thread] INFO  FXGL                 - Source code and latest versions at: https://github.com/AlmasB/FXGL
17:31:05.749 [JavaFX Application Thread] INFO  FXGL                 -              Join the FXGL chat at: https://gitter.im/AlmasB/FXGL
17:31:05.757 [JavaFX Application Thread] DEBUG FS                   - Loaded DesktopFSService
17:31:05.757 [JavaFX Application Thread] DEBUG FXGL                 - Loading FXGL system data
17:31:05.763 [JavaFX Application Thread] DEBUG DesktopFSService     - Reading from: system/fxgl.bundle
17:31:05.773 [JavaFX Application Thread] DEBUG Bundle               - Logging bundle: FXGL
17:31:05.774 [JavaFX Application Thread] DEBUG Bundle               - FXGL.offline.timer.version.check=2019-01-23T12:24:56.214
17:31:05.798 [JavaFX Application Thread] DEBUG GameApplication      - FXGL started
17:31:05.799 [JavaFX Application Thread] DEBUG GameApplication      - Logging game settings
Title: Basic Game App
Version: 0.0
Width: 1024
Height: 860
Fullscreen: false
Intro: false
Menus: false
Profiling: false
Single step:false
App Mode: DEVELOPER
Menu Key: ESCAPE
Stage Style: DECORATED
Scene Factory: class com.almasb.fxgl.scene.SceneFactory
Dialog Factory: class com.almasb.fxgl.ui.FXGLDialogFactory
UI Factory: class com.almasb.fxgl.ui.FXGLUIFactory
Notification Service: class com.almasb.fxgl.gameplay.notification.XboxNotificationView
Exception Handler: class com.almasb.fxgl.app.FXGLExceptionHandler
17:31:05.799 [JavaFX Application Thread] DEBUG GameApplication      - Configuring GameApplication
17:31:05.800 [JavaFX Application Thread] DEBUG GameApplication      - Initializing state machine and application states
17:31:05.813 [JavaFX Application Thread] DEBUG AssetLoader          - Loading from disk: /assets/ui/cursors/fxgl_default.png
17:31:05.844 [JavaFX Application Thread] DEBUG AssetLoader          - Loading from disk: /assets/ui/cursors/fxgl_default.png
17:31:05.877 [JavaFX Application Thread] DEBUG FXGLAssets           - Loading FXGLAssets
17:31:05.901 [JavaFX Application Thread] DEBUG AssetLoader          - Loading from disk: /assets/ui/fonts/VarelaRound-Regular.ttf
17:31:05.914 [JavaFX Application Thread] DEBUG AssetLoader          - Loading from disk: /assets/ui/fonts/lucida_console.ttf
17:31:05.916 [JavaFX Application Thread] DEBUG AssetLoader          - Loading from disk: /assets/ui/fonts/Courier-Prime.ttf
17:31:05.918 [JavaFX Application Thread] DEBUG AssetLoader          - Loading from disk: /assets/ui/fonts/Abel-Regular.ttf
17:31:05.920 [JavaFX Application Thread] DEBUG AssetLoader          - Loading from disk: /assets/ui/css/fxgl_dark.css
17:31:05.948 [JavaFX Application Thread] DEBUG AssetLoader          - Loading from disk: /assets/ui/cursors/fxgl_default.png
17:31:05.980 [JavaFX Application Thread] DEBUG AssetLoader          - Loading from disk: /assets/ui/cursors/fxgl_default.png
17:31:06.003 [JavaFX Application Thread] DEBUG GameScene            - Game scene initialized: 1024x860
17:31:06.006 [JavaFX Application Thread] DEBUG GameWorld            - Game world initialized
17:31:06.045 [JavaFX Application Thread] DEBUG PhysicsWorld         - Physics world initialized: appHeight=860, physics.ppm=50.0
17:31:06.062 [JavaFX Application Thread] DEBUG Input                - Registered new binding: Pause - Esc
17:31:06.079 [JavaFX Application Thread] DEBUG Input                - Clearing active input actions
17:31:06.120 [JavaFX Application Thread] DEBUG AppStateMachine      - StartupState -> StartupState
17:31:06.124 [JavaFX Application Thread] INFO  GameApplication      - Game configuration took:  0.325 sec
17:31:06.126 [JavaFX Application Thread] DEBUG AssetLoader          - Loading from disk: /assets/textures/fxgl_icon.png
17:31:06.141 [JavaFX Application Thread] DEBUG MainWindow           - Opening main window
17:31:06.214 [JavaFX Application Thread] DEBUG MainWindow           - Window border size: (0.0, 0.0)
17:31:06.214 [JavaFX Application Thread] DEBUG MainWindow           - Scaled size: 1024.0 x 860.0
17:31:06.214 [JavaFX Application Thread] DEBUG MainWindow           - Scaled ratio: (1.0, 1.0)
17:31:06.214 [JavaFX Application Thread] DEBUG MainWindow           - Scene size: 1024.0 x 860.0
17:31:06.214 [JavaFX Application Thread] DEBUG MainWindow           - Stage size: 1024.0 x 860.0
17:31:06.215 [JavaFX Application Thread] DEBUG GameApplication      - Running preInit()
17:31:06.217 [JavaFX Application Thread] DEBUG Input                - Registered new binding: Screenshot - P
17:31:06.217 [JavaFX Application Thread] DEBUG Input                - Registered new binding: Dev Options - CTRL+0
17:31:06.217 [JavaFX Application Thread] DEBUG Input                - Registered new binding: System info dump - CTRL+9
17:31:06.218 [JavaFX Application Thread] DEBUG Input                - Registered new binding: Restart - CTRL+R
17:31:06.218 [JavaFX Application Thread] DEBUG Input                - Registered new binding: Up 1 - W
17:31:06.218 [JavaFX Application Thread] DEBUG Input                - Registered new binding: Down 1 - S
17:31:06.219 [JavaFX Application Thread] DEBUG Input                - Registered new binding: Right 1 - D
17:31:06.219 [JavaFX Application Thread] DEBUG Input                - Registered new binding: Left 1 - A
17:31:06.249 [JavaFX Application Thread] DEBUG GameApplication      - Starting main loop
17:31:06.259 [JavaFX Application Thread] DEBUG StartupState         - STARTUP
17:31:06.259 [JavaFX Application Thread] DEBUG GameApplication      - Starting new game
17:31:06.259 [JavaFX Application Thread] DEBUG Input                - Clearing active input actions
17:31:06.268 [JavaFX Application Thread] DEBUG AppStateMachine      - StartupState -> LoadingState
17:31:06.272 [FXGL Background Thread 1 ] DEBUG InitAppTask          - Clearing previous game
17:31:06.272 [FXGL Background Thread 1 ] DEBUG GameWorld            - Clearing game world
17:31:06.273 [FXGL Background Thread 1 ] DEBUG PhysicsWorld         - Clearing physics world
17:31:06.273 [FXGL Background Thread 1 ] DEBUG GameScene            - Clearing game scene
17:31:06.274 [FXGL Background Thread 1 ] DEBUG InitAppTask          - Initializing Game
17:31:06.278 [FXGL Background Thread 1 ] DEBUG InitAppTask          - Initializing Physics
17:31:06.278 [FXGL Background Thread 1 ] DEBUG InitAppTask          - Initializing UI
17:31:06.279 [FXGL Background Thread 1 ] DEBUG AssetLoader          - Loading from disk: /assets/ui/login.fxml
17:31:06.352 [FXGL Background Thread 1 ] DEBUG InitAppTask          - Initialization Complete
17:31:06.352 [FXGL Background Thread 1 ] INFO  InitAppTask          - Game initialization took: 0.080 sec
17:31:06.395 [JavaFX Application Thread] DEBUG Input                - Clearing active input actions
17:31:06.409 [JavaFX Application Thread] DEBUG AppStateMachine      - LoadingState -> PlayState
17:31:11.059 [JavaFX Application Thread] DEBUG GameApplication      - Exiting game application
17:31:11.060 [JavaFX Application Thread] DEBUG GameApplication      - Shutting down background threads
17:31:11.061 [JavaFX Application Thread] DEBUG GameApplication      - Exiting FXGL
17:31:11.061 [JavaFX Application Thread] DEBUG FXGL                 - Saving FXGL system data
17:31:11.064 [JavaFX Application Thread] DEBUG DesktopFSService     - Writing to: system/fxgl.bundle
17:31:11.067 [JavaFX Application Thread] DEBUG GameApplication      - Closing logger and exiting JavaFX
