13:46:47.972 [JavaFX Application Thread] DEBUG GameApplication      - Logger initialized
13:46:47.978 [JavaFX Application Thread] DEBUG MainWindow           - Creating a JavaFX scene
13:46:48.103 [JavaFX Application Thread] DEBUG MainWindow           - Target settings size: 1024.0 x 860.0
13:46:48.104 [JavaFX Application Thread] DEBUG MainWindow           - Scaled scene size:    1024.0 x 860.0
13:46:48.104 [JavaFX Application Thread] DEBUG MainWindow           - Scaled ratio: (1.0, 1.0)
13:46:48.113 [JavaFX Application Thread] DEBUG GameApplication      - Starting FXGL
13:46:48.119 [JavaFX Application Thread] INFO  FXGL                 - FXGL-0.5.3 on DESKTOP
13:46:48.119 [JavaFX Application Thread] INFO  FXGL                 - Source code and latest versions at: https://github.com/AlmasB/FXGL
13:46:48.119 [JavaFX Application Thread] INFO  FXGL                 -              Join the FXGL chat at: https://gitter.im/AlmasB/FXGL
13:46:48.128 [JavaFX Application Thread] DEBUG FS                   - Loaded DesktopFSService
13:46:48.128 [JavaFX Application Thread] DEBUG FXGL                 - Loading FXGL system data
13:46:48.134 [JavaFX Application Thread] DEBUG DesktopFSService     - Reading from: system/fxgl.bundle
13:46:48.141 [JavaFX Application Thread] DEBUG Bundle               - Logging bundle: FXGL
13:46:48.142 [JavaFX Application Thread] DEBUG Bundle               - FXGL.offline.timer.version.check=2019-01-23T12:24:56.214
13:46:48.168 [JavaFX Application Thread] DEBUG GameApplication      - FXGL started
13:46:48.168 [JavaFX Application Thread] DEBUG GameApplication      - Logging game settings
Title: Basic Game App
Version: 0.0
Width: 1024
Height: 860
Fullscreen: false
Intro: false
Menus: false
Profiling: false
Single step:false
App Mode: DEVELOPER
Menu Key: ESCAPE
Stage Style: DECORATED
Scene Factory: class com.almasb.fxgl.scene.SceneFactory
Dialog Factory: class com.almasb.fxgl.ui.FXGLDialogFactory
UI Factory: class com.almasb.fxgl.ui.FXGLUIFactory
Notification Service: class com.almasb.fxgl.gameplay.notification.XboxNotificationView
Exception Handler: class com.almasb.fxgl.app.FXGLExceptionHandler
13:46:48.169 [JavaFX Application Thread] DEBUG GameApplication      - Configuring GameApplication
13:46:48.169 [JavaFX Application Thread] DEBUG GameApplication      - Initializing state machine and application states
13:46:48.183 [JavaFX Application Thread] DEBUG AssetLoader          - Loading from disk: /assets/ui/cursors/fxgl_default.png
13:46:48.211 [JavaFX Application Thread] DEBUG AssetLoader          - Loading from disk: /assets/ui/cursors/fxgl_default.png
13:46:48.245 [JavaFX Application Thread] DEBUG FXGLAssets           - Loading FXGLAssets
13:46:48.272 [JavaFX Application Thread] DEBUG AssetLoader          - Loading from disk: /assets/ui/fonts/VarelaRound-Regular.ttf
13:46:48.284 [JavaFX Application Thread] DEBUG AssetLoader          - Loading from disk: /assets/ui/fonts/lucida_console.ttf
13:46:48.287 [JavaFX Application Thread] DEBUG AssetLoader          - Loading from disk: /assets/ui/fonts/Courier-Prime.ttf
13:46:48.289 [JavaFX Application Thread] DEBUG AssetLoader          - Loading from disk: /assets/ui/fonts/Abel-Regular.ttf
13:46:48.290 [JavaFX Application Thread] DEBUG AssetLoader          - Loading from disk: /assets/ui/css/fxgl_dark.css
13:46:48.319 [JavaFX Application Thread] DEBUG AssetLoader          - Loading from disk: /assets/ui/cursors/fxgl_default.png
13:46:48.355 [JavaFX Application Thread] DEBUG AssetLoader          - Loading from disk: /assets/ui/cursors/fxgl_default.png
13:46:48.377 [JavaFX Application Thread] DEBUG GameScene            - Game scene initialized: 1024x860
13:46:48.380 [JavaFX Application Thread] DEBUG GameWorld            - Game world initialized
13:46:48.419 [JavaFX Application Thread] DEBUG PhysicsWorld         - Physics world initialized: appHeight=860, physics.ppm=50.0
13:46:48.435 [JavaFX Application Thread] DEBUG Input                - Registered new binding: Pause - Esc
13:46:48.452 [JavaFX Application Thread] DEBUG Input                - Clearing active input actions
13:46:48.492 [JavaFX Application Thread] DEBUG AppStateMachine      - StartupState -> StartupState
13:46:48.496 [JavaFX Application Thread] INFO  GameApplication      - Game configuration took:  0.327 sec
13:46:48.498 [JavaFX Application Thread] DEBUG AssetLoader          - Loading from disk: /assets/textures/fxgl_icon.png
13:46:48.513 [JavaFX Application Thread] DEBUG MainWindow           - Opening main window
13:46:48.578 [JavaFX Application Thread] DEBUG MainWindow           - Window border size: (0.0, 0.0)
13:46:48.578 [JavaFX Application Thread] DEBUG MainWindow           - Scaled size: 1024.0 x 860.0
13:46:48.578 [JavaFX Application Thread] DEBUG MainWindow           - Scaled ratio: (1.0, 1.0)
13:46:48.579 [JavaFX Application Thread] DEBUG MainWindow           - Scene size: 1024.0 x 860.0
13:46:48.579 [JavaFX Application Thread] DEBUG MainWindow           - Stage size: 1024.0 x 860.0
13:46:48.579 [JavaFX Application Thread] DEBUG GameApplication      - Running preInit()
13:46:48.581 [JavaFX Application Thread] DEBUG Input                - Registered new binding: Screenshot - P
13:46:48.581 [JavaFX Application Thread] DEBUG Input                - Registered new binding: Dev Options - CTRL+0
13:46:48.582 [JavaFX Application Thread] DEBUG Input                - Registered new binding: System info dump - CTRL+9
13:46:48.582 [JavaFX Application Thread] DEBUG Input                - Registered new binding: Restart - CTRL+R
13:46:48.583 [JavaFX Application Thread] DEBUG Input                - Registered new binding: Up 1 - W
13:46:48.583 [JavaFX Application Thread] DEBUG Input                - Registered new binding: Down 1 - S
13:46:48.583 [JavaFX Application Thread] DEBUG Input                - Registered new binding: Right 1 - D
13:46:48.583 [JavaFX Application Thread] DEBUG Input                - Registered new binding: Left 1 - A
13:46:48.611 [JavaFX Application Thread] DEBUG GameApplication      - Starting main loop
13:46:48.624 [JavaFX Application Thread] DEBUG StartupState         - STARTUP
13:46:48.625 [JavaFX Application Thread] DEBUG GameApplication      - Starting new game
13:46:48.625 [JavaFX Application Thread] DEBUG Input                - Clearing active input actions
13:46:48.634 [JavaFX Application Thread] DEBUG AppStateMachine      - StartupState -> LoadingState
13:46:48.639 [FXGL Background Thread 1 ] DEBUG InitAppTask          - Clearing previous game
13:46:48.639 [FXGL Background Thread 1 ] DEBUG GameWorld            - Clearing game world
13:46:48.640 [FXGL Background Thread 1 ] DEBUG PhysicsWorld         - Clearing physics world
13:46:48.640 [FXGL Background Thread 1 ] DEBUG GameScene            - Clearing game scene
13:46:48.641 [FXGL Background Thread 1 ] DEBUG InitAppTask          - Initializing Game
13:46:48.645 [FXGL Background Thread 1 ] DEBUG InitAppTask          - Initializing Physics
13:46:48.646 [FXGL Background Thread 1 ] DEBUG InitAppTask          - Initializing UI
13:46:48.646 [FXGL Background Thread 1 ] DEBUG AssetLoader          - Loading from disk: /assets/ui/login.fxml
13:46:48.717 [FXGL Background Thread 1 ] DEBUG InitAppTask          - Initialization Complete
13:46:48.717 [FXGL Background Thread 1 ] INFO  InitAppTask          - Game initialization took: 0.078 sec
13:46:48.738 [JavaFX Application Thread] DEBUG Input                - Clearing active input actions
13:46:48.750 [JavaFX Application Thread] DEBUG AppStateMachine      - LoadingState -> PlayState
13:46:49.826 [JavaFX Application Thread] DEBUG GameApplication      - Exiting game application
13:46:49.827 [JavaFX Application Thread] DEBUG GameApplication      - Shutting down background threads
13:46:49.827 [JavaFX Application Thread] DEBUG GameApplication      - Exiting FXGL
13:46:49.828 [JavaFX Application Thread] DEBUG FXGL                 - Saving FXGL system data
13:46:49.831 [JavaFX Application Thread] DEBUG DesktopFSService     - Writing to: system/fxgl.bundle
13:46:49.836 [JavaFX Application Thread] DEBUG GameApplication      - Closing logger and exiting JavaFX
