16:52:06.158 [JavaFX Application Thread] DEBUG GameApplication      - Logger initialized
16:52:06.165 [JavaFX Application Thread] DEBUG MainWindow           - Creating a JavaFX scene
16:52:06.298 [JavaFX Application Thread] DEBUG MainWindow           - Target settings size: 1024.0 x 860.0
16:52:06.298 [JavaFX Application Thread] DEBUG MainWindow           - Scaled scene size:    1024.0 x 860.0
16:52:06.298 [JavaFX Application Thread] DEBUG MainWindow           - Scaled ratio: (1.0, 1.0)
16:52:06.304 [JavaFX Application Thread] DEBUG GameApplication      - Starting FXGL
16:52:06.308 [JavaFX Application Thread] INFO  FXGL                 - FXGL-0.5.3 on DESKTOP
16:52:06.309 [JavaFX Application Thread] INFO  FXGL                 - Source code and latest versions at: https://github.com/AlmasB/FXGL
16:52:06.309 [JavaFX Application Thread] INFO  FXGL                 -              Join the FXGL chat at: https://gitter.im/AlmasB/FXGL
16:52:06.315 [JavaFX Application Thread] DEBUG FS                   - Loaded DesktopFSService
16:52:06.316 [JavaFX Application Thread] DEBUG FXGL                 - Loading FXGL system data
16:52:06.321 [JavaFX Application Thread] DEBUG DesktopFSService     - Reading from: system/fxgl.bundle
16:52:06.331 [JavaFX Application Thread] DEBUG Bundle               - Logging bundle: FXGL
16:52:06.332 [JavaFX Application Thread] DEBUG Bundle               - FXGL.offline.timer.version.check=2019-01-23T12:24:56.214
16:52:06.357 [JavaFX Application Thread] DEBUG GameApplication      - FXGL started
16:52:06.357 [JavaFX Application Thread] DEBUG GameApplication      - Logging game settings
Title: Basic Game App
Version: 0.0
Width: 1024
Height: 860
Fullscreen: false
Intro: false
Menus: false
Profiling: false
Single step:false
App Mode: DEVELOPER
Menu Key: ESCAPE
Stage Style: DECORATED
Scene Factory: class com.almasb.fxgl.scene.SceneFactory
Dialog Factory: class com.almasb.fxgl.ui.FXGLDialogFactory
UI Factory: class com.almasb.fxgl.ui.FXGLUIFactory
Notification Service: class com.almasb.fxgl.gameplay.notification.XboxNotificationView
Exception Handler: class com.almasb.fxgl.app.FXGLExceptionHandler
16:52:06.358 [JavaFX Application Thread] DEBUG GameApplication      - Configuring GameApplication
16:52:06.358 [JavaFX Application Thread] DEBUG GameApplication      - Initializing state machine and application states
16:52:06.382 [JavaFX Application Thread] DEBUG AssetLoader          - Loading from disk: /assets/ui/cursors/fxgl_default.png
16:52:06.404 [JavaFX Application Thread] DEBUG AssetLoader          - Loading from disk: /assets/ui/cursors/fxgl_default.png
16:52:06.445 [JavaFX Application Thread] DEBUG FXGLAssets           - Loading FXGLAssets
16:52:06.477 [JavaFX Application Thread] DEBUG AssetLoader          - Loading from disk: /assets/ui/fonts/VarelaRound-Regular.ttf
16:52:06.491 [JavaFX Application Thread] DEBUG AssetLoader          - Loading from disk: /assets/ui/fonts/lucida_console.ttf
16:52:06.494 [JavaFX Application Thread] DEBUG AssetLoader          - Loading from disk: /assets/ui/fonts/Courier-Prime.ttf
16:52:06.497 [JavaFX Application Thread] DEBUG AssetLoader          - Loading from disk: /assets/ui/fonts/Abel-Regular.ttf
16:52:06.499 [JavaFX Application Thread] DEBUG AssetLoader          - Loading from disk: /assets/ui/css/fxgl_dark.css
16:52:06.530 [JavaFX Application Thread] DEBUG AssetLoader          - Loading from disk: /assets/ui/cursors/fxgl_default.png
16:52:06.563 [JavaFX Application Thread] DEBUG AssetLoader          - Loading from disk: /assets/ui/cursors/fxgl_default.png
16:52:06.583 [JavaFX Application Thread] DEBUG GameScene            - Game scene initialized: 1024x860
16:52:06.587 [JavaFX Application Thread] DEBUG GameWorld            - Game world initialized
16:52:06.627 [JavaFX Application Thread] DEBUG PhysicsWorld         - Physics world initialized: appHeight=860, physics.ppm=50.0
16:52:06.644 [JavaFX Application Thread] DEBUG Input                - Registered new binding: Pause - Esc
16:52:06.662 [JavaFX Application Thread] DEBUG Input                - Clearing active input actions
16:52:06.704 [JavaFX Application Thread] DEBUG AppStateMachine      - StartupState -> StartupState
16:52:06.707 [JavaFX Application Thread] INFO  GameApplication      - Game configuration took:  0.349 sec
16:52:06.709 [JavaFX Application Thread] DEBUG AssetLoader          - Loading from disk: /assets/textures/fxgl_icon.png
16:52:06.725 [JavaFX Application Thread] DEBUG MainWindow           - Opening main window
16:52:06.792 [JavaFX Application Thread] DEBUG MainWindow           - Window border size: (0.0, 0.0)
16:52:06.792 [JavaFX Application Thread] DEBUG MainWindow           - Scaled size: 1024.0 x 860.0
16:52:06.792 [JavaFX Application Thread] DEBUG MainWindow           - Scaled ratio: (1.0, 1.0)
16:52:06.793 [JavaFX Application Thread] DEBUG MainWindow           - Scene size: 1024.0 x 860.0
16:52:06.793 [JavaFX Application Thread] DEBUG MainWindow           - Stage size: 1024.0 x 860.0
16:52:06.793 [JavaFX Application Thread] DEBUG GameApplication      - Running preInit()
16:52:06.795 [JavaFX Application Thread] DEBUG Input                - Registered new binding: Screenshot - P
16:52:06.795 [JavaFX Application Thread] DEBUG Input                - Registered new binding: Dev Options - CTRL+0
16:52:06.795 [JavaFX Application Thread] DEBUG Input                - Registered new binding: System info dump - CTRL+9
16:52:06.796 [JavaFX Application Thread] DEBUG Input                - Registered new binding: Restart - CTRL+R
16:52:06.823 [JavaFX Application Thread] DEBUG GameApplication      - Starting main loop
16:52:06.834 [JavaFX Application Thread] DEBUG StartupState         - STARTUP
16:52:06.835 [JavaFX Application Thread] DEBUG GameApplication      - Starting new game
16:52:06.835 [JavaFX Application Thread] DEBUG Input                - Clearing active input actions
16:52:06.845 [JavaFX Application Thread] DEBUG AppStateMachine      - StartupState -> LoadingState
16:52:06.851 [FXGL Background Thread 1 ] DEBUG InitAppTask          - Clearing previous game
16:52:06.851 [FXGL Background Thread 1 ] DEBUG GameWorld            - Clearing game world
16:52:06.852 [FXGL Background Thread 1 ] DEBUG PhysicsWorld         - Clearing physics world
16:52:06.852 [FXGL Background Thread 1 ] DEBUG GameScene            - Clearing game scene
16:52:06.853 [FXGL Background Thread 1 ] DEBUG InitAppTask          - Initializing Game
16:52:06.857 [FXGL Background Thread 1 ] DEBUG InitAppTask          - Initializing Physics
16:52:06.857 [FXGL Background Thread 1 ] DEBUG InitAppTask          - Initializing UI
16:52:06.858 [FXGL Background Thread 1 ] DEBUG AssetLoader          - Loading from disk: /assets/ui/login.fxml
16:52:06.933 [FXGL Background Thread 1 ] DEBUG InitAppTask          - Initialization Complete
16:52:06.933 [FXGL Background Thread 1 ] INFO  InitAppTask          - Game initialization took: 0.082 sec
16:52:06.971 [JavaFX Application Thread] DEBUG Input                - Clearing active input actions
16:52:06.981 [JavaFX Application Thread] DEBUG AppStateMachine      - LoadingState -> PlayState
16:52:07.041 [JavaFX Application Thread] FATAL GameApplication      - Uncaught Exception:

Fatal exception occurred: java.lang.NullPointerException : null
E: client.Screen.onPostUpdate(Screen.java:145)
E: com.almasb.fxgl.app.PlayState.onUpdate(AppStates.kt:241)
E: com.almasb.fxgl.app.State.update(State.java:73)
E: com.almasb.fxgl.app.AppStateMachine.onUpdate(AppStateMachine.java:100)
E: com.almasb.fxgl.app.GameApplication.stepLoop(GameApplication.java:382)
E: com.almasb.fxgl.app.GameApplication$2.handle(GameApplication.java:348)
E: javafx.animation.AnimationTimer$AnimationTimerReceiver.lambda$handle$0(AnimationTimer.java:57)
E: java.security.AccessController.doPrivileged(Native Method)
E: javafx.animation.AnimationTimer$AnimationTimerReceiver.handle(AnimationTimer.java:56)
E: com.sun.scenario.animation.AbstractMasterTimer.timePulseImpl(AbstractMasterTimer.java:357)
E: com.sun.scenario.animation.AbstractMasterTimer$MainLoop.run(AbstractMasterTimer.java:267)
E: com.sun.javafx.tk.quantum.QuantumToolkit.pulse(QuantumToolkit.java:514)
E: com.sun.javafx.tk.quantum.QuantumToolkit.pulse(QuantumToolkit.java:498)
E: com.sun.javafx.tk.quantum.QuantumToolkit.pulseFromQueue(QuantumToolkit.java:491)
E: com.sun.javafx.tk.quantum.QuantumToolkit.lambda$runToolkit$11(QuantumToolkit.java:319)
E: com.sun.glass.ui.InvokeLaterDispatcher$Future.run(InvokeLaterDispatcher.java:95)
E: com.sun.glass.ui.gtk.GtkApplication._runLoop(Native Method)
E: com.sun.glass.ui.gtk.GtkApplication.lambda$null$5(GtkApplication.java:139)
E: java.lang.Thread.run(Thread.java:748)

16:52:07.041 [JavaFX Application Thread] FATAL GameApplication      - Application will now exit
16:52:07.041 [JavaFX Application Thread] DEBUG GameApplication      - Stopping main loop
16:52:26.087 [JavaFX Application Thread] DEBUG GameApplication      - Exiting game application
16:52:26.088 [JavaFX Application Thread] DEBUG GameApplication      - Shutting down background threads
16:52:26.088 [JavaFX Application Thread] DEBUG GameApplication      - Exiting FXGL
16:52:26.088 [JavaFX Application Thread] DEBUG FXGL                 - Saving FXGL system data
16:52:26.090 [JavaFX Application Thread] DEBUG DesktopFSService     - Writing to: system/fxgl.bundle
16:52:26.095 [JavaFX Application Thread] DEBUG GameApplication      - Closing logger and exiting JavaFX
