22:07:05.928 [JavaFX Application Thread] DEBUG GameApplication      - Logger initialized
22:07:05.934 [JavaFX Application Thread] DEBUG MainWindow           - Creating a JavaFX scene
22:07:06.057 [JavaFX Application Thread] DEBUG MainWindow           - Target settings size: 860.0 x 600.0
22:07:06.057 [JavaFX Application Thread] DEBUG MainWindow           - Scaled scene size:    860.0 x 600.0
22:07:06.057 [JavaFX Application Thread] DEBUG MainWindow           - Scaled ratio: (1.0, 1.0)
22:07:06.063 [JavaFX Application Thread] DEBUG GameApplication      - Starting FXGL
22:07:06.066 [JavaFX Application Thread] INFO  FXGL                 - FXGL-0.5.3 on DESKTOP
22:07:06.066 [JavaFX Application Thread] INFO  FXGL                 - Source code and latest versions at: https://github.com/AlmasB/FXGL
22:07:06.067 [JavaFX Application Thread] INFO  FXGL                 -              Join the FXGL chat at: https://gitter.im/AlmasB/FXGL
22:07:06.073 [JavaFX Application Thread] DEBUG FS                   - Loaded DesktopFSService
22:07:06.073 [JavaFX Application Thread] DEBUG FXGL                 - Loading FXGL system data
22:07:06.079 [JavaFX Application Thread] DEBUG DesktopFSService     - Reading from: system/fxgl.bundle
22:07:06.086 [JavaFX Application Thread] DEBUG Bundle               - Logging bundle: FXGL
22:07:06.087 [JavaFX Application Thread] DEBUG Bundle               - FXGL.offline.timer.version.check=2019-02-14T00:36:59.438
22:07:06.117 [JavaFX Application Thread] DEBUG GameApplication      - FXGL started
22:07:06.117 [JavaFX Application Thread] DEBUG GameApplication      - Logging game settings
Title: Alpha
Version: 0.0
Width: 860
Height: 600
Fullscreen: false
Intro: false
Menus: false
Profiling: false
Single step:false
App Mode: DEVELOPER
Menu Key: ESCAPE
Stage Style: DECORATED
Scene Factory: class com.almasb.fxgl.scene.SceneFactory
Dialog Factory: class com.almasb.fxgl.ui.FXGLDialogFactory
UI Factory: class com.almasb.fxgl.ui.FXGLUIFactory
Notification Service: class com.almasb.fxgl.gameplay.notification.XboxNotificationView
Exception Handler: class com.almasb.fxgl.app.FXGLExceptionHandler
22:07:06.118 [JavaFX Application Thread] DEBUG GameApplication      - Configuring GameApplication
22:07:06.118 [JavaFX Application Thread] DEBUG GameApplication      - Initializing state machine and application states
22:07:06.132 [JavaFX Application Thread] DEBUG AssetLoader          - Loading from disk: /assets/ui/cursors/fxgl_default.png
22:07:06.156 [JavaFX Application Thread] DEBUG AssetLoader          - Loading from disk: /assets/ui/cursors/fxgl_default.png
22:07:06.185 [JavaFX Application Thread] DEBUG FXGLAssets           - Loading FXGLAssets
22:07:06.209 [JavaFX Application Thread] DEBUG AssetLoader          - Loading from disk: /assets/ui/fonts/VarelaRound-Regular.ttf
22:07:06.221 [JavaFX Application Thread] DEBUG AssetLoader          - Loading from disk: /assets/ui/fonts/lucida_console.ttf
22:07:06.224 [JavaFX Application Thread] DEBUG AssetLoader          - Loading from disk: /assets/ui/fonts/Courier-Prime.ttf
22:07:06.226 [JavaFX Application Thread] DEBUG AssetLoader          - Loading from disk: /assets/ui/fonts/Abel-Regular.ttf
22:07:06.227 [JavaFX Application Thread] DEBUG AssetLoader          - Loading from disk: /assets/ui/css/fxgl_dark.css
22:07:06.256 [JavaFX Application Thread] DEBUG AssetLoader          - Loading from disk: /assets/ui/cursors/fxgl_default.png
22:07:06.290 [JavaFX Application Thread] DEBUG AssetLoader          - Loading from disk: /assets/ui/cursors/fxgl_default.png
22:07:06.310 [JavaFX Application Thread] DEBUG GameScene            - Game scene initialized: 860x600
22:07:06.313 [JavaFX Application Thread] DEBUG GameWorld            - Game world initialized
22:07:06.352 [JavaFX Application Thread] DEBUG PhysicsWorld         - Physics world initialized: appHeight=600, physics.ppm=50.0
22:07:06.368 [JavaFX Application Thread] DEBUG Input                - Registered new binding: Pause - Esc
22:07:06.385 [JavaFX Application Thread] DEBUG Input                - Clearing active input actions
22:07:06.425 [JavaFX Application Thread] DEBUG AppStateMachine      - StartupState -> StartupState
22:07:06.428 [JavaFX Application Thread] INFO  GameApplication      - Game configuration took:  0.310 sec
22:07:06.430 [JavaFX Application Thread] DEBUG AssetLoader          - Loading from disk: /assets/textures/fxgl_icon.png
22:07:06.445 [JavaFX Application Thread] DEBUG MainWindow           - Opening main window
22:07:06.514 [JavaFX Application Thread] DEBUG MainWindow           - Window border size: (0.0, 0.0)
22:07:06.514 [JavaFX Application Thread] DEBUG MainWindow           - Scaled size: 860.0 x 600.0
22:07:06.514 [JavaFX Application Thread] DEBUG MainWindow           - Scaled ratio: (1.0, 1.0)
22:07:06.514 [JavaFX Application Thread] DEBUG MainWindow           - Scene size: 860.0 x 600.0
22:07:06.514 [JavaFX Application Thread] DEBUG MainWindow           - Stage size: 860.0 x 600.0
22:07:06.515 [JavaFX Application Thread] DEBUG GameApplication      - Running preInit()
22:07:06.516 [JavaFX Application Thread] DEBUG Input                - Registered new binding: Screenshot - P
22:07:06.517 [JavaFX Application Thread] DEBUG Input                - Registered new binding: Dev Options - CTRL+0
22:07:06.517 [JavaFX Application Thread] DEBUG Input                - Registered new binding: System info dump - CTRL+9
22:07:06.518 [JavaFX Application Thread] DEBUG Input                - Registered new binding: Restart - CTRL+R
22:07:06.518 [JavaFX Application Thread] DEBUG Input                - Registered new binding: Up 1 - W
22:07:06.518 [JavaFX Application Thread] DEBUG Input                - Registered new binding: Down 1 - S
22:07:06.518 [JavaFX Application Thread] DEBUG Input                - Registered new binding: Right 1 - D
22:07:06.518 [JavaFX Application Thread] DEBUG Input                - Registered new binding: Left 1 - A
22:07:06.519 [JavaFX Application Thread] DEBUG Input                - Registered new binding: Tab - Tab
22:07:06.548 [JavaFX Application Thread] DEBUG GameApplication      - Starting main loop
22:07:06.559 [JavaFX Application Thread] DEBUG StartupState         - STARTUP
22:07:06.559 [JavaFX Application Thread] DEBUG GameApplication      - Starting new game
22:07:06.559 [JavaFX Application Thread] DEBUG Input                - Clearing active input actions
22:07:06.566 [JavaFX Application Thread] DEBUG AppStateMachine      - StartupState -> LoadingState
22:07:06.571 [FXGL Background Thread 1 ] DEBUG InitAppTask          - Clearing previous game
22:07:06.571 [FXGL Background Thread 1 ] DEBUG GameWorld            - Clearing game world
22:07:06.571 [FXGL Background Thread 1 ] DEBUG PhysicsWorld         - Clearing physics world
22:07:06.571 [FXGL Background Thread 1 ] DEBUG GameScene            - Clearing game scene
22:07:06.573 [FXGL Background Thread 1 ] DEBUG InitAppTask          - Initializing Game
22:07:06.579 [FXGL Background Thread 1 ] DEBUG InitAppTask          - Initializing Physics
22:07:06.580 [FXGL Background Thread 1 ] DEBUG InitAppTask          - Initializing UI
22:07:06.580 [FXGL Background Thread 1 ] DEBUG AssetLoader          - Loading from disk: /assets/ui/login.fxml
22:07:07.655 [FXGL Background Thread 1 ] DEBUG AssetLoader          - Loading from disk: /assets/ui/mainpanel.fxml
22:07:07.678 [FXGL Background Thread 1 ] DEBUG AssetLoader          - Loading from disk: /assets/textures/ui/box.png
22:07:07.680 [FXGL Background Thread 1 ] DEBUG AssetLoader          - Loading from cache: /assets/textures/ui/box.png
22:07:07.680 [FXGL Background Thread 1 ] DEBUG AssetLoader          - Loading from cache: /assets/textures/ui/box.png
22:07:07.680 [FXGL Background Thread 1 ] DEBUG AssetLoader          - Loading from cache: /assets/textures/ui/box.png
22:07:07.681 [FXGL Background Thread 1 ] DEBUG AssetLoader          - Loading from cache: /assets/textures/ui/box.png
22:07:07.681 [FXGL Background Thread 1 ] DEBUG AssetLoader          - Loading from cache: /assets/textures/ui/box.png
22:07:07.681 [FXGL Background Thread 1 ] DEBUG AssetLoader          - Loading from cache: /assets/textures/ui/box.png
22:07:07.681 [FXGL Background Thread 1 ] DEBUG AssetLoader          - Loading from cache: /assets/textures/ui/box.png
22:07:07.681 [FXGL Background Thread 1 ] DEBUG AssetLoader          - Loading from cache: /assets/textures/ui/box.png
22:07:07.682 [FXGL Background Thread 1 ] DEBUG AssetLoader          - Loading from cache: /assets/textures/ui/box.png
22:07:07.682 [FXGL Background Thread 1 ] DEBUG AssetLoader          - Loading from cache: /assets/textures/ui/box.png
22:07:07.682 [FXGL Background Thread 1 ] DEBUG AssetLoader          - Loading from cache: /assets/textures/ui/box.png
22:07:07.682 [FXGL Background Thread 1 ] DEBUG AssetLoader          - Loading from cache: /assets/textures/ui/box.png
22:07:07.682 [FXGL Background Thread 1 ] DEBUG AssetLoader          - Loading from cache: /assets/textures/ui/box.png
22:07:07.683 [FXGL Background Thread 1 ] DEBUG AssetLoader          - Loading from cache: /assets/textures/ui/box.png
22:07:07.683 [FXGL Background Thread 1 ] DEBUG AssetLoader          - Loading from cache: /assets/textures/ui/box.png
22:07:07.683 [FXGL Background Thread 1 ] DEBUG InitAppTask          - Initialization Complete
22:07:07.683 [FXGL Background Thread 1 ] INFO  InitAppTask          - Game initialization took: 1.112 sec
22:07:07.688 [JavaFX Application Thread] DEBUG Input                - Clearing active input actions
22:07:07.700 [JavaFX Application Thread] DEBUG AppStateMachine      - LoadingState -> PlayState
22:07:17.118 [JavaFX Application Thread] DEBUG GameApplication      - Exiting game application
22:07:17.119 [JavaFX Application Thread] DEBUG GameApplication      - Shutting down background threads
22:07:17.119 [JavaFX Application Thread] DEBUG GameApplication      - Exiting FXGL
22:07:17.120 [JavaFX Application Thread] DEBUG FXGL                 - Saving FXGL system data
22:07:17.123 [JavaFX Application Thread] DEBUG DesktopFSService     - Writing to: system/fxgl.bundle
22:07:17.127 [JavaFX Application Thread] DEBUG GameApplication      - Closing logger and exiting JavaFX
