01:42:14.439 [JavaFX Application Thread] DEBUG GameApplication      - Logger initialized
01:42:14.445 [JavaFX Application Thread] DEBUG MainWindow           - Creating a JavaFX scene
01:42:14.584 [JavaFX Application Thread] DEBUG MainWindow           - Target settings size: 860.0 x 600.0
01:42:14.584 [JavaFX Application Thread] DEBUG MainWindow           - Scaled scene size:    860.0 x 600.0
01:42:14.585 [JavaFX Application Thread] DEBUG MainWindow           - Scaled ratio: (1.0, 1.0)
01:42:14.591 [JavaFX Application Thread] DEBUG GameApplication      - Starting FXGL
01:42:14.596 [JavaFX Application Thread] INFO  FXGL                 - FXGL-0.5.3 on DESKTOP
01:42:14.596 [JavaFX Application Thread] INFO  FXGL                 - Source code and latest versions at: https://github.com/AlmasB/FXGL
01:42:14.597 [JavaFX Application Thread] INFO  FXGL                 -              Join the FXGL chat at: https://gitter.im/AlmasB/FXGL
01:42:14.603 [JavaFX Application Thread] DEBUG FS                   - Loaded DesktopFSService
01:42:14.604 [JavaFX Application Thread] DEBUG FXGL                 - Loading FXGL system data
01:42:14.611 [JavaFX Application Thread] DEBUG DesktopFSService     - Reading from: system/fxgl.bundle
01:42:14.619 [JavaFX Application Thread] DEBUG Bundle               - Logging bundle: FXGL
01:42:14.620 [JavaFX Application Thread] DEBUG Bundle               - FXGL.offline.timer.version.check=2019-03-09T00:08:16.144
01:42:14.651 [JavaFX Application Thread] DEBUG GameApplication      - FXGL started
01:42:14.651 [JavaFX Application Thread] DEBUG GameApplication      - Logging game settings
Title: Alpha
Version: 0.0
Width: 860
Height: 600
Fullscreen: false
Intro: false
Menus: false
Profiling: false
Single step:false
App Mode: DEVELOPER
Menu Key: ESCAPE
Stage Style: DECORATED
Scene Factory: class com.almasb.fxgl.scene.SceneFactory
Dialog Factory: class com.almasb.fxgl.ui.FXGLDialogFactory
UI Factory: class com.almasb.fxgl.ui.FXGLUIFactory
Notification Service: class com.almasb.fxgl.gameplay.notification.XboxNotificationView
Exception Handler: class com.almasb.fxgl.app.FXGLExceptionHandler
01:42:14.652 [JavaFX Application Thread] DEBUG GameApplication      - Configuring GameApplication
01:42:14.652 [JavaFX Application Thread] DEBUG GameApplication      - Initializing state machine and application states
01:42:14.664 [JavaFX Application Thread] DEBUG AssetLoader          - Loading from disk: /assets/ui/cursors/fxgl_default.png
01:42:14.687 [JavaFX Application Thread] DEBUG AssetLoader          - Loading from disk: /assets/ui/cursors/fxgl_default.png
01:42:14.716 [JavaFX Application Thread] DEBUG FXGLAssets           - Loading FXGLAssets
01:42:14.741 [JavaFX Application Thread] DEBUG AssetLoader          - Loading from disk: /assets/ui/fonts/VarelaRound-Regular.ttf
01:42:14.753 [JavaFX Application Thread] DEBUG AssetLoader          - Loading from disk: /assets/ui/fonts/lucida_console.ttf
01:42:14.756 [JavaFX Application Thread] DEBUG AssetLoader          - Loading from disk: /assets/ui/fonts/Courier-Prime.ttf
01:42:14.758 [JavaFX Application Thread] DEBUG AssetLoader          - Loading from disk: /assets/ui/fonts/Abel-Regular.ttf
01:42:14.760 [JavaFX Application Thread] DEBUG AssetLoader          - Loading from disk: /assets/ui/css/fxgl_dark.css
01:42:14.791 [JavaFX Application Thread] DEBUG AssetLoader          - Loading from disk: /assets/ui/cursors/fxgl_default.png
01:42:14.825 [JavaFX Application Thread] DEBUG AssetLoader          - Loading from disk: /assets/ui/cursors/fxgl_default.png
01:42:14.846 [JavaFX Application Thread] DEBUG GameScene            - Game scene initialized: 860x600
01:42:14.849 [JavaFX Application Thread] DEBUG GameWorld            - Game world initialized
01:42:14.888 [JavaFX Application Thread] DEBUG PhysicsWorld         - Physics world initialized: appHeight=600, physics.ppm=50.0
01:42:14.905 [JavaFX Application Thread] DEBUG Input                - Registered new binding: Pause - Esc
01:42:14.922 [JavaFX Application Thread] DEBUG Input                - Clearing active input actions
01:42:14.964 [JavaFX Application Thread] DEBUG AppStateMachine      - StartupState -> StartupState
01:42:14.968 [JavaFX Application Thread] INFO  GameApplication      - Game configuration took:  0.316 sec
01:42:14.971 [JavaFX Application Thread] DEBUG AssetLoader          - Loading from disk: /assets/textures/fxgl_icon.png
01:42:14.990 [JavaFX Application Thread] DEBUG MainWindow           - Opening main window
01:42:15.088 [JavaFX Application Thread] DEBUG MainWindow           - Window border size: (0.0, 0.0)
01:42:15.088 [JavaFX Application Thread] DEBUG MainWindow           - Scaled size: 860.0 x 600.0
01:42:15.088 [JavaFX Application Thread] DEBUG MainWindow           - Scaled ratio: (1.0, 1.0)
01:42:15.088 [JavaFX Application Thread] DEBUG MainWindow           - Scene size: 860.0 x 600.0
01:42:15.088 [JavaFX Application Thread] DEBUG MainWindow           - Stage size: 860.0 x 600.0
01:42:15.088 [JavaFX Application Thread] DEBUG GameApplication      - Running preInit()
01:42:15.090 [JavaFX Application Thread] DEBUG Input                - Registered new binding: Screenshot - P
01:42:15.090 [JavaFX Application Thread] DEBUG Input                - Registered new binding: Dev Options - CTRL+0
01:42:15.091 [JavaFX Application Thread] DEBUG Input                - Registered new binding: System info dump - CTRL+9
01:42:15.091 [JavaFX Application Thread] DEBUG Input                - Registered new binding: Restart - CTRL+R
01:42:15.091 [JavaFX Application Thread] DEBUG Input                - Registered new binding: Up 1 - W
01:42:15.092 [JavaFX Application Thread] DEBUG Input                - Registered new binding: Down 1 - S
01:42:15.092 [JavaFX Application Thread] DEBUG Input                - Registered new binding: Right 1 - D
01:42:15.092 [JavaFX Application Thread] DEBUG Input                - Registered new binding: Left 1 - A
01:42:15.093 [JavaFX Application Thread] DEBUG Input                - Registered new binding: Click - LMB
01:42:15.093 [JavaFX Application Thread] DEBUG Input                - Registered new binding: Rightclick - RMB
01:42:15.093 [JavaFX Application Thread] DEBUG Input                - Registered new binding: Tab - Tab
01:42:15.123 [JavaFX Application Thread] DEBUG GameApplication      - Starting main loop
01:42:15.140 [JavaFX Application Thread] DEBUG StartupState         - STARTUP
01:42:15.140 [JavaFX Application Thread] DEBUG GameApplication      - Starting new game
01:42:15.140 [JavaFX Application Thread] DEBUG Input                - Clearing active input actions
01:42:15.147 [JavaFX Application Thread] DEBUG AppStateMachine      - StartupState -> LoadingState
01:42:15.152 [FXGL Background Thread 1 ] DEBUG InitAppTask          - Clearing previous game
01:42:15.152 [FXGL Background Thread 1 ] DEBUG GameWorld            - Clearing game world
01:42:15.152 [FXGL Background Thread 1 ] DEBUG PhysicsWorld         - Clearing physics world
01:42:15.152 [FXGL Background Thread 1 ] DEBUG GameScene            - Clearing game scene
01:42:15.153 [FXGL Background Thread 1 ] DEBUG InitAppTask          - Initializing Game
01:42:15.158 [FXGL Background Thread 1 ] DEBUG InitAppTask          - Initializing Physics
01:42:15.159 [FXGL Background Thread 1 ] DEBUG InitAppTask          - Initializing UI
01:42:15.159 [FXGL Background Thread 1 ] DEBUG AssetLoader          - Loading from disk: /assets/ui/login.fxml
01:42:16.221 [FXGL Background Thread 1 ] DEBUG AssetLoader          - Loading from disk: /assets/textures/ui/default.png
01:42:16.223 [FXGL Background Thread 1 ] DEBUG AssetLoader          - Loading from disk: /assets/ui/mainpanel.fxml
01:42:16.257 [FXGL Background Thread 1 ] DEBUG InitAppTask          - Initialization Complete
01:42:16.257 [FXGL Background Thread 1 ] INFO  InitAppTask          - Game initialization took: 1.105 sec
01:42:16.264 [JavaFX Application Thread] DEBUG Input                - Clearing active input actions
01:42:16.276 [JavaFX Application Thread] DEBUG AppStateMachine      - LoadingState -> PlayState
01:42:17.150 [JavaFX Application Thread] DEBUG GameApplication      - Exiting game application
01:42:17.151 [JavaFX Application Thread] DEBUG GameApplication      - Shutting down background threads
01:42:17.152 [JavaFX Application Thread] DEBUG GameApplication      - Exiting FXGL
01:42:17.152 [JavaFX Application Thread] DEBUG FXGL                 - Saving FXGL system data
01:42:17.154 [JavaFX Application Thread] DEBUG DesktopFSService     - Writing to: system/fxgl.bundle
01:42:17.157 [JavaFX Application Thread] DEBUG GameApplication      - Closing logger and exiting JavaFX
