01:59:30.526 [JavaFX Application Thread] DEBUG GameApplication      - Logger initialized
01:59:30.533 [JavaFX Application Thread] DEBUG MainWindow           - Creating a JavaFX scene
01:59:30.673 [JavaFX Application Thread] DEBUG MainWindow           - Target settings size: 860.0 x 600.0
01:59:30.673 [JavaFX Application Thread] DEBUG MainWindow           - Scaled scene size:    860.0 x 600.0
01:59:30.674 [JavaFX Application Thread] DEBUG MainWindow           - Scaled ratio: (1.0, 1.0)
01:59:30.679 [JavaFX Application Thread] DEBUG GameApplication      - Starting FXGL
01:59:30.683 [JavaFX Application Thread] INFO  FXGL                 - FXGL-0.5.3 on DESKTOP
01:59:30.684 [JavaFX Application Thread] INFO  FXGL                 - Source code and latest versions at: https://github.com/AlmasB/FXGL
01:59:30.684 [JavaFX Application Thread] INFO  FXGL                 -              Join the FXGL chat at: https://gitter.im/AlmasB/FXGL
01:59:30.690 [JavaFX Application Thread] DEBUG FS                   - Loaded DesktopFSService
01:59:30.691 [JavaFX Application Thread] DEBUG FXGL                 - Loading FXGL system data
01:59:30.696 [JavaFX Application Thread] DEBUG DesktopFSService     - Reading from: system/fxgl.bundle
01:59:30.703 [JavaFX Application Thread] DEBUG Bundle               - Logging bundle: FXGL
01:59:30.704 [JavaFX Application Thread] DEBUG Bundle               - FXGL.offline.timer.version.check=2019-02-14T00:36:59.438
01:59:30.734 [JavaFX Application Thread] DEBUG GameApplication      - FXGL started
01:59:30.735 [JavaFX Application Thread] DEBUG GameApplication      - Logging game settings
Title: Alpha 0.0
Version: 0.0
Width: 860
Height: 600
Fullscreen: false
Intro: false
Menus: false
Profiling: false
Single step:false
App Mode: DEVELOPER
Menu Key: ESCAPE
Stage Style: DECORATED
Scene Factory: class com.almasb.fxgl.scene.SceneFactory
Dialog Factory: class com.almasb.fxgl.ui.FXGLDialogFactory
UI Factory: class com.almasb.fxgl.ui.FXGLUIFactory
Notification Service: class com.almasb.fxgl.gameplay.notification.XboxNotificationView
Exception Handler: class com.almasb.fxgl.app.FXGLExceptionHandler
01:59:30.736 [JavaFX Application Thread] DEBUG GameApplication      - Configuring GameApplication
01:59:30.736 [JavaFX Application Thread] DEBUG GameApplication      - Initializing state machine and application states
01:59:30.750 [JavaFX Application Thread] DEBUG AssetLoader          - Loading from disk: /assets/ui/cursors/fxgl_default.png
01:59:30.772 [JavaFX Application Thread] DEBUG AssetLoader          - Loading from disk: /assets/ui/cursors/fxgl_default.png
01:59:30.803 [JavaFX Application Thread] DEBUG FXGLAssets           - Loading FXGLAssets
01:59:30.828 [JavaFX Application Thread] DEBUG AssetLoader          - Loading from disk: /assets/ui/fonts/VarelaRound-Regular.ttf
01:59:30.841 [JavaFX Application Thread] DEBUG AssetLoader          - Loading from disk: /assets/ui/fonts/lucida_console.ttf
01:59:30.843 [JavaFX Application Thread] DEBUG AssetLoader          - Loading from disk: /assets/ui/fonts/Courier-Prime.ttf
01:59:30.846 [JavaFX Application Thread] DEBUG AssetLoader          - Loading from disk: /assets/ui/fonts/Abel-Regular.ttf
01:59:30.847 [JavaFX Application Thread] DEBUG AssetLoader          - Loading from disk: /assets/ui/css/fxgl_dark.css
01:59:30.877 [JavaFX Application Thread] DEBUG AssetLoader          - Loading from disk: /assets/ui/cursors/fxgl_default.png
01:59:30.910 [JavaFX Application Thread] DEBUG AssetLoader          - Loading from disk: /assets/ui/cursors/fxgl_default.png
01:59:30.930 [JavaFX Application Thread] DEBUG GameScene            - Game scene initialized: 860x600
01:59:30.933 [JavaFX Application Thread] DEBUG GameWorld            - Game world initialized
01:59:30.971 [JavaFX Application Thread] DEBUG PhysicsWorld         - Physics world initialized: appHeight=600, physics.ppm=50.0
01:59:30.987 [JavaFX Application Thread] DEBUG Input                - Registered new binding: Pause - Esc
01:59:31.003 [JavaFX Application Thread] DEBUG Input                - Clearing active input actions
01:59:31.047 [JavaFX Application Thread] DEBUG AppStateMachine      - StartupState -> StartupState
01:59:31.050 [JavaFX Application Thread] INFO  GameApplication      - Game configuration took:  0.314 sec
01:59:31.052 [JavaFX Application Thread] DEBUG AssetLoader          - Loading from disk: /assets/textures/fxgl_icon.png
01:59:31.067 [JavaFX Application Thread] DEBUG MainWindow           - Opening main window
01:59:31.135 [JavaFX Application Thread] DEBUG MainWindow           - Window border size: (0.0, 0.0)
01:59:31.135 [JavaFX Application Thread] DEBUG MainWindow           - Scaled size: 860.0 x 600.0
01:59:31.135 [JavaFX Application Thread] DEBUG MainWindow           - Scaled ratio: (1.0, 1.0)
01:59:31.135 [JavaFX Application Thread] DEBUG MainWindow           - Scene size: 860.0 x 600.0
01:59:31.136 [JavaFX Application Thread] DEBUG MainWindow           - Stage size: 860.0 x 600.0
01:59:31.136 [JavaFX Application Thread] DEBUG GameApplication      - Running preInit()
01:59:31.138 [JavaFX Application Thread] DEBUG Input                - Registered new binding: Screenshot - P
01:59:31.139 [JavaFX Application Thread] DEBUG Input                - Registered new binding: Dev Options - CTRL+0
01:59:31.139 [JavaFX Application Thread] DEBUG Input                - Registered new binding: System info dump - CTRL+9
01:59:31.140 [JavaFX Application Thread] DEBUG Input                - Registered new binding: Restart - CTRL+R
01:59:31.140 [JavaFX Application Thread] DEBUG Input                - Registered new binding: Up 1 - W
01:59:31.140 [JavaFX Application Thread] DEBUG Input                - Registered new binding: Down 1 - S
01:59:31.140 [JavaFX Application Thread] DEBUG Input                - Registered new binding: Right 1 - D
01:59:31.141 [JavaFX Application Thread] DEBUG Input                - Registered new binding: Left 1 - A
01:59:31.141 [JavaFX Application Thread] DEBUG Input                - Registered new binding: Tab - Tab
01:59:31.175 [JavaFX Application Thread] DEBUG GameApplication      - Starting main loop
01:59:31.187 [JavaFX Application Thread] DEBUG StartupState         - STARTUP
01:59:31.187 [JavaFX Application Thread] DEBUG GameApplication      - Starting new game
01:59:31.187 [JavaFX Application Thread] DEBUG Input                - Clearing active input actions
01:59:31.196 [JavaFX Application Thread] DEBUG AppStateMachine      - StartupState -> LoadingState
01:59:31.201 [FXGL Background Thread 1 ] DEBUG InitAppTask          - Clearing previous game
01:59:31.201 [FXGL Background Thread 1 ] DEBUG GameWorld            - Clearing game world
01:59:31.201 [FXGL Background Thread 1 ] DEBUG PhysicsWorld         - Clearing physics world
01:59:31.201 [FXGL Background Thread 1 ] DEBUG GameScene            - Clearing game scene
01:59:31.202 [FXGL Background Thread 1 ] DEBUG InitAppTask          - Initializing Game
01:59:31.208 [FXGL Background Thread 1 ] DEBUG InitAppTask          - Initializing Physics
01:59:31.208 [FXGL Background Thread 1 ] DEBUG InitAppTask          - Initializing UI
01:59:31.209 [FXGL Background Thread 1 ] DEBUG AssetLoader          - Loading from disk: /assets/ui/login.fxml
01:59:32.298 [FXGL Background Thread 1 ] DEBUG AssetLoader          - Loading from disk: /assets/ui/mainpanel.fxml
01:59:32.319 [FXGL Background Thread 1 ] DEBUG AssetLoader          - Loading from disk: /assets/textures/ui/box.png
01:59:32.321 [FXGL Background Thread 1 ] DEBUG AssetLoader          - Loading from cache: /assets/textures/ui/box.png
01:59:32.322 [FXGL Background Thread 1 ] DEBUG AssetLoader          - Loading from cache: /assets/textures/ui/box.png
01:59:32.322 [FXGL Background Thread 1 ] DEBUG AssetLoader          - Loading from cache: /assets/textures/ui/box.png
01:59:32.322 [FXGL Background Thread 1 ] DEBUG AssetLoader          - Loading from cache: /assets/textures/ui/box.png
01:59:32.322 [FXGL Background Thread 1 ] DEBUG AssetLoader          - Loading from cache: /assets/textures/ui/box.png
01:59:32.322 [FXGL Background Thread 1 ] DEBUG AssetLoader          - Loading from cache: /assets/textures/ui/box.png
01:59:32.323 [FXGL Background Thread 1 ] DEBUG AssetLoader          - Loading from cache: /assets/textures/ui/box.png
01:59:32.323 [FXGL Background Thread 1 ] DEBUG AssetLoader          - Loading from cache: /assets/textures/ui/box.png
01:59:32.323 [FXGL Background Thread 1 ] DEBUG AssetLoader          - Loading from cache: /assets/textures/ui/box.png
01:59:32.323 [FXGL Background Thread 1 ] DEBUG AssetLoader          - Loading from cache: /assets/textures/ui/box.png
01:59:32.323 [FXGL Background Thread 1 ] DEBUG AssetLoader          - Loading from cache: /assets/textures/ui/box.png
01:59:32.324 [FXGL Background Thread 1 ] DEBUG AssetLoader          - Loading from cache: /assets/textures/ui/box.png
01:59:32.324 [FXGL Background Thread 1 ] DEBUG AssetLoader          - Loading from cache: /assets/textures/ui/box.png
01:59:32.324 [FXGL Background Thread 1 ] DEBUG AssetLoader          - Loading from cache: /assets/textures/ui/box.png
01:59:32.324 [FXGL Background Thread 1 ] DEBUG AssetLoader          - Loading from cache: /assets/textures/ui/box.png
01:59:32.325 [FXGL Background Thread 1 ] FATAL AssetLoader          - Loading failed for asset: mainpanel.fxml. Cause: null
01:59:32.325 [JavaFX Application Thread] FATAL GameApplication      - Uncaught Exception:

Fatal exception occurred: java.lang.IllegalArgumentException : Failed to load asset: mainpanel.fxml. Cause: null
E: com.almasb.fxgl.asset.AssetLoader.loadFailed(AssetLoader.kt:737)
E: com.almasb.fxgl.asset.AssetLoader.loadUI(AssetLoader.kt:479)
E: client.Screen.initUI(Screen.java:66)
E: com.almasb.fxgl.app.LoadingState$InitAppTask.initUI(AppStates.kt:175)
E: com.almasb.fxgl.app.LoadingState$InitAppTask.call(AppStates.kt:137)
E: com.almasb.fxgl.app.LoadingState$InitAppTask.call(AppStates.kt:124)
E: javafx.concurrent.Task$TaskCallable.call(Task.java:1423)
E: java.util.concurrent.FutureTask.run(FutureTask.java:266)
E: java.util.concurrent.Executors$RunnableAdapter.call(Executors.java:511)
E: java.util.concurrent.FutureTask.run(FutureTask.java:266)
E: java.util.concurrent.ThreadPoolExecutor.runWorker(ThreadPoolExecutor.java:1149)
E: java.util.concurrent.ThreadPoolExecutor$Worker.run(ThreadPoolExecutor.java:624)
E: java.lang.Thread.run(Thread.java:748)

01:59:32.326 [JavaFX Application Thread] FATAL GameApplication      - Application will now exit
01:59:32.326 [JavaFX Application Thread] DEBUG GameApplication      - Stopping main loop
01:59:34.877 [JavaFX Application Thread] DEBUG GameApplication      - Exiting game application
01:59:34.878 [JavaFX Application Thread] DEBUG GameApplication      - Shutting down background threads
01:59:34.878 [JavaFX Application Thread] DEBUG GameApplication      - Exiting FXGL
01:59:34.878 [JavaFX Application Thread] DEBUG FXGL                 - Saving FXGL system data
01:59:34.881 [JavaFX Application Thread] DEBUG DesktopFSService     - Writing to: system/fxgl.bundle
01:59:34.883 [JavaFX Application Thread] DEBUG GameApplication      - Closing logger and exiting JavaFX
