15:55:12.939 [JavaFX Application Thread] DEBUG GameApplication      - Logger initialized
15:55:12.945 [JavaFX Application Thread] DEBUG MainWindow           - Creating a JavaFX scene
15:55:13.076 [JavaFX Application Thread] DEBUG MainWindow           - Target settings size: 1024.0 x 860.0
15:55:13.076 [JavaFX Application Thread] DEBUG MainWindow           - Scaled scene size:    1024.0 x 860.0
15:55:13.076 [JavaFX Application Thread] DEBUG MainWindow           - Scaled ratio: (1.0, 1.0)
15:55:13.083 [JavaFX Application Thread] DEBUG GameApplication      - Starting FXGL
15:55:13.087 [JavaFX Application Thread] INFO  FXGL                 - FXGL-0.5.3 on DESKTOP
15:55:13.087 [JavaFX Application Thread] INFO  FXGL                 - Source code and latest versions at: https://github.com/AlmasB/FXGL
15:55:13.088 [JavaFX Application Thread] INFO  FXGL                 -              Join the FXGL chat at: https://gitter.im/AlmasB/FXGL
15:55:13.094 [JavaFX Application Thread] DEBUG FS                   - Loaded DesktopFSService
15:55:13.095 [JavaFX Application Thread] DEBUG FXGL                 - Loading FXGL system data
15:55:13.101 [JavaFX Application Thread] DEBUG DesktopFSService     - Reading from: system/fxgl.bundle
15:55:13.111 [JavaFX Application Thread] DEBUG Bundle               - Logging bundle: FXGL
15:55:13.112 [JavaFX Application Thread] DEBUG Bundle               - FXGL.offline.timer.version.check=2019-01-23T12:24:56.214
15:55:13.140 [JavaFX Application Thread] DEBUG GameApplication      - FXGL started
15:55:13.141 [JavaFX Application Thread] DEBUG GameApplication      - Logging game settings
Title: Basic Game App
Version: 0.0
Width: 1024
Height: 860
Fullscreen: false
Intro: false
Menus: false
Profiling: false
Single step:false
App Mode: DEVELOPER
Menu Key: ESCAPE
Stage Style: DECORATED
Scene Factory: class com.almasb.fxgl.scene.SceneFactory
Dialog Factory: class com.almasb.fxgl.ui.FXGLDialogFactory
UI Factory: class com.almasb.fxgl.ui.FXGLUIFactory
Notification Service: class com.almasb.fxgl.gameplay.notification.XboxNotificationView
Exception Handler: class com.almasb.fxgl.app.FXGLExceptionHandler
15:55:13.141 [JavaFX Application Thread] DEBUG GameApplication      - Configuring GameApplication
15:55:13.142 [JavaFX Application Thread] DEBUG GameApplication      - Initializing state machine and application states
15:55:13.161 [JavaFX Application Thread] DEBUG AssetLoader          - Loading from disk: /assets/ui/cursors/fxgl_default.png
15:55:13.183 [JavaFX Application Thread] DEBUG AssetLoader          - Loading from disk: /assets/ui/cursors/fxgl_default.png
15:55:13.217 [JavaFX Application Thread] DEBUG FXGLAssets           - Loading FXGLAssets
15:55:13.242 [JavaFX Application Thread] DEBUG AssetLoader          - Loading from disk: /assets/ui/fonts/VarelaRound-Regular.ttf
15:55:13.257 [JavaFX Application Thread] DEBUG AssetLoader          - Loading from disk: /assets/ui/fonts/lucida_console.ttf
15:55:13.259 [JavaFX Application Thread] DEBUG AssetLoader          - Loading from disk: /assets/ui/fonts/Courier-Prime.ttf
15:55:13.261 [JavaFX Application Thread] DEBUG AssetLoader          - Loading from disk: /assets/ui/fonts/Abel-Regular.ttf
15:55:13.263 [JavaFX Application Thread] DEBUG AssetLoader          - Loading from disk: /assets/ui/css/fxgl_dark.css
15:55:13.293 [JavaFX Application Thread] DEBUG AssetLoader          - Loading from disk: /assets/ui/cursors/fxgl_default.png
15:55:13.327 [JavaFX Application Thread] DEBUG AssetLoader          - Loading from disk: /assets/ui/cursors/fxgl_default.png
15:55:13.348 [JavaFX Application Thread] DEBUG GameScene            - Game scene initialized: 1024x860
15:55:13.351 [JavaFX Application Thread] DEBUG GameWorld            - Game world initialized
15:55:13.389 [JavaFX Application Thread] DEBUG PhysicsWorld         - Physics world initialized: appHeight=860, physics.ppm=50.0
15:55:13.405 [JavaFX Application Thread] DEBUG Input                - Registered new binding: Pause - Esc
15:55:13.422 [JavaFX Application Thread] DEBUG Input                - Clearing active input actions
15:55:13.475 [JavaFX Application Thread] DEBUG AppStateMachine      - StartupState -> StartupState
15:55:13.480 [JavaFX Application Thread] INFO  GameApplication      - Game configuration took:  0.338 sec
15:55:13.483 [JavaFX Application Thread] DEBUG AssetLoader          - Loading from disk: /assets/textures/fxgl_icon.png
15:55:13.500 [JavaFX Application Thread] DEBUG MainWindow           - Opening main window
15:55:13.572 [JavaFX Application Thread] DEBUG MainWindow           - Window border size: (0.0, 0.0)
15:55:13.572 [JavaFX Application Thread] DEBUG MainWindow           - Scaled size: 1024.0 x 860.0
15:55:13.573 [JavaFX Application Thread] DEBUG MainWindow           - Scaled ratio: (1.0, 1.0)
15:55:13.573 [JavaFX Application Thread] DEBUG MainWindow           - Scene size: 1024.0 x 860.0
15:55:13.573 [JavaFX Application Thread] DEBUG MainWindow           - Stage size: 1024.0 x 860.0
15:55:13.573 [JavaFX Application Thread] DEBUG GameApplication      - Running preInit()
15:55:13.575 [JavaFX Application Thread] DEBUG Input                - Registered new binding: Screenshot - P
15:55:13.575 [JavaFX Application Thread] DEBUG Input                - Registered new binding: Dev Options - CTRL+0
15:55:13.575 [JavaFX Application Thread] DEBUG Input                - Registered new binding: System info dump - CTRL+9
15:55:13.576 [JavaFX Application Thread] DEBUG Input                - Registered new binding: Restart - CTRL+R
15:55:13.576 [JavaFX Application Thread] DEBUG Input                - Registered new binding: Up 1 - W
15:55:13.576 [JavaFX Application Thread] DEBUG Input                - Registered new binding: Down 1 - S
15:55:13.576 [JavaFX Application Thread] DEBUG Input                - Registered new binding: Right 1 - D
15:55:13.576 [JavaFX Application Thread] DEBUG Input                - Registered new binding: Left 1 - A
15:55:13.605 [JavaFX Application Thread] DEBUG GameApplication      - Starting main loop
15:55:13.616 [JavaFX Application Thread] DEBUG StartupState         - STARTUP
15:55:13.616 [JavaFX Application Thread] DEBUG GameApplication      - Starting new game
15:55:13.617 [JavaFX Application Thread] DEBUG Input                - Clearing active input actions
15:55:13.624 [JavaFX Application Thread] DEBUG AppStateMachine      - StartupState -> LoadingState
15:55:13.628 [FXGL Background Thread 1 ] DEBUG InitAppTask          - Clearing previous game
15:55:13.628 [FXGL Background Thread 1 ] DEBUG GameWorld            - Clearing game world
15:55:13.628 [FXGL Background Thread 1 ] DEBUG PhysicsWorld         - Clearing physics world
15:55:13.629 [FXGL Background Thread 1 ] DEBUG GameScene            - Clearing game scene
15:55:13.629 [FXGL Background Thread 1 ] DEBUG InitAppTask          - Initializing Game
15:55:13.634 [FXGL Background Thread 1 ] DEBUG InitAppTask          - Initializing Physics
15:55:13.634 [FXGL Background Thread 1 ] DEBUG InitAppTask          - Initializing UI
15:55:13.634 [FXGL Background Thread 1 ] DEBUG AssetLoader          - Loading from disk: /assets/ui/login.fxml
15:55:13.704 [FXGL Background Thread 1 ] DEBUG InitAppTask          - Initialization Complete
15:55:13.704 [FXGL Background Thread 1 ] INFO  InitAppTask          - Game initialization took: 0.076 sec
15:55:13.744 [JavaFX Application Thread] DEBUG Input                - Clearing active input actions
15:55:13.756 [JavaFX Application Thread] DEBUG AppStateMachine      - LoadingState -> PlayState
15:55:37.504 [JavaFX Application Thread] DEBUG GameApplication      - Exiting game application
15:55:37.505 [JavaFX Application Thread] DEBUG GameApplication      - Shutting down background threads
15:55:37.506 [JavaFX Application Thread] DEBUG GameApplication      - Exiting FXGL
15:55:37.506 [JavaFX Application Thread] DEBUG FXGL                 - Saving FXGL system data
15:55:37.509 [JavaFX Application Thread] DEBUG DesktopFSService     - Writing to: system/fxgl.bundle
15:55:37.514 [JavaFX Application Thread] DEBUG GameApplication      - Closing logger and exiting JavaFX
