23:10:17.554 [JavaFX Application Thread] DEBUG GameApplication      - Logger initialized
23:10:17.562 [JavaFX Application Thread] DEBUG MainWindow           - Creating a JavaFX scene
23:10:17.697 [JavaFX Application Thread] DEBUG MainWindow           - Target settings size: 1024.0 x 860.0
23:10:17.697 [JavaFX Application Thread] DEBUG MainWindow           - Scaled scene size:    1024.0 x 860.0
23:10:17.697 [JavaFX Application Thread] DEBUG MainWindow           - Scaled ratio: (1.0, 1.0)
23:10:17.704 [JavaFX Application Thread] DEBUG GameApplication      - Starting FXGL
23:10:17.709 [JavaFX Application Thread] INFO  FXGL                 - FXGL-0.5.3 on DESKTOP
23:10:17.709 [JavaFX Application Thread] INFO  FXGL                 - Source code and latest versions at: https://github.com/AlmasB/FXGL
23:10:17.710 [JavaFX Application Thread] INFO  FXGL                 -              Join the FXGL chat at: https://gitter.im/AlmasB/FXGL
23:10:17.717 [JavaFX Application Thread] DEBUG FS                   - Loaded DesktopFSService
23:10:17.718 [JavaFX Application Thread] DEBUG FXGL                 - Loading FXGL system data
23:10:17.724 [JavaFX Application Thread] DEBUG DesktopFSService     - Reading from: system/fxgl.bundle
23:10:17.733 [JavaFX Application Thread] DEBUG Bundle               - Logging bundle: FXGL
23:10:17.734 [JavaFX Application Thread] DEBUG Bundle               - FXGL.offline.timer.version.check=2019-01-30T21:02:30.477
23:10:17.758 [JavaFX Application Thread] DEBUG GameApplication      - FXGL started
23:10:17.759 [JavaFX Application Thread] DEBUG GameApplication      - Logging game settings
Title: Basic Game App
Version: 0.0
Width: 1024
Height: 860
Fullscreen: false
Intro: false
Menus: false
Profiling: false
Single step:false
App Mode: DEVELOPER
Menu Key: ESCAPE
Stage Style: DECORATED
Scene Factory: class com.almasb.fxgl.scene.SceneFactory
Dialog Factory: class com.almasb.fxgl.ui.FXGLDialogFactory
UI Factory: class com.almasb.fxgl.ui.FXGLUIFactory
Notification Service: class com.almasb.fxgl.gameplay.notification.XboxNotificationView
Exception Handler: class com.almasb.fxgl.app.FXGLExceptionHandler
23:10:17.759 [JavaFX Application Thread] DEBUG GameApplication      - Configuring GameApplication
23:10:17.760 [JavaFX Application Thread] DEBUG GameApplication      - Initializing state machine and application states
23:10:17.776 [JavaFX Application Thread] DEBUG AssetLoader          - Loading from disk: /assets/ui/cursors/fxgl_default.png
23:10:17.805 [JavaFX Application Thread] DEBUG AssetLoader          - Loading from disk: /assets/ui/cursors/fxgl_default.png
23:10:17.836 [JavaFX Application Thread] DEBUG FXGLAssets           - Loading FXGLAssets
23:10:17.862 [JavaFX Application Thread] DEBUG AssetLoader          - Loading from disk: /assets/ui/fonts/VarelaRound-Regular.ttf
23:10:17.875 [JavaFX Application Thread] DEBUG AssetLoader          - Loading from disk: /assets/ui/fonts/lucida_console.ttf
23:10:17.877 [JavaFX Application Thread] DEBUG AssetLoader          - Loading from disk: /assets/ui/fonts/Courier-Prime.ttf
23:10:17.879 [JavaFX Application Thread] DEBUG AssetLoader          - Loading from disk: /assets/ui/fonts/Abel-Regular.ttf
23:10:17.880 [JavaFX Application Thread] DEBUG AssetLoader          - Loading from disk: /assets/ui/css/fxgl_dark.css
23:10:17.908 [JavaFX Application Thread] DEBUG AssetLoader          - Loading from disk: /assets/ui/cursors/fxgl_default.png
23:10:17.940 [JavaFX Application Thread] DEBUG AssetLoader          - Loading from disk: /assets/ui/cursors/fxgl_default.png
23:10:17.960 [JavaFX Application Thread] DEBUG GameScene            - Game scene initialized: 1024x860
23:10:17.963 [JavaFX Application Thread] DEBUG GameWorld            - Game world initialized
23:10:18.000 [JavaFX Application Thread] DEBUG PhysicsWorld         - Physics world initialized: appHeight=860, physics.ppm=50.0
23:10:18.017 [JavaFX Application Thread] DEBUG Input                - Registered new binding: Pause - Esc
23:10:18.033 [JavaFX Application Thread] DEBUG Input                - Clearing active input actions
23:10:18.077 [JavaFX Application Thread] DEBUG AppStateMachine      - StartupState -> StartupState
23:10:18.081 [JavaFX Application Thread] INFO  GameApplication      - Game configuration took:  0.322 sec
23:10:18.083 [JavaFX Application Thread] DEBUG AssetLoader          - Loading from disk: /assets/textures/fxgl_icon.png
23:10:18.099 [JavaFX Application Thread] DEBUG MainWindow           - Opening main window
23:10:18.186 [JavaFX Application Thread] DEBUG MainWindow           - Window border size: (0.0, 0.0)
23:10:18.186 [JavaFX Application Thread] DEBUG MainWindow           - Scaled size: 1024.0 x 860.0
23:10:18.187 [JavaFX Application Thread] DEBUG MainWindow           - Scaled ratio: (1.0, 1.0)
23:10:18.187 [JavaFX Application Thread] DEBUG MainWindow           - Scene size: 1024.0 x 860.0
23:10:18.187 [JavaFX Application Thread] DEBUG MainWindow           - Stage size: 1024.0 x 860.0
23:10:18.187 [JavaFX Application Thread] DEBUG GameApplication      - Running preInit()
23:10:18.188 [JavaFX Application Thread] DEBUG Input                - Registered new binding: Screenshot - P
23:10:18.189 [JavaFX Application Thread] DEBUG Input                - Registered new binding: Dev Options - CTRL+0
23:10:18.189 [JavaFX Application Thread] DEBUG Input                - Registered new binding: System info dump - CTRL+9
23:10:18.190 [JavaFX Application Thread] DEBUG Input                - Registered new binding: Restart - CTRL+R
23:10:18.215 [JavaFX Application Thread] DEBUG GameApplication      - Starting main loop
23:10:18.232 [JavaFX Application Thread] DEBUG StartupState         - STARTUP
23:10:18.232 [JavaFX Application Thread] DEBUG GameApplication      - Starting new game
23:10:18.232 [JavaFX Application Thread] DEBUG Input                - Clearing active input actions
23:10:18.241 [JavaFX Application Thread] DEBUG AppStateMachine      - StartupState -> LoadingState
23:10:18.246 [FXGL Background Thread 1 ] DEBUG InitAppTask          - Clearing previous game
23:10:18.246 [FXGL Background Thread 1 ] DEBUG GameWorld            - Clearing game world
23:10:18.247 [FXGL Background Thread 1 ] DEBUG PhysicsWorld         - Clearing physics world
23:10:18.247 [FXGL Background Thread 1 ] DEBUG GameScene            - Clearing game scene
23:10:18.248 [FXGL Background Thread 1 ] DEBUG InitAppTask          - Initializing Game
23:10:18.252 [FXGL Background Thread 1 ] DEBUG InitAppTask          - Initializing Physics
23:10:18.253 [FXGL Background Thread 1 ] DEBUG InitAppTask          - Initializing UI
23:10:18.253 [FXGL Background Thread 1 ] DEBUG AssetLoader          - Loading from disk: /assets/ui/login.fxml
23:10:18.321 [FXGL Background Thread 1 ] DEBUG InitAppTask          - Initialization Complete
23:10:18.321 [FXGL Background Thread 1 ] INFO  InitAppTask          - Game initialization took: 0.075 sec
23:10:18.373 [JavaFX Application Thread] DEBUG Input                - Clearing active input actions
23:10:18.383 [JavaFX Application Thread] DEBUG AppStateMachine      - LoadingState -> PlayState
23:10:32.553 [JavaFX Application Thread] DEBUG GameApplication      - Exiting game application
23:10:32.555 [JavaFX Application Thread] DEBUG GameApplication      - Shutting down background threads
23:10:32.555 [JavaFX Application Thread] DEBUG GameApplication      - Exiting FXGL
23:10:32.555 [JavaFX Application Thread] DEBUG FXGL                 - Saving FXGL system data
23:10:32.558 [JavaFX Application Thread] DEBUG DesktopFSService     - Writing to: system/fxgl.bundle
23:10:32.562 [JavaFX Application Thread] DEBUG GameApplication      - Closing logger and exiting JavaFX
