16:32:15.585 [JavaFX Application Thread] DEBUG GameApplication      - Logger initialized
16:32:15.592 [JavaFX Application Thread] DEBUG MainWindow           - Creating a JavaFX scene
16:32:15.734 [JavaFX Application Thread] DEBUG MainWindow           - Target settings size: 860.0 x 600.0
16:32:15.734 [JavaFX Application Thread] DEBUG MainWindow           - Scaled scene size:    860.0 x 600.0
16:32:15.734 [JavaFX Application Thread] DEBUG MainWindow           - Scaled ratio: (1.0, 1.0)
16:32:15.740 [JavaFX Application Thread] DEBUG GameApplication      - Starting FXGL
16:32:15.744 [JavaFX Application Thread] INFO  FXGL                 - FXGL-0.5.3 on DESKTOP
16:32:15.745 [JavaFX Application Thread] INFO  FXGL                 - Source code and latest versions at: https://github.com/AlmasB/FXGL
16:32:15.745 [JavaFX Application Thread] INFO  FXGL                 -              Join the FXGL chat at: https://gitter.im/AlmasB/FXGL
16:32:15.752 [JavaFX Application Thread] DEBUG FS                   - Loaded DesktopFSService
16:32:15.753 [JavaFX Application Thread] DEBUG FXGL                 - Loading FXGL system data
16:32:15.758 [JavaFX Application Thread] DEBUG DesktopFSService     - Reading from: system/fxgl.bundle
16:32:15.765 [JavaFX Application Thread] DEBUG Bundle               - Logging bundle: FXGL
16:32:15.766 [JavaFX Application Thread] DEBUG Bundle               - FXGL.offline.timer.version.check=2019-02-21T16:31:03.317
16:32:15.799 [JavaFX Application Thread] DEBUG GameApplication      - FXGL started
16:32:15.799 [JavaFX Application Thread] DEBUG GameApplication      - Logging game settings
Title: Alpha
Version: 0.0
Width: 860
Height: 600
Fullscreen: false
Intro: false
Menus: false
Profiling: false
Single step:false
App Mode: DEVELOPER
Menu Key: ESCAPE
Stage Style: DECORATED
Scene Factory: class com.almasb.fxgl.scene.SceneFactory
Dialog Factory: class com.almasb.fxgl.ui.FXGLDialogFactory
UI Factory: class com.almasb.fxgl.ui.FXGLUIFactory
Notification Service: class com.almasb.fxgl.gameplay.notification.XboxNotificationView
Exception Handler: class com.almasb.fxgl.app.FXGLExceptionHandler
16:32:15.800 [JavaFX Application Thread] DEBUG GameApplication      - Configuring GameApplication
16:32:15.800 [JavaFX Application Thread] DEBUG GameApplication      - Initializing state machine and application states
16:32:15.816 [JavaFX Application Thread] DEBUG AssetLoader          - Loading from disk: /assets/ui/cursors/fxgl_default.png
16:32:15.841 [JavaFX Application Thread] DEBUG AssetLoader          - Loading from disk: /assets/ui/cursors/fxgl_default.png
16:32:15.872 [JavaFX Application Thread] DEBUG FXGLAssets           - Loading FXGLAssets
16:32:15.895 [JavaFX Application Thread] DEBUG AssetLoader          - Loading from disk: /assets/ui/fonts/VarelaRound-Regular.ttf
16:32:15.908 [JavaFX Application Thread] DEBUG AssetLoader          - Loading from disk: /assets/ui/fonts/lucida_console.ttf
16:32:15.911 [JavaFX Application Thread] DEBUG AssetLoader          - Loading from disk: /assets/ui/fonts/Courier-Prime.ttf
16:32:15.913 [JavaFX Application Thread] DEBUG AssetLoader          - Loading from disk: /assets/ui/fonts/Abel-Regular.ttf
16:32:15.915 [JavaFX Application Thread] DEBUG AssetLoader          - Loading from disk: /assets/ui/css/fxgl_dark.css
16:32:15.945 [JavaFX Application Thread] DEBUG AssetLoader          - Loading from disk: /assets/ui/cursors/fxgl_default.png
16:32:15.980 [JavaFX Application Thread] DEBUG AssetLoader          - Loading from disk: /assets/ui/cursors/fxgl_default.png
16:32:16.002 [JavaFX Application Thread] DEBUG GameScene            - Game scene initialized: 860x600
16:32:16.005 [JavaFX Application Thread] DEBUG GameWorld            - Game world initialized
16:32:16.044 [JavaFX Application Thread] DEBUG PhysicsWorld         - Physics world initialized: appHeight=600, physics.ppm=50.0
16:32:16.061 [JavaFX Application Thread] DEBUG Input                - Registered new binding: Pause - Esc
16:32:16.077 [JavaFX Application Thread] DEBUG Input                - Clearing active input actions
16:32:16.117 [JavaFX Application Thread] DEBUG AppStateMachine      - StartupState -> StartupState
16:32:16.120 [JavaFX Application Thread] INFO  GameApplication      - Game configuration took:  0.320 sec
16:32:16.122 [JavaFX Application Thread] DEBUG AssetLoader          - Loading from disk: /assets/textures/fxgl_icon.png
16:32:16.137 [JavaFX Application Thread] DEBUG MainWindow           - Opening main window
16:32:16.206 [JavaFX Application Thread] DEBUG MainWindow           - Window border size: (0.0, 0.0)
16:32:16.206 [JavaFX Application Thread] DEBUG MainWindow           - Scaled size: 860.0 x 600.0
16:32:16.207 [JavaFX Application Thread] DEBUG MainWindow           - Scaled ratio: (1.0, 1.0)
16:32:16.207 [JavaFX Application Thread] DEBUG MainWindow           - Scene size: 860.0 x 600.0
16:32:16.207 [JavaFX Application Thread] DEBUG MainWindow           - Stage size: 860.0 x 600.0
16:32:16.207 [JavaFX Application Thread] DEBUG GameApplication      - Running preInit()
16:32:16.209 [JavaFX Application Thread] DEBUG Input                - Registered new binding: Screenshot - P
16:32:16.210 [JavaFX Application Thread] DEBUG Input                - Registered new binding: Dev Options - CTRL+0
16:32:16.210 [JavaFX Application Thread] DEBUG Input                - Registered new binding: System info dump - CTRL+9
16:32:16.211 [JavaFX Application Thread] DEBUG Input                - Registered new binding: Restart - CTRL+R
16:32:16.211 [JavaFX Application Thread] DEBUG Input                - Registered new binding: Up 1 - W
16:32:16.211 [JavaFX Application Thread] DEBUG Input                - Registered new binding: Down 1 - S
16:32:16.212 [JavaFX Application Thread] DEBUG Input                - Registered new binding: Right 1 - D
16:32:16.212 [JavaFX Application Thread] DEBUG Input                - Registered new binding: Left 1 - A
16:32:16.212 [JavaFX Application Thread] DEBUG Input                - Registered new binding: Tab - Tab
16:32:16.247 [JavaFX Application Thread] DEBUG GameApplication      - Starting main loop
16:32:16.264 [JavaFX Application Thread] DEBUG StartupState         - STARTUP
16:32:16.264 [JavaFX Application Thread] DEBUG GameApplication      - Starting new game
16:32:16.264 [JavaFX Application Thread] DEBUG Input                - Clearing active input actions
16:32:16.275 [JavaFX Application Thread] DEBUG AppStateMachine      - StartupState -> LoadingState
16:32:16.280 [FXGL Background Thread 1 ] DEBUG InitAppTask          - Clearing previous game
16:32:16.280 [FXGL Background Thread 1 ] DEBUG GameWorld            - Clearing game world
16:32:16.280 [FXGL Background Thread 1 ] DEBUG PhysicsWorld         - Clearing physics world
16:32:16.281 [FXGL Background Thread 1 ] DEBUG GameScene            - Clearing game scene
16:32:16.282 [FXGL Background Thread 1 ] DEBUG InitAppTask          - Initializing Game
16:32:16.286 [FXGL Background Thread 1 ] DEBUG InitAppTask          - Initializing Physics
16:32:16.287 [FXGL Background Thread 1 ] DEBUG InitAppTask          - Initializing UI
16:32:16.287 [FXGL Background Thread 1 ] DEBUG AssetLoader          - Loading from disk: /assets/ui/login.fxml
16:32:17.351 [FXGL Background Thread 1 ] DEBUG AssetLoader          - Loading from disk: /assets/ui/mainpanel.fxml
16:32:17.372 [FXGL Background Thread 1 ] DEBUG AssetLoader          - Loading from disk: /assets/textures/ui/box.png
16:32:17.375 [FXGL Background Thread 1 ] DEBUG AssetLoader          - Loading from cache: /assets/textures/ui/box.png
16:32:17.375 [FXGL Background Thread 1 ] DEBUG AssetLoader          - Loading from cache: /assets/textures/ui/box.png
16:32:17.375 [FXGL Background Thread 1 ] DEBUG AssetLoader          - Loading from cache: /assets/textures/ui/box.png
16:32:17.375 [FXGL Background Thread 1 ] DEBUG AssetLoader          - Loading from cache: /assets/textures/ui/box.png
16:32:17.376 [FXGL Background Thread 1 ] DEBUG AssetLoader          - Loading from cache: /assets/textures/ui/box.png
16:32:17.376 [FXGL Background Thread 1 ] DEBUG AssetLoader          - Loading from cache: /assets/textures/ui/box.png
16:32:17.376 [FXGL Background Thread 1 ] DEBUG AssetLoader          - Loading from cache: /assets/textures/ui/box.png
16:32:17.376 [FXGL Background Thread 1 ] FATAL AssetLoader          - Loading failed for asset: mainpanel.fxml. Cause: 16
16:32:17.377 [JavaFX Application Thread] FATAL GameApplication      - Uncaught Exception:

Fatal exception occurred: java.lang.IllegalArgumentException : Failed to load asset: mainpanel.fxml. Cause: 16
E: com.almasb.fxgl.asset.AssetLoader.loadFailed(AssetLoader.kt:737)
E: com.almasb.fxgl.asset.AssetLoader.loadUI(AssetLoader.kt:479)
E: client.Screen.initUI(Screen.java:62)
E: com.almasb.fxgl.app.LoadingState$InitAppTask.initUI(AppStates.kt:175)
E: com.almasb.fxgl.app.LoadingState$InitAppTask.call(AppStates.kt:137)
E: com.almasb.fxgl.app.LoadingState$InitAppTask.call(AppStates.kt:124)
E: javafx.concurrent.Task$TaskCallable.call(Task.java:1423)
E: java.util.concurrent.FutureTask.run(FutureTask.java:266)
E: java.util.concurrent.Executors$RunnableAdapter.call(Executors.java:511)
E: java.util.concurrent.FutureTask.run(FutureTask.java:266)
E: java.util.concurrent.ThreadPoolExecutor.runWorker(ThreadPoolExecutor.java:1149)
E: java.util.concurrent.ThreadPoolExecutor$Worker.run(ThreadPoolExecutor.java:624)
E: java.lang.Thread.run(Thread.java:748)

16:32:17.377 [JavaFX Application Thread] FATAL GameApplication      - Application will now exit
16:32:17.378 [JavaFX Application Thread] DEBUG GameApplication      - Stopping main loop
16:32:19.295 [JavaFX Application Thread] DEBUG GameApplication      - Exiting game application
16:32:19.296 [JavaFX Application Thread] DEBUG GameApplication      - Shutting down background threads
16:32:19.297 [JavaFX Application Thread] DEBUG GameApplication      - Exiting FXGL
16:32:19.297 [JavaFX Application Thread] DEBUG FXGL                 - Saving FXGL system data
16:32:19.299 [JavaFX Application Thread] DEBUG DesktopFSService     - Writing to: system/fxgl.bundle
16:32:19.302 [JavaFX Application Thread] DEBUG GameApplication      - Closing logger and exiting JavaFX
