22:14:02.851 [JavaFX Application Thread] DEBUG GameApplication      - Logger initialized
22:14:02.859 [JavaFX Application Thread] DEBUG MainWindow           - Creating a JavaFX scene
22:14:02.987 [JavaFX Application Thread] DEBUG MainWindow           - Target settings size: 860.0 x 600.0
22:14:02.987 [JavaFX Application Thread] DEBUG MainWindow           - Scaled scene size:    860.0 x 600.0
22:14:02.987 [JavaFX Application Thread] DEBUG MainWindow           - Scaled ratio: (1.0, 1.0)
22:14:02.993 [JavaFX Application Thread] DEBUG GameApplication      - Starting FXGL
22:14:02.996 [JavaFX Application Thread] INFO  FXGL                 - FXGL-0.5.3 on DESKTOP
22:14:02.996 [JavaFX Application Thread] INFO  FXGL                 - Source code and latest versions at: https://github.com/AlmasB/FXGL
22:14:02.996 [JavaFX Application Thread] INFO  FXGL                 -              Join the FXGL chat at: https://gitter.im/AlmasB/FXGL
22:14:03.002 [JavaFX Application Thread] DEBUG FS                   - Loaded DesktopFSService
22:14:03.003 [JavaFX Application Thread] DEBUG FXGL                 - Loading FXGL system data
22:14:03.008 [JavaFX Application Thread] DEBUG DesktopFSService     - Reading from: system/fxgl.bundle
22:14:03.015 [JavaFX Application Thread] DEBUG Bundle               - Logging bundle: FXGL
22:14:03.016 [JavaFX Application Thread] DEBUG Bundle               - FXGL.offline.timer.version.check=2019-02-14T00:36:59.438
22:14:03.047 [JavaFX Application Thread] DEBUG GameApplication      - FXGL started
22:14:03.047 [JavaFX Application Thread] DEBUG GameApplication      - Logging game settings
Title: Alpha
Version: 0.0
Width: 860
Height: 600
Fullscreen: false
Intro: false
Menus: false
Profiling: false
Single step:false
App Mode: DEVELOPER
Menu Key: ESCAPE
Stage Style: DECORATED
Scene Factory: class com.almasb.fxgl.scene.SceneFactory
Dialog Factory: class com.almasb.fxgl.ui.FXGLDialogFactory
UI Factory: class com.almasb.fxgl.ui.FXGLUIFactory
Notification Service: class com.almasb.fxgl.gameplay.notification.XboxNotificationView
Exception Handler: class com.almasb.fxgl.app.FXGLExceptionHandler
22:14:03.048 [JavaFX Application Thread] DEBUG GameApplication      - Configuring GameApplication
22:14:03.048 [JavaFX Application Thread] DEBUG GameApplication      - Initializing state machine and application states
22:14:03.061 [JavaFX Application Thread] DEBUG AssetLoader          - Loading from disk: /assets/ui/cursors/fxgl_default.png
22:14:03.085 [JavaFX Application Thread] DEBUG AssetLoader          - Loading from disk: /assets/ui/cursors/fxgl_default.png
22:14:03.113 [JavaFX Application Thread] DEBUG FXGLAssets           - Loading FXGLAssets
22:14:03.136 [JavaFX Application Thread] DEBUG AssetLoader          - Loading from disk: /assets/ui/fonts/VarelaRound-Regular.ttf
22:14:03.149 [JavaFX Application Thread] DEBUG AssetLoader          - Loading from disk: /assets/ui/fonts/lucida_console.ttf
22:14:03.151 [JavaFX Application Thread] DEBUG AssetLoader          - Loading from disk: /assets/ui/fonts/Courier-Prime.ttf
22:14:03.153 [JavaFX Application Thread] DEBUG AssetLoader          - Loading from disk: /assets/ui/fonts/Abel-Regular.ttf
22:14:03.154 [JavaFX Application Thread] DEBUG AssetLoader          - Loading from disk: /assets/ui/css/fxgl_dark.css
22:14:03.182 [JavaFX Application Thread] DEBUG AssetLoader          - Loading from disk: /assets/ui/cursors/fxgl_default.png
22:14:03.215 [JavaFX Application Thread] DEBUG AssetLoader          - Loading from disk: /assets/ui/cursors/fxgl_default.png
22:14:03.235 [JavaFX Application Thread] DEBUG GameScene            - Game scene initialized: 860x600
22:14:03.238 [JavaFX Application Thread] DEBUG GameWorld            - Game world initialized
22:14:03.277 [JavaFX Application Thread] DEBUG PhysicsWorld         - Physics world initialized: appHeight=600, physics.ppm=50.0
22:14:03.293 [JavaFX Application Thread] DEBUG Input                - Registered new binding: Pause - Esc
22:14:03.309 [JavaFX Application Thread] DEBUG Input                - Clearing active input actions
22:14:03.349 [JavaFX Application Thread] DEBUG AppStateMachine      - StartupState -> StartupState
22:14:03.352 [JavaFX Application Thread] INFO  GameApplication      - Game configuration took:  0.304 sec
22:14:03.354 [JavaFX Application Thread] DEBUG AssetLoader          - Loading from disk: /assets/textures/fxgl_icon.png
22:14:03.370 [JavaFX Application Thread] DEBUG MainWindow           - Opening main window
22:14:03.435 [JavaFX Application Thread] DEBUG MainWindow           - Window border size: (0.0, 0.0)
22:14:03.435 [JavaFX Application Thread] DEBUG MainWindow           - Scaled size: 860.0 x 600.0
22:14:03.435 [JavaFX Application Thread] DEBUG MainWindow           - Scaled ratio: (1.0, 1.0)
22:14:03.435 [JavaFX Application Thread] DEBUG MainWindow           - Scene size: 860.0 x 600.0
22:14:03.436 [JavaFX Application Thread] DEBUG MainWindow           - Stage size: 860.0 x 600.0
22:14:03.436 [JavaFX Application Thread] DEBUG GameApplication      - Running preInit()
22:14:03.437 [JavaFX Application Thread] DEBUG Input                - Registered new binding: Screenshot - P
22:14:03.438 [JavaFX Application Thread] DEBUG Input                - Registered new binding: Dev Options - CTRL+0
22:14:03.438 [JavaFX Application Thread] DEBUG Input                - Registered new binding: System info dump - CTRL+9
22:14:03.439 [JavaFX Application Thread] DEBUG Input                - Registered new binding: Restart - CTRL+R
22:14:03.439 [JavaFX Application Thread] DEBUG Input                - Registered new binding: Up 1 - W
22:14:03.439 [JavaFX Application Thread] DEBUG Input                - Registered new binding: Down 1 - S
22:14:03.439 [JavaFX Application Thread] DEBUG Input                - Registered new binding: Right 1 - D
22:14:03.439 [JavaFX Application Thread] DEBUG Input                - Registered new binding: Left 1 - A
22:14:03.440 [JavaFX Application Thread] DEBUG Input                - Registered new binding: Tab - Tab
22:14:03.468 [JavaFX Application Thread] DEBUG GameApplication      - Starting main loop
22:14:03.478 [JavaFX Application Thread] DEBUG StartupState         - STARTUP
22:14:03.478 [JavaFX Application Thread] DEBUG GameApplication      - Starting new game
22:14:03.478 [JavaFX Application Thread] DEBUG Input                - Clearing active input actions
22:14:03.485 [JavaFX Application Thread] DEBUG AppStateMachine      - StartupState -> LoadingState
22:14:03.489 [FXGL Background Thread 1 ] DEBUG InitAppTask          - Clearing previous game
22:14:03.489 [FXGL Background Thread 1 ] DEBUG GameWorld            - Clearing game world
22:14:03.490 [FXGL Background Thread 1 ] DEBUG PhysicsWorld         - Clearing physics world
22:14:03.490 [FXGL Background Thread 1 ] DEBUG GameScene            - Clearing game scene
22:14:03.492 [FXGL Background Thread 1 ] DEBUG InitAppTask          - Initializing Game
22:14:03.497 [FXGL Background Thread 1 ] DEBUG InitAppTask          - Initializing Physics
22:14:03.498 [FXGL Background Thread 1 ] DEBUG InitAppTask          - Initializing UI
22:14:03.498 [FXGL Background Thread 1 ] DEBUG AssetLoader          - Loading from disk: /assets/ui/login.fxml
22:14:04.578 [FXGL Background Thread 1 ] DEBUG AssetLoader          - Loading from disk: /assets/ui/mainpanel.fxml
22:14:04.600 [FXGL Background Thread 1 ] DEBUG AssetLoader          - Loading from disk: /assets/textures/ui/box.png
22:14:04.603 [FXGL Background Thread 1 ] DEBUG AssetLoader          - Loading from cache: /assets/textures/ui/box.png
22:14:04.603 [FXGL Background Thread 1 ] DEBUG AssetLoader          - Loading from cache: /assets/textures/ui/box.png
22:14:04.603 [FXGL Background Thread 1 ] DEBUG AssetLoader          - Loading from cache: /assets/textures/ui/box.png
22:14:04.603 [FXGL Background Thread 1 ] DEBUG AssetLoader          - Loading from cache: /assets/textures/ui/box.png
22:14:04.603 [FXGL Background Thread 1 ] DEBUG AssetLoader          - Loading from cache: /assets/textures/ui/box.png
22:14:04.604 [FXGL Background Thread 1 ] DEBUG AssetLoader          - Loading from cache: /assets/textures/ui/box.png
22:14:04.604 [FXGL Background Thread 1 ] DEBUG AssetLoader          - Loading from cache: /assets/textures/ui/box.png
22:14:04.604 [FXGL Background Thread 1 ] DEBUG AssetLoader          - Loading from cache: /assets/textures/ui/box.png
22:14:04.604 [FXGL Background Thread 1 ] DEBUG AssetLoader          - Loading from cache: /assets/textures/ui/box.png
22:14:04.604 [FXGL Background Thread 1 ] DEBUG AssetLoader          - Loading from cache: /assets/textures/ui/box.png
22:14:04.605 [FXGL Background Thread 1 ] DEBUG AssetLoader          - Loading from cache: /assets/textures/ui/box.png
22:14:04.605 [FXGL Background Thread 1 ] DEBUG AssetLoader          - Loading from cache: /assets/textures/ui/box.png
22:14:04.605 [FXGL Background Thread 1 ] DEBUG AssetLoader          - Loading from cache: /assets/textures/ui/box.png
22:14:04.605 [FXGL Background Thread 1 ] DEBUG AssetLoader          - Loading from cache: /assets/textures/ui/box.png
22:14:04.605 [FXGL Background Thread 1 ] DEBUG AssetLoader          - Loading from cache: /assets/textures/ui/box.png
22:14:04.606 [FXGL Background Thread 1 ] DEBUG InitAppTask          - Initialization Complete
22:14:04.606 [FXGL Background Thread 1 ] INFO  InitAppTask          - Game initialization took: 1.116 sec
22:14:04.611 [JavaFX Application Thread] DEBUG Input                - Clearing active input actions
22:14:04.627 [JavaFX Application Thread] DEBUG AppStateMachine      - LoadingState -> PlayState
22:14:10.897 [JavaFX Application Thread] DEBUG GameApplication      - Exiting game application
22:14:10.898 [JavaFX Application Thread] DEBUG GameApplication      - Shutting down background threads
22:14:10.899 [JavaFX Application Thread] DEBUG GameApplication      - Exiting FXGL
22:14:10.900 [JavaFX Application Thread] DEBUG FXGL                 - Saving FXGL system data
22:14:10.903 [JavaFX Application Thread] DEBUG DesktopFSService     - Writing to: system/fxgl.bundle
22:14:10.908 [JavaFX Application Thread] DEBUG GameApplication      - Closing logger and exiting JavaFX
