13:13:54.282 [JavaFX Application Thread] DEBUG GameApplication      - Logger initialized
13:13:54.289 [JavaFX Application Thread] DEBUG MainWindow           - Creating a JavaFX scene
13:13:54.419 [JavaFX Application Thread] DEBUG MainWindow           - Target settings size: 860.0 x 600.0
13:13:54.420 [JavaFX Application Thread] DEBUG MainWindow           - Scaled scene size:    860.0 x 600.0
13:13:54.420 [JavaFX Application Thread] DEBUG MainWindow           - Scaled ratio: (1.0, 1.0)
13:13:54.426 [JavaFX Application Thread] DEBUG GameApplication      - Starting FXGL
13:13:54.432 [JavaFX Application Thread] INFO  FXGL                 - FXGL-0.5.3 on DESKTOP
13:13:54.433 [JavaFX Application Thread] INFO  FXGL                 - Source code and latest versions at: https://github.com/AlmasB/FXGL
13:13:54.433 [JavaFX Application Thread] INFO  FXGL                 -              Join the FXGL chat at: https://gitter.im/AlmasB/FXGL
13:13:54.442 [JavaFX Application Thread] DEBUG FS                   - Loaded DesktopFSService
13:13:54.442 [JavaFX Application Thread] DEBUG FXGL                 - Loading FXGL system data
13:13:54.450 [JavaFX Application Thread] DEBUG DesktopFSService     - Reading from: system/fxgl.bundle
13:13:54.457 [JavaFX Application Thread] DEBUG Bundle               - Logging bundle: FXGL
13:13:54.457 [JavaFX Application Thread] DEBUG Bundle               - FXGL.offline.timer.version.check=2019-02-21T16:31:03.317
13:13:54.487 [JavaFX Application Thread] DEBUG GameApplication      - FXGL started
13:13:54.487 [JavaFX Application Thread] DEBUG GameApplication      - Logging game settings
Title: Alpha
Version: 0.0
Width: 860
Height: 600
Fullscreen: false
Intro: false
Menus: false
Profiling: false
Single step:false
App Mode: DEVELOPER
Menu Key: ESCAPE
Stage Style: DECORATED
Scene Factory: class com.almasb.fxgl.scene.SceneFactory
Dialog Factory: class com.almasb.fxgl.ui.FXGLDialogFactory
UI Factory: class com.almasb.fxgl.ui.FXGLUIFactory
Notification Service: class com.almasb.fxgl.gameplay.notification.XboxNotificationView
Exception Handler: class com.almasb.fxgl.app.FXGLExceptionHandler
13:13:54.488 [JavaFX Application Thread] DEBUG GameApplication      - Configuring GameApplication
13:13:54.488 [JavaFX Application Thread] DEBUG GameApplication      - Initializing state machine and application states
13:13:54.501 [JavaFX Application Thread] DEBUG AssetLoader          - Loading from disk: /assets/ui/cursors/fxgl_default.png
13:13:54.525 [JavaFX Application Thread] DEBUG AssetLoader          - Loading from disk: /assets/ui/cursors/fxgl_default.png
13:13:54.555 [JavaFX Application Thread] DEBUG FXGLAssets           - Loading FXGLAssets
13:13:54.580 [JavaFX Application Thread] DEBUG AssetLoader          - Loading from disk: /assets/ui/fonts/VarelaRound-Regular.ttf
13:13:54.592 [JavaFX Application Thread] DEBUG AssetLoader          - Loading from disk: /assets/ui/fonts/lucida_console.ttf
13:13:54.594 [JavaFX Application Thread] DEBUG AssetLoader          - Loading from disk: /assets/ui/fonts/Courier-Prime.ttf
13:13:54.596 [JavaFX Application Thread] DEBUG AssetLoader          - Loading from disk: /assets/ui/fonts/Abel-Regular.ttf
13:13:54.598 [JavaFX Application Thread] DEBUG AssetLoader          - Loading from disk: /assets/ui/css/fxgl_dark.css
13:13:54.626 [JavaFX Application Thread] DEBUG AssetLoader          - Loading from disk: /assets/ui/cursors/fxgl_default.png
13:13:54.659 [JavaFX Application Thread] DEBUG AssetLoader          - Loading from disk: /assets/ui/cursors/fxgl_default.png
13:13:54.680 [JavaFX Application Thread] DEBUG GameScene            - Game scene initialized: 860x600
13:13:54.683 [JavaFX Application Thread] DEBUG GameWorld            - Game world initialized
13:13:54.722 [JavaFX Application Thread] DEBUG PhysicsWorld         - Physics world initialized: appHeight=600, physics.ppm=50.0
13:13:54.738 [JavaFX Application Thread] DEBUG Input                - Registered new binding: Pause - Esc
13:13:54.754 [JavaFX Application Thread] DEBUG Input                - Clearing active input actions
13:13:54.795 [JavaFX Application Thread] DEBUG AppStateMachine      - StartupState -> StartupState
13:13:54.799 [JavaFX Application Thread] INFO  GameApplication      - Game configuration took:  0.310 sec
13:13:54.800 [JavaFX Application Thread] DEBUG AssetLoader          - Loading from disk: /assets/textures/fxgl_icon.png
13:13:54.817 [JavaFX Application Thread] DEBUG MainWindow           - Opening main window
13:13:54.881 [JavaFX Application Thread] DEBUG MainWindow           - Window border size: (0.0, 0.0)
13:13:54.882 [JavaFX Application Thread] DEBUG MainWindow           - Scaled size: 860.0 x 600.0
13:13:54.882 [JavaFX Application Thread] DEBUG MainWindow           - Scaled ratio: (1.0, 1.0)
13:13:54.882 [JavaFX Application Thread] DEBUG MainWindow           - Scene size: 860.0 x 600.0
13:13:54.882 [JavaFX Application Thread] DEBUG MainWindow           - Stage size: 860.0 x 600.0
13:13:54.882 [JavaFX Application Thread] DEBUG GameApplication      - Running preInit()
13:13:54.884 [JavaFX Application Thread] DEBUG Input                - Registered new binding: Screenshot - P
13:13:54.885 [JavaFX Application Thread] DEBUG Input                - Registered new binding: Dev Options - CTRL+0
13:13:54.885 [JavaFX Application Thread] DEBUG Input                - Registered new binding: System info dump - CTRL+9
13:13:54.886 [JavaFX Application Thread] DEBUG Input                - Registered new binding: Restart - CTRL+R
13:13:54.886 [JavaFX Application Thread] DEBUG Input                - Registered new binding: Up 1 - W
13:13:54.886 [JavaFX Application Thread] DEBUG Input                - Registered new binding: Down 1 - S
13:13:54.887 [JavaFX Application Thread] DEBUG Input                - Registered new binding: Right 1 - D
13:13:54.887 [JavaFX Application Thread] DEBUG Input                - Registered new binding: Left 1 - A
13:13:54.888 [JavaFX Application Thread] DEBUG Input                - Registered new binding: Click - LMB
13:13:54.888 [JavaFX Application Thread] DEBUG Input                - Registered new binding: Tab - Tab
13:13:54.926 [JavaFX Application Thread] DEBUG GameApplication      - Starting main loop
13:13:54.941 [JavaFX Application Thread] DEBUG StartupState         - STARTUP
13:13:54.941 [JavaFX Application Thread] DEBUG GameApplication      - Starting new game
13:13:54.941 [JavaFX Application Thread] DEBUG Input                - Clearing active input actions
13:13:54.948 [JavaFX Application Thread] DEBUG AppStateMachine      - StartupState -> LoadingState
13:13:54.953 [FXGL Background Thread 1 ] DEBUG InitAppTask          - Clearing previous game
13:13:54.953 [FXGL Background Thread 1 ] DEBUG GameWorld            - Clearing game world
13:13:54.953 [FXGL Background Thread 1 ] DEBUG PhysicsWorld         - Clearing physics world
13:13:54.953 [FXGL Background Thread 1 ] DEBUG GameScene            - Clearing game scene
13:13:54.954 [FXGL Background Thread 1 ] DEBUG InitAppTask          - Initializing Game
13:13:54.958 [FXGL Background Thread 1 ] DEBUG InitAppTask          - Initializing Physics
13:13:54.960 [FXGL Background Thread 1 ] DEBUG InitAppTask          - Initializing UI
13:13:54.960 [FXGL Background Thread 1 ] DEBUG AssetLoader          - Loading from disk: /assets/ui/login.fxml
13:13:56.014 [FXGL Background Thread 1 ] DEBUG AssetLoader          - Loading from disk: /assets/textures/ui/box.png
13:13:56.016 [FXGL Background Thread 1 ] DEBUG AssetLoader          - Loading from disk: /assets/ui/mainpanel.fxml
13:13:56.049 [FXGL Background Thread 1 ] DEBUG InitAppTask          - Initialization Complete
13:13:56.049 [FXGL Background Thread 1 ] INFO  InitAppTask          - Game initialization took: 1.096 sec
13:13:56.058 [JavaFX Application Thread] DEBUG Input                - Clearing active input actions
13:13:56.072 [JavaFX Application Thread] DEBUG AppStateMachine      - LoadingState -> PlayState
13:13:56.645 [JavaFX Application Thread] DEBUG GameApplication      - Exiting game application
13:13:56.646 [JavaFX Application Thread] DEBUG GameApplication      - Shutting down background threads
13:13:56.647 [JavaFX Application Thread] DEBUG GameApplication      - Exiting FXGL
13:13:56.647 [JavaFX Application Thread] DEBUG FXGL                 - Saving FXGL system data
13:13:56.650 [JavaFX Application Thread] DEBUG DesktopFSService     - Writing to: system/fxgl.bundle
13:13:56.654 [JavaFX Application Thread] DEBUG GameApplication      - Closing logger and exiting JavaFX
