17:15:41.443 [JavaFX Application Thread] DEBUG GameApplication      - Logger initialized
17:15:41.450 [JavaFX Application Thread] DEBUG MainWindow           - Creating a JavaFX scene
17:15:41.597 [JavaFX Application Thread] DEBUG MainWindow           - Target settings size: 1024.0 x 860.0
17:15:41.597 [JavaFX Application Thread] DEBUG MainWindow           - Scaled scene size:    1024.0 x 860.0
17:15:41.598 [JavaFX Application Thread] DEBUG MainWindow           - Scaled ratio: (1.0, 1.0)
17:15:41.604 [JavaFX Application Thread] DEBUG GameApplication      - Starting FXGL
17:15:41.609 [JavaFX Application Thread] INFO  FXGL                 - FXGL-0.5.3 on DESKTOP
17:15:41.609 [JavaFX Application Thread] INFO  FXGL                 - Source code and latest versions at: https://github.com/AlmasB/FXGL
17:15:41.610 [JavaFX Application Thread] INFO  FXGL                 -              Join the FXGL chat at: https://gitter.im/AlmasB/FXGL
17:15:41.617 [JavaFX Application Thread] DEBUG FS                   - Loaded DesktopFSService
17:15:41.618 [JavaFX Application Thread] DEBUG FXGL                 - Loading FXGL system data
17:15:41.625 [JavaFX Application Thread] DEBUG DesktopFSService     - Reading from: system/fxgl.bundle
17:15:41.638 [JavaFX Application Thread] DEBUG Bundle               - Logging bundle: FXGL
17:15:41.638 [JavaFX Application Thread] DEBUG Bundle               - FXGL.offline.timer.version.check=2019-01-23T12:24:56.214
17:15:41.663 [JavaFX Application Thread] DEBUG GameApplication      - FXGL started
17:15:41.663 [JavaFX Application Thread] DEBUG GameApplication      - Logging game settings
Title: Basic Game App
Version: 0.0
Width: 1024
Height: 860
Fullscreen: false
Intro: false
Menus: false
Profiling: false
Single step:false
App Mode: DEVELOPER
Menu Key: ESCAPE
Stage Style: DECORATED
Scene Factory: class com.almasb.fxgl.scene.SceneFactory
Dialog Factory: class com.almasb.fxgl.ui.FXGLDialogFactory
UI Factory: class com.almasb.fxgl.ui.FXGLUIFactory
Notification Service: class com.almasb.fxgl.gameplay.notification.XboxNotificationView
Exception Handler: class com.almasb.fxgl.app.FXGLExceptionHandler
17:15:41.664 [JavaFX Application Thread] DEBUG GameApplication      - Configuring GameApplication
17:15:41.665 [JavaFX Application Thread] DEBUG GameApplication      - Initializing state machine and application states
17:15:41.689 [JavaFX Application Thread] DEBUG AssetLoader          - Loading from disk: /assets/ui/cursors/fxgl_default.png
17:15:41.712 [JavaFX Application Thread] DEBUG AssetLoader          - Loading from disk: /assets/ui/cursors/fxgl_default.png
17:15:41.744 [JavaFX Application Thread] DEBUG FXGLAssets           - Loading FXGLAssets
17:15:41.772 [JavaFX Application Thread] DEBUG AssetLoader          - Loading from disk: /assets/ui/fonts/VarelaRound-Regular.ttf
17:15:41.785 [JavaFX Application Thread] DEBUG AssetLoader          - Loading from disk: /assets/ui/fonts/lucida_console.ttf
17:15:41.787 [JavaFX Application Thread] DEBUG AssetLoader          - Loading from disk: /assets/ui/fonts/Courier-Prime.ttf
17:15:41.789 [JavaFX Application Thread] DEBUG AssetLoader          - Loading from disk: /assets/ui/fonts/Abel-Regular.ttf
17:15:41.791 [JavaFX Application Thread] DEBUG AssetLoader          - Loading from disk: /assets/ui/css/fxgl_dark.css
17:15:41.821 [JavaFX Application Thread] DEBUG AssetLoader          - Loading from disk: /assets/ui/cursors/fxgl_default.png
17:15:41.855 [JavaFX Application Thread] DEBUG AssetLoader          - Loading from disk: /assets/ui/cursors/fxgl_default.png
17:15:41.877 [JavaFX Application Thread] DEBUG GameScene            - Game scene initialized: 1024x860
17:15:41.880 [JavaFX Application Thread] DEBUG GameWorld            - Game world initialized
17:15:41.918 [JavaFX Application Thread] DEBUG PhysicsWorld         - Physics world initialized: appHeight=860, physics.ppm=50.0
17:15:41.935 [JavaFX Application Thread] DEBUG Input                - Registered new binding: Pause - Esc
17:15:41.952 [JavaFX Application Thread] DEBUG Input                - Clearing active input actions
17:15:42.002 [JavaFX Application Thread] DEBUG AppStateMachine      - StartupState -> StartupState
17:15:42.007 [JavaFX Application Thread] INFO  GameApplication      - Game configuration took:  0.342 sec
17:15:42.009 [JavaFX Application Thread] DEBUG AssetLoader          - Loading from disk: /assets/textures/fxgl_icon.png
17:15:42.025 [JavaFX Application Thread] DEBUG MainWindow           - Opening main window
17:15:42.092 [JavaFX Application Thread] DEBUG MainWindow           - Window border size: (0.0, 0.0)
17:15:42.092 [JavaFX Application Thread] DEBUG MainWindow           - Scaled size: 1024.0 x 860.0
17:15:42.093 [JavaFX Application Thread] DEBUG MainWindow           - Scaled ratio: (1.0, 1.0)
17:15:42.093 [JavaFX Application Thread] DEBUG MainWindow           - Scene size: 1024.0 x 860.0
17:15:42.093 [JavaFX Application Thread] DEBUG MainWindow           - Stage size: 1024.0 x 860.0
17:15:42.093 [JavaFX Application Thread] DEBUG GameApplication      - Running preInit()
17:15:42.095 [JavaFX Application Thread] DEBUG Input                - Registered new binding: Screenshot - P
17:15:42.095 [JavaFX Application Thread] DEBUG Input                - Registered new binding: Dev Options - CTRL+0
17:15:42.096 [JavaFX Application Thread] DEBUG Input                - Registered new binding: System info dump - CTRL+9
17:15:42.096 [JavaFX Application Thread] DEBUG Input                - Registered new binding: Restart - CTRL+R
17:15:42.096 [JavaFX Application Thread] DEBUG Input                - Registered new binding: Up 1 - W
17:15:42.097 [JavaFX Application Thread] DEBUG Input                - Registered new binding: Down 1 - S
17:15:42.097 [JavaFX Application Thread] DEBUG Input                - Registered new binding: Right 1 - D
17:15:42.097 [JavaFX Application Thread] DEBUG Input                - Registered new binding: Left 1 - A
17:15:42.124 [JavaFX Application Thread] DEBUG GameApplication      - Starting main loop
17:15:42.133 [JavaFX Application Thread] DEBUG StartupState         - STARTUP
17:15:42.133 [JavaFX Application Thread] DEBUG GameApplication      - Starting new game
17:15:42.133 [JavaFX Application Thread] DEBUG Input                - Clearing active input actions
17:15:42.142 [JavaFX Application Thread] DEBUG AppStateMachine      - StartupState -> LoadingState
17:15:42.147 [FXGL Background Thread 1 ] DEBUG InitAppTask          - Clearing previous game
17:15:42.147 [FXGL Background Thread 1 ] DEBUG GameWorld            - Clearing game world
17:15:42.147 [FXGL Background Thread 1 ] DEBUG PhysicsWorld         - Clearing physics world
17:15:42.147 [FXGL Background Thread 1 ] DEBUG GameScene            - Clearing game scene
17:15:42.149 [FXGL Background Thread 1 ] DEBUG InitAppTask          - Initializing Game
17:15:42.154 [FXGL Background Thread 1 ] DEBUG InitAppTask          - Initializing Physics
17:15:42.154 [FXGL Background Thread 1 ] DEBUG InitAppTask          - Initializing UI
17:15:42.155 [FXGL Background Thread 1 ] DEBUG AssetLoader          - Loading from disk: /assets/ui/login.fxml
17:15:42.224 [FXGL Background Thread 1 ] DEBUG InitAppTask          - Initialization Complete
17:15:42.224 [FXGL Background Thread 1 ] INFO  InitAppTask          - Game initialization took: 0.077 sec
17:15:42.267 [JavaFX Application Thread] DEBUG Input                - Clearing active input actions
17:15:42.277 [JavaFX Application Thread] DEBUG AppStateMachine      - LoadingState -> PlayState
17:15:46.361 [JavaFX Application Thread] DEBUG GameScene            - Creating render group for layer: DEFAULT(100000)
17:15:53.006 [JavaFX Application Thread] FATAL GameApplication      - Uncaught Exception:

Fatal exception occurred: java.lang.ClassCastException : javafx.beans.property.SimpleIntegerProperty cannot be cast to javafx.beans.property.ObjectProperty
E: com.almasb.fxgl.core.collection.PropertyMap.objectProperty(PropertyMap.kt:168)
E: com.almasb.fxgl.core.collection.PropertyMap.getObject(PropertyMap.kt:157)
E: com.almasb.fxgl.entity.Entity.getObject(Entity.java:238)
E: client.Screen$1$1.handle(Screen.java:80)
E: client.Screen$1$1.handle(Screen.java:76)
E: com.sun.javafx.event.CompositeEventHandler.dispatchBubblingEvent(CompositeEventHandler.java:86)
E: com.sun.javafx.event.EventHandlerManager.dispatchBubblingEvent(EventHandlerManager.java:238)
E: com.sun.javafx.event.EventHandlerManager.dispatchBubblingEvent(EventHandlerManager.java:191)
E: com.sun.javafx.event.CompositeEventDispatcher.dispatchBubblingEvent(CompositeEventDispatcher.java:59)
E: com.sun.javafx.event.BasicEventDispatcher.dispatchEvent(BasicEventDispatcher.java:58)
E: com.sun.javafx.event.EventDispatchChainImpl.dispatchEvent(EventDispatchChainImpl.java:114)
E: com.sun.javafx.event.EventUtil.fireEventImpl(EventUtil.java:74)
E: com.sun.javafx.event.EventUtil.fireEvent(EventUtil.java:54)
E: javafx.event.Event.fireEvent(Event.java:198)
E: com.sun.javafx.stage.WindowPeerListener.closing(WindowPeerListener.java:88)
E: com.sun.javafx.tk.quantum.GlassWindowEventHandler.run(GlassWindowEventHandler.java:122)
E: com.sun.javafx.tk.quantum.GlassWindowEventHandler.run(GlassWindowEventHandler.java:40)
E: java.security.AccessController.doPrivileged(Native Method)
E: com.sun.javafx.tk.quantum.GlassWindowEventHandler.lambda$handleWindowEvent$3(GlassWindowEventHandler.java:151)
E: com.sun.javafx.tk.quantum.QuantumToolkit.runWithoutRenderLock(QuantumToolkit.java:389)
E: com.sun.javafx.tk.quantum.GlassWindowEventHandler.handleWindowEvent(GlassWindowEventHandler.java:149)
E: com.sun.glass.ui.Window.handleWindowEvent(Window.java:1270)
E: com.sun.glass.ui.Window.notifyClose(Window.java:1174)
E: com.sun.glass.ui.gtk.GtkApplication._runLoop(Native Method)
E: com.sun.glass.ui.gtk.GtkApplication.lambda$null$5(GtkApplication.java:139)
E: java.lang.Thread.run(Thread.java:748)

17:15:53.007 [JavaFX Application Thread] FATAL GameApplication      - Application will now exit
17:15:53.007 [JavaFX Application Thread] DEBUG GameApplication      - Stopping main loop
17:16:14.958 [JavaFX Application Thread] DEBUG GameApplication      - Exiting game application
17:16:14.959 [JavaFX Application Thread] DEBUG GameApplication      - Shutting down background threads
17:16:14.959 [JavaFX Application Thread] DEBUG GameApplication      - Exiting FXGL
17:16:14.960 [JavaFX Application Thread] DEBUG FXGL                 - Saving FXGL system data
17:16:14.962 [JavaFX Application Thread] DEBUG DesktopFSService     - Writing to: system/fxgl.bundle
17:16:14.965 [JavaFX Application Thread] DEBUG GameApplication      - Closing logger and exiting JavaFX
