15:22:42.068 [JavaFX Application Thread] DEBUG GameApplication      - Logger initialized
15:22:42.075 [JavaFX Application Thread] DEBUG MainWindow           - Creating a JavaFX scene
15:22:42.206 [JavaFX Application Thread] DEBUG MainWindow           - Target settings size: 860.0 x 600.0
15:22:42.206 [JavaFX Application Thread] DEBUG MainWindow           - Scaled scene size:    860.0 x 600.0
15:22:42.207 [JavaFX Application Thread] DEBUG MainWindow           - Scaled ratio: (1.0, 1.0)
15:22:42.212 [JavaFX Application Thread] DEBUG GameApplication      - Starting FXGL
15:22:42.216 [JavaFX Application Thread] INFO  FXGL                 - FXGL-0.5.3 on DESKTOP
15:22:42.217 [JavaFX Application Thread] INFO  FXGL                 - Source code and latest versions at: https://github.com/AlmasB/FXGL
15:22:42.217 [JavaFX Application Thread] INFO  FXGL                 -              Join the FXGL chat at: https://gitter.im/AlmasB/FXGL
15:22:42.223 [JavaFX Application Thread] DEBUG FS                   - Loaded DesktopFSService
15:22:42.223 [JavaFX Application Thread] DEBUG FXGL                 - Loading FXGL system data
15:22:42.230 [JavaFX Application Thread] DEBUG DesktopFSService     - Reading from: system/fxgl.bundle
15:22:42.237 [JavaFX Application Thread] DEBUG Bundle               - Logging bundle: FXGL
15:22:42.238 [JavaFX Application Thread] DEBUG Bundle               - FXGL.offline.timer.version.check=2019-02-14T00:36:59.438
15:22:42.270 [JavaFX Application Thread] DEBUG GameApplication      - FXGL started
15:22:42.271 [JavaFX Application Thread] DEBUG GameApplication      - Logging game settings
Title: Alpha 0.0
Version: 0.0
Width: 860
Height: 600
Fullscreen: false
Intro: false
Menus: false
Profiling: false
Single step:false
App Mode: DEVELOPER
Menu Key: ESCAPE
Stage Style: DECORATED
Scene Factory: class com.almasb.fxgl.scene.SceneFactory
Dialog Factory: class com.almasb.fxgl.ui.FXGLDialogFactory
UI Factory: class com.almasb.fxgl.ui.FXGLUIFactory
Notification Service: class com.almasb.fxgl.gameplay.notification.XboxNotificationView
Exception Handler: class com.almasb.fxgl.app.FXGLExceptionHandler
15:22:42.272 [JavaFX Application Thread] DEBUG GameApplication      - Configuring GameApplication
15:22:42.272 [JavaFX Application Thread] DEBUG GameApplication      - Initializing state machine and application states
15:22:42.290 [JavaFX Application Thread] DEBUG AssetLoader          - Loading from disk: /assets/ui/cursors/fxgl_default.png
15:22:42.320 [JavaFX Application Thread] DEBUG AssetLoader          - Loading from disk: /assets/ui/cursors/fxgl_default.png
15:22:42.364 [JavaFX Application Thread] DEBUG FXGLAssets           - Loading FXGLAssets
15:22:42.388 [JavaFX Application Thread] DEBUG AssetLoader          - Loading from disk: /assets/ui/fonts/VarelaRound-Regular.ttf
15:22:42.400 [JavaFX Application Thread] DEBUG AssetLoader          - Loading from disk: /assets/ui/fonts/lucida_console.ttf
15:22:42.402 [JavaFX Application Thread] DEBUG AssetLoader          - Loading from disk: /assets/ui/fonts/Courier-Prime.ttf
15:22:42.404 [JavaFX Application Thread] DEBUG AssetLoader          - Loading from disk: /assets/ui/fonts/Abel-Regular.ttf
15:22:42.406 [JavaFX Application Thread] DEBUG AssetLoader          - Loading from disk: /assets/ui/css/fxgl_dark.css
15:22:42.435 [JavaFX Application Thread] DEBUG AssetLoader          - Loading from disk: /assets/ui/cursors/fxgl_default.png
15:22:42.467 [JavaFX Application Thread] DEBUG AssetLoader          - Loading from disk: /assets/ui/cursors/fxgl_default.png
15:22:42.487 [JavaFX Application Thread] DEBUG GameScene            - Game scene initialized: 860x600
15:22:42.490 [JavaFX Application Thread] DEBUG GameWorld            - Game world initialized
15:22:42.527 [JavaFX Application Thread] DEBUG PhysicsWorld         - Physics world initialized: appHeight=600, physics.ppm=50.0
15:22:42.544 [JavaFX Application Thread] DEBUG Input                - Registered new binding: Pause - Esc
15:22:42.560 [JavaFX Application Thread] DEBUG Input                - Clearing active input actions
15:22:42.604 [JavaFX Application Thread] DEBUG AppStateMachine      - StartupState -> StartupState
15:22:42.608 [JavaFX Application Thread] INFO  GameApplication      - Game configuration took:  0.335 sec
15:22:42.609 [JavaFX Application Thread] DEBUG AssetLoader          - Loading from disk: /assets/textures/fxgl_icon.png
15:22:42.627 [JavaFX Application Thread] DEBUG MainWindow           - Opening main window
15:22:42.715 [JavaFX Application Thread] DEBUG MainWindow           - Window border size: (0.0, 0.0)
15:22:42.715 [JavaFX Application Thread] DEBUG MainWindow           - Scaled size: 860.0 x 600.0
15:22:42.715 [JavaFX Application Thread] DEBUG MainWindow           - Scaled ratio: (1.0, 1.0)
15:22:42.715 [JavaFX Application Thread] DEBUG MainWindow           - Scene size: 860.0 x 600.0
15:22:42.716 [JavaFX Application Thread] DEBUG MainWindow           - Stage size: 860.0 x 600.0
15:22:42.716 [JavaFX Application Thread] DEBUG GameApplication      - Running preInit()
15:22:42.718 [JavaFX Application Thread] DEBUG Input                - Registered new binding: Screenshot - P
15:22:42.718 [JavaFX Application Thread] DEBUG Input                - Registered new binding: Dev Options - CTRL+0
15:22:42.718 [JavaFX Application Thread] DEBUG Input                - Registered new binding: System info dump - CTRL+9
15:22:42.719 [JavaFX Application Thread] DEBUG Input                - Registered new binding: Restart - CTRL+R
15:22:42.719 [JavaFX Application Thread] DEBUG Input                - Registered new binding: Up 1 - W
15:22:42.719 [JavaFX Application Thread] DEBUG Input                - Registered new binding: Down 1 - S
15:22:42.719 [JavaFX Application Thread] DEBUG Input                - Registered new binding: Right 1 - D
15:22:42.720 [JavaFX Application Thread] DEBUG Input                - Registered new binding: Left 1 - A
15:22:42.720 [JavaFX Application Thread] DEBUG Input                - Registered new binding: Tab - Tab
15:22:42.751 [JavaFX Application Thread] DEBUG GameApplication      - Starting main loop
15:22:42.771 [JavaFX Application Thread] DEBUG StartupState         - STARTUP
15:22:42.771 [JavaFX Application Thread] DEBUG GameApplication      - Starting new game
15:22:42.771 [JavaFX Application Thread] DEBUG Input                - Clearing active input actions
15:22:42.779 [JavaFX Application Thread] DEBUG AppStateMachine      - StartupState -> LoadingState
15:22:42.784 [FXGL Background Thread 1 ] DEBUG InitAppTask          - Clearing previous game
15:22:42.784 [FXGL Background Thread 1 ] DEBUG GameWorld            - Clearing game world
15:22:42.785 [FXGL Background Thread 1 ] DEBUG PhysicsWorld         - Clearing physics world
15:22:42.785 [FXGL Background Thread 1 ] DEBUG GameScene            - Clearing game scene
15:22:42.786 [FXGL Background Thread 1 ] DEBUG InitAppTask          - Initializing Game
15:22:42.791 [FXGL Background Thread 1 ] DEBUG InitAppTask          - Initializing Physics
15:22:42.791 [FXGL Background Thread 1 ] DEBUG InitAppTask          - Initializing UI
15:22:42.792 [FXGL Background Thread 1 ] DEBUG AssetLoader          - Loading from disk: /assets/ui/login.fxml
15:22:43.859 [FXGL Background Thread 1 ] DEBUG AssetLoader          - Loading from disk: /assets/ui/mainpanel.fxml
15:22:43.882 [FXGL Background Thread 1 ] DEBUG AssetLoader          - Loading from disk: /assets/textures/ui/box.png
15:22:43.884 [FXGL Background Thread 1 ] DEBUG AssetLoader          - Loading from cache: /assets/textures/ui/box.png
15:22:43.884 [FXGL Background Thread 1 ] DEBUG AssetLoader          - Loading from cache: /assets/textures/ui/box.png
15:22:43.884 [FXGL Background Thread 1 ] DEBUG AssetLoader          - Loading from cache: /assets/textures/ui/box.png
15:22:43.884 [FXGL Background Thread 1 ] DEBUG AssetLoader          - Loading from cache: /assets/textures/ui/box.png
15:22:43.884 [FXGL Background Thread 1 ] DEBUG AssetLoader          - Loading from cache: /assets/textures/ui/box.png
15:22:43.885 [FXGL Background Thread 1 ] DEBUG AssetLoader          - Loading from cache: /assets/textures/ui/box.png
15:22:43.885 [FXGL Background Thread 1 ] DEBUG AssetLoader          - Loading from cache: /assets/textures/ui/box.png
15:22:43.885 [FXGL Background Thread 1 ] DEBUG AssetLoader          - Loading from cache: /assets/textures/ui/box.png
15:22:43.885 [FXGL Background Thread 1 ] DEBUG AssetLoader          - Loading from cache: /assets/textures/ui/box.png
15:22:43.885 [FXGL Background Thread 1 ] DEBUG AssetLoader          - Loading from cache: /assets/textures/ui/box.png
15:22:43.886 [FXGL Background Thread 1 ] DEBUG AssetLoader          - Loading from cache: /assets/textures/ui/box.png
15:22:43.886 [FXGL Background Thread 1 ] DEBUG AssetLoader          - Loading from cache: /assets/textures/ui/box.png
15:22:43.886 [FXGL Background Thread 1 ] DEBUG AssetLoader          - Loading from cache: /assets/textures/ui/box.png
15:22:43.886 [FXGL Background Thread 1 ] DEBUG AssetLoader          - Loading from cache: /assets/textures/ui/box.png
15:22:43.886 [FXGL Background Thread 1 ] DEBUG AssetLoader          - Loading from cache: /assets/textures/ui/box.png
15:22:43.887 [FXGL Background Thread 1 ] FATAL AssetLoader          - Loading failed for asset: mainpanel.fxml. Cause: null
15:22:43.888 [JavaFX Application Thread] FATAL GameApplication      - Uncaught Exception:

Fatal exception occurred: java.lang.IllegalArgumentException : Failed to load asset: mainpanel.fxml. Cause: null
E: com.almasb.fxgl.asset.AssetLoader.loadFailed(AssetLoader.kt:737)
E: com.almasb.fxgl.asset.AssetLoader.loadUI(AssetLoader.kt:479)
E: client.Screen.initUI(Screen.java:66)
E: com.almasb.fxgl.app.LoadingState$InitAppTask.initUI(AppStates.kt:175)
E: com.almasb.fxgl.app.LoadingState$InitAppTask.call(AppStates.kt:137)
E: com.almasb.fxgl.app.LoadingState$InitAppTask.call(AppStates.kt:124)
E: javafx.concurrent.Task$TaskCallable.call(Task.java:1423)
E: java.util.concurrent.FutureTask.run(FutureTask.java:266)
E: java.util.concurrent.Executors$RunnableAdapter.call(Executors.java:511)
E: java.util.concurrent.FutureTask.run(FutureTask.java:266)
E: java.util.concurrent.ThreadPoolExecutor.runWorker(ThreadPoolExecutor.java:1149)
E: java.util.concurrent.ThreadPoolExecutor$Worker.run(ThreadPoolExecutor.java:624)
E: java.lang.Thread.run(Thread.java:748)

15:22:43.888 [JavaFX Application Thread] FATAL GameApplication      - Application will now exit
15:22:43.888 [JavaFX Application Thread] DEBUG GameApplication      - Stopping main loop
15:22:46.222 [JavaFX Application Thread] DEBUG GameApplication      - Exiting game application
15:22:46.223 [JavaFX Application Thread] DEBUG GameApplication      - Shutting down background threads
15:22:46.223 [JavaFX Application Thread] DEBUG GameApplication      - Exiting FXGL
15:22:46.224 [JavaFX Application Thread] DEBUG FXGL                 - Saving FXGL system data
15:22:46.225 [JavaFX Application Thread] DEBUG DesktopFSService     - Writing to: system/fxgl.bundle
15:22:46.228 [JavaFX Application Thread] DEBUG GameApplication      - Closing logger and exiting JavaFX
