02:15:25.106 [JavaFX Application Thread] DEBUG GameApplication      - Logger initialized
02:15:25.112 [JavaFX Application Thread] DEBUG MainWindow           - Creating a JavaFX scene
02:15:25.241 [JavaFX Application Thread] DEBUG MainWindow           - Target settings size: 1024.0 x 860.0
02:15:25.241 [JavaFX Application Thread] DEBUG MainWindow           - Scaled scene size:    1024.0 x 860.0
02:15:25.241 [JavaFX Application Thread] DEBUG MainWindow           - Scaled ratio: (1.0, 1.0)
02:15:25.247 [JavaFX Application Thread] DEBUG GameApplication      - Starting FXGL
02:15:25.252 [JavaFX Application Thread] INFO  FXGL                 - FXGL-0.5.3 on DESKTOP
02:15:25.253 [JavaFX Application Thread] INFO  FXGL                 - Source code and latest versions at: https://github.com/AlmasB/FXGL
02:15:25.253 [JavaFX Application Thread] INFO  FXGL                 -              Join the FXGL chat at: https://gitter.im/AlmasB/FXGL
02:15:25.261 [JavaFX Application Thread] DEBUG FS                   - Loaded DesktopFSService
02:15:25.261 [JavaFX Application Thread] DEBUG FXGL                 - Loading FXGL system data
02:15:25.267 [JavaFX Application Thread] DEBUG DesktopFSService     - Reading from: system/fxgl.bundle
02:15:25.275 [JavaFX Application Thread] DEBUG Bundle               - Logging bundle: FXGL
02:15:25.276 [JavaFX Application Thread] DEBUG Bundle               - FXGL.offline.timer.version.check=2019-01-23T12:24:56.214
02:15:25.301 [JavaFX Application Thread] DEBUG GameApplication      - FXGL started
02:15:25.302 [JavaFX Application Thread] DEBUG GameApplication      - Logging game settings
Title: Basic Game App
Version: 0.0
Width: 1024
Height: 860
Fullscreen: false
Intro: false
Menus: false
Profiling: false
Single step:false
App Mode: DEVELOPER
Menu Key: ESCAPE
Stage Style: DECORATED
Scene Factory: class com.almasb.fxgl.scene.SceneFactory
Dialog Factory: class com.almasb.fxgl.ui.FXGLDialogFactory
UI Factory: class com.almasb.fxgl.ui.FXGLUIFactory
Notification Service: class com.almasb.fxgl.gameplay.notification.XboxNotificationView
Exception Handler: class com.almasb.fxgl.app.FXGLExceptionHandler
02:15:25.303 [JavaFX Application Thread] DEBUG GameApplication      - Configuring GameApplication
02:15:25.303 [JavaFX Application Thread] DEBUG GameApplication      - Initializing state machine and application states
02:15:25.323 [JavaFX Application Thread] DEBUG AssetLoader          - Loading from disk: /assets/ui/cursors/fxgl_default.png
02:15:25.346 [JavaFX Application Thread] DEBUG AssetLoader          - Loading from disk: /assets/ui/cursors/fxgl_default.png
02:15:25.380 [JavaFX Application Thread] DEBUG FXGLAssets           - Loading FXGLAssets
02:15:25.409 [JavaFX Application Thread] DEBUG AssetLoader          - Loading from disk: /assets/ui/fonts/VarelaRound-Regular.ttf
02:15:25.422 [JavaFX Application Thread] DEBUG AssetLoader          - Loading from disk: /assets/ui/fonts/lucida_console.ttf
02:15:25.426 [JavaFX Application Thread] DEBUG AssetLoader          - Loading from disk: /assets/ui/fonts/Courier-Prime.ttf
02:15:25.428 [JavaFX Application Thread] DEBUG AssetLoader          - Loading from disk: /assets/ui/fonts/Abel-Regular.ttf
02:15:25.430 [JavaFX Application Thread] DEBUG AssetLoader          - Loading from disk: /assets/ui/css/fxgl_dark.css
02:15:25.461 [JavaFX Application Thread] DEBUG AssetLoader          - Loading from disk: /assets/ui/cursors/fxgl_default.png
02:15:25.507 [JavaFX Application Thread] DEBUG AssetLoader          - Loading from disk: /assets/ui/cursors/fxgl_default.png
02:15:25.529 [JavaFX Application Thread] DEBUG GameScene            - Game scene initialized: 1024x860
02:15:25.532 [JavaFX Application Thread] DEBUG GameWorld            - Game world initialized
02:15:25.571 [JavaFX Application Thread] DEBUG PhysicsWorld         - Physics world initialized: appHeight=860, physics.ppm=50.0
02:15:25.587 [JavaFX Application Thread] DEBUG Input                - Registered new binding: Pause - Esc
02:15:25.603 [JavaFX Application Thread] DEBUG Input                - Clearing active input actions
02:15:25.644 [JavaFX Application Thread] DEBUG AppStateMachine      - StartupState -> StartupState
02:15:25.647 [JavaFX Application Thread] INFO  GameApplication      - Game configuration took:  0.344 sec
02:15:25.649 [JavaFX Application Thread] DEBUG AssetLoader          - Loading from disk: /assets/textures/fxgl_icon.png
02:15:25.664 [JavaFX Application Thread] DEBUG MainWindow           - Opening main window
02:15:25.730 [JavaFX Application Thread] DEBUG MainWindow           - Window border size: (0.0, 0.0)
02:15:25.731 [JavaFX Application Thread] DEBUG MainWindow           - Scaled size: 1024.0 x 860.0
02:15:25.731 [JavaFX Application Thread] DEBUG MainWindow           - Scaled ratio: (1.0, 1.0)
02:15:25.731 [JavaFX Application Thread] DEBUG MainWindow           - Scene size: 1024.0 x 860.0
02:15:25.731 [JavaFX Application Thread] DEBUG MainWindow           - Stage size: 1024.0 x 860.0
02:15:25.731 [JavaFX Application Thread] DEBUG GameApplication      - Running preInit()
02:15:25.732 [JavaFX Application Thread] DEBUG Input                - Registered new binding: Screenshot - P
02:15:25.733 [JavaFX Application Thread] DEBUG Input                - Registered new binding: Dev Options - CTRL+0
02:15:25.733 [JavaFX Application Thread] DEBUG Input                - Registered new binding: System info dump - CTRL+9
02:15:25.734 [JavaFX Application Thread] DEBUG Input                - Registered new binding: Restart - CTRL+R
02:15:25.734 [JavaFX Application Thread] DEBUG Input                - Registered new binding: Up 1 - W
02:15:25.734 [JavaFX Application Thread] DEBUG Input                - Registered new binding: Down 1 - S
02:15:25.734 [JavaFX Application Thread] DEBUG Input                - Registered new binding: Right 1 - D
02:15:25.734 [JavaFX Application Thread] DEBUG Input                - Registered new binding: Left 1 - A
02:15:25.763 [JavaFX Application Thread] DEBUG GameApplication      - Starting main loop
02:15:25.773 [JavaFX Application Thread] DEBUG StartupState         - STARTUP
02:15:25.773 [JavaFX Application Thread] DEBUG GameApplication      - Starting new game
02:15:25.773 [JavaFX Application Thread] DEBUG Input                - Clearing active input actions
02:15:25.781 [JavaFX Application Thread] DEBUG AppStateMachine      - StartupState -> LoadingState
02:15:25.788 [FXGL Background Thread 1 ] DEBUG InitAppTask          - Clearing previous game
02:15:25.788 [FXGL Background Thread 1 ] DEBUG GameWorld            - Clearing game world
02:15:25.788 [FXGL Background Thread 1 ] DEBUG PhysicsWorld         - Clearing physics world
02:15:25.788 [FXGL Background Thread 1 ] DEBUG GameScene            - Clearing game scene
02:15:25.789 [FXGL Background Thread 1 ] DEBUG InitAppTask          - Initializing Game
02:15:25.795 [FXGL Background Thread 1 ] DEBUG InitAppTask          - Initializing Physics
02:15:25.796 [FXGL Background Thread 1 ] DEBUG InitAppTask          - Initializing UI
02:15:25.796 [FXGL Background Thread 1 ] DEBUG AssetLoader          - Loading from disk: /assets/ui/login.fxml
02:15:25.869 [FXGL Background Thread 1 ] DEBUG InitAppTask          - Initialization Complete
02:15:25.870 [FXGL Background Thread 1 ] INFO  InitAppTask          - Game initialization took: 0.082 sec
02:15:25.885 [JavaFX Application Thread] DEBUG Input                - Clearing active input actions
02:15:25.897 [JavaFX Application Thread] DEBUG AppStateMachine      - LoadingState -> PlayState
02:15:28.983 [JavaFX Application Thread] DEBUG GameApplication      - Exiting game application
02:15:28.984 [JavaFX Application Thread] DEBUG GameApplication      - Shutting down background threads
02:15:28.984 [JavaFX Application Thread] DEBUG GameApplication      - Exiting FXGL
02:15:28.985 [JavaFX Application Thread] DEBUG FXGL                 - Saving FXGL system data
02:15:28.987 [JavaFX Application Thread] DEBUG DesktopFSService     - Writing to: system/fxgl.bundle
02:15:28.991 [JavaFX Application Thread] DEBUG GameApplication      - Closing logger and exiting JavaFX
