00:10:29.786 [JavaFX Application Thread] DEBUG GameApplication      - Logger initialized
00:10:29.794 [JavaFX Application Thread] DEBUG MainWindow           - Creating a JavaFX scene
00:10:29.929 [JavaFX Application Thread] DEBUG MainWindow           - Target settings size: 860.0 x 600.0
00:10:29.929 [JavaFX Application Thread] DEBUG MainWindow           - Scaled scene size:    860.0 x 600.0
00:10:29.929 [JavaFX Application Thread] DEBUG MainWindow           - Scaled ratio: (1.0, 1.0)
00:10:29.935 [JavaFX Application Thread] DEBUG GameApplication      - Starting FXGL
00:10:29.940 [JavaFX Application Thread] INFO  FXGL                 - FXGL-0.5.3 on DESKTOP
00:10:29.940 [JavaFX Application Thread] INFO  FXGL                 - Source code and latest versions at: https://github.com/AlmasB/FXGL
00:10:29.940 [JavaFX Application Thread] INFO  FXGL                 -              Join the FXGL chat at: https://gitter.im/AlmasB/FXGL
00:10:29.947 [JavaFX Application Thread] DEBUG FS                   - Loaded DesktopFSService
00:10:29.947 [JavaFX Application Thread] DEBUG FXGL                 - Loading FXGL system data
00:10:29.954 [JavaFX Application Thread] DEBUG DesktopFSService     - Reading from: system/fxgl.bundle
00:10:29.961 [JavaFX Application Thread] DEBUG Bundle               - Logging bundle: FXGL
00:10:29.962 [JavaFX Application Thread] DEBUG Bundle               - FXGL.offline.timer.version.check=2019-02-21T16:31:03.317
00:10:29.985 [JavaFX Application Thread] DEBUG GameApplication      - FXGL started
00:10:29.986 [JavaFX Application Thread] DEBUG GameApplication      - Logging game settings
Title: Alpha
Version: 0.0
Width: 860
Height: 600
Fullscreen: false
Intro: false
Menus: false
Profiling: false
Single step:false
App Mode: DEVELOPER
Menu Key: ESCAPE
Stage Style: DECORATED
Scene Factory: class com.almasb.fxgl.scene.SceneFactory
Dialog Factory: class com.almasb.fxgl.ui.FXGLDialogFactory
UI Factory: class com.almasb.fxgl.ui.FXGLUIFactory
Notification Service: class com.almasb.fxgl.gameplay.notification.XboxNotificationView
Exception Handler: class com.almasb.fxgl.app.FXGLExceptionHandler
00:10:29.987 [JavaFX Application Thread] DEBUG GameApplication      - Configuring GameApplication
00:10:29.987 [JavaFX Application Thread] DEBUG GameApplication      - Initializing state machine and application states
00:10:30.007 [JavaFX Application Thread] DEBUG AssetLoader          - Loading from disk: /assets/ui/cursors/fxgl_default.png
00:10:30.034 [JavaFX Application Thread] DEBUG AssetLoader          - Loading from disk: /assets/ui/cursors/fxgl_default.png
00:10:30.064 [JavaFX Application Thread] DEBUG FXGLAssets           - Loading FXGLAssets
00:10:30.087 [JavaFX Application Thread] DEBUG AssetLoader          - Loading from disk: /assets/ui/fonts/VarelaRound-Regular.ttf
00:10:30.099 [JavaFX Application Thread] DEBUG AssetLoader          - Loading from disk: /assets/ui/fonts/lucida_console.ttf
00:10:30.102 [JavaFX Application Thread] DEBUG AssetLoader          - Loading from disk: /assets/ui/fonts/Courier-Prime.ttf
00:10:30.104 [JavaFX Application Thread] DEBUG AssetLoader          - Loading from disk: /assets/ui/fonts/Abel-Regular.ttf
00:10:30.106 [JavaFX Application Thread] DEBUG AssetLoader          - Loading from disk: /assets/ui/css/fxgl_dark.css
00:10:30.134 [JavaFX Application Thread] DEBUG AssetLoader          - Loading from disk: /assets/ui/cursors/fxgl_default.png
00:10:30.168 [JavaFX Application Thread] DEBUG AssetLoader          - Loading from disk: /assets/ui/cursors/fxgl_default.png
00:10:30.190 [JavaFX Application Thread] DEBUG GameScene            - Game scene initialized: 860x600
00:10:30.193 [JavaFX Application Thread] DEBUG GameWorld            - Game world initialized
00:10:30.231 [JavaFX Application Thread] DEBUG PhysicsWorld         - Physics world initialized: appHeight=600, physics.ppm=50.0
00:10:30.247 [JavaFX Application Thread] DEBUG Input                - Registered new binding: Pause - Esc
00:10:30.264 [JavaFX Application Thread] DEBUG Input                - Clearing active input actions
00:10:30.307 [JavaFX Application Thread] DEBUG AppStateMachine      - StartupState -> StartupState
00:10:30.310 [JavaFX Application Thread] INFO  GameApplication      - Game configuration took:  0.323 sec
00:10:30.311 [JavaFX Application Thread] DEBUG AssetLoader          - Loading from disk: /assets/textures/fxgl_icon.png
00:10:30.327 [JavaFX Application Thread] DEBUG MainWindow           - Opening main window
00:10:30.400 [JavaFX Application Thread] DEBUG MainWindow           - Window border size: (0.0, 0.0)
00:10:30.400 [JavaFX Application Thread] DEBUG MainWindow           - Scaled size: 860.0 x 600.0
00:10:30.401 [JavaFX Application Thread] DEBUG MainWindow           - Scaled ratio: (1.0, 1.0)
00:10:30.401 [JavaFX Application Thread] DEBUG MainWindow           - Scene size: 860.0 x 600.0
00:10:30.401 [JavaFX Application Thread] DEBUG MainWindow           - Stage size: 860.0 x 600.0
00:10:30.401 [JavaFX Application Thread] DEBUG GameApplication      - Running preInit()
00:10:30.403 [JavaFX Application Thread] DEBUG Input                - Registered new binding: Screenshot - P
00:10:30.404 [JavaFX Application Thread] DEBUG Input                - Registered new binding: Dev Options - CTRL+0
00:10:30.404 [JavaFX Application Thread] DEBUG Input                - Registered new binding: System info dump - CTRL+9
00:10:30.405 [JavaFX Application Thread] DEBUG Input                - Registered new binding: Restart - CTRL+R
00:10:30.405 [JavaFX Application Thread] DEBUG Input                - Registered new binding: Up 1 - W
00:10:30.406 [JavaFX Application Thread] DEBUG Input                - Registered new binding: Down 1 - S
00:10:30.406 [JavaFX Application Thread] DEBUG Input                - Registered new binding: Right 1 - D
00:10:30.406 [JavaFX Application Thread] DEBUG Input                - Registered new binding: Left 1 - A
00:10:30.406 [JavaFX Application Thread] DEBUG Input                - Registered new binding: Tab - Tab
00:10:30.434 [JavaFX Application Thread] DEBUG GameApplication      - Starting main loop
00:10:30.444 [JavaFX Application Thread] DEBUG StartupState         - STARTUP
00:10:30.444 [JavaFX Application Thread] DEBUG GameApplication      - Starting new game
00:10:30.445 [JavaFX Application Thread] DEBUG Input                - Clearing active input actions
00:10:30.452 [JavaFX Application Thread] DEBUG AppStateMachine      - StartupState -> LoadingState
00:10:30.457 [FXGL Background Thread 1 ] DEBUG InitAppTask          - Clearing previous game
00:10:30.457 [FXGL Background Thread 1 ] DEBUG GameWorld            - Clearing game world
00:10:30.458 [FXGL Background Thread 1 ] DEBUG PhysicsWorld         - Clearing physics world
00:10:30.458 [FXGL Background Thread 1 ] DEBUG GameScene            - Clearing game scene
00:10:30.459 [FXGL Background Thread 1 ] DEBUG InitAppTask          - Initializing Game
00:10:30.463 [FXGL Background Thread 1 ] DEBUG InitAppTask          - Initializing Physics
00:10:30.464 [FXGL Background Thread 1 ] DEBUG InitAppTask          - Initializing UI
00:10:30.465 [FXGL Background Thread 1 ] DEBUG AssetLoader          - Loading from disk: /assets/ui/login.fxml
00:10:31.520 [FXGL Background Thread 1 ] DEBUG AssetLoader          - Loading from disk: /assets/textures/ui/box.png
00:10:31.522 [FXGL Background Thread 1 ] DEBUG AssetLoader          - Loading from disk: /assets/ui/mainpanel.fxml
00:10:31.556 [FXGL Background Thread 1 ] DEBUG InitAppTask          - Initialization Complete
00:10:31.556 [FXGL Background Thread 1 ] INFO  InitAppTask          - Game initialization took: 1.099 sec
00:10:31.565 [JavaFX Application Thread] DEBUG Input                - Clearing active input actions
00:10:31.578 [JavaFX Application Thread] DEBUG AppStateMachine      - LoadingState -> PlayState
00:10:31.645 [JavaFX Application Thread] FATAL GameApplication      - Uncaught Exception:

Fatal exception occurred: java.lang.NullPointerException : null
E: client.ClientGameMap.update(ClientGameMap.java:211)
E: client.Screen.onUpdate(Screen.java:305)
E: com.almasb.fxgl.app.PlayState.onUpdate(AppStates.kt:240)
E: com.almasb.fxgl.app.State.update(State.java:73)
E: com.almasb.fxgl.app.AppStateMachine.onUpdate(AppStateMachine.java:100)
E: com.almasb.fxgl.app.GameApplication.stepLoop(GameApplication.java:382)
E: com.almasb.fxgl.app.GameApplication$2.handle(GameApplication.java:348)
E: javafx.animation.AnimationTimer$AnimationTimerReceiver.lambda$handle$0(AnimationTimer.java:57)
E: java.security.AccessController.doPrivileged(Native Method)
E: javafx.animation.AnimationTimer$AnimationTimerReceiver.handle(AnimationTimer.java:56)
E: com.sun.scenario.animation.AbstractMasterTimer.timePulseImpl(AbstractMasterTimer.java:357)
E: com.sun.scenario.animation.AbstractMasterTimer$MainLoop.run(AbstractMasterTimer.java:267)
E: com.sun.javafx.tk.quantum.QuantumToolkit.pulse(QuantumToolkit.java:514)
E: com.sun.javafx.tk.quantum.QuantumToolkit.pulse(QuantumToolkit.java:498)
E: com.sun.javafx.tk.quantum.QuantumToolkit.pulseFromQueue(QuantumToolkit.java:491)
E: com.sun.javafx.tk.quantum.QuantumToolkit.lambda$runToolkit$11(QuantumToolkit.java:319)
E: com.sun.glass.ui.InvokeLaterDispatcher$Future.run(InvokeLaterDispatcher.java:95)
E: com.sun.glass.ui.gtk.GtkApplication._runLoop(Native Method)
E: com.sun.glass.ui.gtk.GtkApplication.lambda$null$5(GtkApplication.java:139)
E: java.lang.Thread.run(Thread.java:748)

00:10:31.645 [JavaFX Application Thread] FATAL GameApplication      - Application will now exit
00:10:31.645 [JavaFX Application Thread] DEBUG GameApplication      - Stopping main loop
00:10:34.964 [JavaFX Application Thread] DEBUG GameApplication      - Exiting game application
00:10:34.965 [JavaFX Application Thread] DEBUG GameApplication      - Shutting down background threads
00:10:34.965 [JavaFX Application Thread] DEBUG GameApplication      - Exiting FXGL
00:10:34.966 [JavaFX Application Thread] DEBUG FXGL                 - Saving FXGL system data
00:10:34.968 [JavaFX Application Thread] DEBUG DesktopFSService     - Writing to: system/fxgl.bundle
00:10:34.972 [JavaFX Application Thread] DEBUG GameApplication      - Closing logger and exiting JavaFX
