16:15:11.733 [JavaFX Application Thread] DEBUG GameApplication      - Logger initialized
16:15:11.740 [JavaFX Application Thread] DEBUG MainWindow           - Creating a JavaFX scene
16:15:11.866 [JavaFX Application Thread] DEBUG MainWindow           - Target settings size: 1024.0 x 860.0
16:15:11.866 [JavaFX Application Thread] DEBUG MainWindow           - Scaled scene size:    1024.0 x 860.0
16:15:11.866 [JavaFX Application Thread] DEBUG MainWindow           - Scaled ratio: (1.0, 1.0)
16:15:11.872 [JavaFX Application Thread] DEBUG GameApplication      - Starting FXGL
16:15:11.876 [JavaFX Application Thread] INFO  FXGL                 - FXGL-0.5.3 on DESKTOP
16:15:11.877 [JavaFX Application Thread] INFO  FXGL                 - Source code and latest versions at: https://github.com/AlmasB/FXGL
16:15:11.877 [JavaFX Application Thread] INFO  FXGL                 -              Join the FXGL chat at: https://gitter.im/AlmasB/FXGL
16:15:11.883 [JavaFX Application Thread] DEBUG FS                   - Loaded DesktopFSService
16:15:11.884 [JavaFX Application Thread] DEBUG FXGL                 - Loading FXGL system data
16:15:11.890 [JavaFX Application Thread] DEBUG DesktopFSService     - Reading from: system/fxgl.bundle
16:15:11.899 [JavaFX Application Thread] DEBUG Bundle               - Logging bundle: FXGL
16:15:11.900 [JavaFX Application Thread] DEBUG Bundle               - FXGL.offline.timer.version.check=2019-01-23T12:24:56.214
16:15:11.924 [JavaFX Application Thread] DEBUG GameApplication      - FXGL started
16:15:11.924 [JavaFX Application Thread] DEBUG GameApplication      - Logging game settings
Title: Basic Game App
Version: 0.0
Width: 1024
Height: 860
Fullscreen: false
Intro: false
Menus: false
Profiling: false
Single step:false
App Mode: DEVELOPER
Menu Key: ESCAPE
Stage Style: DECORATED
Scene Factory: class com.almasb.fxgl.scene.SceneFactory
Dialog Factory: class com.almasb.fxgl.ui.FXGLDialogFactory
UI Factory: class com.almasb.fxgl.ui.FXGLUIFactory
Notification Service: class com.almasb.fxgl.gameplay.notification.XboxNotificationView
Exception Handler: class com.almasb.fxgl.app.FXGLExceptionHandler
16:15:11.925 [JavaFX Application Thread] DEBUG GameApplication      - Configuring GameApplication
16:15:11.925 [JavaFX Application Thread] DEBUG GameApplication      - Initializing state machine and application states
16:15:11.938 [JavaFX Application Thread] DEBUG AssetLoader          - Loading from disk: /assets/ui/cursors/fxgl_default.png
16:15:11.967 [JavaFX Application Thread] DEBUG AssetLoader          - Loading from disk: /assets/ui/cursors/fxgl_default.png
16:15:11.998 [JavaFX Application Thread] DEBUG FXGLAssets           - Loading FXGLAssets
16:15:12.022 [JavaFX Application Thread] DEBUG AssetLoader          - Loading from disk: /assets/ui/fonts/VarelaRound-Regular.ttf
16:15:12.035 [JavaFX Application Thread] DEBUG AssetLoader          - Loading from disk: /assets/ui/fonts/lucida_console.ttf
16:15:12.037 [JavaFX Application Thread] DEBUG AssetLoader          - Loading from disk: /assets/ui/fonts/Courier-Prime.ttf
16:15:12.039 [JavaFX Application Thread] DEBUG AssetLoader          - Loading from disk: /assets/ui/fonts/Abel-Regular.ttf
16:15:12.041 [JavaFX Application Thread] DEBUG AssetLoader          - Loading from disk: /assets/ui/css/fxgl_dark.css
16:15:12.070 [JavaFX Application Thread] DEBUG AssetLoader          - Loading from disk: /assets/ui/cursors/fxgl_default.png
16:15:12.103 [JavaFX Application Thread] DEBUG AssetLoader          - Loading from disk: /assets/ui/cursors/fxgl_default.png
16:15:12.123 [JavaFX Application Thread] DEBUG GameScene            - Game scene initialized: 1024x860
16:15:12.126 [JavaFX Application Thread] DEBUG GameWorld            - Game world initialized
16:15:12.163 [JavaFX Application Thread] DEBUG PhysicsWorld         - Physics world initialized: appHeight=860, physics.ppm=50.0
16:15:12.179 [JavaFX Application Thread] DEBUG Input                - Registered new binding: Pause - Esc
16:15:12.196 [JavaFX Application Thread] DEBUG Input                - Clearing active input actions
16:15:12.236 [JavaFX Application Thread] DEBUG AppStateMachine      - StartupState -> StartupState
16:15:12.239 [JavaFX Application Thread] INFO  GameApplication      - Game configuration took:  0.314 sec
16:15:12.241 [JavaFX Application Thread] DEBUG AssetLoader          - Loading from disk: /assets/textures/fxgl_icon.png
16:15:12.256 [JavaFX Application Thread] DEBUG MainWindow           - Opening main window
16:15:12.318 [JavaFX Application Thread] DEBUG MainWindow           - Window border size: (0.0, 0.0)
16:15:12.319 [JavaFX Application Thread] DEBUG MainWindow           - Scaled size: 1024.0 x 860.0
16:15:12.319 [JavaFX Application Thread] DEBUG MainWindow           - Scaled ratio: (1.0, 1.0)
16:15:12.319 [JavaFX Application Thread] DEBUG MainWindow           - Scene size: 1024.0 x 860.0
16:15:12.319 [JavaFX Application Thread] DEBUG MainWindow           - Stage size: 1024.0 x 860.0
16:15:12.319 [JavaFX Application Thread] DEBUG GameApplication      - Running preInit()
16:15:12.321 [JavaFX Application Thread] DEBUG Input                - Registered new binding: Screenshot - P
16:15:12.321 [JavaFX Application Thread] DEBUG Input                - Registered new binding: Dev Options - CTRL+0
16:15:12.321 [JavaFX Application Thread] DEBUG Input                - Registered new binding: System info dump - CTRL+9
16:15:12.322 [JavaFX Application Thread] DEBUG Input                - Registered new binding: Restart - CTRL+R
16:15:12.322 [JavaFX Application Thread] DEBUG Input                - Registered new binding: Up 1 - W
16:15:12.322 [JavaFX Application Thread] DEBUG Input                - Registered new binding: Down 1 - S
16:15:12.322 [JavaFX Application Thread] DEBUG Input                - Registered new binding: Right 1 - D
16:15:12.323 [JavaFX Application Thread] DEBUG Input                - Registered new binding: Left 1 - A
16:15:12.348 [JavaFX Application Thread] DEBUG GameApplication      - Starting main loop
16:15:12.358 [JavaFX Application Thread] DEBUG StartupState         - STARTUP
16:15:12.358 [JavaFX Application Thread] DEBUG GameApplication      - Starting new game
16:15:12.358 [JavaFX Application Thread] DEBUG Input                - Clearing active input actions
16:15:12.365 [JavaFX Application Thread] DEBUG AppStateMachine      - StartupState -> LoadingState
16:15:12.370 [FXGL Background Thread 1 ] DEBUG InitAppTask          - Clearing previous game
16:15:12.370 [FXGL Background Thread 1 ] DEBUG GameWorld            - Clearing game world
16:15:12.370 [FXGL Background Thread 1 ] DEBUG PhysicsWorld         - Clearing physics world
16:15:12.370 [FXGL Background Thread 1 ] DEBUG GameScene            - Clearing game scene
16:15:12.372 [FXGL Background Thread 1 ] DEBUG InitAppTask          - Initializing Game
16:15:12.377 [FXGL Background Thread 1 ] DEBUG InitAppTask          - Initializing Physics
16:15:12.377 [FXGL Background Thread 1 ] DEBUG InitAppTask          - Initializing UI
16:15:12.377 [FXGL Background Thread 1 ] DEBUG AssetLoader          - Loading from disk: /assets/ui/login.fxml
16:15:12.449 [FXGL Background Thread 1 ] DEBUG InitAppTask          - Initialization Complete
16:15:12.450 [FXGL Background Thread 1 ] INFO  InitAppTask          - Game initialization took: 0.079 sec
16:15:12.478 [JavaFX Application Thread] DEBUG Input                - Clearing active input actions
16:15:12.490 [JavaFX Application Thread] DEBUG AppStateMachine      - LoadingState -> PlayState
16:15:16.146 [JavaFX Application Thread] DEBUG GameApplication      - Exiting game application
16:15:16.148 [JavaFX Application Thread] DEBUG GameApplication      - Shutting down background threads
16:15:16.148 [JavaFX Application Thread] DEBUG GameApplication      - Exiting FXGL
16:15:16.148 [JavaFX Application Thread] DEBUG FXGL                 - Saving FXGL system data
16:15:16.151 [JavaFX Application Thread] DEBUG DesktopFSService     - Writing to: system/fxgl.bundle
16:15:16.155 [JavaFX Application Thread] DEBUG GameApplication      - Closing logger and exiting JavaFX
