01:41:47.570 [JavaFX Application Thread] DEBUG GameApplication      - Logger initialized
01:41:47.580 [JavaFX Application Thread] DEBUG MainWindow           - Creating a JavaFX scene
01:41:47.708 [JavaFX Application Thread] DEBUG MainWindow           - Target settings size: 860.0 x 600.0
01:41:47.708 [JavaFX Application Thread] DEBUG MainWindow           - Scaled scene size:    860.0 x 600.0
01:41:47.708 [JavaFX Application Thread] DEBUG MainWindow           - Scaled ratio: (1.0, 1.0)
01:41:47.714 [JavaFX Application Thread] DEBUG GameApplication      - Starting FXGL
01:41:47.719 [JavaFX Application Thread] INFO  FXGL                 - FXGL-0.5.3 on DESKTOP
01:41:47.719 [JavaFX Application Thread] INFO  FXGL                 - Source code and latest versions at: https://github.com/AlmasB/FXGL
01:41:47.719 [JavaFX Application Thread] INFO  FXGL                 -              Join the FXGL chat at: https://gitter.im/AlmasB/FXGL
01:41:47.726 [JavaFX Application Thread] DEBUG FS                   - Loaded DesktopFSService
01:41:47.727 [JavaFX Application Thread] DEBUG FXGL                 - Loading FXGL system data
01:41:47.732 [JavaFX Application Thread] DEBUG DesktopFSService     - Reading from: system/fxgl.bundle
01:41:47.740 [JavaFX Application Thread] DEBUG Bundle               - Logging bundle: FXGL
01:41:47.740 [JavaFX Application Thread] DEBUG Bundle               - FXGL.offline.timer.version.check=2019-03-01T19:05:40.352
01:41:47.764 [JavaFX Application Thread] DEBUG GameApplication      - FXGL started
01:41:47.764 [JavaFX Application Thread] DEBUG GameApplication      - Logging game settings
Title: Alpha
Version: 0.0
Width: 860
Height: 600
Fullscreen: false
Intro: false
Menus: false
Profiling: false
Single step:false
App Mode: DEVELOPER
Menu Key: ESCAPE
Stage Style: DECORATED
Scene Factory: class com.almasb.fxgl.scene.SceneFactory
Dialog Factory: class com.almasb.fxgl.ui.FXGLDialogFactory
UI Factory: class com.almasb.fxgl.ui.FXGLUIFactory
Notification Service: class com.almasb.fxgl.gameplay.notification.XboxNotificationView
Exception Handler: class com.almasb.fxgl.app.FXGLExceptionHandler
01:41:47.765 [JavaFX Application Thread] DEBUG GameApplication      - Configuring GameApplication
01:41:47.765 [JavaFX Application Thread] DEBUG GameApplication      - Initializing state machine and application states
01:41:47.786 [JavaFX Application Thread] DEBUG AssetLoader          - Loading from disk: /assets/ui/cursors/fxgl_default.png
01:41:47.810 [JavaFX Application Thread] DEBUG AssetLoader          - Loading from disk: /assets/ui/cursors/fxgl_default.png
01:41:47.839 [JavaFX Application Thread] DEBUG FXGLAssets           - Loading FXGLAssets
01:41:47.913 [JavaFX Application Thread] DEBUG AssetLoader          - Loading from disk: /assets/ui/fonts/VarelaRound-Regular.ttf
01:41:47.928 [JavaFX Application Thread] DEBUG AssetLoader          - Loading from disk: /assets/ui/fonts/lucida_console.ttf
01:41:47.931 [JavaFX Application Thread] DEBUG AssetLoader          - Loading from disk: /assets/ui/fonts/Courier-Prime.ttf
01:41:47.933 [JavaFX Application Thread] DEBUG AssetLoader          - Loading from disk: /assets/ui/fonts/Abel-Regular.ttf
01:41:47.935 [JavaFX Application Thread] DEBUG AssetLoader          - Loading from disk: /assets/ui/css/fxgl_dark.css
01:41:47.965 [JavaFX Application Thread] DEBUG AssetLoader          - Loading from disk: /assets/ui/cursors/fxgl_default.png
01:41:47.999 [JavaFX Application Thread] DEBUG AssetLoader          - Loading from disk: /assets/ui/cursors/fxgl_default.png
01:41:48.022 [JavaFX Application Thread] DEBUG GameScene            - Game scene initialized: 860x600
01:41:48.025 [JavaFX Application Thread] DEBUG GameWorld            - Game world initialized
01:41:48.065 [JavaFX Application Thread] DEBUG PhysicsWorld         - Physics world initialized: appHeight=600, physics.ppm=50.0
01:41:48.082 [JavaFX Application Thread] DEBUG Input                - Registered new binding: Pause - Esc
01:41:48.098 [JavaFX Application Thread] DEBUG Input                - Clearing active input actions
01:41:48.141 [JavaFX Application Thread] DEBUG AppStateMachine      - StartupState -> StartupState
01:41:48.144 [JavaFX Application Thread] INFO  GameApplication      - Game configuration took:  0.379 sec
01:41:48.146 [JavaFX Application Thread] DEBUG AssetLoader          - Loading from disk: /assets/textures/fxgl_icon.png
01:41:48.161 [JavaFX Application Thread] DEBUG MainWindow           - Opening main window
01:41:48.240 [JavaFX Application Thread] DEBUG MainWindow           - Window border size: (0.0, 0.0)
01:41:48.240 [JavaFX Application Thread] DEBUG MainWindow           - Scaled size: 860.0 x 600.0
01:41:48.240 [JavaFX Application Thread] DEBUG MainWindow           - Scaled ratio: (1.0, 1.0)
01:41:48.240 [JavaFX Application Thread] DEBUG MainWindow           - Scene size: 860.0 x 600.0
01:41:48.240 [JavaFX Application Thread] DEBUG MainWindow           - Stage size: 860.0 x 600.0
01:41:48.241 [JavaFX Application Thread] DEBUG GameApplication      - Running preInit()
01:41:48.243 [JavaFX Application Thread] DEBUG Input                - Registered new binding: Screenshot - P
01:41:48.243 [JavaFX Application Thread] DEBUG Input                - Registered new binding: Dev Options - CTRL+0
01:41:48.244 [JavaFX Application Thread] DEBUG Input                - Registered new binding: System info dump - CTRL+9
01:41:48.244 [JavaFX Application Thread] DEBUG Input                - Registered new binding: Restart - CTRL+R
01:41:48.245 [JavaFX Application Thread] DEBUG Input                - Registered new binding: Up 1 - W
01:41:48.245 [JavaFX Application Thread] DEBUG Input                - Registered new binding: Down 1 - S
01:41:48.245 [JavaFX Application Thread] DEBUG Input                - Registered new binding: Right 1 - D
01:41:48.245 [JavaFX Application Thread] DEBUG Input                - Registered new binding: Left 1 - A
01:41:48.247 [JavaFX Application Thread] DEBUG Input                - Registered new binding: Click - LMB
01:41:48.247 [JavaFX Application Thread] DEBUG Input                - Registered new binding: Rightclick - RMB
01:41:48.247 [JavaFX Application Thread] DEBUG Input                - Registered new binding: Tab - Tab
01:41:48.282 [JavaFX Application Thread] DEBUG GameApplication      - Starting main loop
01:41:48.294 [JavaFX Application Thread] DEBUG StartupState         - STARTUP
01:41:48.294 [JavaFX Application Thread] DEBUG GameApplication      - Starting new game
01:41:48.294 [JavaFX Application Thread] DEBUG Input                - Clearing active input actions
01:41:48.303 [JavaFX Application Thread] DEBUG AppStateMachine      - StartupState -> LoadingState
01:41:48.308 [FXGL Background Thread 1 ] DEBUG InitAppTask          - Clearing previous game
01:41:48.308 [FXGL Background Thread 1 ] DEBUG GameWorld            - Clearing game world
01:41:48.308 [FXGL Background Thread 1 ] DEBUG PhysicsWorld         - Clearing physics world
01:41:48.308 [FXGL Background Thread 1 ] DEBUG GameScene            - Clearing game scene
01:41:48.309 [FXGL Background Thread 1 ] DEBUG InitAppTask          - Initializing Game
01:41:48.314 [FXGL Background Thread 1 ] DEBUG InitAppTask          - Initializing Physics
01:41:48.315 [FXGL Background Thread 1 ] DEBUG InitAppTask          - Initializing UI
01:41:48.315 [FXGL Background Thread 1 ] DEBUG AssetLoader          - Loading from disk: /assets/ui/login.fxml
01:41:49.410 [FXGL Background Thread 1 ] DEBUG AssetLoader          - Loading from disk: /assets/textures/ui/box.png
01:41:49.412 [FXGL Background Thread 1 ] DEBUG AssetLoader          - Loading from disk: /assets/ui/mainpanel.fxml
01:41:49.446 [FXGL Background Thread 1 ] DEBUG InitAppTask          - Initialization Complete
01:41:49.446 [FXGL Background Thread 1 ] INFO  InitAppTask          - Game initialization took: 1.138 sec
01:41:49.450 [JavaFX Application Thread] DEBUG Input                - Clearing active input actions
01:41:49.464 [JavaFX Application Thread] DEBUG AppStateMachine      - LoadingState -> PlayState
01:42:02.962 [JavaFX Application Thread] DEBUG GameApplication      - Exiting game application
01:42:02.962 [JavaFX Application Thread] DEBUG GameApplication      - Shutting down background threads
01:42:02.963 [JavaFX Application Thread] DEBUG GameApplication      - Exiting FXGL
01:42:02.963 [JavaFX Application Thread] DEBUG FXGL                 - Saving FXGL system data
01:42:02.966 [JavaFX Application Thread] DEBUG DesktopFSService     - Writing to: system/fxgl.bundle
01:42:02.983 [JavaFX Application Thread] DEBUG GameApplication      - Closing logger and exiting JavaFX
