14:30:09.414 [JavaFX Application Thread] DEBUG GameApplication      - Logger initialized
14:30:09.420 [JavaFX Application Thread] DEBUG MainWindow           - Creating a JavaFX scene
14:30:09.554 [JavaFX Application Thread] DEBUG MainWindow           - Target settings size: 860.0 x 600.0
14:30:09.555 [JavaFX Application Thread] DEBUG MainWindow           - Scaled scene size:    860.0 x 600.0
14:30:09.555 [JavaFX Application Thread] DEBUG MainWindow           - Scaled ratio: (1.0, 1.0)
14:30:09.561 [JavaFX Application Thread] DEBUG GameApplication      - Starting FXGL
14:30:09.566 [JavaFX Application Thread] INFO  FXGL                 - FXGL-0.5.3 on DESKTOP
14:30:09.566 [JavaFX Application Thread] INFO  FXGL                 - Source code and latest versions at: https://github.com/AlmasB/FXGL
14:30:09.567 [JavaFX Application Thread] INFO  FXGL                 -              Join the FXGL chat at: https://gitter.im/AlmasB/FXGL
14:30:09.573 [JavaFX Application Thread] DEBUG FS                   - Loaded DesktopFSService
14:30:09.573 [JavaFX Application Thread] DEBUG FXGL                 - Loading FXGL system data
14:30:09.583 [JavaFX Application Thread] DEBUG DesktopFSService     - Reading from: system/fxgl.bundle
14:30:09.591 [JavaFX Application Thread] DEBUG Bundle               - Logging bundle: FXGL
14:30:09.591 [JavaFX Application Thread] DEBUG Bundle               - FXGL.offline.timer.version.check=2019-03-31T13:59:17.348
14:30:09.620 [JavaFX Application Thread] DEBUG GameApplication      - FXGL started
14:30:09.621 [JavaFX Application Thread] DEBUG GameApplication      - Logging game settings
Title: Alpha
Version: 0.0
Width: 860
Height: 600
Fullscreen: false
Intro: false
Menus: false
Profiling: true
Single step:false
App Mode: DEVELOPER
Menu Key: ESCAPE
Stage Style: DECORATED
Scene Factory: class com.almasb.fxgl.scene.SceneFactory
Dialog Factory: class com.almasb.fxgl.ui.FXGLDialogFactory
UI Factory: class com.almasb.fxgl.ui.FXGLUIFactory
Notification Service: class com.almasb.fxgl.gameplay.notification.XboxNotificationView
Exception Handler: class com.almasb.fxgl.app.FXGLExceptionHandler
14:30:09.622 [JavaFX Application Thread] DEBUG GameApplication      - Configuring GameApplication
14:30:09.622 [JavaFX Application Thread] DEBUG GameApplication      - Initializing state machine and application states
14:30:09.638 [JavaFX Application Thread] DEBUG AssetLoader          - Loading from disk: /assets/ui/cursors/fxgl_default.png
14:30:09.662 [JavaFX Application Thread] DEBUG AssetLoader          - Loading from disk: /assets/ui/cursors/fxgl_default.png
14:30:09.692 [JavaFX Application Thread] DEBUG FXGLAssets           - Loading FXGLAssets
14:30:09.716 [JavaFX Application Thread] DEBUG AssetLoader          - Loading from disk: /assets/ui/fonts/VarelaRound-Regular.ttf
14:30:09.730 [JavaFX Application Thread] DEBUG AssetLoader          - Loading from disk: /assets/ui/fonts/lucida_console.ttf
14:30:09.732 [JavaFX Application Thread] DEBUG AssetLoader          - Loading from disk: /assets/ui/fonts/Courier-Prime.ttf
14:30:09.734 [JavaFX Application Thread] DEBUG AssetLoader          - Loading from disk: /assets/ui/fonts/Abel-Regular.ttf
14:30:09.735 [JavaFX Application Thread] DEBUG AssetLoader          - Loading from disk: /assets/ui/css/fxgl_dark.css
14:30:09.767 [JavaFX Application Thread] DEBUG AssetLoader          - Loading from disk: /assets/ui/cursors/fxgl_default.png
14:30:09.800 [JavaFX Application Thread] DEBUG AssetLoader          - Loading from disk: /assets/ui/cursors/fxgl_default.png
14:30:09.821 [JavaFX Application Thread] DEBUG GameScene            - Game scene initialized: 860x600
14:30:09.824 [JavaFX Application Thread] DEBUG GameWorld            - Game world initialized
14:30:09.862 [JavaFX Application Thread] DEBUG PhysicsWorld         - Physics world initialized: appHeight=600, physics.ppm=50.0
14:30:09.878 [JavaFX Application Thread] DEBUG Input                - Registered new binding: Pause - Esc
14:30:09.894 [JavaFX Application Thread] DEBUG Input                - Clearing active input actions
14:30:09.936 [JavaFX Application Thread] DEBUG AppStateMachine      - StartupState -> StartupState
14:30:09.939 [JavaFX Application Thread] INFO  GameApplication      - Game configuration took:  0.318 sec
14:30:09.941 [JavaFX Application Thread] DEBUG AssetLoader          - Loading from disk: /assets/textures/fxgl_icon.png
14:30:09.957 [JavaFX Application Thread] DEBUG MainWindow           - Opening main window
14:30:10.024 [JavaFX Application Thread] DEBUG MainWindow           - Window border size: (0.0, 0.0)
14:30:10.024 [JavaFX Application Thread] DEBUG MainWindow           - Scaled size: 860.0 x 600.0
14:30:10.024 [JavaFX Application Thread] DEBUG MainWindow           - Scaled ratio: (1.0, 1.0)
14:30:10.025 [JavaFX Application Thread] DEBUG MainWindow           - Scene size: 860.0 x 600.0
14:30:10.025 [JavaFX Application Thread] DEBUG MainWindow           - Stage size: 860.0 x 600.0
14:30:10.025 [JavaFX Application Thread] DEBUG GameApplication      - Running preInit()
14:30:10.027 [JavaFX Application Thread] DEBUG Input                - Registered new binding: Screenshot - P
14:30:10.028 [JavaFX Application Thread] DEBUG Input                - Registered new binding: Dev Options - CTRL+0
14:30:10.028 [JavaFX Application Thread] DEBUG Input                - Registered new binding: System info dump - CTRL+9
14:30:10.029 [JavaFX Application Thread] DEBUG Input                - Registered new binding: Restart - CTRL+R
14:30:10.029 [JavaFX Application Thread] DEBUG Input                - Registered new binding: Up 1 - W
14:30:10.029 [JavaFX Application Thread] DEBUG Input                - Registered new binding: Down 1 - S
14:30:10.029 [JavaFX Application Thread] DEBUG Input                - Registered new binding: Right 1 - D
14:30:10.030 [JavaFX Application Thread] DEBUG Input                - Registered new binding: Left 1 - A
14:30:10.030 [JavaFX Application Thread] DEBUG Input                - Registered new binding: Change State - C
14:30:10.030 [JavaFX Application Thread] DEBUG Input                - Registered new binding: Set Shield - X
14:30:10.031 [JavaFX Application Thread] DEBUG Input                - Registered new binding: Click - LMB
14:30:10.032 [JavaFX Application Thread] DEBUG Input                - Registered new binding: Rightclick - RMB
14:30:10.032 [JavaFX Application Thread] DEBUG Input                - Registered new binding: Tab - Tab
14:30:10.059 [JavaFX Application Thread] DEBUG GameApplication      - Starting main loop
14:30:10.077 [JavaFX Application Thread] DEBUG StartupState         - STARTUP
14:30:10.077 [JavaFX Application Thread] DEBUG GameApplication      - Starting new game
14:30:10.078 [JavaFX Application Thread] DEBUG Input                - Clearing active input actions
14:30:10.087 [JavaFX Application Thread] DEBUG AppStateMachine      - StartupState -> LoadingState
14:30:10.092 [FXGL Background Thread 1 ] DEBUG InitAppTask          - Clearing previous game
14:30:10.092 [FXGL Background Thread 1 ] DEBUG GameWorld            - Clearing game world
14:30:10.093 [FXGL Background Thread 1 ] DEBUG PhysicsWorld         - Clearing physics world
14:30:10.093 [FXGL Background Thread 1 ] DEBUG GameScene            - Clearing game scene
14:30:10.094 [FXGL Background Thread 1 ] DEBUG InitAppTask          - Initializing Game
14:30:10.098 [FXGL Background Thread 1 ] DEBUG InitAppTask          - Initializing Physics
14:30:10.100 [FXGL Background Thread 1 ] DEBUG InitAppTask          - Initializing UI
14:30:10.100 [FXGL Background Thread 1 ] DEBUG AssetLoader          - Loading from disk: /assets/ui/login.fxml
14:30:11.167 [FXGL Background Thread 1 ] DEBUG AssetLoader          - Loading from disk: /assets/textures/ui/default.png
14:30:11.168 [FXGL Background Thread 1 ] DEBUG AssetLoader          - Loading from disk: /assets/ui/mainpanel.fxml
14:30:11.203 [FXGL Background Thread 1 ] DEBUG InitAppTask          - Initialization Complete
14:30:11.203 [FXGL Background Thread 1 ] INFO  InitAppTask          - Game initialization took: 1.111 sec
14:30:11.208 [JavaFX Application Thread] DEBUG Input                - Clearing active input actions
14:30:11.219 [JavaFX Application Thread] DEBUG AppStateMachine      - LoadingState -> PlayState
14:30:28.188 [JavaFX Application Thread] DEBUG GameApplication      - Exiting game application
14:30:28.189 [JavaFX Application Thread] DEBUG GameApplication      - Shutting down background threads
14:30:28.190 [JavaFX Application Thread] INFO  Profiler             - Processed Frames: 1151
14:30:28.190 [JavaFX Application Thread] INFO  Profiler             - Average FPS: 59
14:30:28.190 [JavaFX Application Thread] INFO  Profiler             - Avg Frame Took: 0.05 ms
14:30:28.191 [JavaFX Application Thread] INFO  Profiler             - Avg Memory Usage: 164 MB
14:30:28.191 [JavaFX Application Thread] INFO  Profiler             - Min Memory Usage: 12 MB
14:30:28.191 [JavaFX Application Thread] INFO  Profiler             - Max Memory Usage: 169 MB
14:30:28.191 [JavaFX Application Thread] INFO  Profiler             - Estimated GC runs: 0
14:30:28.192 [JavaFX Application Thread] DEBUG GameApplication      - Exiting FXGL
14:30:28.192 [JavaFX Application Thread] DEBUG FXGL                 - Saving FXGL system data
14:30:28.195 [JavaFX Application Thread] DEBUG DesktopFSService     - Writing to: system/fxgl.bundle
14:30:28.199 [JavaFX Application Thread] DEBUG GameApplication      - Closing logger and exiting JavaFX
