02:00:26.143 [JavaFX Application Thread] DEBUG GameApplication      - Logger initialized
02:00:26.149 [JavaFX Application Thread] DEBUG MainWindow           - Creating a JavaFX scene
02:00:26.285 [JavaFX Application Thread] DEBUG MainWindow           - Target settings size: 860.0 x 600.0
02:00:26.285 [JavaFX Application Thread] DEBUG MainWindow           - Scaled scene size:    860.0 x 600.0
02:00:26.285 [JavaFX Application Thread] DEBUG MainWindow           - Scaled ratio: (1.0, 1.0)
02:00:26.291 [JavaFX Application Thread] DEBUG GameApplication      - Starting FXGL
02:00:26.296 [JavaFX Application Thread] INFO  FXGL                 - FXGL-0.5.3 on DESKTOP
02:00:26.296 [JavaFX Application Thread] INFO  FXGL                 - Source code and latest versions at: https://github.com/AlmasB/FXGL
02:00:26.296 [JavaFX Application Thread] INFO  FXGL                 -              Join the FXGL chat at: https://gitter.im/AlmasB/FXGL
02:00:26.304 [JavaFX Application Thread] DEBUG FS                   - Loaded DesktopFSService
02:00:26.304 [JavaFX Application Thread] DEBUG FXGL                 - Loading FXGL system data
02:00:26.312 [JavaFX Application Thread] DEBUG DesktopFSService     - Reading from: system/fxgl.bundle
02:00:26.321 [JavaFX Application Thread] DEBUG Bundle               - Logging bundle: FXGL
02:00:26.322 [JavaFX Application Thread] DEBUG Bundle               - FXGL.offline.timer.version.check=2019-02-14T00:36:59.438
02:00:26.359 [JavaFX Application Thread] DEBUG GameApplication      - FXGL started
02:00:26.360 [JavaFX Application Thread] DEBUG GameApplication      - Logging game settings
Title: Alpha 0.0
Version: 0.0
Width: 860
Height: 600
Fullscreen: false
Intro: false
Menus: false
Profiling: false
Single step:false
App Mode: DEVELOPER
Menu Key: ESCAPE
Stage Style: DECORATED
Scene Factory: class com.almasb.fxgl.scene.SceneFactory
Dialog Factory: class com.almasb.fxgl.ui.FXGLDialogFactory
UI Factory: class com.almasb.fxgl.ui.FXGLUIFactory
Notification Service: class com.almasb.fxgl.gameplay.notification.XboxNotificationView
Exception Handler: class com.almasb.fxgl.app.FXGLExceptionHandler
02:00:26.361 [JavaFX Application Thread] DEBUG GameApplication      - Configuring GameApplication
02:00:26.361 [JavaFX Application Thread] DEBUG GameApplication      - Initializing state machine and application states
02:00:26.375 [JavaFX Application Thread] DEBUG AssetLoader          - Loading from disk: /assets/ui/cursors/fxgl_default.png
02:00:26.396 [JavaFX Application Thread] DEBUG AssetLoader          - Loading from disk: /assets/ui/cursors/fxgl_default.png
02:00:26.427 [JavaFX Application Thread] DEBUG FXGLAssets           - Loading FXGLAssets
02:00:26.452 [JavaFX Application Thread] DEBUG AssetLoader          - Loading from disk: /assets/ui/fonts/VarelaRound-Regular.ttf
02:00:26.466 [JavaFX Application Thread] DEBUG AssetLoader          - Loading from disk: /assets/ui/fonts/lucida_console.ttf
02:00:26.468 [JavaFX Application Thread] DEBUG AssetLoader          - Loading from disk: /assets/ui/fonts/Courier-Prime.ttf
02:00:26.470 [JavaFX Application Thread] DEBUG AssetLoader          - Loading from disk: /assets/ui/fonts/Abel-Regular.ttf
02:00:26.472 [JavaFX Application Thread] DEBUG AssetLoader          - Loading from disk: /assets/ui/css/fxgl_dark.css
02:00:26.503 [JavaFX Application Thread] DEBUG AssetLoader          - Loading from disk: /assets/ui/cursors/fxgl_default.png
02:00:26.539 [JavaFX Application Thread] DEBUG AssetLoader          - Loading from disk: /assets/ui/cursors/fxgl_default.png
02:00:26.560 [JavaFX Application Thread] DEBUG GameScene            - Game scene initialized: 860x600
02:00:26.563 [JavaFX Application Thread] DEBUG GameWorld            - Game world initialized
02:00:26.607 [JavaFX Application Thread] DEBUG PhysicsWorld         - Physics world initialized: appHeight=600, physics.ppm=50.0
02:00:26.623 [JavaFX Application Thread] DEBUG Input                - Registered new binding: Pause - Esc
02:00:26.640 [JavaFX Application Thread] DEBUG Input                - Clearing active input actions
02:00:26.680 [JavaFX Application Thread] DEBUG AppStateMachine      - StartupState -> StartupState
02:00:26.684 [JavaFX Application Thread] INFO  GameApplication      - Game configuration took:  0.323 sec
02:00:26.686 [JavaFX Application Thread] DEBUG AssetLoader          - Loading from disk: /assets/textures/fxgl_icon.png
02:00:26.701 [JavaFX Application Thread] DEBUG MainWindow           - Opening main window
02:00:26.769 [JavaFX Application Thread] DEBUG MainWindow           - Window border size: (0.0, 0.0)
02:00:26.770 [JavaFX Application Thread] DEBUG MainWindow           - Scaled size: 860.0 x 600.0
02:00:26.770 [JavaFX Application Thread] DEBUG MainWindow           - Scaled ratio: (1.0, 1.0)
02:00:26.770 [JavaFX Application Thread] DEBUG MainWindow           - Scene size: 860.0 x 600.0
02:00:26.770 [JavaFX Application Thread] DEBUG MainWindow           - Stage size: 860.0 x 600.0
02:00:26.770 [JavaFX Application Thread] DEBUG GameApplication      - Running preInit()
02:00:26.773 [JavaFX Application Thread] DEBUG Input                - Registered new binding: Screenshot - P
02:00:26.773 [JavaFX Application Thread] DEBUG Input                - Registered new binding: Dev Options - CTRL+0
02:00:26.774 [JavaFX Application Thread] DEBUG Input                - Registered new binding: System info dump - CTRL+9
02:00:26.774 [JavaFX Application Thread] DEBUG Input                - Registered new binding: Restart - CTRL+R
02:00:26.775 [JavaFX Application Thread] DEBUG Input                - Registered new binding: Up 1 - W
02:00:26.775 [JavaFX Application Thread] DEBUG Input                - Registered new binding: Down 1 - S
02:00:26.775 [JavaFX Application Thread] DEBUG Input                - Registered new binding: Right 1 - D
02:00:26.775 [JavaFX Application Thread] DEBUG Input                - Registered new binding: Left 1 - A
02:00:26.775 [JavaFX Application Thread] DEBUG Input                - Registered new binding: Tab - Tab
02:00:26.805 [JavaFX Application Thread] DEBUG GameApplication      - Starting main loop
02:00:26.827 [JavaFX Application Thread] DEBUG StartupState         - STARTUP
02:00:26.827 [JavaFX Application Thread] DEBUG GameApplication      - Starting new game
02:00:26.827 [JavaFX Application Thread] DEBUG Input                - Clearing active input actions
02:00:26.837 [JavaFX Application Thread] DEBUG AppStateMachine      - StartupState -> LoadingState
02:00:26.842 [FXGL Background Thread 1 ] DEBUG InitAppTask          - Clearing previous game
02:00:26.842 [FXGL Background Thread 1 ] DEBUG GameWorld            - Clearing game world
02:00:26.842 [FXGL Background Thread 1 ] DEBUG PhysicsWorld         - Clearing physics world
02:00:26.842 [FXGL Background Thread 1 ] DEBUG GameScene            - Clearing game scene
02:00:26.843 [FXGL Background Thread 1 ] DEBUG InitAppTask          - Initializing Game
02:00:26.847 [FXGL Background Thread 1 ] DEBUG InitAppTask          - Initializing Physics
02:00:26.848 [FXGL Background Thread 1 ] DEBUG InitAppTask          - Initializing UI
02:00:26.848 [FXGL Background Thread 1 ] DEBUG AssetLoader          - Loading from disk: /assets/ui/login.fxml
02:00:27.926 [FXGL Background Thread 1 ] DEBUG AssetLoader          - Loading from disk: /assets/ui/mainpanel.fxml
02:00:27.948 [FXGL Background Thread 1 ] DEBUG AssetLoader          - Loading from disk: /assets/textures/ui/box.png
02:00:27.950 [FXGL Background Thread 1 ] DEBUG AssetLoader          - Loading from cache: /assets/textures/ui/box.png
02:00:27.950 [FXGL Background Thread 1 ] DEBUG AssetLoader          - Loading from cache: /assets/textures/ui/box.png
02:00:27.950 [FXGL Background Thread 1 ] DEBUG AssetLoader          - Loading from cache: /assets/textures/ui/box.png
02:00:27.950 [FXGL Background Thread 1 ] DEBUG AssetLoader          - Loading from cache: /assets/textures/ui/box.png
02:00:27.950 [FXGL Background Thread 1 ] DEBUG AssetLoader          - Loading from cache: /assets/textures/ui/box.png
02:00:27.950 [FXGL Background Thread 1 ] DEBUG AssetLoader          - Loading from cache: /assets/textures/ui/box.png
02:00:27.951 [FXGL Background Thread 1 ] DEBUG AssetLoader          - Loading from cache: /assets/textures/ui/box.png
02:00:27.951 [FXGL Background Thread 1 ] DEBUG AssetLoader          - Loading from cache: /assets/textures/ui/box.png
02:00:27.951 [FXGL Background Thread 1 ] DEBUG AssetLoader          - Loading from cache: /assets/textures/ui/box.png
02:00:27.951 [FXGL Background Thread 1 ] DEBUG AssetLoader          - Loading from cache: /assets/textures/ui/box.png
02:00:27.951 [FXGL Background Thread 1 ] DEBUG AssetLoader          - Loading from cache: /assets/textures/ui/box.png
02:00:27.952 [FXGL Background Thread 1 ] DEBUG AssetLoader          - Loading from cache: /assets/textures/ui/box.png
02:00:27.952 [FXGL Background Thread 1 ] DEBUG AssetLoader          - Loading from cache: /assets/textures/ui/box.png
02:00:27.952 [FXGL Background Thread 1 ] DEBUG AssetLoader          - Loading from cache: /assets/textures/ui/box.png
02:00:27.952 [FXGL Background Thread 1 ] DEBUG AssetLoader          - Loading from cache: /assets/textures/ui/box.png
02:00:27.953 [FXGL Background Thread 1 ] FATAL AssetLoader          - Loading failed for asset: mainpanel.fxml. Cause: null
02:00:27.954 [JavaFX Application Thread] FATAL GameApplication      - Uncaught Exception:

Fatal exception occurred: java.lang.IllegalArgumentException : Failed to load asset: mainpanel.fxml. Cause: null
E: com.almasb.fxgl.asset.AssetLoader.loadFailed(AssetLoader.kt:737)
E: com.almasb.fxgl.asset.AssetLoader.loadUI(AssetLoader.kt:479)
E: client.Screen.initUI(Screen.java:66)
E: com.almasb.fxgl.app.LoadingState$InitAppTask.initUI(AppStates.kt:175)
E: com.almasb.fxgl.app.LoadingState$InitAppTask.call(AppStates.kt:137)
E: com.almasb.fxgl.app.LoadingState$InitAppTask.call(AppStates.kt:124)
E: javafx.concurrent.Task$TaskCallable.call(Task.java:1423)
E: java.util.concurrent.FutureTask.run(FutureTask.java:266)
E: java.util.concurrent.Executors$RunnableAdapter.call(Executors.java:511)
E: java.util.concurrent.FutureTask.run(FutureTask.java:266)
E: java.util.concurrent.ThreadPoolExecutor.runWorker(ThreadPoolExecutor.java:1149)
E: java.util.concurrent.ThreadPoolExecutor$Worker.run(ThreadPoolExecutor.java:624)
E: java.lang.Thread.run(Thread.java:748)

02:00:27.954 [JavaFX Application Thread] FATAL GameApplication      - Application will now exit
02:00:27.954 [JavaFX Application Thread] DEBUG GameApplication      - Stopping main loop
02:00:30.233 [JavaFX Application Thread] DEBUG GameApplication      - Exiting game application
02:00:30.233 [JavaFX Application Thread] DEBUG GameApplication      - Shutting down background threads
02:00:30.234 [JavaFX Application Thread] DEBUG GameApplication      - Exiting FXGL
02:00:30.234 [JavaFX Application Thread] DEBUG FXGL                 - Saving FXGL system data
02:00:30.236 [JavaFX Application Thread] DEBUG DesktopFSService     - Writing to: system/fxgl.bundle
02:00:30.238 [JavaFX Application Thread] DEBUG GameApplication      - Closing logger and exiting JavaFX
