12:04:19.789 [JavaFX Application Thread] DEBUG GameApplication      - Logger initialized
12:04:19.796 [JavaFX Application Thread] DEBUG MainWindow           - Creating a JavaFX scene
12:04:19.925 [JavaFX Application Thread] DEBUG MainWindow           - Target settings size: 860.0 x 600.0
12:04:19.925 [JavaFX Application Thread] DEBUG MainWindow           - Scaled scene size:    860.0 x 600.0
12:04:19.925 [JavaFX Application Thread] DEBUG MainWindow           - Scaled ratio: (1.0, 1.0)
12:04:19.931 [JavaFX Application Thread] DEBUG GameApplication      - Starting FXGL
12:04:19.936 [JavaFX Application Thread] INFO  FXGL                 - FXGL-0.5.3 on DESKTOP
12:04:19.936 [JavaFX Application Thread] INFO  FXGL                 - Source code and latest versions at: https://github.com/AlmasB/FXGL
12:04:19.936 [JavaFX Application Thread] INFO  FXGL                 -              Join the FXGL chat at: https://gitter.im/AlmasB/FXGL
12:04:19.942 [JavaFX Application Thread] DEBUG FS                   - Loaded DesktopFSService
12:04:19.943 [JavaFX Application Thread] DEBUG FXGL                 - Loading FXGL system data
12:04:19.948 [JavaFX Application Thread] DEBUG DesktopFSService     - Reading from: system/fxgl.bundle
12:04:19.956 [JavaFX Application Thread] DEBUG Bundle               - Logging bundle: FXGL
12:04:19.956 [JavaFX Application Thread] DEBUG Bundle               - FXGL.offline.timer.version.check=2019-02-06T21:58:35.988
12:04:19.981 [JavaFX Application Thread] DEBUG GameApplication      - FXGL started
12:04:19.982 [JavaFX Application Thread] DEBUG GameApplication      - Logging game settings
Title: Basic Game App
Version: 0.0
Width: 860
Height: 600
Fullscreen: false
Intro: false
Menus: false
Profiling: false
Single step:false
App Mode: DEVELOPER
Menu Key: ESCAPE
Stage Style: DECORATED
Scene Factory: class com.almasb.fxgl.scene.SceneFactory
Dialog Factory: class com.almasb.fxgl.ui.FXGLDialogFactory
UI Factory: class com.almasb.fxgl.ui.FXGLUIFactory
Notification Service: class com.almasb.fxgl.gameplay.notification.XboxNotificationView
Exception Handler: class com.almasb.fxgl.app.FXGLExceptionHandler
12:04:19.983 [JavaFX Application Thread] DEBUG GameApplication      - Configuring GameApplication
12:04:19.983 [JavaFX Application Thread] DEBUG GameApplication      - Initializing state machine and application states
12:04:20.005 [JavaFX Application Thread] DEBUG AssetLoader          - Loading from disk: /assets/ui/cursors/fxgl_default.png
12:04:20.029 [JavaFX Application Thread] DEBUG AssetLoader          - Loading from disk: /assets/ui/cursors/fxgl_default.png
12:04:20.058 [JavaFX Application Thread] DEBUG FXGLAssets           - Loading FXGLAssets
12:04:20.082 [JavaFX Application Thread] DEBUG AssetLoader          - Loading from disk: /assets/ui/fonts/VarelaRound-Regular.ttf
12:04:20.094 [JavaFX Application Thread] DEBUG AssetLoader          - Loading from disk: /assets/ui/fonts/lucida_console.ttf
12:04:20.097 [JavaFX Application Thread] DEBUG AssetLoader          - Loading from disk: /assets/ui/fonts/Courier-Prime.ttf
12:04:20.099 [JavaFX Application Thread] DEBUG AssetLoader          - Loading from disk: /assets/ui/fonts/Abel-Regular.ttf
12:04:20.100 [JavaFX Application Thread] DEBUG AssetLoader          - Loading from disk: /assets/ui/css/fxgl_dark.css
12:04:20.128 [JavaFX Application Thread] DEBUG AssetLoader          - Loading from disk: /assets/ui/cursors/fxgl_default.png
12:04:20.160 [JavaFX Application Thread] DEBUG AssetLoader          - Loading from disk: /assets/ui/cursors/fxgl_default.png
12:04:20.180 [JavaFX Application Thread] DEBUG GameScene            - Game scene initialized: 860x600
12:04:20.183 [JavaFX Application Thread] DEBUG GameWorld            - Game world initialized
12:04:20.221 [JavaFX Application Thread] DEBUG PhysicsWorld         - Physics world initialized: appHeight=600, physics.ppm=50.0
12:04:20.237 [JavaFX Application Thread] DEBUG Input                - Registered new binding: Pause - Esc
12:04:20.253 [JavaFX Application Thread] DEBUG Input                - Clearing active input actions
12:04:20.295 [JavaFX Application Thread] DEBUG AppStateMachine      - StartupState -> StartupState
12:04:20.298 [JavaFX Application Thread] INFO  GameApplication      - Game configuration took:  0.315 sec
12:04:20.300 [JavaFX Application Thread] DEBUG AssetLoader          - Loading from disk: /assets/textures/fxgl_icon.png
12:04:20.315 [JavaFX Application Thread] DEBUG MainWindow           - Opening main window
12:04:20.388 [JavaFX Application Thread] DEBUG MainWindow           - Window border size: (0.0, 0.0)
12:04:20.388 [JavaFX Application Thread] DEBUG MainWindow           - Scaled size: 860.0 x 600.0
12:04:20.388 [JavaFX Application Thread] DEBUG MainWindow           - Scaled ratio: (1.0, 1.0)
12:04:20.389 [JavaFX Application Thread] DEBUG MainWindow           - Scene size: 860.0 x 600.0
12:04:20.389 [JavaFX Application Thread] DEBUG MainWindow           - Stage size: 860.0 x 600.0
12:04:20.389 [JavaFX Application Thread] DEBUG GameApplication      - Running preInit()
12:04:20.390 [JavaFX Application Thread] DEBUG Input                - Registered new binding: Screenshot - P
12:04:20.391 [JavaFX Application Thread] DEBUG Input                - Registered new binding: Dev Options - CTRL+0
12:04:20.391 [JavaFX Application Thread] DEBUG Input                - Registered new binding: System info dump - CTRL+9
12:04:20.392 [JavaFX Application Thread] DEBUG Input                - Registered new binding: Restart - CTRL+R
12:04:20.419 [JavaFX Application Thread] DEBUG GameApplication      - Starting main loop
12:04:20.437 [JavaFX Application Thread] DEBUG StartupState         - STARTUP
12:04:20.437 [JavaFX Application Thread] DEBUG GameApplication      - Starting new game
12:04:20.437 [JavaFX Application Thread] DEBUG Input                - Clearing active input actions
12:04:20.448 [JavaFX Application Thread] DEBUG AppStateMachine      - StartupState -> LoadingState
12:04:20.454 [FXGL Background Thread 1 ] DEBUG InitAppTask          - Clearing previous game
12:04:20.454 [FXGL Background Thread 1 ] DEBUG GameWorld            - Clearing game world
12:04:20.454 [FXGL Background Thread 1 ] DEBUG PhysicsWorld         - Clearing physics world
12:04:20.454 [FXGL Background Thread 1 ] DEBUG GameScene            - Clearing game scene
12:04:20.455 [FXGL Background Thread 1 ] DEBUG InitAppTask          - Initializing Game
12:04:20.460 [FXGL Background Thread 1 ] DEBUG InitAppTask          - Initializing Physics
12:04:20.460 [FXGL Background Thread 1 ] DEBUG InitAppTask          - Initializing UI
12:04:20.461 [FXGL Background Thread 1 ] DEBUG AssetLoader          - Loading from disk: /assets/ui/login.fxml
12:04:21.550 [FXGL Background Thread 1 ] DEBUG InitAppTask          - Initialization Complete
12:04:21.550 [FXGL Background Thread 1 ] INFO  InitAppTask          - Game initialization took: 1.096 sec
12:04:21.563 [JavaFX Application Thread] DEBUG Input                - Clearing active input actions
12:04:21.578 [JavaFX Application Thread] DEBUG AppStateMachine      - LoadingState -> PlayState
12:04:24.006 [JavaFX Application Thread] DEBUG Input                - Registered new binding: Up 1 - W
12:04:24.006 [JavaFX Application Thread] DEBUG Input                - Registered new binding: Down 1 - S
12:04:24.006 [JavaFX Application Thread] DEBUG Input                - Registered new binding: Right 1 - D
12:04:24.007 [JavaFX Application Thread] DEBUG Input                - Registered new binding: Left 1 - A
12:04:27.931 [JavaFX Application Thread] FATAL GameApplication      - Uncaught Exception:

Fatal exception occurred: java.lang.NullPointerException : null
E: client.Screen$3.onAction(Screen.java:113)
E: com.almasb.fxgl.input.UserAction.fireAction(UserAction.java:80)
E: com.almasb.fxgl.input.Input.update(Input.kt:144)
E: com.almasb.fxgl.app.State.update(State.java:71)
E: com.almasb.fxgl.app.AppStateMachine.onUpdate(AppStateMachine.java:100)
E: com.almasb.fxgl.app.GameApplication.stepLoop(GameApplication.java:382)
E: com.almasb.fxgl.app.GameApplication$2.handle(GameApplication.java:348)
E: javafx.animation.AnimationTimer$AnimationTimerReceiver.lambda$handle$0(AnimationTimer.java:57)
E: java.security.AccessController.doPrivileged(Native Method)
E: javafx.animation.AnimationTimer$AnimationTimerReceiver.handle(AnimationTimer.java:56)
E: com.sun.scenario.animation.AbstractMasterTimer.timePulseImpl(AbstractMasterTimer.java:357)
E: com.sun.scenario.animation.AbstractMasterTimer$MainLoop.run(AbstractMasterTimer.java:267)
E: com.sun.javafx.tk.quantum.QuantumToolkit.pulse(QuantumToolkit.java:514)
E: com.sun.javafx.tk.quantum.QuantumToolkit.pulse(QuantumToolkit.java:498)
E: com.sun.javafx.tk.quantum.QuantumToolkit.pulseFromQueue(QuantumToolkit.java:491)
E: com.sun.javafx.tk.quantum.QuantumToolkit.lambda$runToolkit$11(QuantumToolkit.java:319)
E: com.sun.glass.ui.InvokeLaterDispatcher$Future.run(InvokeLaterDispatcher.java:95)
E: com.sun.glass.ui.gtk.GtkApplication._runLoop(Native Method)
E: com.sun.glass.ui.gtk.GtkApplication.lambda$null$5(GtkApplication.java:139)
E: java.lang.Thread.run(Thread.java:748)

12:04:27.932 [JavaFX Application Thread] FATAL GameApplication      - Application will now exit
12:04:27.932 [JavaFX Application Thread] DEBUG GameApplication      - Stopping main loop
12:04:29.763 [JavaFX Application Thread] DEBUG GameApplication      - Exiting game application
12:04:29.764 [JavaFX Application Thread] DEBUG GameApplication      - Shutting down background threads
12:04:29.764 [JavaFX Application Thread] DEBUG GameApplication      - Exiting FXGL
12:04:29.764 [JavaFX Application Thread] DEBUG FXGL                 - Saving FXGL system data
12:04:29.766 [JavaFX Application Thread] DEBUG DesktopFSService     - Writing to: system/fxgl.bundle
12:04:29.769 [JavaFX Application Thread] DEBUG GameApplication      - Closing logger and exiting JavaFX
