17:04:37.311 [JavaFX Application Thread] DEBUG GameApplication      - Logger initialized
17:04:37.317 [JavaFX Application Thread] DEBUG MainWindow           - Creating a JavaFX scene
17:04:37.445 [JavaFX Application Thread] DEBUG MainWindow           - Target settings size: 860.0 x 600.0
17:04:37.445 [JavaFX Application Thread] DEBUG MainWindow           - Scaled scene size:    860.0 x 600.0
17:04:37.445 [JavaFX Application Thread] DEBUG MainWindow           - Scaled ratio: (1.0, 1.0)
17:04:37.451 [JavaFX Application Thread] DEBUG GameApplication      - Starting FXGL
17:04:37.457 [JavaFX Application Thread] INFO  FXGL                 - FXGL-0.5.3 on DESKTOP
17:04:37.457 [JavaFX Application Thread] INFO  FXGL                 - Source code and latest versions at: https://github.com/AlmasB/FXGL
17:04:37.458 [JavaFX Application Thread] INFO  FXGL                 -              Join the FXGL chat at: https://gitter.im/AlmasB/FXGL
17:04:37.467 [JavaFX Application Thread] DEBUG FS                   - Loaded DesktopFSService
17:04:37.468 [JavaFX Application Thread] DEBUG FXGL                 - Loading FXGL system data
17:04:37.474 [JavaFX Application Thread] DEBUG DesktopFSService     - Reading from: system/fxgl.bundle
17:04:37.482 [JavaFX Application Thread] DEBUG Bundle               - Logging bundle: FXGL
17:04:37.482 [JavaFX Application Thread] DEBUG Bundle               - FXGL.offline.timer.version.check=2019-02-06T21:58:35.988
17:04:37.508 [JavaFX Application Thread] DEBUG GameApplication      - FXGL started
17:04:37.508 [JavaFX Application Thread] DEBUG GameApplication      - Logging game settings
Title: Basic Game App
Version: 0.0
Width: 860
Height: 600
Fullscreen: false
Intro: false
Menus: false
Profiling: false
Single step:false
App Mode: DEVELOPER
Menu Key: ESCAPE
Stage Style: DECORATED
Scene Factory: class com.almasb.fxgl.scene.SceneFactory
Dialog Factory: class com.almasb.fxgl.ui.FXGLDialogFactory
UI Factory: class com.almasb.fxgl.ui.FXGLUIFactory
Notification Service: class com.almasb.fxgl.gameplay.notification.XboxNotificationView
Exception Handler: class com.almasb.fxgl.app.FXGLExceptionHandler
17:04:37.509 [JavaFX Application Thread] DEBUG GameApplication      - Configuring GameApplication
17:04:37.509 [JavaFX Application Thread] DEBUG GameApplication      - Initializing state machine and application states
17:04:37.531 [JavaFX Application Thread] DEBUG AssetLoader          - Loading from disk: /assets/ui/cursors/fxgl_default.png
17:04:37.553 [JavaFX Application Thread] DEBUG AssetLoader          - Loading from disk: /assets/ui/cursors/fxgl_default.png
17:04:37.586 [JavaFX Application Thread] DEBUG FXGLAssets           - Loading FXGLAssets
17:04:37.610 [JavaFX Application Thread] DEBUG AssetLoader          - Loading from disk: /assets/ui/fonts/VarelaRound-Regular.ttf
17:04:37.622 [JavaFX Application Thread] DEBUG AssetLoader          - Loading from disk: /assets/ui/fonts/lucida_console.ttf
17:04:37.625 [JavaFX Application Thread] DEBUG AssetLoader          - Loading from disk: /assets/ui/fonts/Courier-Prime.ttf
17:04:37.627 [JavaFX Application Thread] DEBUG AssetLoader          - Loading from disk: /assets/ui/fonts/Abel-Regular.ttf
17:04:37.629 [JavaFX Application Thread] DEBUG AssetLoader          - Loading from disk: /assets/ui/css/fxgl_dark.css
17:04:37.658 [JavaFX Application Thread] DEBUG AssetLoader          - Loading from disk: /assets/ui/cursors/fxgl_default.png
17:04:37.692 [JavaFX Application Thread] DEBUG AssetLoader          - Loading from disk: /assets/ui/cursors/fxgl_default.png
17:04:37.712 [JavaFX Application Thread] DEBUG GameScene            - Game scene initialized: 860x600
17:04:37.715 [JavaFX Application Thread] DEBUG GameWorld            - Game world initialized
17:04:37.753 [JavaFX Application Thread] DEBUG PhysicsWorld         - Physics world initialized: appHeight=600, physics.ppm=50.0
17:04:37.770 [JavaFX Application Thread] DEBUG Input                - Registered new binding: Pause - Esc
17:04:37.786 [JavaFX Application Thread] DEBUG Input                - Clearing active input actions
17:04:37.826 [JavaFX Application Thread] DEBUG AppStateMachine      - StartupState -> StartupState
17:04:37.830 [JavaFX Application Thread] INFO  GameApplication      - Game configuration took:  0.321 sec
17:04:37.832 [JavaFX Application Thread] DEBUG AssetLoader          - Loading from disk: /assets/textures/fxgl_icon.png
17:04:37.847 [JavaFX Application Thread] DEBUG MainWindow           - Opening main window
17:04:37.913 [JavaFX Application Thread] DEBUG MainWindow           - Window border size: (0.0, 0.0)
17:04:37.913 [JavaFX Application Thread] DEBUG MainWindow           - Scaled size: 860.0 x 600.0
17:04:37.913 [JavaFX Application Thread] DEBUG MainWindow           - Scaled ratio: (1.0, 1.0)
17:04:37.913 [JavaFX Application Thread] DEBUG MainWindow           - Scene size: 860.0 x 600.0
17:04:37.913 [JavaFX Application Thread] DEBUG MainWindow           - Stage size: 860.0 x 600.0
17:04:37.913 [JavaFX Application Thread] DEBUG GameApplication      - Running preInit()
17:04:37.915 [JavaFX Application Thread] DEBUG Input                - Registered new binding: Screenshot - P
17:04:37.916 [JavaFX Application Thread] DEBUG Input                - Registered new binding: Dev Options - CTRL+0
17:04:37.916 [JavaFX Application Thread] DEBUG Input                - Registered new binding: System info dump - CTRL+9
17:04:37.917 [JavaFX Application Thread] DEBUG Input                - Registered new binding: Restart - CTRL+R
17:04:37.945 [JavaFX Application Thread] DEBUG GameApplication      - Starting main loop
17:04:37.962 [JavaFX Application Thread] DEBUG StartupState         - STARTUP
17:04:37.962 [JavaFX Application Thread] DEBUG GameApplication      - Starting new game
17:04:37.962 [JavaFX Application Thread] DEBUG Input                - Clearing active input actions
17:04:37.969 [JavaFX Application Thread] DEBUG AppStateMachine      - StartupState -> LoadingState
17:04:37.974 [FXGL Background Thread 1 ] DEBUG InitAppTask          - Clearing previous game
17:04:37.974 [FXGL Background Thread 1 ] DEBUG GameWorld            - Clearing game world
17:04:37.975 [FXGL Background Thread 1 ] DEBUG PhysicsWorld         - Clearing physics world
17:04:37.975 [FXGL Background Thread 1 ] DEBUG GameScene            - Clearing game scene
17:04:37.976 [FXGL Background Thread 1 ] DEBUG InitAppTask          - Initializing Game
17:04:37.980 [FXGL Background Thread 1 ] DEBUG InitAppTask          - Initializing Physics
17:04:37.981 [FXGL Background Thread 1 ] DEBUG InitAppTask          - Initializing UI
17:04:37.981 [FXGL Background Thread 1 ] DEBUG AssetLoader          - Loading from disk: /assets/ui/login.fxml
17:04:38.079 [FXGL Background Thread 1 ] DEBUG InitAppTask          - Initialization Complete
17:04:38.079 [FXGL Background Thread 1 ] INFO  InitAppTask          - Game initialization took: 0.105 sec
17:04:38.112 [JavaFX Application Thread] DEBUG Input                - Clearing active input actions
17:04:38.129 [JavaFX Application Thread] DEBUG AppStateMachine      - LoadingState -> PlayState
17:04:42.328 [JavaFX Application Thread] DEBUG GameApplication      - Exiting game application
17:04:42.330 [JavaFX Application Thread] DEBUG GameApplication      - Shutting down background threads
17:04:42.330 [JavaFX Application Thread] DEBUG GameApplication      - Exiting FXGL
17:04:42.331 [JavaFX Application Thread] DEBUG FXGL                 - Saving FXGL system data
17:04:42.333 [JavaFX Application Thread] DEBUG DesktopFSService     - Writing to: system/fxgl.bundle
17:04:42.338 [JavaFX Application Thread] DEBUG GameApplication      - Closing logger and exiting JavaFX
