20:21:40.172 [JavaFX Application Thread] DEBUG GameApplication      - Logger initialized
20:21:40.176 [JavaFX Application Thread] DEBUG GameApplication      - Logging settings
Title: Basic Game App
Version: 0.0
Width: 800
Height: 600
Fullscreen: false
Intro: false
Menus: false
Profiling: false
Single step:false
App Mode: DEVELOPER
Menu Key: ESCAPE
Stage Style: DECORATED
Scene Factory: class com.almasb.fxgl.scene.SceneFactory
Dialog Factory: class com.almasb.fxgl.ui.FXGLDialogFactory
UI Factory: class com.almasb.fxgl.ui.FXGLUIFactory
Notification Service: class com.almasb.fxgl.gameplay.notification.XboxNotificationView
Exception Handler: class com.almasb.fxgl.app.FXGLExceptionHandler
20:21:40.177 [JavaFX Application Thread] DEBUG GameApplication      - Starting FXGL
20:21:40.193 [JavaFX Application Thread] INFO  FXGL                 - FXGL-0.5.4 on DESKTOP
20:21:40.193 [JavaFX Application Thread] INFO  FXGL                 - Source code and latest versions at: https://github.com/AlmasB/FXGL
20:21:40.194 [JavaFX Application Thread] INFO  FXGL                 -              Join the FXGL chat at: https://gitter.im/AlmasB/FXGL
20:21:40.195 [JavaFX Application Thread] DEBUG FXGL                 - FXGL started
20:21:40.195 [JavaFX Application Thread] DEBUG FXGL                 - Initializing FXGL
20:21:40.266 [JavaFX Application Thread] DEBUG AssetLoader          - Loading from disk: /assets/ui/cursors/fxgl_default.png
20:21:40.412 [JavaFX Application Thread] DEBUG AssetLoader          - Loading from disk: /assets/ui/fonts/VarelaRound-Regular.ttf
20:21:40.522 [JavaFX Application Thread] DEBUG MainWindow           - Creating a JavaFX scene
20:21:40.581 [JavaFX Application Thread] DEBUG MainWindow           - Target settings size: 800.0 x 600.0
20:21:40.581 [JavaFX Application Thread] DEBUG MainWindow           - Scaled scene size:    800.0 x 600.0
20:21:40.582 [JavaFX Application Thread] DEBUG MainWindow           - Scaled ratio: (1.0, 1.0)
20:21:40.585 [JavaFX Application Thread] DEBUG AssetLoader          - Loading from disk: /assets/ui/css/fxgl_dark.css
20:21:40.590 [JavaFX Application Thread] DEBUG AssetLoader          - Loading from disk: /assets/textures/fxgl_icon.png
20:21:40.617 [JavaFX Application Thread] DEBUG MainWindow           - Opening main window
20:21:40.821 [JavaFX Application Thread] DEBUG MainWindow           - Window border size: (2.0, 31.0)
20:21:40.822 [JavaFX Application Thread] DEBUG MainWindow           - Scaled size: 800.0 x 600.0
20:21:40.822 [JavaFX Application Thread] DEBUG MainWindow           - Scaled ratio: (1.0, 1.0)
20:21:40.822 [JavaFX Application Thread] DEBUG MainWindow           - Scene size: 800.0 x 600.0
20:21:40.822 [JavaFX Application Thread] DEBUG MainWindow           - Stage size: 802.0 x 631.0
20:21:40.860 [ForkJoinPool.commonPool-worker-3] DEBUG FS                   - Loaded DesktopFSService
20:21:40.861 [ForkJoinPool.commonPool-worker-3] DEBUG FXGL                 - Loading FXGL system data
20:21:40.867 [ForkJoinPool.commonPool-worker-3] DEBUG DesktopFSService     - Reading from: system/fxgl.bundle
20:21:40.883 [ForkJoinPool.commonPool-worker-3] DEBUG Bundle               - Logging bundle: FXGL
20:21:40.884 [ForkJoinPool.commonPool-worker-3] DEBUG Bundle               - FXGL.offline.timer.version.check=2018-12-29T13:45:18.325397
20:21:40.903 [ForkJoinPool.commonPool-worker-3] DEBUG FXGL                 - Initializing state machine and application states
20:21:40.905 [ForkJoinPool.commonPool-worker-3] DEBUG AssetLoader          - Loading from disk: /assets/ui/cursors/fxgl_default.png
20:21:40.921 [ForkJoinPool.commonPool-worker-3] DEBUG AssetLoader          - Loading from disk: /assets/ui/cursors/fxgl_default.png
20:21:40.936 [ForkJoinPool.commonPool-worker-3] DEBUG AssetLoader          - Loading from cache: /assets/ui/fonts/VarelaRound-Regular.ttf
20:21:40.939 [ForkJoinPool.commonPool-worker-3] DEBUG AssetLoader          - Loading from disk: /assets/ui/cursors/fxgl_default.png
20:21:40.943 [ForkJoinPool.commonPool-worker-3] DEBUG GameScene            - Game scene initialized: 800x600
20:21:40.949 [ForkJoinPool.commonPool-worker-3] DEBUG GameWorld            - Game world initialized
20:21:40.996 [ForkJoinPool.commonPool-worker-3] DEBUG PhysicsWorld         - Physics world initialized: appHeight=600, physics.ppm=50.0
20:21:41.018 [ForkJoinPool.commonPool-worker-3] DEBUG Input                - Registered new binding: Pause - Esc
20:21:41.071 [JavaFX Application Thread] DEBUG FXGL                 - Running preInit()
20:21:41.073 [JavaFX Application Thread] DEBUG Input                - Registered new binding: Screenshot - P
20:21:41.073 [JavaFX Application Thread] DEBUG Input                - Registered new binding: Dev Options - CTRL+0
20:21:41.074 [JavaFX Application Thread] DEBUG Input                - Registered new binding: System info dump - CTRL+9
20:21:41.074 [JavaFX Application Thread] DEBUG Input                - Registered new binding: Restart - CTRL+R
20:21:41.075 [JavaFX Application Thread] INFO  FXGL                 - FXGL initialization took: 0.880 sec
20:21:41.076 [JavaFX Application Thread] DEBUG LoopRunner           - Starting loop
20:21:41.077 [JavaFX Application Thread] DEBUG StartupState         - STARTUP
20:21:41.077 [JavaFX Application Thread] DEBUG GameApplication      - Starting new game
20:21:41.078 [JavaFX Application Thread] DEBUG Input                - Clearing active input actions
20:21:41.079 [JavaFX Application Thread] DEBUG AssetLoader          - Loading from disk: /assets/ui/css/fxgl_dark.css
20:21:41.090 [JavaFX Application Thread] DEBUG AppStateMachine      - StartupState -> LoadingState
20:21:41.096 [FXGL Background Thread 1 ] DEBUG InitAppTask          - Clearing previous game
20:21:41.096 [FXGL Background Thread 1 ] DEBUG GameWorld            - Clearing game world
20:21:41.097 [FXGL Background Thread 1 ] DEBUG PhysicsWorld         - Clearing physics world
20:21:41.097 [FXGL Background Thread 1 ] DEBUG GameScene            - Clearing game scene
20:21:41.098 [FXGL Background Thread 1 ] DEBUG InitAppTask          - Initializing Game
20:21:41.107 [FXGL Background Thread 1 ] DEBUG InitAppTask          - Initializing Physics
20:21:41.107 [FXGL Background Thread 1 ] DEBUG InitAppTask          - Initializing UI
20:21:41.108 [FXGL Background Thread 1 ] DEBUG AssetLoader          - Loading from disk: /assets/ui/login.fxml
20:21:41.241 [FXGL Background Thread 1 ] DEBUG InitAppTask          - Initialization Complete
20:21:41.241 [FXGL Background Thread 1 ] INFO  InitAppTask          - Game initialization took: 0.145 sec
20:21:41.255 [JavaFX Application Thread] DEBUG Input                - Clearing active input actions
20:21:41.255 [JavaFX Application Thread] DEBUG AssetLoader          - Loading from disk: /assets/ui/css/fxgl_dark.css
20:21:41.276 [JavaFX Application Thread] DEBUG AppStateMachine      - LoadingState -> PlayState
20:22:34.996 [JavaFX Application Thread] DEBUG FXGL                 - Exiting FXGL
20:22:35.002 [JavaFX Application Thread] DEBUG FXGL                 - Shutting down background threads
20:22:35.006 [JavaFX Application Thread] DEBUG FXGL                 - Saving FXGL system data
20:22:35.023 [JavaFX Application Thread] DEBUG DesktopFSService     - Writing to: system/fxgl.bundle
20:22:35.045 [JavaFX Application Thread] DEBUG FXGL                 - Closing logger and exiting JavaFX
