19:17:25.933 [JavaFX Application Thread] DEBUG GameApplication      - Logger initialized
19:17:25.939 [JavaFX Application Thread] DEBUG MainWindow           - Creating a JavaFX scene
19:17:26.078 [JavaFX Application Thread] DEBUG MainWindow           - Target settings size: 980.0 x 980.0
19:17:26.078 [JavaFX Application Thread] DEBUG MainWindow           - Scaled scene size:    980.0 x 980.0
19:17:26.079 [JavaFX Application Thread] DEBUG MainWindow           - Scaled ratio: (1.0, 1.0)
19:17:26.087 [JavaFX Application Thread] DEBUG GameApplication      - Starting FXGL
19:17:26.092 [JavaFX Application Thread] INFO  FXGL                 - FXGL-0.5.3 on DESKTOP
19:17:26.093 [JavaFX Application Thread] INFO  FXGL                 - Source code and latest versions at: https://github.com/AlmasB/FXGL
19:17:26.093 [JavaFX Application Thread] INFO  FXGL                 -              Join the FXGL chat at: https://gitter.im/AlmasB/FXGL
19:17:26.100 [JavaFX Application Thread] DEBUG FS                   - Loaded DesktopFSService
19:17:26.100 [JavaFX Application Thread] DEBUG FXGL                 - Loading FXGL system data
19:17:26.106 [JavaFX Application Thread] DEBUG DesktopFSService     - Reading from: system/fxgl.bundle
19:17:26.115 [JavaFX Application Thread] DEBUG Bundle               - Logging bundle: FXGL
19:17:26.116 [JavaFX Application Thread] DEBUG Bundle               - FXGL.offline.timer.version.check=2019-01-16T00:48:31.803053
19:17:26.139 [JavaFX Application Thread] DEBUG GameApplication      - FXGL started
19:17:26.139 [JavaFX Application Thread] DEBUG GameApplication      - Logging game settings
Title: Basic Game App
Version: 0.0
Width: 980
Height: 980
Fullscreen: false
Intro: false
Menus: false
Profiling: false
Single step:false
App Mode: DEVELOPER
Menu Key: ESCAPE
Stage Style: DECORATED
Scene Factory: class com.almasb.fxgl.scene.SceneFactory
Dialog Factory: class com.almasb.fxgl.ui.FXGLDialogFactory
UI Factory: class com.almasb.fxgl.ui.FXGLUIFactory
Notification Service: class com.almasb.fxgl.gameplay.notification.XboxNotificationView
Exception Handler: class com.almasb.fxgl.app.FXGLExceptionHandler
19:17:26.140 [JavaFX Application Thread] DEBUG GameApplication      - Configuring GameApplication
19:17:26.140 [JavaFX Application Thread] DEBUG GameApplication      - Initializing state machine and application states
19:17:26.153 [JavaFX Application Thread] DEBUG AssetLoader          - Loading from disk: /assets/ui/cursors/fxgl_default.png
19:17:26.183 [JavaFX Application Thread] DEBUG AssetLoader          - Loading from disk: /assets/ui/cursors/fxgl_default.png
19:17:26.213 [JavaFX Application Thread] DEBUG FXGLAssets           - Loading FXGLAssets
19:17:26.236 [JavaFX Application Thread] DEBUG AssetLoader          - Loading from disk: /assets/ui/fonts/VarelaRound-Regular.ttf
19:17:26.249 [JavaFX Application Thread] DEBUG AssetLoader          - Loading from disk: /assets/ui/fonts/lucida_console.ttf
19:17:26.251 [JavaFX Application Thread] DEBUG AssetLoader          - Loading from disk: /assets/ui/fonts/Courier-Prime.ttf
19:17:26.253 [JavaFX Application Thread] DEBUG AssetLoader          - Loading from disk: /assets/ui/fonts/Abel-Regular.ttf
19:17:26.255 [JavaFX Application Thread] DEBUG AssetLoader          - Loading from disk: /assets/ui/css/fxgl_dark.css
19:17:26.284 [JavaFX Application Thread] DEBUG AssetLoader          - Loading from disk: /assets/ui/cursors/fxgl_default.png
19:17:26.321 [JavaFX Application Thread] DEBUG AssetLoader          - Loading from disk: /assets/ui/cursors/fxgl_default.png
19:17:26.343 [JavaFX Application Thread] DEBUG GameScene            - Game scene initialized: 980x980
19:17:26.346 [JavaFX Application Thread] DEBUG GameWorld            - Game world initialized
19:17:26.383 [JavaFX Application Thread] DEBUG PhysicsWorld         - Physics world initialized: appHeight=980, physics.ppm=50.0
19:17:26.400 [JavaFX Application Thread] DEBUG Input                - Registered new binding: Pause - Esc
19:17:26.420 [JavaFX Application Thread] DEBUG Input                - Clearing active input actions
19:17:26.468 [JavaFX Application Thread] DEBUG AppStateMachine      - StartupState -> StartupState
19:17:26.471 [JavaFX Application Thread] INFO  GameApplication      - Game configuration took:  0.331 sec
19:17:26.473 [JavaFX Application Thread] DEBUG AssetLoader          - Loading from disk: /assets/textures/fxgl_icon.png
19:17:26.492 [JavaFX Application Thread] DEBUG MainWindow           - Opening main window
19:17:26.562 [JavaFX Application Thread] DEBUG MainWindow           - Window border size: (0.0, 0.0)
19:17:26.562 [JavaFX Application Thread] DEBUG MainWindow           - Scaled size: 980.0 x 980.0
19:17:26.562 [JavaFX Application Thread] DEBUG MainWindow           - Scaled ratio: (1.0, 1.0)
19:17:26.562 [JavaFX Application Thread] DEBUG MainWindow           - Scene size: 980.0 x 980.0
19:17:26.562 [JavaFX Application Thread] DEBUG MainWindow           - Stage size: 980.0 x 980.0
19:17:26.563 [JavaFX Application Thread] DEBUG GameApplication      - Running preInit()
19:17:26.568 [JavaFX Application Thread] DEBUG Input                - Registered new binding: Screenshot - P
19:17:26.569 [JavaFX Application Thread] DEBUG Input                - Registered new binding: Dev Options - CTRL+0
19:17:26.569 [JavaFX Application Thread] DEBUG Input                - Registered new binding: System info dump - CTRL+9
19:17:26.570 [JavaFX Application Thread] DEBUG Input                - Registered new binding: Restart - CTRL+R
19:17:26.600 [JavaFX Application Thread] DEBUG GameApplication      - Starting main loop
19:17:26.619 [JavaFX Application Thread] DEBUG StartupState         - STARTUP
19:17:26.619 [JavaFX Application Thread] DEBUG GameApplication      - Starting new game
19:17:26.619 [JavaFX Application Thread] DEBUG Input                - Clearing active input actions
19:17:26.626 [JavaFX Application Thread] DEBUG AppStateMachine      - StartupState -> LoadingState
19:17:26.631 [FXGL Background Thread 1 ] DEBUG InitAppTask          - Clearing previous game
19:17:26.631 [FXGL Background Thread 1 ] DEBUG GameWorld            - Clearing game world
19:17:26.631 [FXGL Background Thread 1 ] DEBUG PhysicsWorld         - Clearing physics world
19:17:26.631 [FXGL Background Thread 1 ] DEBUG GameScene            - Clearing game scene
19:17:26.632 [FXGL Background Thread 1 ] DEBUG InitAppTask          - Initializing Game
19:17:26.636 [FXGL Background Thread 1 ] DEBUG InitAppTask          - Initializing Physics
19:17:26.636 [FXGL Background Thread 1 ] DEBUG InitAppTask          - Initializing UI
19:17:26.637 [FXGL Background Thread 1 ] DEBUG AssetLoader          - Loading from disk: /assets/ui/login.fxml
19:17:26.708 [FXGL Background Thread 1 ] DEBUG InitAppTask          - Initialization Complete
19:17:26.708 [FXGL Background Thread 1 ] INFO  InitAppTask          - Game initialization took: 0.077 sec
19:17:26.743 [JavaFX Application Thread] DEBUG Input                - Clearing active input actions
19:17:26.754 [JavaFX Application Thread] DEBUG AppStateMachine      - LoadingState -> PlayState
19:17:30.185 [JavaFX Application Thread] DEBUG GameApplication      - Exiting game application
19:17:30.187 [JavaFX Application Thread] DEBUG GameApplication      - Shutting down background threads
19:17:30.187 [JavaFX Application Thread] DEBUG GameApplication      - Exiting FXGL
19:17:30.187 [JavaFX Application Thread] DEBUG FXGL                 - Saving FXGL system data
19:17:30.190 [JavaFX Application Thread] DEBUG DesktopFSService     - Writing to: system/fxgl.bundle
19:17:30.195 [JavaFX Application Thread] DEBUG GameApplication      - Closing logger and exiting JavaFX
