17:27:44.961 [JavaFX Application Thread] DEBUG GameApplication      - Logger initialized
17:27:44.967 [JavaFX Application Thread] DEBUG MainWindow           - Creating a JavaFX scene
17:27:45.098 [JavaFX Application Thread] DEBUG MainWindow           - Target settings size: 1024.0 x 860.0
17:27:45.099 [JavaFX Application Thread] DEBUG MainWindow           - Scaled scene size:    1024.0 x 860.0
17:27:45.099 [JavaFX Application Thread] DEBUG MainWindow           - Scaled ratio: (1.0, 1.0)
17:27:45.107 [JavaFX Application Thread] DEBUG GameApplication      - Starting FXGL
17:27:45.113 [JavaFX Application Thread] INFO  FXGL                 - FXGL-0.5.3 on DESKTOP
17:27:45.113 [JavaFX Application Thread] INFO  FXGL                 - Source code and latest versions at: https://github.com/AlmasB/FXGL
17:27:45.113 [JavaFX Application Thread] INFO  FXGL                 -              Join the FXGL chat at: https://gitter.im/AlmasB/FXGL
17:27:45.119 [JavaFX Application Thread] DEBUG FS                   - Loaded DesktopFSService
17:27:45.120 [JavaFX Application Thread] DEBUG FXGL                 - Loading FXGL system data
17:27:45.125 [JavaFX Application Thread] DEBUG DesktopFSService     - Reading from: system/fxgl.bundle
17:27:45.134 [JavaFX Application Thread] DEBUG Bundle               - Logging bundle: FXGL
17:27:45.135 [JavaFX Application Thread] DEBUG Bundle               - FXGL.offline.timer.version.check=2019-01-23T12:24:56.214
17:27:45.159 [JavaFX Application Thread] DEBUG GameApplication      - FXGL started
17:27:45.159 [JavaFX Application Thread] DEBUG GameApplication      - Logging game settings
Title: Basic Game App
Version: 0.0
Width: 1024
Height: 860
Fullscreen: false
Intro: false
Menus: false
Profiling: false
Single step:false
App Mode: DEVELOPER
Menu Key: ESCAPE
Stage Style: DECORATED
Scene Factory: class com.almasb.fxgl.scene.SceneFactory
Dialog Factory: class com.almasb.fxgl.ui.FXGLDialogFactory
UI Factory: class com.almasb.fxgl.ui.FXGLUIFactory
Notification Service: class com.almasb.fxgl.gameplay.notification.XboxNotificationView
Exception Handler: class com.almasb.fxgl.app.FXGLExceptionHandler
17:27:45.160 [JavaFX Application Thread] DEBUG GameApplication      - Configuring GameApplication
17:27:45.160 [JavaFX Application Thread] DEBUG GameApplication      - Initializing state machine and application states
17:27:45.183 [JavaFX Application Thread] DEBUG AssetLoader          - Loading from disk: /assets/ui/cursors/fxgl_default.png
17:27:45.206 [JavaFX Application Thread] DEBUG AssetLoader          - Loading from disk: /assets/ui/cursors/fxgl_default.png
17:27:45.237 [JavaFX Application Thread] DEBUG FXGLAssets           - Loading FXGLAssets
17:27:45.265 [JavaFX Application Thread] DEBUG AssetLoader          - Loading from disk: /assets/ui/fonts/VarelaRound-Regular.ttf
17:27:45.280 [JavaFX Application Thread] DEBUG AssetLoader          - Loading from disk: /assets/ui/fonts/lucida_console.ttf
17:27:45.282 [JavaFX Application Thread] DEBUG AssetLoader          - Loading from disk: /assets/ui/fonts/Courier-Prime.ttf
17:27:45.284 [JavaFX Application Thread] DEBUG AssetLoader          - Loading from disk: /assets/ui/fonts/Abel-Regular.ttf
17:27:45.286 [JavaFX Application Thread] DEBUG AssetLoader          - Loading from disk: /assets/ui/css/fxgl_dark.css
17:27:45.316 [JavaFX Application Thread] DEBUG AssetLoader          - Loading from disk: /assets/ui/cursors/fxgl_default.png
17:27:45.355 [JavaFX Application Thread] DEBUG AssetLoader          - Loading from disk: /assets/ui/cursors/fxgl_default.png
17:27:45.375 [JavaFX Application Thread] DEBUG GameScene            - Game scene initialized: 1024x860
17:27:45.378 [JavaFX Application Thread] DEBUG GameWorld            - Game world initialized
17:27:45.417 [JavaFX Application Thread] DEBUG PhysicsWorld         - Physics world initialized: appHeight=860, physics.ppm=50.0
17:27:45.434 [JavaFX Application Thread] DEBUG Input                - Registered new binding: Pause - Esc
17:27:45.450 [JavaFX Application Thread] DEBUG Input                - Clearing active input actions
17:27:45.493 [JavaFX Application Thread] DEBUG AppStateMachine      - StartupState -> StartupState
17:27:45.497 [JavaFX Application Thread] INFO  GameApplication      - Game configuration took:  0.337 sec
17:27:45.499 [JavaFX Application Thread] DEBUG AssetLoader          - Loading from disk: /assets/textures/fxgl_icon.png
17:27:45.515 [JavaFX Application Thread] DEBUG MainWindow           - Opening main window
17:27:45.587 [JavaFX Application Thread] DEBUG MainWindow           - Window border size: (0.0, 0.0)
17:27:45.587 [JavaFX Application Thread] DEBUG MainWindow           - Scaled size: 1024.0 x 860.0
17:27:45.587 [JavaFX Application Thread] DEBUG MainWindow           - Scaled ratio: (1.0, 1.0)
17:27:45.588 [JavaFX Application Thread] DEBUG MainWindow           - Scene size: 1024.0 x 860.0
17:27:45.588 [JavaFX Application Thread] DEBUG MainWindow           - Stage size: 1024.0 x 860.0
17:27:45.588 [JavaFX Application Thread] DEBUG GameApplication      - Running preInit()
17:27:45.590 [JavaFX Application Thread] DEBUG Input                - Registered new binding: Screenshot - P
17:27:45.590 [JavaFX Application Thread] DEBUG Input                - Registered new binding: Dev Options - CTRL+0
17:27:45.591 [JavaFX Application Thread] DEBUG Input                - Registered new binding: System info dump - CTRL+9
17:27:45.591 [JavaFX Application Thread] DEBUG Input                - Registered new binding: Restart - CTRL+R
17:27:45.591 [JavaFX Application Thread] DEBUG Input                - Registered new binding: Up 1 - W
17:27:45.592 [JavaFX Application Thread] DEBUG Input                - Registered new binding: Down 1 - S
17:27:45.592 [JavaFX Application Thread] DEBUG Input                - Registered new binding: Right 1 - D
17:27:45.592 [JavaFX Application Thread] DEBUG Input                - Registered new binding: Left 1 - A
17:27:45.623 [JavaFX Application Thread] DEBUG GameApplication      - Starting main loop
17:27:45.640 [JavaFX Application Thread] DEBUG StartupState         - STARTUP
17:27:45.641 [JavaFX Application Thread] DEBUG GameApplication      - Starting new game
17:27:45.641 [JavaFX Application Thread] DEBUG Input                - Clearing active input actions
17:27:45.648 [JavaFX Application Thread] DEBUG AppStateMachine      - StartupState -> LoadingState
17:27:45.652 [FXGL Background Thread 1 ] DEBUG InitAppTask          - Clearing previous game
17:27:45.652 [FXGL Background Thread 1 ] DEBUG GameWorld            - Clearing game world
17:27:45.653 [FXGL Background Thread 1 ] DEBUG PhysicsWorld         - Clearing physics world
17:27:45.653 [FXGL Background Thread 1 ] DEBUG GameScene            - Clearing game scene
17:27:45.654 [FXGL Background Thread 1 ] DEBUG InitAppTask          - Initializing Game
17:27:45.658 [FXGL Background Thread 1 ] DEBUG InitAppTask          - Initializing Physics
17:27:45.658 [FXGL Background Thread 1 ] DEBUG InitAppTask          - Initializing UI
17:27:45.659 [FXGL Background Thread 1 ] DEBUG AssetLoader          - Loading from disk: /assets/ui/login.fxml
17:27:45.732 [FXGL Background Thread 1 ] DEBUG InitAppTask          - Initialization Complete
17:27:45.733 [FXGL Background Thread 1 ] INFO  InitAppTask          - Game initialization took: 0.080 sec
17:27:45.768 [JavaFX Application Thread] DEBUG Input                - Clearing active input actions
17:27:45.778 [JavaFX Application Thread] DEBUG AppStateMachine      - LoadingState -> PlayState
17:28:38.371 [JavaFX Application Thread] DEBUG GameApplication      - Exiting game application
17:28:38.373 [JavaFX Application Thread] DEBUG GameApplication      - Shutting down background threads
17:28:38.373 [JavaFX Application Thread] DEBUG GameApplication      - Exiting FXGL
17:28:38.374 [JavaFX Application Thread] DEBUG FXGL                 - Saving FXGL system data
17:28:38.376 [JavaFX Application Thread] DEBUG DesktopFSService     - Writing to: system/fxgl.bundle
17:28:38.380 [JavaFX Application Thread] DEBUG GameApplication      - Closing logger and exiting JavaFX
