14:39:38.956 [JavaFX Application Thread] DEBUG GameApplication      - Logger initialized
14:39:38.962 [JavaFX Application Thread] DEBUG MainWindow           - Creating a JavaFX scene
14:39:39.088 [JavaFX Application Thread] DEBUG MainWindow           - Target settings size: 860.0 x 600.0
14:39:39.088 [JavaFX Application Thread] DEBUG MainWindow           - Scaled scene size:    860.0 x 600.0
14:39:39.088 [JavaFX Application Thread] DEBUG MainWindow           - Scaled ratio: (1.0, 1.0)
14:39:39.094 [JavaFX Application Thread] DEBUG GameApplication      - Starting FXGL
14:39:39.098 [JavaFX Application Thread] INFO  FXGL                 - FXGL-0.5.3 on DESKTOP
14:39:39.098 [JavaFX Application Thread] INFO  FXGL                 - Source code and latest versions at: https://github.com/AlmasB/FXGL
14:39:39.098 [JavaFX Application Thread] INFO  FXGL                 -              Join the FXGL chat at: https://gitter.im/AlmasB/FXGL
14:39:39.105 [JavaFX Application Thread] DEBUG FS                   - Loaded DesktopFSService
14:39:39.105 [JavaFX Application Thread] DEBUG FXGL                 - Loading FXGL system data
14:39:39.115 [JavaFX Application Thread] DEBUG DesktopFSService     - Reading from: system/fxgl.bundle
14:39:39.122 [JavaFX Application Thread] DEBUG Bundle               - Logging bundle: FXGL
14:39:39.123 [JavaFX Application Thread] DEBUG Bundle               - FXGL.offline.timer.version.check=2019-03-31T13:59:17.348
14:39:39.153 [JavaFX Application Thread] DEBUG GameApplication      - FXGL started
14:39:39.154 [JavaFX Application Thread] DEBUG GameApplication      - Logging game settings
Title: Alpha
Version: 0.0
Width: 860
Height: 600
Fullscreen: false
Intro: false
Menus: false
Profiling: true
Single step:false
App Mode: DEVELOPER
Menu Key: ESCAPE
Stage Style: DECORATED
Scene Factory: class com.almasb.fxgl.scene.SceneFactory
Dialog Factory: class com.almasb.fxgl.ui.FXGLDialogFactory
UI Factory: class com.almasb.fxgl.ui.FXGLUIFactory
Notification Service: class com.almasb.fxgl.gameplay.notification.XboxNotificationView
Exception Handler: class com.almasb.fxgl.app.FXGLExceptionHandler
14:39:39.154 [JavaFX Application Thread] DEBUG GameApplication      - Configuring GameApplication
14:39:39.155 [JavaFX Application Thread] DEBUG GameApplication      - Initializing state machine and application states
14:39:39.167 [JavaFX Application Thread] DEBUG AssetLoader          - Loading from disk: /assets/ui/cursors/fxgl_default.png
14:39:39.191 [JavaFX Application Thread] DEBUG AssetLoader          - Loading from disk: /assets/ui/cursors/fxgl_default.png
14:39:39.224 [JavaFX Application Thread] DEBUG FXGLAssets           - Loading FXGLAssets
14:39:39.249 [JavaFX Application Thread] DEBUG AssetLoader          - Loading from disk: /assets/ui/fonts/VarelaRound-Regular.ttf
14:39:39.263 [JavaFX Application Thread] DEBUG AssetLoader          - Loading from disk: /assets/ui/fonts/lucida_console.ttf
14:39:39.266 [JavaFX Application Thread] DEBUG AssetLoader          - Loading from disk: /assets/ui/fonts/Courier-Prime.ttf
14:39:39.268 [JavaFX Application Thread] DEBUG AssetLoader          - Loading from disk: /assets/ui/fonts/Abel-Regular.ttf
14:39:39.269 [JavaFX Application Thread] DEBUG AssetLoader          - Loading from disk: /assets/ui/css/fxgl_dark.css
14:39:39.299 [JavaFX Application Thread] DEBUG AssetLoader          - Loading from disk: /assets/ui/cursors/fxgl_default.png
14:39:39.334 [JavaFX Application Thread] DEBUG AssetLoader          - Loading from disk: /assets/ui/cursors/fxgl_default.png
14:39:39.354 [JavaFX Application Thread] DEBUG GameScene            - Game scene initialized: 860x600
14:39:39.357 [JavaFX Application Thread] DEBUG GameWorld            - Game world initialized
14:39:39.395 [JavaFX Application Thread] DEBUG PhysicsWorld         - Physics world initialized: appHeight=600, physics.ppm=50.0
14:39:39.411 [JavaFX Application Thread] DEBUG Input                - Registered new binding: Pause - Esc
14:39:39.427 [JavaFX Application Thread] DEBUG Input                - Clearing active input actions
14:39:39.470 [JavaFX Application Thread] DEBUG AppStateMachine      - StartupState -> StartupState
14:39:39.474 [JavaFX Application Thread] INFO  GameApplication      - Game configuration took:  0.319 sec
14:39:39.475 [JavaFX Application Thread] DEBUG AssetLoader          - Loading from disk: /assets/textures/fxgl_icon.png
14:39:39.491 [JavaFX Application Thread] DEBUG MainWindow           - Opening main window
14:39:39.559 [JavaFX Application Thread] DEBUG MainWindow           - Window border size: (0.0, 0.0)
14:39:39.559 [JavaFX Application Thread] DEBUG MainWindow           - Scaled size: 860.0 x 600.0
14:39:39.559 [JavaFX Application Thread] DEBUG MainWindow           - Scaled ratio: (1.0, 1.0)
14:39:39.559 [JavaFX Application Thread] DEBUG MainWindow           - Scene size: 860.0 x 600.0
14:39:39.560 [JavaFX Application Thread] DEBUG MainWindow           - Stage size: 860.0 x 600.0
14:39:39.560 [JavaFX Application Thread] DEBUG GameApplication      - Running preInit()
14:39:39.562 [JavaFX Application Thread] DEBUG Input                - Registered new binding: Screenshot - P
14:39:39.563 [JavaFX Application Thread] DEBUG Input                - Registered new binding: Dev Options - CTRL+0
14:39:39.563 [JavaFX Application Thread] DEBUG Input                - Registered new binding: System info dump - CTRL+9
14:39:39.564 [JavaFX Application Thread] DEBUG Input                - Registered new binding: Restart - CTRL+R
14:39:39.564 [JavaFX Application Thread] DEBUG Input                - Registered new binding: Up 1 - W
14:39:39.564 [JavaFX Application Thread] DEBUG Input                - Registered new binding: Down 1 - S
14:39:39.565 [JavaFX Application Thread] DEBUG Input                - Registered new binding: Right 1 - D
14:39:39.565 [JavaFX Application Thread] DEBUG Input                - Registered new binding: Left 1 - A
14:39:39.565 [JavaFX Application Thread] DEBUG Input                - Registered new binding: Change State - C
14:39:39.565 [JavaFX Application Thread] DEBUG Input                - Registered new binding: Set Shield - X
14:39:39.567 [JavaFX Application Thread] DEBUG Input                - Registered new binding: Click - LMB
14:39:39.567 [JavaFX Application Thread] DEBUG Input                - Registered new binding: Rightclick - RMB
14:39:39.567 [JavaFX Application Thread] DEBUG Input                - Registered new binding: Tab - Tab
14:39:39.592 [JavaFX Application Thread] DEBUG GameApplication      - Starting main loop
14:39:39.608 [JavaFX Application Thread] DEBUG StartupState         - STARTUP
14:39:39.608 [JavaFX Application Thread] DEBUG GameApplication      - Starting new game
14:39:39.608 [JavaFX Application Thread] DEBUG Input                - Clearing active input actions
14:39:39.615 [JavaFX Application Thread] DEBUG AppStateMachine      - StartupState -> LoadingState
14:39:39.620 [FXGL Background Thread 1 ] DEBUG InitAppTask          - Clearing previous game
14:39:39.620 [FXGL Background Thread 1 ] DEBUG GameWorld            - Clearing game world
14:39:39.620 [FXGL Background Thread 1 ] DEBUG PhysicsWorld         - Clearing physics world
14:39:39.621 [FXGL Background Thread 1 ] DEBUG GameScene            - Clearing game scene
14:39:39.622 [FXGL Background Thread 1 ] DEBUG InitAppTask          - Initializing Game
14:39:39.627 [FXGL Background Thread 1 ] DEBUG InitAppTask          - Initializing Physics
14:39:39.629 [FXGL Background Thread 1 ] DEBUG InitAppTask          - Initializing UI
14:39:39.629 [FXGL Background Thread 1 ] DEBUG AssetLoader          - Loading from disk: /assets/ui/login.fxml
14:39:40.683 [FXGL Background Thread 1 ] DEBUG AssetLoader          - Loading from disk: /assets/textures/ui/default.png
14:39:40.685 [FXGL Background Thread 1 ] DEBUG AssetLoader          - Loading from disk: /assets/ui/mainpanel.fxml
14:39:40.720 [FXGL Background Thread 1 ] DEBUG InitAppTask          - Initialization Complete
14:39:40.720 [FXGL Background Thread 1 ] INFO  InitAppTask          - Game initialization took: 1.100 sec
14:39:40.734 [JavaFX Application Thread] DEBUG Input                - Clearing active input actions
14:39:40.749 [JavaFX Application Thread] DEBUG AppStateMachine      - LoadingState -> PlayState
14:39:46.199 [JavaFX Application Thread] DEBUG GameApplication      - Exiting game application
14:39:46.200 [JavaFX Application Thread] DEBUG GameApplication      - Shutting down background threads
14:39:46.201 [JavaFX Application Thread] INFO  Profiler             - Processed Frames: 405
14:39:46.201 [JavaFX Application Thread] INFO  Profiler             - Average FPS: 59
14:39:46.201 [JavaFX Application Thread] INFO  Profiler             - Avg Frame Took: 0.11 ms
14:39:46.202 [JavaFX Application Thread] INFO  Profiler             - Avg Memory Usage: 160 MB
14:39:46.202 [JavaFX Application Thread] INFO  Profiler             - Min Memory Usage: 12 MB
14:39:46.202 [JavaFX Application Thread] INFO  Profiler             - Max Memory Usage: 164 MB
14:39:46.202 [JavaFX Application Thread] INFO  Profiler             - Estimated GC runs: 0
14:39:46.202 [JavaFX Application Thread] DEBUG GameApplication      - Exiting FXGL
14:39:46.202 [JavaFX Application Thread] DEBUG FXGL                 - Saving FXGL system data
14:39:46.205 [JavaFX Application Thread] DEBUG DesktopFSService     - Writing to: system/fxgl.bundle
14:39:46.209 [JavaFX Application Thread] DEBUG GameApplication      - Closing logger and exiting JavaFX
