17:10:56.991 [JavaFX Application Thread] DEBUG GameApplication      - Logger initialized
17:10:56.997 [JavaFX Application Thread] DEBUG MainWindow           - Creating a JavaFX scene
17:10:57.216 [JavaFX Application Thread] DEBUG MainWindow           - Target settings size: 860.0 x 600.0
17:10:57.216 [JavaFX Application Thread] DEBUG MainWindow           - Scaled scene size:    860.0 x 600.0
17:10:57.216 [JavaFX Application Thread] DEBUG MainWindow           - Scaled ratio: (1.0, 1.0)
17:10:57.222 [JavaFX Application Thread] DEBUG GameApplication      - Starting FXGL
17:10:57.227 [JavaFX Application Thread] INFO  FXGL                 - FXGL-0.5.3 on DESKTOP
17:10:57.227 [JavaFX Application Thread] INFO  FXGL                 - Source code and latest versions at: https://github.com/AlmasB/FXGL
17:10:57.227 [JavaFX Application Thread] INFO  FXGL                 -              Join the FXGL chat at: https://gitter.im/AlmasB/FXGL
17:10:57.236 [JavaFX Application Thread] DEBUG FS                   - Loaded DesktopFSService
17:10:57.237 [JavaFX Application Thread] DEBUG FXGL                 - Loading FXGL system data
17:10:57.245 [JavaFX Application Thread] DEBUG DesktopFSService     - Reading from: system/fxgl.bundle
17:10:57.253 [JavaFX Application Thread] DEBUG Bundle               - Logging bundle: FXGL
17:10:57.253 [JavaFX Application Thread] DEBUG Bundle               - FXGL.offline.timer.version.check=2019-02-06T21:58:35.988
17:10:57.277 [JavaFX Application Thread] DEBUG GameApplication      - FXGL started
17:10:57.277 [JavaFX Application Thread] DEBUG GameApplication      - Logging game settings
Title: Basic Game App
Version: 0.0
Width: 860
Height: 600
Fullscreen: false
Intro: false
Menus: false
Profiling: false
Single step:false
App Mode: DEVELOPER
Menu Key: ESCAPE
Stage Style: DECORATED
Scene Factory: class com.almasb.fxgl.scene.SceneFactory
Dialog Factory: class com.almasb.fxgl.ui.FXGLDialogFactory
UI Factory: class com.almasb.fxgl.ui.FXGLUIFactory
Notification Service: class com.almasb.fxgl.gameplay.notification.XboxNotificationView
Exception Handler: class com.almasb.fxgl.app.FXGLExceptionHandler
17:10:57.278 [JavaFX Application Thread] DEBUG GameApplication      - Configuring GameApplication
17:10:57.278 [JavaFX Application Thread] DEBUG GameApplication      - Initializing state machine and application states
17:10:57.300 [JavaFX Application Thread] DEBUG AssetLoader          - Loading from disk: /assets/ui/cursors/fxgl_default.png
17:10:57.323 [JavaFX Application Thread] DEBUG AssetLoader          - Loading from disk: /assets/ui/cursors/fxgl_default.png
17:10:57.381 [JavaFX Application Thread] DEBUG FXGLAssets           - Loading FXGLAssets
17:10:57.405 [JavaFX Application Thread] DEBUG AssetLoader          - Loading from disk: /assets/ui/fonts/VarelaRound-Regular.ttf
17:10:57.417 [JavaFX Application Thread] DEBUG AssetLoader          - Loading from disk: /assets/ui/fonts/lucida_console.ttf
17:10:57.420 [JavaFX Application Thread] DEBUG AssetLoader          - Loading from disk: /assets/ui/fonts/Courier-Prime.ttf
17:10:57.422 [JavaFX Application Thread] DEBUG AssetLoader          - Loading from disk: /assets/ui/fonts/Abel-Regular.ttf
17:10:57.423 [JavaFX Application Thread] DEBUG AssetLoader          - Loading from disk: /assets/ui/css/fxgl_dark.css
17:10:57.458 [JavaFX Application Thread] DEBUG AssetLoader          - Loading from disk: /assets/ui/cursors/fxgl_default.png
17:10:57.491 [JavaFX Application Thread] DEBUG AssetLoader          - Loading from disk: /assets/ui/cursors/fxgl_default.png
17:10:57.511 [JavaFX Application Thread] DEBUG GameScene            - Game scene initialized: 860x600
17:10:57.514 [JavaFX Application Thread] DEBUG GameWorld            - Game world initialized
17:10:57.552 [JavaFX Application Thread] DEBUG PhysicsWorld         - Physics world initialized: appHeight=600, physics.ppm=50.0
17:10:57.569 [JavaFX Application Thread] DEBUG Input                - Registered new binding: Pause - Esc
17:10:57.586 [JavaFX Application Thread] DEBUG Input                - Clearing active input actions
17:10:57.626 [JavaFX Application Thread] DEBUG AppStateMachine      - StartupState -> StartupState
17:10:57.630 [JavaFX Application Thread] INFO  GameApplication      - Game configuration took:  0.352 sec
17:10:57.632 [JavaFX Application Thread] DEBUG AssetLoader          - Loading from disk: /assets/textures/fxgl_icon.png
17:10:57.647 [JavaFX Application Thread] DEBUG MainWindow           - Opening main window
17:10:57.713 [JavaFX Application Thread] DEBUG MainWindow           - Window border size: (0.0, 0.0)
17:10:57.713 [JavaFX Application Thread] DEBUG MainWindow           - Scaled size: 860.0 x 600.0
17:10:57.713 [JavaFX Application Thread] DEBUG MainWindow           - Scaled ratio: (1.0, 1.0)
17:10:57.714 [JavaFX Application Thread] DEBUG MainWindow           - Scene size: 860.0 x 600.0
17:10:57.714 [JavaFX Application Thread] DEBUG MainWindow           - Stage size: 860.0 x 600.0
17:10:57.714 [JavaFX Application Thread] DEBUG GameApplication      - Running preInit()
17:10:57.715 [JavaFX Application Thread] DEBUG Input                - Registered new binding: Screenshot - P
17:10:57.716 [JavaFX Application Thread] DEBUG Input                - Registered new binding: Dev Options - CTRL+0
17:10:57.716 [JavaFX Application Thread] DEBUG Input                - Registered new binding: System info dump - CTRL+9
17:10:57.717 [JavaFX Application Thread] DEBUG Input                - Registered new binding: Restart - CTRL+R
17:10:57.746 [JavaFX Application Thread] DEBUG GameApplication      - Starting main loop
17:10:57.762 [JavaFX Application Thread] DEBUG StartupState         - STARTUP
17:10:57.762 [JavaFX Application Thread] DEBUG GameApplication      - Starting new game
17:10:57.762 [JavaFX Application Thread] DEBUG Input                - Clearing active input actions
17:10:57.769 [JavaFX Application Thread] DEBUG AppStateMachine      - StartupState -> LoadingState
17:10:57.774 [FXGL Background Thread 1 ] DEBUG InitAppTask          - Clearing previous game
17:10:57.774 [FXGL Background Thread 1 ] DEBUG GameWorld            - Clearing game world
17:10:57.774 [FXGL Background Thread 1 ] DEBUG PhysicsWorld         - Clearing physics world
17:10:57.775 [FXGL Background Thread 1 ] DEBUG GameScene            - Clearing game scene
17:10:57.776 [FXGL Background Thread 1 ] DEBUG InitAppTask          - Initializing Game
17:10:57.780 [FXGL Background Thread 1 ] DEBUG InitAppTask          - Initializing Physics
17:10:57.780 [FXGL Background Thread 1 ] DEBUG InitAppTask          - Initializing UI
17:10:57.781 [FXGL Background Thread 1 ] DEBUG AssetLoader          - Loading from disk: /assets/ui/login.fxml
17:10:57.998 [FXGL Background Thread 1 ] DEBUG InitAppTask          - Initialization Complete
17:10:57.998 [FXGL Background Thread 1 ] INFO  InitAppTask          - Game initialization took: 0.224 sec
17:10:58.005 [JavaFX Application Thread] DEBUG Input                - Clearing active input actions
17:10:58.016 [JavaFX Application Thread] DEBUG AppStateMachine      - LoadingState -> PlayState
17:11:04.184 [JavaFX Application Thread] DEBUG GameApplication      - Exiting game application
17:11:04.185 [JavaFX Application Thread] DEBUG GameApplication      - Shutting down background threads
17:11:04.186 [JavaFX Application Thread] DEBUG GameApplication      - Exiting FXGL
17:11:04.186 [JavaFX Application Thread] DEBUG FXGL                 - Saving FXGL system data
17:11:04.189 [JavaFX Application Thread] DEBUG DesktopFSService     - Writing to: system/fxgl.bundle
17:11:04.193 [JavaFX Application Thread] DEBUG GameApplication      - Closing logger and exiting JavaFX
