16:29:21.062 [JavaFX Application Thread] DEBUG GameApplication      - Logger initialized
16:29:21.081 [JavaFX Application Thread] DEBUG GameApplication      - Logging settings
Title: Basic Game App
Version: 0.0
Width: 800
Height: 600
Fullscreen: false
Intro: false
Menus: false
Profiling: false
Single step:false
App Mode: DEVELOPER
Menu Key: ESCAPE
Stage Style: DECORATED
Scene Factory: class com.almasb.fxgl.scene.SceneFactory
Dialog Factory: class com.almasb.fxgl.ui.FXGLDialogFactory
UI Factory: class com.almasb.fxgl.ui.FXGLUIFactory
Notification Service: class com.almasb.fxgl.gameplay.notification.XboxNotificationView
Exception Handler: class com.almasb.fxgl.app.FXGLExceptionHandler
16:29:21.082 [JavaFX Application Thread] DEBUG GameApplication      - Starting FXGL
16:29:21.112 [JavaFX Application Thread] INFO  FXGL                 - FXGL-0.5.4 on DESKTOP
16:29:21.112 [JavaFX Application Thread] INFO  FXGL                 - Source code and latest versions at: https://github.com/AlmasB/FXGL
16:29:21.113 [JavaFX Application Thread] INFO  FXGL                 -              Join the FXGL chat at: https://gitter.im/AlmasB/FXGL
16:29:21.119 [JavaFX Application Thread] DEBUG FXGL                 - FXGL started
16:29:21.120 [JavaFX Application Thread] DEBUG FXGL                 - Initializing FXGL
16:29:21.224 [JavaFX Application Thread] DEBUG AssetLoader          - Loading from disk: /assets/ui/cursors/fxgl_default.png
16:29:21.398 [JavaFX Application Thread] DEBUG AssetLoader          - Loading from disk: /assets/ui/fonts/VarelaRound-Regular.ttf
16:29:21.501 [JavaFX Application Thread] DEBUG MainWindow           - Creating a JavaFX scene
16:29:21.610 [JavaFX Application Thread] DEBUG MainWindow           - Target settings size: 800.0 x 600.0
16:29:21.611 [JavaFX Application Thread] DEBUG MainWindow           - Scaled scene size:    800.0 x 600.0
16:29:21.611 [JavaFX Application Thread] DEBUG MainWindow           - Scaled ratio: (1.0, 1.0)
16:29:21.629 [JavaFX Application Thread] DEBUG AssetLoader          - Loading from disk: /assets/ui/css/fxgl_dark.css
16:29:21.633 [JavaFX Application Thread] DEBUG AssetLoader          - Loading from disk: /assets/textures/fxgl_icon.png
16:29:21.681 [JavaFX Application Thread] DEBUG MainWindow           - Opening main window
16:29:21.978 [JavaFX Application Thread] DEBUG MainWindow           - Window border size: (2.0, 31.0)
16:29:21.979 [JavaFX Application Thread] DEBUG MainWindow           - Scaled size: 800.0 x 600.0
16:29:21.980 [JavaFX Application Thread] DEBUG MainWindow           - Scaled ratio: (1.0, 1.0)
16:29:21.982 [JavaFX Application Thread] DEBUG MainWindow           - Scene size: 800.0 x 600.0
16:29:21.982 [JavaFX Application Thread] DEBUG MainWindow           - Stage size: 802.0 x 631.0
16:29:22.039 [ForkJoinPool.commonPool-worker-3] DEBUG FS                   - Loaded DesktopFSService
16:29:22.040 [ForkJoinPool.commonPool-worker-3] DEBUG FXGL                 - Loading FXGL system data
16:29:22.056 [ForkJoinPool.commonPool-worker-3] DEBUG DesktopFSService     - Reading from: system/fxgl.bundle
16:29:22.075 [ForkJoinPool.commonPool-worker-3] DEBUG Bundle               - Logging bundle: FXGL
16:29:22.075 [ForkJoinPool.commonPool-worker-3] DEBUG Bundle               - FXGL.offline.timer.version.check=2018-12-29T13:45:18.325397
16:29:22.090 [ForkJoinPool.commonPool-worker-3] DEBUG FXGL                 - Initializing state machine and application states
16:29:22.092 [ForkJoinPool.commonPool-worker-3] DEBUG AssetLoader          - Loading from disk: /assets/ui/cursors/fxgl_default.png
16:29:22.124 [ForkJoinPool.commonPool-worker-3] DEBUG AssetLoader          - Loading from disk: /assets/ui/cursors/fxgl_default.png
16:29:22.143 [ForkJoinPool.commonPool-worker-3] DEBUG AssetLoader          - Loading from cache: /assets/ui/fonts/VarelaRound-Regular.ttf
16:29:22.149 [ForkJoinPool.commonPool-worker-3] DEBUG AssetLoader          - Loading from disk: /assets/ui/cursors/fxgl_default.png
16:29:22.159 [ForkJoinPool.commonPool-worker-3] DEBUG GameScene            - Game scene initialized: 800x600
16:29:22.170 [ForkJoinPool.commonPool-worker-3] DEBUG GameWorld            - Game world initialized
16:29:22.230 [ForkJoinPool.commonPool-worker-3] DEBUG PhysicsWorld         - Physics world initialized: appHeight=600, physics.ppm=50.0
16:29:22.252 [ForkJoinPool.commonPool-worker-3] DEBUG Input                - Registered new binding: Pause - Esc
16:29:22.330 [JavaFX Application Thread] DEBUG FXGL                 - Running preInit()
16:29:22.333 [JavaFX Application Thread] DEBUG Input                - Registered new binding: Screenshot - P
16:29:22.334 [JavaFX Application Thread] DEBUG Input                - Registered new binding: Dev Options - CTRL+0
16:29:22.334 [JavaFX Application Thread] DEBUG Input                - Registered new binding: System info dump - CTRL+9
16:29:22.335 [JavaFX Application Thread] DEBUG Input                - Registered new binding: Restart - CTRL+R
16:29:22.336 [JavaFX Application Thread] INFO  FXGL                 - FXGL initialization took: 1.216 sec
16:29:22.336 [JavaFX Application Thread] DEBUG LoopRunner           - Starting loop
16:29:22.339 [JavaFX Application Thread] DEBUG StartupState         - STARTUP
16:29:22.339 [JavaFX Application Thread] DEBUG GameApplication      - Starting new game
16:29:22.340 [JavaFX Application Thread] DEBUG Input                - Clearing active input actions
16:29:22.341 [JavaFX Application Thread] DEBUG AssetLoader          - Loading from disk: /assets/ui/css/fxgl_dark.css
16:29:22.355 [JavaFX Application Thread] DEBUG AppStateMachine      - StartupState -> LoadingState
16:29:22.372 [FXGL Background Thread 1 ] DEBUG InitAppTask          - Clearing previous game
16:29:22.373 [FXGL Background Thread 1 ] DEBUG GameWorld            - Clearing game world
16:29:22.373 [FXGL Background Thread 1 ] DEBUG PhysicsWorld         - Clearing physics world
16:29:22.373 [FXGL Background Thread 1 ] DEBUG GameScene            - Clearing game scene
16:29:22.377 [FXGL Background Thread 1 ] DEBUG InitAppTask          - Initializing Game
16:29:22.399 [FXGL Background Thread 1 ] DEBUG InitAppTask          - Initializing Physics
16:29:22.399 [FXGL Background Thread 1 ] DEBUG InitAppTask          - Initializing UI
16:29:22.400 [FXGL Background Thread 1 ] DEBUG AssetLoader          - Loading from disk: /assets/ui/login.fxml
16:29:22.600 [FXGL Background Thread 1 ] DEBUG InitAppTask          - Initialization Complete
16:29:22.600 [FXGL Background Thread 1 ] INFO  InitAppTask          - Game initialization took: 0.228 sec
16:29:22.606 [JavaFX Application Thread] DEBUG Input                - Clearing active input actions
16:29:22.606 [JavaFX Application Thread] DEBUG AssetLoader          - Loading from disk: /assets/ui/css/fxgl_dark.css
16:29:22.628 [JavaFX Application Thread] DEBUG AppStateMachine      - LoadingState -> PlayState
16:30:17.875 [JavaFX Application Thread] DEBUG FXGL                 - Exiting FXGL
16:30:17.876 [JavaFX Application Thread] DEBUG FXGL                 - Shutting down background threads
16:30:17.876 [JavaFX Application Thread] DEBUG FXGL                 - Saving FXGL system data
16:30:17.879 [JavaFX Application Thread] DEBUG DesktopFSService     - Writing to: system/fxgl.bundle
16:30:17.882 [JavaFX Application Thread] DEBUG FXGL                 - Closing logger and exiting JavaFX
