15:57:55.993 [JavaFX Application Thread] DEBUG GameApplication      - Logger initialized
15:57:56.000 [JavaFX Application Thread] DEBUG MainWindow           - Creating a JavaFX scene
15:57:56.126 [JavaFX Application Thread] DEBUG MainWindow           - Target settings size: 1024.0 x 860.0
15:57:56.127 [JavaFX Application Thread] DEBUG MainWindow           - Scaled scene size:    1024.0 x 860.0
15:57:56.127 [JavaFX Application Thread] DEBUG MainWindow           - Scaled ratio: (1.0, 1.0)
15:57:56.132 [JavaFX Application Thread] DEBUG GameApplication      - Starting FXGL
15:57:56.136 [JavaFX Application Thread] INFO  FXGL                 - FXGL-0.5.3 on DESKTOP
15:57:56.137 [JavaFX Application Thread] INFO  FXGL                 - Source code and latest versions at: https://github.com/AlmasB/FXGL
15:57:56.137 [JavaFX Application Thread] INFO  FXGL                 -              Join the FXGL chat at: https://gitter.im/AlmasB/FXGL
15:57:56.143 [JavaFX Application Thread] DEBUG FS                   - Loaded DesktopFSService
15:57:56.143 [JavaFX Application Thread] DEBUG FXGL                 - Loading FXGL system data
15:57:56.149 [JavaFX Application Thread] DEBUG DesktopFSService     - Reading from: system/fxgl.bundle
15:57:56.158 [JavaFX Application Thread] DEBUG Bundle               - Logging bundle: FXGL
15:57:56.159 [JavaFX Application Thread] DEBUG Bundle               - FXGL.offline.timer.version.check=2019-01-23T12:24:56.214
15:57:56.182 [JavaFX Application Thread] DEBUG GameApplication      - FXGL started
15:57:56.182 [JavaFX Application Thread] DEBUG GameApplication      - Logging game settings
Title: Basic Game App
Version: 0.0
Width: 1024
Height: 860
Fullscreen: false
Intro: false
Menus: false
Profiling: false
Single step:false
App Mode: DEVELOPER
Menu Key: ESCAPE
Stage Style: DECORATED
Scene Factory: class com.almasb.fxgl.scene.SceneFactory
Dialog Factory: class com.almasb.fxgl.ui.FXGLDialogFactory
UI Factory: class com.almasb.fxgl.ui.FXGLUIFactory
Notification Service: class com.almasb.fxgl.gameplay.notification.XboxNotificationView
Exception Handler: class com.almasb.fxgl.app.FXGLExceptionHandler
15:57:56.183 [JavaFX Application Thread] DEBUG GameApplication      - Configuring GameApplication
15:57:56.183 [JavaFX Application Thread] DEBUG GameApplication      - Initializing state machine and application states
15:57:56.201 [JavaFX Application Thread] DEBUG AssetLoader          - Loading from disk: /assets/ui/cursors/fxgl_default.png
15:57:56.223 [JavaFX Application Thread] DEBUG AssetLoader          - Loading from disk: /assets/ui/cursors/fxgl_default.png
15:57:56.257 [JavaFX Application Thread] DEBUG FXGLAssets           - Loading FXGLAssets
15:57:56.282 [JavaFX Application Thread] DEBUG AssetLoader          - Loading from disk: /assets/ui/fonts/VarelaRound-Regular.ttf
15:57:56.295 [JavaFX Application Thread] DEBUG AssetLoader          - Loading from disk: /assets/ui/fonts/lucida_console.ttf
15:57:56.297 [JavaFX Application Thread] DEBUG AssetLoader          - Loading from disk: /assets/ui/fonts/Courier-Prime.ttf
15:57:56.299 [JavaFX Application Thread] DEBUG AssetLoader          - Loading from disk: /assets/ui/fonts/Abel-Regular.ttf
15:57:56.301 [JavaFX Application Thread] DEBUG AssetLoader          - Loading from disk: /assets/ui/css/fxgl_dark.css
15:57:56.330 [JavaFX Application Thread] DEBUG AssetLoader          - Loading from disk: /assets/ui/cursors/fxgl_default.png
15:57:56.362 [JavaFX Application Thread] DEBUG AssetLoader          - Loading from disk: /assets/ui/cursors/fxgl_default.png
15:57:56.382 [JavaFX Application Thread] DEBUG GameScene            - Game scene initialized: 1024x860
15:57:56.385 [JavaFX Application Thread] DEBUG GameWorld            - Game world initialized
15:57:56.422 [JavaFX Application Thread] DEBUG PhysicsWorld         - Physics world initialized: appHeight=860, physics.ppm=50.0
15:57:56.439 [JavaFX Application Thread] DEBUG Input                - Registered new binding: Pause - Esc
15:57:56.455 [JavaFX Application Thread] DEBUG Input                - Clearing active input actions
15:57:56.495 [JavaFX Application Thread] DEBUG AppStateMachine      - StartupState -> StartupState
15:57:56.498 [JavaFX Application Thread] INFO  GameApplication      - Game configuration took:  0.315 sec
15:57:56.500 [JavaFX Application Thread] DEBUG AssetLoader          - Loading from disk: /assets/textures/fxgl_icon.png
15:57:56.515 [JavaFX Application Thread] DEBUG MainWindow           - Opening main window
15:57:56.585 [JavaFX Application Thread] DEBUG MainWindow           - Window border size: (0.0, 0.0)
15:57:56.586 [JavaFX Application Thread] DEBUG MainWindow           - Scaled size: 1024.0 x 860.0
15:57:56.586 [JavaFX Application Thread] DEBUG MainWindow           - Scaled ratio: (1.0, 1.0)
15:57:56.586 [JavaFX Application Thread] DEBUG MainWindow           - Scene size: 1024.0 x 860.0
15:57:56.586 [JavaFX Application Thread] DEBUG MainWindow           - Stage size: 1024.0 x 860.0
15:57:56.586 [JavaFX Application Thread] DEBUG GameApplication      - Running preInit()
15:57:56.588 [JavaFX Application Thread] DEBUG Input                - Registered new binding: Screenshot - P
15:57:56.588 [JavaFX Application Thread] DEBUG Input                - Registered new binding: Dev Options - CTRL+0
15:57:56.589 [JavaFX Application Thread] DEBUG Input                - Registered new binding: System info dump - CTRL+9
15:57:56.589 [JavaFX Application Thread] DEBUG Input                - Registered new binding: Restart - CTRL+R
15:57:56.589 [JavaFX Application Thread] DEBUG Input                - Registered new binding: Up 1 - W
15:57:56.590 [JavaFX Application Thread] DEBUG Input                - Registered new binding: Down 1 - S
15:57:56.590 [JavaFX Application Thread] DEBUG Input                - Registered new binding: Right 1 - D
15:57:56.590 [JavaFX Application Thread] DEBUG Input                - Registered new binding: Left 1 - A
15:57:56.623 [JavaFX Application Thread] DEBUG GameApplication      - Starting main loop
15:57:56.632 [JavaFX Application Thread] DEBUG StartupState         - STARTUP
15:57:56.633 [JavaFX Application Thread] DEBUG GameApplication      - Starting new game
15:57:56.633 [JavaFX Application Thread] DEBUG Input                - Clearing active input actions
15:57:56.642 [JavaFX Application Thread] DEBUG AppStateMachine      - StartupState -> LoadingState
15:57:56.647 [FXGL Background Thread 1 ] DEBUG InitAppTask          - Clearing previous game
15:57:56.647 [FXGL Background Thread 1 ] DEBUG GameWorld            - Clearing game world
15:57:56.647 [FXGL Background Thread 1 ] DEBUG PhysicsWorld         - Clearing physics world
15:57:56.647 [FXGL Background Thread 1 ] DEBUG GameScene            - Clearing game scene
15:57:56.648 [FXGL Background Thread 1 ] DEBUG InitAppTask          - Initializing Game
15:57:56.653 [FXGL Background Thread 1 ] DEBUG InitAppTask          - Initializing Physics
15:57:56.653 [FXGL Background Thread 1 ] DEBUG InitAppTask          - Initializing UI
15:57:56.653 [FXGL Background Thread 1 ] DEBUG AssetLoader          - Loading from disk: /assets/ui/login.fxml
15:57:56.729 [FXGL Background Thread 1 ] DEBUG InitAppTask          - Initialization Complete
15:57:56.729 [FXGL Background Thread 1 ] INFO  InitAppTask          - Game initialization took: 0.082 sec
15:57:56.747 [JavaFX Application Thread] DEBUG Input                - Clearing active input actions
15:57:56.759 [JavaFX Application Thread] DEBUG AppStateMachine      - LoadingState -> PlayState
15:58:11.522 [JavaFX Application Thread] DEBUG GameApplication      - Exiting game application
15:58:11.523 [JavaFX Application Thread] DEBUG GameApplication      - Shutting down background threads
15:58:11.523 [JavaFX Application Thread] DEBUG GameApplication      - Exiting FXGL
15:58:11.524 [JavaFX Application Thread] DEBUG FXGL                 - Saving FXGL system data
15:58:11.526 [JavaFX Application Thread] DEBUG DesktopFSService     - Writing to: system/fxgl.bundle
15:58:11.530 [JavaFX Application Thread] DEBUG GameApplication      - Closing logger and exiting JavaFX
