16:19:22.152 [JavaFX Application Thread] DEBUG GameApplication      - Logger initialized
16:19:22.158 [JavaFX Application Thread] DEBUG MainWindow           - Creating a JavaFX scene
16:19:22.289 [JavaFX Application Thread] DEBUG MainWindow           - Target settings size: 860.0 x 600.0
16:19:22.289 [JavaFX Application Thread] DEBUG MainWindow           - Scaled scene size:    860.0 x 600.0
16:19:22.290 [JavaFX Application Thread] DEBUG MainWindow           - Scaled ratio: (1.0, 1.0)
16:19:22.296 [JavaFX Application Thread] DEBUG GameApplication      - Starting FXGL
16:19:22.301 [JavaFX Application Thread] INFO  FXGL                 - FXGL-0.5.3 on DESKTOP
16:19:22.301 [JavaFX Application Thread] INFO  FXGL                 - Source code and latest versions at: https://github.com/AlmasB/FXGL
16:19:22.302 [JavaFX Application Thread] INFO  FXGL                 -              Join the FXGL chat at: https://gitter.im/AlmasB/FXGL
16:19:22.308 [JavaFX Application Thread] DEBUG FS                   - Loaded DesktopFSService
16:19:22.309 [JavaFX Application Thread] DEBUG FXGL                 - Loading FXGL system data
16:19:22.316 [JavaFX Application Thread] DEBUG DesktopFSService     - Reading from: system/fxgl.bundle
16:19:22.324 [JavaFX Application Thread] DEBUG Bundle               - Logging bundle: FXGL
16:19:22.324 [JavaFX Application Thread] DEBUG Bundle               - FXGL.offline.timer.version.check=2019-02-21T16:31:03.317
16:19:22.349 [JavaFX Application Thread] DEBUG GameApplication      - FXGL started
16:19:22.350 [JavaFX Application Thread] DEBUG GameApplication      - Logging game settings
Title: Alpha
Version: 0.0
Width: 860
Height: 600
Fullscreen: false
Intro: false
Menus: false
Profiling: false
Single step:false
App Mode: DEVELOPER
Menu Key: ESCAPE
Stage Style: DECORATED
Scene Factory: class com.almasb.fxgl.scene.SceneFactory
Dialog Factory: class com.almasb.fxgl.ui.FXGLDialogFactory
UI Factory: class com.almasb.fxgl.ui.FXGLUIFactory
Notification Service: class com.almasb.fxgl.gameplay.notification.XboxNotificationView
Exception Handler: class com.almasb.fxgl.app.FXGLExceptionHandler
16:19:22.351 [JavaFX Application Thread] DEBUG GameApplication      - Configuring GameApplication
16:19:22.351 [JavaFX Application Thread] DEBUG GameApplication      - Initializing state machine and application states
16:19:22.374 [JavaFX Application Thread] DEBUG AssetLoader          - Loading from disk: /assets/ui/cursors/fxgl_default.png
16:19:22.398 [JavaFX Application Thread] DEBUG AssetLoader          - Loading from disk: /assets/ui/cursors/fxgl_default.png
16:19:22.427 [JavaFX Application Thread] DEBUG FXGLAssets           - Loading FXGLAssets
16:19:22.451 [JavaFX Application Thread] DEBUG AssetLoader          - Loading from disk: /assets/ui/fonts/VarelaRound-Regular.ttf
16:19:22.463 [JavaFX Application Thread] DEBUG AssetLoader          - Loading from disk: /assets/ui/fonts/lucida_console.ttf
16:19:22.466 [JavaFX Application Thread] DEBUG AssetLoader          - Loading from disk: /assets/ui/fonts/Courier-Prime.ttf
16:19:22.468 [JavaFX Application Thread] DEBUG AssetLoader          - Loading from disk: /assets/ui/fonts/Abel-Regular.ttf
16:19:22.470 [JavaFX Application Thread] DEBUG AssetLoader          - Loading from disk: /assets/ui/css/fxgl_dark.css
16:19:22.502 [JavaFX Application Thread] DEBUG AssetLoader          - Loading from disk: /assets/ui/cursors/fxgl_default.png
16:19:22.541 [JavaFX Application Thread] DEBUG AssetLoader          - Loading from disk: /assets/ui/cursors/fxgl_default.png
16:19:22.561 [JavaFX Application Thread] DEBUG GameScene            - Game scene initialized: 860x600
16:19:22.564 [JavaFX Application Thread] DEBUG GameWorld            - Game world initialized
16:19:22.602 [JavaFX Application Thread] DEBUG PhysicsWorld         - Physics world initialized: appHeight=600, physics.ppm=50.0
16:19:22.618 [JavaFX Application Thread] DEBUG Input                - Registered new binding: Pause - Esc
16:19:22.634 [JavaFX Application Thread] DEBUG Input                - Clearing active input actions
16:19:22.674 [JavaFX Application Thread] DEBUG AppStateMachine      - StartupState -> StartupState
16:19:22.678 [JavaFX Application Thread] INFO  GameApplication      - Game configuration took:  0.327 sec
16:19:22.680 [JavaFX Application Thread] DEBUG AssetLoader          - Loading from disk: /assets/textures/fxgl_icon.png
16:19:22.695 [JavaFX Application Thread] DEBUG MainWindow           - Opening main window
16:19:22.758 [JavaFX Application Thread] DEBUG MainWindow           - Window border size: (0.0, 0.0)
16:19:22.759 [JavaFX Application Thread] DEBUG MainWindow           - Scaled size: 860.0 x 600.0
16:19:22.759 [JavaFX Application Thread] DEBUG MainWindow           - Scaled ratio: (1.0, 1.0)
16:19:22.759 [JavaFX Application Thread] DEBUG MainWindow           - Scene size: 860.0 x 600.0
16:19:22.759 [JavaFX Application Thread] DEBUG MainWindow           - Stage size: 860.0 x 600.0
16:19:22.759 [JavaFX Application Thread] DEBUG GameApplication      - Running preInit()
16:19:22.761 [JavaFX Application Thread] DEBUG Input                - Registered new binding: Screenshot - P
16:19:22.761 [JavaFX Application Thread] DEBUG Input                - Registered new binding: Dev Options - CTRL+0
16:19:22.762 [JavaFX Application Thread] DEBUG Input                - Registered new binding: System info dump - CTRL+9
16:19:22.762 [JavaFX Application Thread] DEBUG Input                - Registered new binding: Restart - CTRL+R
16:19:22.762 [JavaFX Application Thread] DEBUG Input                - Registered new binding: Up 1 - W
16:19:22.762 [JavaFX Application Thread] DEBUG Input                - Registered new binding: Down 1 - S
16:19:22.763 [JavaFX Application Thread] DEBUG Input                - Registered new binding: Right 1 - D
16:19:22.763 [JavaFX Application Thread] DEBUG Input                - Registered new binding: Left 1 - A
16:19:22.764 [JavaFX Application Thread] DEBUG Input                - Registered new binding: Click - LMB
16:19:22.764 [JavaFX Application Thread] DEBUG Input                - Registered new binding: Tab - Tab
16:19:22.794 [JavaFX Application Thread] DEBUG GameApplication      - Starting main loop
16:19:22.814 [JavaFX Application Thread] DEBUG StartupState         - STARTUP
16:19:22.814 [JavaFX Application Thread] DEBUG GameApplication      - Starting new game
16:19:22.814 [JavaFX Application Thread] DEBUG Input                - Clearing active input actions
16:19:22.824 [JavaFX Application Thread] DEBUG AppStateMachine      - StartupState -> LoadingState
16:19:22.829 [FXGL Background Thread 1 ] DEBUG InitAppTask          - Clearing previous game
16:19:22.829 [FXGL Background Thread 1 ] DEBUG GameWorld            - Clearing game world
16:19:22.829 [FXGL Background Thread 1 ] DEBUG PhysicsWorld         - Clearing physics world
16:19:22.830 [FXGL Background Thread 1 ] DEBUG GameScene            - Clearing game scene
16:19:22.831 [FXGL Background Thread 1 ] DEBUG InitAppTask          - Initializing Game
16:19:22.835 [FXGL Background Thread 1 ] DEBUG InitAppTask          - Initializing Physics
16:19:22.836 [FXGL Background Thread 1 ] DEBUG InitAppTask          - Initializing UI
16:19:22.836 [FXGL Background Thread 1 ] DEBUG AssetLoader          - Loading from disk: /assets/ui/login.fxml
16:19:23.888 [FXGL Background Thread 1 ] DEBUG AssetLoader          - Loading from disk: /assets/textures/ui/box.png
16:19:23.890 [FXGL Background Thread 1 ] DEBUG AssetLoader          - Loading from disk: /assets/ui/mainpanel.fxml
16:19:23.924 [FXGL Background Thread 1 ] DEBUG InitAppTask          - Initialization Complete
16:19:23.924 [FXGL Background Thread 1 ] INFO  InitAppTask          - Game initialization took: 1.095 sec
16:19:23.930 [JavaFX Application Thread] DEBUG Input                - Clearing active input actions
16:19:23.942 [JavaFX Application Thread] DEBUG AppStateMachine      - LoadingState -> PlayState
16:19:25.157 [JavaFX Application Thread] DEBUG GameApplication      - Exiting game application
16:19:25.158 [JavaFX Application Thread] DEBUG GameApplication      - Shutting down background threads
16:19:25.158 [JavaFX Application Thread] DEBUG GameApplication      - Exiting FXGL
16:19:25.159 [JavaFX Application Thread] DEBUG FXGL                 - Saving FXGL system data
16:19:25.183 [JavaFX Application Thread] DEBUG DesktopFSService     - Writing to: system/fxgl.bundle
16:19:25.187 [JavaFX Application Thread] DEBUG GameApplication      - Closing logger and exiting JavaFX
