13:09:33.685 [JavaFX Application Thread] DEBUG GameApplication      - Logger initialized
13:09:33.692 [JavaFX Application Thread] DEBUG MainWindow           - Creating a JavaFX scene
13:09:33.825 [JavaFX Application Thread] DEBUG MainWindow           - Target settings size: 860.0 x 600.0
13:09:33.825 [JavaFX Application Thread] DEBUG MainWindow           - Scaled scene size:    860.0 x 600.0
13:09:33.825 [JavaFX Application Thread] DEBUG MainWindow           - Scaled ratio: (1.0, 1.0)
13:09:33.831 [JavaFX Application Thread] DEBUG GameApplication      - Starting FXGL
13:09:33.834 [JavaFX Application Thread] INFO  FXGL                 - FXGL-0.5.3 on DESKTOP
13:09:33.834 [JavaFX Application Thread] INFO  FXGL                 - Source code and latest versions at: https://github.com/AlmasB/FXGL
13:09:33.835 [JavaFX Application Thread] INFO  FXGL                 -              Join the FXGL chat at: https://gitter.im/AlmasB/FXGL
13:09:33.841 [JavaFX Application Thread] DEBUG FS                   - Loaded DesktopFSService
13:09:33.841 [JavaFX Application Thread] DEBUG FXGL                 - Loading FXGL system data
13:09:33.846 [JavaFX Application Thread] DEBUG DesktopFSService     - Reading from: system/fxgl.bundle
13:09:33.853 [JavaFX Application Thread] DEBUG Bundle               - Logging bundle: FXGL
13:09:33.854 [JavaFX Application Thread] DEBUG Bundle               - FXGL.offline.timer.version.check=2019-03-01T19:05:40.352
13:09:33.878 [JavaFX Application Thread] DEBUG GameApplication      - FXGL started
13:09:33.879 [JavaFX Application Thread] DEBUG GameApplication      - Logging game settings
Title: Alpha
Version: 0.0
Width: 860
Height: 600
Fullscreen: false
Intro: false
Menus: false
Profiling: false
Single step:false
App Mode: DEVELOPER
Menu Key: ESCAPE
Stage Style: DECORATED
Scene Factory: class com.almasb.fxgl.scene.SceneFactory
Dialog Factory: class com.almasb.fxgl.ui.FXGLDialogFactory
UI Factory: class com.almasb.fxgl.ui.FXGLUIFactory
Notification Service: class com.almasb.fxgl.gameplay.notification.XboxNotificationView
Exception Handler: class com.almasb.fxgl.app.FXGLExceptionHandler
13:09:33.879 [JavaFX Application Thread] DEBUG GameApplication      - Configuring GameApplication
13:09:33.879 [JavaFX Application Thread] DEBUG GameApplication      - Initializing state machine and application states
13:09:33.893 [JavaFX Application Thread] DEBUG AssetLoader          - Loading from disk: /assets/ui/cursors/fxgl_default.png
13:09:33.917 [JavaFX Application Thread] DEBUG AssetLoader          - Loading from disk: /assets/ui/cursors/fxgl_default.png
13:09:33.946 [JavaFX Application Thread] DEBUG FXGLAssets           - Loading FXGLAssets
13:09:33.968 [JavaFX Application Thread] DEBUG AssetLoader          - Loading from disk: /assets/ui/fonts/VarelaRound-Regular.ttf
13:09:33.975 [JavaFX Application Thread] DEBUG AssetLoader          - Loading from disk: /assets/ui/fonts/lucida_console.ttf
13:09:33.977 [JavaFX Application Thread] DEBUG AssetLoader          - Loading from disk: /assets/ui/fonts/Courier-Prime.ttf
13:09:33.979 [JavaFX Application Thread] DEBUG AssetLoader          - Loading from disk: /assets/ui/fonts/Abel-Regular.ttf
13:09:33.980 [JavaFX Application Thread] DEBUG AssetLoader          - Loading from disk: /assets/ui/css/fxgl_dark.css
13:09:34.010 [JavaFX Application Thread] DEBUG AssetLoader          - Loading from disk: /assets/ui/cursors/fxgl_default.png
13:09:34.044 [JavaFX Application Thread] DEBUG AssetLoader          - Loading from disk: /assets/ui/cursors/fxgl_default.png
13:09:34.064 [JavaFX Application Thread] DEBUG GameScene            - Game scene initialized: 860x600
13:09:34.067 [JavaFX Application Thread] DEBUG GameWorld            - Game world initialized
13:09:34.111 [JavaFX Application Thread] DEBUG PhysicsWorld         - Physics world initialized: appHeight=600, physics.ppm=50.0
13:09:34.127 [JavaFX Application Thread] DEBUG Input                - Registered new binding: Pause - Esc
13:09:34.144 [JavaFX Application Thread] DEBUG Input                - Clearing active input actions
13:09:34.189 [JavaFX Application Thread] DEBUG AppStateMachine      - StartupState -> StartupState
13:09:34.193 [JavaFX Application Thread] INFO  GameApplication      - Game configuration took:  0.314 sec
13:09:34.195 [JavaFX Application Thread] DEBUG AssetLoader          - Loading from disk: /assets/textures/fxgl_icon.png
13:09:34.210 [JavaFX Application Thread] DEBUG MainWindow           - Opening main window
13:09:34.280 [JavaFX Application Thread] DEBUG MainWindow           - Window border size: (0.0, 0.0)
13:09:34.280 [JavaFX Application Thread] DEBUG MainWindow           - Scaled size: 860.0 x 600.0
13:09:34.280 [JavaFX Application Thread] DEBUG MainWindow           - Scaled ratio: (1.0, 1.0)
13:09:34.281 [JavaFX Application Thread] DEBUG MainWindow           - Scene size: 860.0 x 600.0
13:09:34.281 [JavaFX Application Thread] DEBUG MainWindow           - Stage size: 860.0 x 600.0
13:09:34.281 [JavaFX Application Thread] DEBUG GameApplication      - Running preInit()
13:09:34.283 [JavaFX Application Thread] DEBUG Input                - Registered new binding: Screenshot - P
13:09:34.283 [JavaFX Application Thread] DEBUG Input                - Registered new binding: Dev Options - CTRL+0
13:09:34.283 [JavaFX Application Thread] DEBUG Input                - Registered new binding: System info dump - CTRL+9
13:09:34.284 [JavaFX Application Thread] DEBUG Input                - Registered new binding: Restart - CTRL+R
13:09:34.284 [JavaFX Application Thread] DEBUG Input                - Registered new binding: Up 1 - W
13:09:34.284 [JavaFX Application Thread] DEBUG Input                - Registered new binding: Down 1 - S
13:09:34.284 [JavaFX Application Thread] DEBUG Input                - Registered new binding: Right 1 - D
13:09:34.285 [JavaFX Application Thread] DEBUG Input                - Registered new binding: Left 1 - A
13:09:34.286 [JavaFX Application Thread] DEBUG Input                - Registered new binding: Click - LMB
13:09:34.286 [JavaFX Application Thread] DEBUG Input                - Registered new binding: Rightclick - RMB
13:09:34.286 [JavaFX Application Thread] DEBUG Input                - Registered new binding: Tab - Tab
13:09:34.316 [JavaFX Application Thread] DEBUG GameApplication      - Starting main loop
13:09:34.335 [JavaFX Application Thread] DEBUG StartupState         - STARTUP
13:09:34.336 [JavaFX Application Thread] DEBUG GameApplication      - Starting new game
13:09:34.336 [JavaFX Application Thread] DEBUG Input                - Clearing active input actions
13:09:34.345 [JavaFX Application Thread] DEBUG AppStateMachine      - StartupState -> LoadingState
13:09:34.352 [FXGL Background Thread 1 ] DEBUG InitAppTask          - Clearing previous game
13:09:34.352 [FXGL Background Thread 1 ] DEBUG GameWorld            - Clearing game world
13:09:34.352 [FXGL Background Thread 1 ] DEBUG PhysicsWorld         - Clearing physics world
13:09:34.352 [FXGL Background Thread 1 ] DEBUG GameScene            - Clearing game scene
13:09:34.354 [FXGL Background Thread 1 ] DEBUG InitAppTask          - Initializing Game
13:09:34.359 [FXGL Background Thread 1 ] DEBUG InitAppTask          - Initializing Physics
13:09:34.361 [FXGL Background Thread 1 ] DEBUG InitAppTask          - Initializing UI
13:09:34.361 [FXGL Background Thread 1 ] DEBUG AssetLoader          - Loading from disk: /assets/ui/login.fxml
13:09:35.437 [FXGL Background Thread 1 ] DEBUG AssetLoader          - Loading from disk: /assets/textures/ui/box.png
13:09:35.438 [FXGL Background Thread 1 ] DEBUG AssetLoader          - Loading from disk: /assets/ui/mainpanel.fxml
13:09:35.474 [JavaFX Application Thread] FATAL GameApplication      - Uncaught Exception:

Fatal exception occurred: java.lang.NullPointerException : null
E: client.AlphaClientApp.initUI(AlphaClientApp.java:77)
E: com.almasb.fxgl.app.LoadingState$InitAppTask.initUI(AppStates.kt:175)
E: com.almasb.fxgl.app.LoadingState$InitAppTask.call(AppStates.kt:137)
E: com.almasb.fxgl.app.LoadingState$InitAppTask.call(AppStates.kt:124)
E: javafx.concurrent.Task$TaskCallable.call(Task.java:1423)
E: java.util.concurrent.FutureTask.run$$$capture(FutureTask.java:266)
E: java.util.concurrent.FutureTask.run(FutureTask.java)
E: java.util.concurrent.Executors$RunnableAdapter.call(Executors.java:511)
E: java.util.concurrent.FutureTask.run$$$capture(FutureTask.java:266)
E: java.util.concurrent.FutureTask.run(FutureTask.java)
E: java.util.concurrent.ThreadPoolExecutor.runWorker(ThreadPoolExecutor.java:1149)
E: java.util.concurrent.ThreadPoolExecutor$Worker.run(ThreadPoolExecutor.java:624)
E: java.lang.Thread.run(Thread.java:748)

13:09:35.474 [JavaFX Application Thread] FATAL GameApplication      - Application will now exit
13:09:35.474 [JavaFX Application Thread] DEBUG GameApplication      - Stopping main loop
13:09:36.933 [JavaFX Application Thread] DEBUG GameApplication      - Exiting game application
13:09:36.934 [JavaFX Application Thread] DEBUG GameApplication      - Shutting down background threads
13:09:36.934 [JavaFX Application Thread] DEBUG GameApplication      - Exiting FXGL
13:09:36.934 [JavaFX Application Thread] DEBUG FXGL                 - Saving FXGL system data
13:09:36.937 [JavaFX Application Thread] DEBUG DesktopFSService     - Writing to: system/fxgl.bundle
13:09:36.940 [JavaFX Application Thread] DEBUG GameApplication      - Closing logger and exiting JavaFX
