16:29:12.514 [JavaFX Application Thread] DEBUG GameApplication      - Logger initialized
16:29:12.525 [JavaFX Application Thread] DEBUG GameApplication      - Logging settings
Title: Basic Game App
Version: 0.0
Width: 800
Height: 600
Fullscreen: false
Intro: false
Menus: false
Profiling: false
Single step:false
App Mode: DEVELOPER
Menu Key: ESCAPE
Stage Style: DECORATED
Scene Factory: class com.almasb.fxgl.scene.SceneFactory
Dialog Factory: class com.almasb.fxgl.ui.FXGLDialogFactory
UI Factory: class com.almasb.fxgl.ui.FXGLUIFactory
Notification Service: class com.almasb.fxgl.gameplay.notification.XboxNotificationView
Exception Handler: class com.almasb.fxgl.app.FXGLExceptionHandler
16:29:12.526 [JavaFX Application Thread] DEBUG GameApplication      - Starting FXGL
16:29:12.558 [JavaFX Application Thread] INFO  FXGL                 - FXGL-0.5.4 on DESKTOP
16:29:12.559 [JavaFX Application Thread] INFO  FXGL                 - Source code and latest versions at: https://github.com/AlmasB/FXGL
16:29:12.565 [JavaFX Application Thread] INFO  FXGL                 -              Join the FXGL chat at: https://gitter.im/AlmasB/FXGL
16:29:12.565 [JavaFX Application Thread] DEBUG FXGL                 - FXGL started
16:29:12.565 [JavaFX Application Thread] DEBUG FXGL                 - Initializing FXGL
16:29:12.665 [JavaFX Application Thread] DEBUG AssetLoader          - Loading from disk: /assets/ui/cursors/fxgl_default.png
16:29:12.843 [JavaFX Application Thread] DEBUG AssetLoader          - Loading from disk: /assets/ui/fonts/VarelaRound-Regular.ttf
16:29:12.963 [JavaFX Application Thread] DEBUG MainWindow           - Creating a JavaFX scene
16:29:13.032 [JavaFX Application Thread] DEBUG MainWindow           - Target settings size: 800.0 x 600.0
16:29:13.032 [JavaFX Application Thread] DEBUG MainWindow           - Scaled scene size:    800.0 x 600.0
16:29:13.032 [JavaFX Application Thread] DEBUG MainWindow           - Scaled ratio: (1.0, 1.0)
16:29:13.036 [JavaFX Application Thread] DEBUG AssetLoader          - Loading from disk: /assets/ui/css/fxgl_dark.css
16:29:13.043 [JavaFX Application Thread] DEBUG AssetLoader          - Loading from disk: /assets/textures/fxgl_icon.png
16:29:13.082 [JavaFX Application Thread] DEBUG MainWindow           - Opening main window
16:29:13.376 [JavaFX Application Thread] DEBUG MainWindow           - Window border size: (2.0, 31.0)
16:29:13.379 [JavaFX Application Thread] DEBUG MainWindow           - Scaled size: 800.0 x 600.0
16:29:13.380 [JavaFX Application Thread] DEBUG MainWindow           - Scaled ratio: (1.0, 1.0)
16:29:13.382 [JavaFX Application Thread] DEBUG MainWindow           - Scene size: 800.0 x 600.0
16:29:13.383 [JavaFX Application Thread] DEBUG MainWindow           - Stage size: 802.0 x 631.0
16:29:13.465 [ForkJoinPool.commonPool-worker-3] DEBUG FS                   - Loaded DesktopFSService
16:29:13.466 [ForkJoinPool.commonPool-worker-3] DEBUG FXGL                 - Loading FXGL system data
16:29:13.470 [ForkJoinPool.commonPool-worker-3] DEBUG DesktopFSService     - Reading from: system/fxgl.bundle
16:29:13.481 [ForkJoinPool.commonPool-worker-3] DEBUG Bundle               - Logging bundle: FXGL
16:29:13.482 [ForkJoinPool.commonPool-worker-3] DEBUG Bundle               - FXGL.offline.timer.version.check=2018-12-29T13:45:18.325397
16:29:13.486 [ForkJoinPool.commonPool-worker-3] DEBUG FXGL                 - Initializing state machine and application states
16:29:13.499 [ForkJoinPool.commonPool-worker-3] DEBUG AssetLoader          - Loading from disk: /assets/ui/cursors/fxgl_default.png
16:29:13.509 [ForkJoinPool.commonPool-worker-3] DEBUG AssetLoader          - Loading from disk: /assets/ui/cursors/fxgl_default.png
16:29:13.519 [ForkJoinPool.commonPool-worker-3] DEBUG AssetLoader          - Loading from cache: /assets/ui/fonts/VarelaRound-Regular.ttf
16:29:13.522 [ForkJoinPool.commonPool-worker-3] DEBUG AssetLoader          - Loading from disk: /assets/ui/cursors/fxgl_default.png
16:29:13.525 [ForkJoinPool.commonPool-worker-3] DEBUG GameScene            - Game scene initialized: 800x600
16:29:13.531 [ForkJoinPool.commonPool-worker-3] DEBUG GameWorld            - Game world initialized
16:29:13.576 [ForkJoinPool.commonPool-worker-3] DEBUG PhysicsWorld         - Physics world initialized: appHeight=600, physics.ppm=50.0
16:29:13.598 [ForkJoinPool.commonPool-worker-3] DEBUG Input                - Registered new binding: Pause - Esc
16:29:13.670 [JavaFX Application Thread] DEBUG FXGL                 - Running preInit()
16:29:13.672 [JavaFX Application Thread] DEBUG Input                - Registered new binding: Screenshot - P
16:29:13.673 [JavaFX Application Thread] DEBUG Input                - Registered new binding: Dev Options - CTRL+0
16:29:13.673 [JavaFX Application Thread] DEBUG Input                - Registered new binding: System info dump - CTRL+9
16:29:13.674 [JavaFX Application Thread] DEBUG Input                - Registered new binding: Restart - CTRL+R
16:29:13.675 [JavaFX Application Thread] INFO  FXGL                 - FXGL initialization took: 1.109 sec
16:29:13.675 [JavaFX Application Thread] DEBUG LoopRunner           - Starting loop
16:29:13.678 [JavaFX Application Thread] DEBUG StartupState         - STARTUP
16:29:13.678 [JavaFX Application Thread] DEBUG GameApplication      - Starting new game
16:29:13.679 [JavaFX Application Thread] DEBUG Input                - Clearing active input actions
16:29:13.680 [JavaFX Application Thread] DEBUG AssetLoader          - Loading from disk: /assets/ui/css/fxgl_dark.css
16:29:13.698 [JavaFX Application Thread] DEBUG AppStateMachine      - StartupState -> LoadingState
16:29:13.713 [FXGL Background Thread 1 ] DEBUG InitAppTask          - Clearing previous game
16:29:13.713 [FXGL Background Thread 1 ] DEBUG GameWorld            - Clearing game world
16:29:13.715 [FXGL Background Thread 1 ] DEBUG PhysicsWorld         - Clearing physics world
16:29:13.715 [FXGL Background Thread 1 ] DEBUG GameScene            - Clearing game scene
16:29:13.719 [FXGL Background Thread 1 ] DEBUG InitAppTask          - Initializing Game
16:29:13.737 [FXGL Background Thread 1 ] DEBUG InitAppTask          - Initializing Physics
16:29:13.738 [FXGL Background Thread 1 ] DEBUG InitAppTask          - Initializing UI
16:29:13.739 [FXGL Background Thread 1 ] DEBUG AssetLoader          - Loading from disk: /assets/ui/login.fxml
16:29:13.909 [FXGL Background Thread 1 ] DEBUG InitAppTask          - Initialization Complete
16:29:13.910 [FXGL Background Thread 1 ] INFO  InitAppTask          - Game initialization took: 0.197 sec
16:29:13.918 [JavaFX Application Thread] DEBUG Input                - Clearing active input actions
16:29:13.918 [JavaFX Application Thread] DEBUG AssetLoader          - Loading from disk: /assets/ui/css/fxgl_dark.css
16:29:13.938 [JavaFX Application Thread] DEBUG AppStateMachine      - LoadingState -> PlayState
16:30:18.709 [JavaFX Application Thread] DEBUG FXGL                 - Exiting FXGL
16:30:18.709 [JavaFX Application Thread] DEBUG FXGL                 - Shutting down background threads
16:30:18.710 [JavaFX Application Thread] DEBUG FXGL                 - Saving FXGL system data
16:30:18.712 [JavaFX Application Thread] DEBUG DesktopFSService     - Writing to: system/fxgl.bundle
16:30:18.716 [JavaFX Application Thread] DEBUG FXGL                 - Closing logger and exiting JavaFX
