13:56:26.181 [JavaFX Application Thread] DEBUG GameApplication      - Logger initialized
13:56:26.187 [JavaFX Application Thread] DEBUG MainWindow           - Creating a JavaFX scene
13:56:26.312 [JavaFX Application Thread] DEBUG MainWindow           - Target settings size: 1024.0 x 860.0
13:56:26.313 [JavaFX Application Thread] DEBUG MainWindow           - Scaled scene size:    1024.0 x 860.0
13:56:26.313 [JavaFX Application Thread] DEBUG MainWindow           - Scaled ratio: (1.0, 1.0)
13:56:26.319 [JavaFX Application Thread] DEBUG GameApplication      - Starting FXGL
13:56:26.323 [JavaFX Application Thread] INFO  FXGL                 - FXGL-0.5.3 on DESKTOP
13:56:26.323 [JavaFX Application Thread] INFO  FXGL                 - Source code and latest versions at: https://github.com/AlmasB/FXGL
13:56:26.323 [JavaFX Application Thread] INFO  FXGL                 -              Join the FXGL chat at: https://gitter.im/AlmasB/FXGL
13:56:26.329 [JavaFX Application Thread] DEBUG FS                   - Loaded DesktopFSService
13:56:26.330 [JavaFX Application Thread] DEBUG FXGL                 - Loading FXGL system data
13:56:26.335 [JavaFX Application Thread] DEBUG DesktopFSService     - Reading from: system/fxgl.bundle
13:56:26.343 [JavaFX Application Thread] DEBUG Bundle               - Logging bundle: FXGL
13:56:26.343 [JavaFX Application Thread] DEBUG Bundle               - FXGL.offline.timer.version.check=2019-01-23T12:24:56.214
13:56:26.369 [JavaFX Application Thread] DEBUG GameApplication      - FXGL started
13:56:26.369 [JavaFX Application Thread] DEBUG GameApplication      - Logging game settings
Title: Basic Game App
Version: 0.0
Width: 1024
Height: 860
Fullscreen: false
Intro: false
Menus: false
Profiling: false
Single step:false
App Mode: DEVELOPER
Menu Key: ESCAPE
Stage Style: DECORATED
Scene Factory: class com.almasb.fxgl.scene.SceneFactory
Dialog Factory: class com.almasb.fxgl.ui.FXGLDialogFactory
UI Factory: class com.almasb.fxgl.ui.FXGLUIFactory
Notification Service: class com.almasb.fxgl.gameplay.notification.XboxNotificationView
Exception Handler: class com.almasb.fxgl.app.FXGLExceptionHandler
13:56:26.370 [JavaFX Application Thread] DEBUG GameApplication      - Configuring GameApplication
13:56:26.370 [JavaFX Application Thread] DEBUG GameApplication      - Initializing state machine and application states
13:56:26.391 [JavaFX Application Thread] DEBUG AssetLoader          - Loading from disk: /assets/ui/cursors/fxgl_default.png
13:56:26.413 [JavaFX Application Thread] DEBUG AssetLoader          - Loading from disk: /assets/ui/cursors/fxgl_default.png
13:56:26.444 [JavaFX Application Thread] DEBUG FXGLAssets           - Loading FXGLAssets
13:56:26.468 [JavaFX Application Thread] DEBUG AssetLoader          - Loading from disk: /assets/ui/fonts/VarelaRound-Regular.ttf
13:56:26.480 [JavaFX Application Thread] DEBUG AssetLoader          - Loading from disk: /assets/ui/fonts/lucida_console.ttf
13:56:26.483 [JavaFX Application Thread] DEBUG AssetLoader          - Loading from disk: /assets/ui/fonts/Courier-Prime.ttf
13:56:26.485 [JavaFX Application Thread] DEBUG AssetLoader          - Loading from disk: /assets/ui/fonts/Abel-Regular.ttf
13:56:26.486 [JavaFX Application Thread] DEBUG AssetLoader          - Loading from disk: /assets/ui/css/fxgl_dark.css
13:56:26.517 [JavaFX Application Thread] DEBUG AssetLoader          - Loading from disk: /assets/ui/cursors/fxgl_default.png
13:56:26.550 [JavaFX Application Thread] DEBUG AssetLoader          - Loading from disk: /assets/ui/cursors/fxgl_default.png
13:56:26.574 [JavaFX Application Thread] DEBUG GameScene            - Game scene initialized: 1024x860
13:56:26.577 [JavaFX Application Thread] DEBUG GameWorld            - Game world initialized
13:56:26.615 [JavaFX Application Thread] DEBUG PhysicsWorld         - Physics world initialized: appHeight=860, physics.ppm=50.0
13:56:26.631 [JavaFX Application Thread] DEBUG Input                - Registered new binding: Pause - Esc
13:56:26.648 [JavaFX Application Thread] DEBUG Input                - Clearing active input actions
13:56:26.689 [JavaFX Application Thread] DEBUG AppStateMachine      - StartupState -> StartupState
13:56:26.692 [JavaFX Application Thread] INFO  GameApplication      - Game configuration took:  0.322 sec
13:56:26.694 [JavaFX Application Thread] DEBUG AssetLoader          - Loading from disk: /assets/textures/fxgl_icon.png
13:56:26.709 [JavaFX Application Thread] DEBUG MainWindow           - Opening main window
13:56:26.777 [JavaFX Application Thread] DEBUG MainWindow           - Window border size: (0.0, 0.0)
13:56:26.778 [JavaFX Application Thread] DEBUG MainWindow           - Scaled size: 1024.0 x 860.0
13:56:26.778 [JavaFX Application Thread] DEBUG MainWindow           - Scaled ratio: (1.0, 1.0)
13:56:26.778 [JavaFX Application Thread] DEBUG MainWindow           - Scene size: 1024.0 x 860.0
13:56:26.778 [JavaFX Application Thread] DEBUG MainWindow           - Stage size: 1024.0 x 860.0
13:56:26.778 [JavaFX Application Thread] DEBUG GameApplication      - Running preInit()
13:56:26.780 [JavaFX Application Thread] DEBUG Input                - Registered new binding: Screenshot - P
13:56:26.780 [JavaFX Application Thread] DEBUG Input                - Registered new binding: Dev Options - CTRL+0
13:56:26.781 [JavaFX Application Thread] DEBUG Input                - Registered new binding: System info dump - CTRL+9
13:56:26.781 [JavaFX Application Thread] DEBUG Input                - Registered new binding: Restart - CTRL+R
13:56:26.781 [JavaFX Application Thread] DEBUG Input                - Registered new binding: Up 1 - W
13:56:26.782 [JavaFX Application Thread] DEBUG Input                - Registered new binding: Down 1 - S
13:56:26.782 [JavaFX Application Thread] DEBUG Input                - Registered new binding: Right 1 - D
13:56:26.782 [JavaFX Application Thread] DEBUG Input                - Registered new binding: Left 1 - A
13:56:26.809 [JavaFX Application Thread] DEBUG GameApplication      - Starting main loop
13:56:26.818 [JavaFX Application Thread] DEBUG StartupState         - STARTUP
13:56:26.818 [JavaFX Application Thread] DEBUG GameApplication      - Starting new game
13:56:26.818 [JavaFX Application Thread] DEBUG Input                - Clearing active input actions
13:56:26.825 [JavaFX Application Thread] DEBUG AppStateMachine      - StartupState -> LoadingState
13:56:26.830 [FXGL Background Thread 1 ] DEBUG InitAppTask          - Clearing previous game
13:56:26.830 [FXGL Background Thread 1 ] DEBUG GameWorld            - Clearing game world
13:56:26.830 [FXGL Background Thread 1 ] DEBUG PhysicsWorld         - Clearing physics world
13:56:26.830 [FXGL Background Thread 1 ] DEBUG GameScene            - Clearing game scene
13:56:26.831 [FXGL Background Thread 1 ] DEBUG InitAppTask          - Initializing Game
13:56:26.836 [FXGL Background Thread 1 ] DEBUG InitAppTask          - Initializing Physics
13:56:26.836 [FXGL Background Thread 1 ] DEBUG InitAppTask          - Initializing UI
13:56:26.837 [FXGL Background Thread 1 ] DEBUG AssetLoader          - Loading from disk: /assets/ui/login.fxml
13:56:26.908 [FXGL Background Thread 1 ] DEBUG InitAppTask          - Initialization Complete
13:56:26.908 [FXGL Background Thread 1 ] INFO  InitAppTask          - Game initialization took: 0.078 sec
13:56:26.950 [JavaFX Application Thread] DEBUG Input                - Clearing active input actions
13:56:26.962 [JavaFX Application Thread] DEBUG AppStateMachine      - LoadingState -> PlayState
13:56:33.256 [JavaFX Application Thread] DEBUG AssetLoader          - Loading from disk: /assets/json/ult.json
13:56:33.456 [JavaFX Application Thread] DEBUG GameWorld            - Clearing removable entities
13:56:33.456 [JavaFX Application Thread] DEBUG GameWorld            - Setting level from map
13:56:33.472 [JavaFX Application Thread] DEBUG AssetLoader          - Loading from disk: /assets/textures/grass.png
13:56:33.497 [JavaFX Application Thread] DEBUG AssetLoader          - Loading from cache: /assets/textures/grass.png
13:56:33.498 [JavaFX Application Thread] DEBUG AssetLoader          - Loading from cache: /assets/textures/grass.png
13:56:33.498 [JavaFX Application Thread] DEBUG AssetLoader          - Loading from cache: /assets/textures/grass.png
13:56:33.498 [JavaFX Application Thread] DEBUG AssetLoader          - Loading from cache: /assets/textures/grass.png
13:56:33.498 [JavaFX Application Thread] DEBUG AssetLoader          - Loading from cache: /assets/textures/grass.png
13:56:33.498 [JavaFX Application Thread] DEBUG AssetLoader          - Loading from cache: /assets/textures/grass.png
13:56:33.498 [JavaFX Application Thread] DEBUG AssetLoader          - Loading from cache: /assets/textures/grass.png
13:56:33.499 [JavaFX Application Thread] DEBUG AssetLoader          - Loading from cache: /assets/textures/grass.png
13:56:33.499 [JavaFX Application Thread] DEBUG AssetLoader          - Loading from cache: /assets/textures/grass.png
13:56:33.499 [JavaFX Application Thread] DEBUG AssetLoader          - Loading from cache: /assets/textures/grass.png
13:56:33.499 [JavaFX Application Thread] DEBUG AssetLoader          - Loading from cache: /assets/textures/grass.png
13:56:33.499 [JavaFX Application Thread] DEBUG AssetLoader          - Loading from cache: /assets/textures/grass.png
13:56:33.499 [JavaFX Application Thread] DEBUG AssetLoader          - Loading from cache: /assets/textures/grass.png
13:56:33.500 [JavaFX Application Thread] DEBUG AssetLoader          - Loading from cache: /assets/textures/grass.png
13:56:33.500 [JavaFX Application Thread] DEBUG AssetLoader          - Loading from cache: /assets/textures/grass.png
13:56:33.500 [JavaFX Application Thread] DEBUG AssetLoader          - Loading from cache: /assets/textures/grass.png
13:56:33.500 [JavaFX Application Thread] DEBUG AssetLoader          - Loading from cache: /assets/textures/grass.png
13:56:33.500 [JavaFX Application Thread] DEBUG AssetLoader          - Loading from cache: /assets/textures/grass.png
13:56:33.500 [JavaFX Application Thread] DEBUG AssetLoader          - Loading from cache: /assets/textures/grass.png
13:56:33.500 [JavaFX Application Thread] DEBUG AssetLoader          - Loading from cache: /assets/textures/grass.png
13:56:33.500 [JavaFX Application Thread] DEBUG AssetLoader          - Loading from cache: /assets/textures/grass.png
13:56:33.501 [JavaFX Application Thread] DEBUG AssetLoader          - Loading from cache: /assets/textures/grass.png
13:56:33.501 [JavaFX Application Thread] DEBUG AssetLoader          - Loading from cache: /assets/textures/grass.png
13:56:33.501 [JavaFX Application Thread] DEBUG AssetLoader          - Loading from cache: /assets/textures/grass.png
13:56:33.501 [JavaFX Application Thread] DEBUG AssetLoader          - Loading from cache: /assets/textures/grass.png
13:56:33.501 [JavaFX Application Thread] DEBUG AssetLoader          - Loading from cache: /assets/textures/grass.png
13:56:33.501 [JavaFX Application Thread] DEBUG AssetLoader          - Loading from cache: /assets/textures/grass.png
13:56:33.501 [JavaFX Application Thread] DEBUG AssetLoader          - Loading from cache: /assets/textures/grass.png
13:56:33.502 [JavaFX Application Thread] DEBUG AssetLoader          - Loading from cache: /assets/textures/grass.png
13:56:33.502 [JavaFX Application Thread] DEBUG AssetLoader          - Loading from cache: /assets/textures/grass.png
13:56:33.502 [JavaFX Application Thread] DEBUG AssetLoader          - Loading from cache: /assets/textures/grass.png
13:56:33.502 [JavaFX Application Thread] DEBUG AssetLoader          - Loading from cache: /assets/textures/grass.png
13:56:33.502 [JavaFX Application Thread] DEBUG AssetLoader          - Loading from cache: /assets/textures/grass.png
13:56:33.502 [JavaFX Application Thread] DEBUG AssetLoader          - Loading from cache: /assets/textures/grass.png
13:56:33.502 [JavaFX Application Thread] DEBUG AssetLoader          - Loading from cache: /assets/textures/grass.png
13:56:33.503 [JavaFX Application Thread] DEBUG AssetLoader          - Loading from cache: /assets/textures/grass.png
13:56:33.503 [JavaFX Application Thread] DEBUG AssetLoader          - Loading from cache: /assets/textures/grass.png
13:56:33.503 [JavaFX Application Thread] DEBUG AssetLoader          - Loading from cache: /assets/textures/grass.png
13:56:33.503 [JavaFX Application Thread] DEBUG AssetLoader          - Loading from cache: /assets/textures/grass.png
13:56:33.503 [JavaFX Application Thread] DEBUG AssetLoader          - Loading from cache: /assets/textures/grass.png
13:56:33.503 [JavaFX Application Thread] DEBUG AssetLoader          - Loading from cache: /assets/textures/grass.png
13:56:33.503 [JavaFX Application Thread] DEBUG AssetLoader          - Loading from cache: /assets/textures/grass.png
13:56:33.504 [JavaFX Application Thread] DEBUG AssetLoader          - Loading from cache: /assets/textures/grass.png
13:56:33.504 [JavaFX Application Thread] DEBUG AssetLoader          - Loading from cache: /assets/textures/grass.png
13:56:33.504 [JavaFX Application Thread] DEBUG AssetLoader          - Loading from cache: /assets/textures/grass.png
13:56:33.504 [JavaFX Application Thread] DEBUG AssetLoader          - Loading from cache: /assets/textures/grass.png
13:56:33.504 [JavaFX Application Thread] DEBUG AssetLoader          - Loading from cache: /assets/textures/grass.png
13:56:33.504 [JavaFX Application Thread] DEBUG AssetLoader          - Loading from cache: /assets/textures/grass.png
13:56:33.505 [JavaFX Application Thread] DEBUG AssetLoader          - Loading from cache: /assets/textures/grass.png
13:56:33.505 [JavaFX Application Thread] DEBUG AssetLoader          - Loading from cache: /assets/textures/grass.png
13:56:33.505 [JavaFX Application Thread] DEBUG AssetLoader          - Loading from cache: /assets/textures/grass.png
13:56:33.505 [JavaFX Application Thread] DEBUG AssetLoader          - Loading from cache: /assets/textures/grass.png
13:56:33.505 [JavaFX Application Thread] DEBUG AssetLoader          - Loading from cache: /assets/textures/grass.png
13:56:33.505 [JavaFX Application Thread] DEBUG AssetLoader          - Loading from cache: /assets/textures/grass.png
13:56:33.505 [JavaFX Application Thread] DEBUG AssetLoader          - Loading from cache: /assets/textures/grass.png
13:56:33.505 [JavaFX Application Thread] DEBUG AssetLoader          - Loading from cache: /assets/textures/grass.png
13:56:33.506 [JavaFX Application Thread] DEBUG AssetLoader          - Loading from cache: /assets/textures/grass.png
13:56:33.506 [JavaFX Application Thread] DEBUG AssetLoader          - Loading from cache: /assets/textures/grass.png
13:56:33.506 [JavaFX Application Thread] DEBUG AssetLoader          - Loading from cache: /assets/textures/grass.png
13:56:33.506 [JavaFX Application Thread] DEBUG AssetLoader          - Loading from cache: /assets/textures/grass.png
13:56:33.506 [JavaFX Application Thread] DEBUG AssetLoader          - Loading from cache: /assets/textures/grass.png
13:56:33.506 [JavaFX Application Thread] DEBUG AssetLoader          - Loading from cache: /assets/textures/grass.png
13:56:33.506 [JavaFX Application Thread] DEBUG AssetLoader          - Loading from cache: /assets/textures/grass.png
13:56:33.507 [JavaFX Application Thread] DEBUG AssetLoader          - Loading from cache: /assets/textures/grass.png
13:56:33.507 [JavaFX Application Thread] DEBUG AssetLoader          - Loading from cache: /assets/textures/grass.png
13:56:33.507 [JavaFX Application Thread] DEBUG AssetLoader          - Loading from cache: /assets/textures/grass.png
13:56:33.507 [JavaFX Application Thread] DEBUG AssetLoader          - Loading from disk: /assets/textures/grass-obj.png
13:56:33.515 [JavaFX Application Thread] DEBUG AssetLoader          - Loading from cache: /assets/textures/grass-obj.png
13:56:33.515 [JavaFX Application Thread] DEBUG AssetLoader          - Loading from cache: /assets/textures/grass.png
13:56:33.515 [JavaFX Application Thread] DEBUG AssetLoader          - Loading from cache: /assets/textures/grass.png
13:56:33.515 [JavaFX Application Thread] DEBUG AssetLoader          - Loading from cache: /assets/textures/grass.png
13:56:33.515 [JavaFX Application Thread] DEBUG AssetLoader          - Loading from cache: /assets/textures/grass.png
13:56:33.515 [JavaFX Application Thread] DEBUG AssetLoader          - Loading from cache: /assets/textures/grass.png
13:56:33.515 [JavaFX Application Thread] DEBUG AssetLoader          - Loading from cache: /assets/textures/grass.png
13:56:33.515 [JavaFX Application Thread] DEBUG AssetLoader          - Loading from cache: /assets/textures/grass.png
13:56:33.515 [JavaFX Application Thread] DEBUG AssetLoader          - Loading from cache: /assets/textures/grass.png
13:56:33.516 [JavaFX Application Thread] DEBUG AssetLoader          - Loading from cache: /assets/textures/grass.png
13:56:33.516 [JavaFX Application Thread] DEBUG AssetLoader          - Loading from cache: /assets/textures/grass.png
13:56:33.516 [JavaFX Application Thread] DEBUG AssetLoader          - Loading from cache: /assets/textures/grass.png
13:56:33.516 [JavaFX Application Thread] DEBUG AssetLoader          - Loading from cache: /assets/textures/grass.png
13:56:33.516 [JavaFX Application Thread] DEBUG AssetLoader          - Loading from cache: /assets/textures/grass.png
13:56:33.516 [JavaFX Application Thread] DEBUG AssetLoader          - Loading from cache: /assets/textures/grass.png
13:56:33.516 [JavaFX Application Thread] DEBUG AssetLoader          - Loading from cache: /assets/textures/grass.png
13:56:33.516 [JavaFX Application Thread] DEBUG AssetLoader          - Loading from cache: /assets/textures/grass.png
13:56:33.516 [JavaFX Application Thread] DEBUG AssetLoader          - Loading from cache: /assets/textures/grass.png
13:56:33.517 [JavaFX Application Thread] DEBUG AssetLoader          - Loading from cache: /assets/textures/grass.png
13:56:33.517 [JavaFX Application Thread] DEBUG AssetLoader          - Loading from cache: /assets/textures/grass-obj.png
13:56:33.517 [JavaFX Application Thread] DEBUG AssetLoader          - Loading from cache: /assets/textures/grass-obj.png
13:56:33.517 [JavaFX Application Thread] DEBUG AssetLoader          - Loading from cache: /assets/textures/grass.png
13:56:33.517 [JavaFX Application Thread] DEBUG AssetLoader          - Loading from cache: /assets/textures/grass.png
13:56:33.517 [JavaFX Application Thread] DEBUG AssetLoader          - Loading from cache: /assets/textures/grass.png
13:56:33.517 [JavaFX Application Thread] DEBUG AssetLoader          - Loading from cache: /assets/textures/grass.png
13:56:33.517 [JavaFX Application Thread] DEBUG AssetLoader          - Loading from cache: /assets/textures/grass.png
13:56:33.517 [JavaFX Application Thread] DEBUG AssetLoader          - Loading from cache: /assets/textures/grass.png
13:56:33.518 [JavaFX Application Thread] DEBUG AssetLoader          - Loading from cache: /assets/textures/grass.png
13:56:33.518 [JavaFX Application Thread] DEBUG AssetLoader          - Loading from cache: /assets/textures/grass.png
13:56:33.518 [JavaFX Application Thread] DEBUG AssetLoader          - Loading from cache: /assets/textures/grass.png
13:56:33.518 [JavaFX Application Thread] DEBUG AssetLoader          - Loading from cache: /assets/textures/grass.png
13:56:33.518 [JavaFX Application Thread] DEBUG AssetLoader          - Loading from cache: /assets/textures/grass.png
13:56:33.518 [JavaFX Application Thread] DEBUG AssetLoader          - Loading from cache: /assets/textures/grass.png
13:56:33.518 [JavaFX Application Thread] DEBUG AssetLoader          - Loading from cache: /assets/textures/grass.png
13:56:33.518 [JavaFX Application Thread] DEBUG AssetLoader          - Loading from cache: /assets/textures/grass.png
13:56:33.519 [JavaFX Application Thread] DEBUG AssetLoader          - Loading from cache: /assets/textures/grass.png
13:56:33.519 [JavaFX Application Thread] DEBUG AssetLoader          - Loading from cache: /assets/textures/grass.png
13:56:33.519 [JavaFX Application Thread] DEBUG AssetLoader          - Loading from cache: /assets/textures/grass.png
13:56:33.519 [JavaFX Application Thread] DEBUG AssetLoader          - Loading from cache: /assets/textures/grass.png
13:56:33.519 [JavaFX Application Thread] DEBUG AssetLoader          - Loading from cache: /assets/textures/grass.png
13:56:33.519 [JavaFX Application Thread] DEBUG AssetLoader          - Loading from cache: /assets/textures/grass.png
13:56:33.519 [JavaFX Application Thread] DEBUG AssetLoader          - Loading from cache: /assets/textures/grass.png
13:56:33.519 [JavaFX Application Thread] DEBUG AssetLoader          - Loading from cache: /assets/textures/grass.png
13:56:33.519 [JavaFX Application Thread] DEBUG AssetLoader          - Loading from cache: /assets/textures/grass.png
13:56:33.520 [JavaFX Application Thread] DEBUG AssetLoader          - Loading from cache: /assets/textures/grass.png
13:56:33.520 [JavaFX Application Thread] DEBUG AssetLoader          - Loading from cache: /assets/textures/grass.png
13:56:33.520 [JavaFX Application Thread] DEBUG AssetLoader          - Loading from cache: /assets/textures/grass.png
13:56:33.520 [JavaFX Application Thread] DEBUG AssetLoader          - Loading from cache: /assets/textures/grass.png
13:56:33.520 [JavaFX Application Thread] DEBUG AssetLoader          - Loading from cache: /assets/textures/grass.png
13:56:33.520 [JavaFX Application Thread] DEBUG AssetLoader          - Loading from cache: /assets/textures/grass.png
13:56:33.520 [JavaFX Application Thread] DEBUG AssetLoader          - Loading from cache: /assets/textures/grass.png
13:56:33.520 [JavaFX Application Thread] DEBUG AssetLoader          - Loading from cache: /assets/textures/grass.png
13:56:33.520 [JavaFX Application Thread] DEBUG AssetLoader          - Loading from cache: /assets/textures/grass.png
13:56:33.521 [JavaFX Application Thread] DEBUG AssetLoader          - Loading from cache: /assets/textures/grass.png
13:56:33.521 [JavaFX Application Thread] DEBUG AssetLoader          - Loading from cache: /assets/textures/grass.png
13:56:33.521 [JavaFX Application Thread] DEBUG AssetLoader          - Loading from cache: /assets/textures/grass.png
13:56:33.521 [JavaFX Application Thread] DEBUG AssetLoader          - Loading from cache: /assets/textures/grass.png
13:56:33.521 [JavaFX Application Thread] DEBUG AssetLoader          - Loading from cache: /assets/textures/grass.png
13:56:33.521 [JavaFX Application Thread] DEBUG AssetLoader          - Loading from cache: /assets/textures/grass.png
13:56:33.521 [JavaFX Application Thread] DEBUG AssetLoader          - Loading from cache: /assets/textures/grass.png
13:56:33.522 [JavaFX Application Thread] DEBUG AssetLoader          - Loading from cache: /assets/textures/grass.png
13:56:33.522 [JavaFX Application Thread] DEBUG AssetLoader          - Loading from cache: /assets/textures/grass.png
13:56:33.522 [JavaFX Application Thread] DEBUG AssetLoader          - Loading from cache: /assets/textures/grass.png
13:56:33.522 [JavaFX Application Thread] DEBUG AssetLoader          - Loading from cache: /assets/textures/grass.png
13:56:33.522 [JavaFX Application Thread] DEBUG AssetLoader          - Loading from cache: /assets/textures/grass.png
13:56:33.522 [JavaFX Application Thread] DEBUG AssetLoader          - Loading from cache: /assets/textures/grass.png
13:56:33.522 [JavaFX Application Thread] DEBUG AssetLoader          - Loading from cache: /assets/textures/grass.png
13:56:33.522 [JavaFX Application Thread] DEBUG AssetLoader          - Loading from cache: /assets/textures/grass.png
13:56:33.522 [JavaFX Application Thread] DEBUG AssetLoader          - Loading from cache: /assets/textures/grass.png
13:56:33.522 [JavaFX Application Thread] DEBUG AssetLoader          - Loading from cache: /assets/textures/grass.png
13:56:33.523 [JavaFX Application Thread] DEBUG AssetLoader          - Loading from cache: /assets/textures/grass.png
13:56:33.523 [JavaFX Application Thread] DEBUG AssetLoader          - Loading from cache: /assets/textures/grass.png
13:56:33.523 [JavaFX Application Thread] DEBUG AssetLoader          - Loading from cache: /assets/textures/grass.png
13:56:33.523 [JavaFX Application Thread] DEBUG AssetLoader          - Loading from cache: /assets/textures/grass.png
13:56:33.523 [JavaFX Application Thread] DEBUG AssetLoader          - Loading from cache: /assets/textures/grass.png
13:56:33.523 [JavaFX Application Thread] DEBUG AssetLoader          - Loading from cache: /assets/textures/grass.png
13:56:33.523 [JavaFX Application Thread] DEBUG AssetLoader          - Loading from cache: /assets/textures/grass.png
13:56:33.523 [JavaFX Application Thread] DEBUG AssetLoader          - Loading from cache: /assets/textures/grass.png
13:56:33.523 [JavaFX Application Thread] DEBUG AssetLoader          - Loading from cache: /assets/textures/grass.png
13:56:33.524 [JavaFX Application Thread] DEBUG AssetLoader          - Loading from cache: /assets/textures/grass.png
13:56:33.524 [JavaFX Application Thread] DEBUG AssetLoader          - Loading from cache: /assets/textures/grass.png
13:56:33.524 [JavaFX Application Thread] DEBUG AssetLoader          - Loading from cache: /assets/textures/grass.png
13:56:33.524 [JavaFX Application Thread] DEBUG AssetLoader          - Loading from cache: /assets/textures/grass.png
13:56:33.524 [JavaFX Application Thread] DEBUG AssetLoader          - Loading from cache: /assets/textures/grass.png
13:56:33.524 [JavaFX Application Thread] DEBUG AssetLoader          - Loading from cache: /assets/textures/grass.png
13:56:33.524 [JavaFX Application Thread] DEBUG AssetLoader          - Loading from cache: /assets/textures/grass.png
13:56:33.524 [JavaFX Application Thread] DEBUG AssetLoader          - Loading from cache: /assets/textures/grass.png
13:56:33.524 [JavaFX Application Thread] DEBUG AssetLoader          - Loading from cache: /assets/textures/grass.png
13:56:33.525 [JavaFX Application Thread] DEBUG AssetLoader          - Loading from cache: /assets/textures/grass.png
13:56:33.525 [JavaFX Application Thread] DEBUG AssetLoader          - Loading from cache: /assets/textures/grass.png
13:56:33.525 [JavaFX Application Thread] DEBUG AssetLoader          - Loading from cache: /assets/textures/grass.png
13:56:33.525 [JavaFX Application Thread] DEBUG AssetLoader          - Loading from cache: /assets/textures/grass.png
13:56:33.525 [JavaFX Application Thread] DEBUG AssetLoader          - Loading from cache: /assets/textures/grass.png
13:56:33.525 [JavaFX Application Thread] DEBUG AssetLoader          - Loading from cache: /assets/textures/grass.png
13:56:33.525 [JavaFX Application Thread] DEBUG AssetLoader          - Loading from cache: /assets/textures/grass.png
13:56:33.525 [JavaFX Application Thread] DEBUG AssetLoader          - Loading from cache: /assets/textures/grass.png
13:56:33.525 [JavaFX Application Thread] DEBUG AssetLoader          - Loading from cache: /assets/textures/grass.png
13:56:33.526 [JavaFX Application Thread] DEBUG AssetLoader          - Loading from cache: /assets/textures/grass.png
13:56:33.526 [JavaFX Application Thread] DEBUG AssetLoader          - Loading from cache: /assets/textures/grass.png
13:56:33.526 [JavaFX Application Thread] DEBUG AssetLoader          - Loading from cache: /assets/textures/grass.png
13:56:33.526 [JavaFX Application Thread] DEBUG AssetLoader          - Loading from cache: /assets/textures/grass.png
13:56:33.526 [JavaFX Application Thread] DEBUG AssetLoader          - Loading from cache: /assets/textures/grass.png
13:56:33.526 [JavaFX Application Thread] DEBUG AssetLoader          - Loading from cache: /assets/textures/grass.png
13:56:33.526 [JavaFX Application Thread] DEBUG AssetLoader          - Loading from cache: /assets/textures/grass.png
13:56:33.526 [JavaFX Application Thread] DEBUG AssetLoader          - Loading from cache: /assets/textures/grass.png
13:56:33.526 [JavaFX Application Thread] DEBUG AssetLoader          - Loading from cache: /assets/textures/grass.png
13:56:33.527 [JavaFX Application Thread] DEBUG AssetLoader          - Loading from cache: /assets/textures/grass.png
13:56:33.527 [JavaFX Application Thread] DEBUG AssetLoader          - Loading from cache: /assets/textures/grass.png
13:56:33.527 [JavaFX Application Thread] DEBUG AssetLoader          - Loading from cache: /assets/textures/grass.png
13:56:33.527 [JavaFX Application Thread] DEBUG AssetLoader          - Loading from cache: /assets/textures/grass.png
13:56:33.527 [JavaFX Application Thread] DEBUG AssetLoader          - Loading from cache: /assets/textures/grass.png
13:56:33.527 [JavaFX Application Thread] DEBUG AssetLoader          - Loading from cache: /assets/textures/grass.png
13:56:33.527 [JavaFX Application Thread] DEBUG AssetLoader          - Loading from cache: /assets/textures/grass.png
13:56:33.527 [JavaFX Application Thread] DEBUG AssetLoader          - Loading from cache: /assets/textures/grass.png
13:56:33.527 [JavaFX Application Thread] DEBUG AssetLoader          - Loading from cache: /assets/textures/grass.png
13:56:33.528 [JavaFX Application Thread] DEBUG AssetLoader          - Loading from cache: /assets/textures/grass.png
13:56:33.528 [JavaFX Application Thread] DEBUG AssetLoader          - Loading from cache: /assets/textures/grass.png
13:56:33.528 [JavaFX Application Thread] DEBUG AssetLoader          - Loading from cache: /assets/textures/grass.png
13:56:33.528 [JavaFX Application Thread] DEBUG AssetLoader          - Loading from cache: /assets/textures/grass.png
13:56:33.528 [JavaFX Application Thread] DEBUG AssetLoader          - Loading from cache: /assets/textures/grass.png
13:56:33.528 [JavaFX Application Thread] DEBUG AssetLoader          - Loading from cache: /assets/textures/grass.png
13:56:33.528 [JavaFX Application Thread] DEBUG AssetLoader          - Loading from cache: /assets/textures/grass.png
13:56:33.528 [JavaFX Application Thread] DEBUG AssetLoader          - Loading from cache: /assets/textures/grass.png
13:56:33.528 [JavaFX Application Thread] DEBUG AssetLoader          - Loading from cache: /assets/textures/grass.png
13:56:33.529 [JavaFX Application Thread] DEBUG AssetLoader          - Loading from cache: /assets/textures/grass.png
13:56:33.529 [JavaFX Application Thread] DEBUG AssetLoader          - Loading from cache: /assets/textures/grass.png
13:56:33.529 [JavaFX Application Thread] DEBUG AssetLoader          - Loading from cache: /assets/textures/grass.png
13:56:33.529 [JavaFX Application Thread] DEBUG AssetLoader          - Loading from cache: /assets/textures/grass.png
13:56:33.529 [JavaFX Application Thread] DEBUG AssetLoader          - Loading from cache: /assets/textures/grass.png
13:56:33.529 [JavaFX Application Thread] DEBUG AssetLoader          - Loading from cache: /assets/textures/grass.png
13:56:33.529 [JavaFX Application Thread] DEBUG AssetLoader          - Loading from cache: /assets/textures/grass.png
13:56:33.529 [JavaFX Application Thread] DEBUG AssetLoader          - Loading from cache: /assets/textures/grass.png
13:56:33.529 [JavaFX Application Thread] DEBUG AssetLoader          - Loading from cache: /assets/textures/grass.png
13:56:33.529 [JavaFX Application Thread] DEBUG AssetLoader          - Loading from cache: /assets/textures/grass.png
13:56:33.530 [JavaFX Application Thread] DEBUG AssetLoader          - Loading from cache: /assets/textures/grass.png
13:56:33.530 [JavaFX Application Thread] DEBUG AssetLoader          - Loading from cache: /assets/textures/grass.png
13:56:33.530 [JavaFX Application Thread] DEBUG AssetLoader          - Loading from cache: /assets/textures/grass.png
13:56:33.530 [JavaFX Application Thread] DEBUG AssetLoader          - Loading from cache: /assets/textures/grass.png
13:56:33.530 [JavaFX Application Thread] DEBUG AssetLoader          - Loading from cache: /assets/textures/grass.png
13:56:33.530 [JavaFX Application Thread] DEBUG AssetLoader          - Loading from cache: /assets/textures/grass.png
13:56:33.530 [JavaFX Application Thread] DEBUG AssetLoader          - Loading from cache: /assets/textures/grass.png
13:56:33.530 [JavaFX Application Thread] DEBUG AssetLoader          - Loading from cache: /assets/textures/grass.png
13:56:33.530 [JavaFX Application Thread] DEBUG AssetLoader          - Loading from cache: /assets/textures/grass.png
13:56:33.531 [JavaFX Application Thread] DEBUG AssetLoader          - Loading from cache: /assets/textures/grass.png
13:56:33.531 [JavaFX Application Thread] DEBUG AssetLoader          - Loading from cache: /assets/textures/grass.png
13:56:33.531 [JavaFX Application Thread] DEBUG AssetLoader          - Loading from cache: /assets/textures/grass.png
13:56:33.531 [JavaFX Application Thread] DEBUG AssetLoader          - Loading from cache: /assets/textures/grass.png
13:56:33.531 [JavaFX Application Thread] DEBUG AssetLoader          - Loading from cache: /assets/textures/grass.png
13:56:33.531 [JavaFX Application Thread] DEBUG AssetLoader          - Loading from cache: /assets/textures/grass.png
13:56:33.531 [JavaFX Application Thread] DEBUG AssetLoader          - Loading from cache: /assets/textures/grass.png
13:56:33.531 [JavaFX Application Thread] DEBUG AssetLoader          - Loading from cache: /assets/textures/grass.png
13:56:33.531 [JavaFX Application Thread] DEBUG AssetLoader          - Loading from cache: /assets/textures/grass.png
13:56:33.533 [JavaFX Application Thread] DEBUG GameScene            - Creating render group for layer: BACKGROUND(1000)
13:56:33.582 [JavaFX Application Thread] DEBUG GameScene            - Creating render group for layer: DEFAULT(100000)
13:57:05.558 [JavaFX Application Thread] FATAL GameApplication      - Uncaught Exception:

Fatal exception occurred: java.lang.NullPointerException : null
E: client.Screen.onUpdate(Screen.java:214)
E: com.almasb.fxgl.app.PlayState.onUpdate(AppStates.kt:240)
E: com.almasb.fxgl.app.State.update(State.java:73)
E: com.almasb.fxgl.app.AppStateMachine.onUpdate(AppStateMachine.java:100)
E: com.almasb.fxgl.app.GameApplication.stepLoop(GameApplication.java:382)
E: com.almasb.fxgl.app.GameApplication$2.handle(GameApplication.java:348)
E: javafx.animation.AnimationTimer$AnimationTimerReceiver.lambda$handle$0(AnimationTimer.java:57)
E: java.security.AccessController.doPrivileged(Native Method)
E: javafx.animation.AnimationTimer$AnimationTimerReceiver.handle(AnimationTimer.java:56)
E: com.sun.scenario.animation.AbstractMasterTimer.timePulseImpl(AbstractMasterTimer.java:357)
E: com.sun.scenario.animation.AbstractMasterTimer$MainLoop.run(AbstractMasterTimer.java:267)
E: com.sun.javafx.tk.quantum.QuantumToolkit.pulse(QuantumToolkit.java:514)
E: com.sun.javafx.tk.quantum.QuantumToolkit.pulse(QuantumToolkit.java:498)
E: com.sun.javafx.tk.quantum.QuantumToolkit.pulseFromQueue(QuantumToolkit.java:491)
E: com.sun.javafx.tk.quantum.QuantumToolkit.lambda$runToolkit$11(QuantumToolkit.java:319)
E: com.sun.glass.ui.InvokeLaterDispatcher$Future.run(InvokeLaterDispatcher.java:95)
E: com.sun.glass.ui.gtk.GtkApplication._runLoop(Native Method)
E: com.sun.glass.ui.gtk.GtkApplication.lambda$null$5(GtkApplication.java:139)
E: java.lang.Thread.run(Thread.java:748)

13:57:05.558 [JavaFX Application Thread] FATAL GameApplication      - Application will now exit
13:57:05.559 [JavaFX Application Thread] DEBUG GameApplication      - Stopping main loop
13:57:08.795 [JavaFX Application Thread] DEBUG GameApplication      - Exiting game application
13:57:08.796 [JavaFX Application Thread] DEBUG GameApplication      - Shutting down background threads
13:57:08.796 [JavaFX Application Thread] DEBUG GameApplication      - Exiting FXGL
13:57:08.796 [JavaFX Application Thread] DEBUG FXGL                 - Saving FXGL system data
13:57:08.798 [JavaFX Application Thread] DEBUG DesktopFSService     - Writing to: system/fxgl.bundle
13:57:08.801 [JavaFX Application Thread] DEBUG GameApplication      - Closing logger and exiting JavaFX
