14:48:22.818 [JavaFX Application Thread] DEBUG GameApplication      - Logger initialized
14:48:22.824 [JavaFX Application Thread] DEBUG MainWindow           - Creating a JavaFX scene
14:48:22.958 [JavaFX Application Thread] DEBUG MainWindow           - Target settings size: 1024.0 x 860.0
14:48:22.959 [JavaFX Application Thread] DEBUG MainWindow           - Scaled scene size:    1024.0 x 860.0
14:48:22.959 [JavaFX Application Thread] DEBUG MainWindow           - Scaled ratio: (1.0, 1.0)
14:48:22.965 [JavaFX Application Thread] DEBUG GameApplication      - Starting FXGL
14:48:22.970 [JavaFX Application Thread] INFO  FXGL                 - FXGL-0.5.3 on DESKTOP
14:48:22.971 [JavaFX Application Thread] INFO  FXGL                 - Source code and latest versions at: https://github.com/AlmasB/FXGL
14:48:22.971 [JavaFX Application Thread] INFO  FXGL                 -              Join the FXGL chat at: https://gitter.im/AlmasB/FXGL
14:48:22.977 [JavaFX Application Thread] DEBUG FS                   - Loaded DesktopFSService
14:48:22.978 [JavaFX Application Thread] DEBUG FXGL                 - Loading FXGL system data
14:48:22.983 [JavaFX Application Thread] DEBUG DesktopFSService     - Reading from: system/fxgl.bundle
14:48:22.992 [JavaFX Application Thread] DEBUG Bundle               - Logging bundle: FXGL
14:48:22.993 [JavaFX Application Thread] DEBUG Bundle               - FXGL.offline.timer.version.check=2019-01-23T12:24:56.214
14:48:23.022 [JavaFX Application Thread] DEBUG GameApplication      - FXGL started
14:48:23.022 [JavaFX Application Thread] DEBUG GameApplication      - Logging game settings
Title: Basic Game App
Version: 0.0
Width: 1024
Height: 860
Fullscreen: false
Intro: false
Menus: false
Profiling: false
Single step:false
App Mode: DEVELOPER
Menu Key: ESCAPE
Stage Style: DECORATED
Scene Factory: class com.almasb.fxgl.scene.SceneFactory
Dialog Factory: class com.almasb.fxgl.ui.FXGLDialogFactory
UI Factory: class com.almasb.fxgl.ui.FXGLUIFactory
Notification Service: class com.almasb.fxgl.gameplay.notification.XboxNotificationView
Exception Handler: class com.almasb.fxgl.app.FXGLExceptionHandler
14:48:23.023 [JavaFX Application Thread] DEBUG GameApplication      - Configuring GameApplication
14:48:23.024 [JavaFX Application Thread] DEBUG GameApplication      - Initializing state machine and application states
14:48:23.037 [JavaFX Application Thread] DEBUG AssetLoader          - Loading from disk: /assets/ui/cursors/fxgl_default.png
14:48:23.067 [JavaFX Application Thread] DEBUG AssetLoader          - Loading from disk: /assets/ui/cursors/fxgl_default.png
14:48:23.098 [JavaFX Application Thread] DEBUG FXGLAssets           - Loading FXGLAssets
14:48:23.123 [JavaFX Application Thread] DEBUG AssetLoader          - Loading from disk: /assets/ui/fonts/VarelaRound-Regular.ttf
14:48:23.135 [JavaFX Application Thread] DEBUG AssetLoader          - Loading from disk: /assets/ui/fonts/lucida_console.ttf
14:48:23.137 [JavaFX Application Thread] DEBUG AssetLoader          - Loading from disk: /assets/ui/fonts/Courier-Prime.ttf
14:48:23.139 [JavaFX Application Thread] DEBUG AssetLoader          - Loading from disk: /assets/ui/fonts/Abel-Regular.ttf
14:48:23.141 [JavaFX Application Thread] DEBUG AssetLoader          - Loading from disk: /assets/ui/css/fxgl_dark.css
14:48:23.171 [JavaFX Application Thread] DEBUG AssetLoader          - Loading from disk: /assets/ui/cursors/fxgl_default.png
14:48:23.206 [JavaFX Application Thread] DEBUG AssetLoader          - Loading from disk: /assets/ui/cursors/fxgl_default.png
14:48:23.228 [JavaFX Application Thread] DEBUG GameScene            - Game scene initialized: 1024x860
14:48:23.232 [JavaFX Application Thread] DEBUG GameWorld            - Game world initialized
14:48:23.271 [JavaFX Application Thread] DEBUG PhysicsWorld         - Physics world initialized: appHeight=860, physics.ppm=50.0
14:48:23.287 [JavaFX Application Thread] DEBUG Input                - Registered new binding: Pause - Esc
14:48:23.304 [JavaFX Application Thread] DEBUG Input                - Clearing active input actions
14:48:23.345 [JavaFX Application Thread] DEBUG AppStateMachine      - StartupState -> StartupState
14:48:23.349 [JavaFX Application Thread] INFO  GameApplication      - Game configuration took:  0.325 sec
14:48:23.350 [JavaFX Application Thread] DEBUG AssetLoader          - Loading from disk: /assets/textures/fxgl_icon.png
14:48:23.367 [JavaFX Application Thread] DEBUG MainWindow           - Opening main window
14:48:23.437 [JavaFX Application Thread] DEBUG MainWindow           - Window border size: (0.0, 0.0)
14:48:23.437 [JavaFX Application Thread] DEBUG MainWindow           - Scaled size: 1024.0 x 860.0
14:48:23.437 [JavaFX Application Thread] DEBUG MainWindow           - Scaled ratio: (1.0, 1.0)
14:48:23.438 [JavaFX Application Thread] DEBUG MainWindow           - Scene size: 1024.0 x 860.0
14:48:23.438 [JavaFX Application Thread] DEBUG MainWindow           - Stage size: 1024.0 x 860.0
14:48:23.438 [JavaFX Application Thread] DEBUG GameApplication      - Running preInit()
14:48:23.440 [JavaFX Application Thread] DEBUG Input                - Registered new binding: Screenshot - P
14:48:23.440 [JavaFX Application Thread] DEBUG Input                - Registered new binding: Dev Options - CTRL+0
14:48:23.441 [JavaFX Application Thread] DEBUG Input                - Registered new binding: System info dump - CTRL+9
14:48:23.441 [JavaFX Application Thread] DEBUG Input                - Registered new binding: Restart - CTRL+R
14:48:23.442 [JavaFX Application Thread] DEBUG Input                - Registered new binding: Up 1 - W
14:48:23.442 [JavaFX Application Thread] DEBUG Input                - Registered new binding: Down 1 - S
14:48:23.442 [JavaFX Application Thread] DEBUG Input                - Registered new binding: Right 1 - D
14:48:23.442 [JavaFX Application Thread] DEBUG Input                - Registered new binding: Left 1 - A
14:48:23.474 [JavaFX Application Thread] DEBUG GameApplication      - Starting main loop
14:48:23.491 [JavaFX Application Thread] DEBUG StartupState         - STARTUP
14:48:23.491 [JavaFX Application Thread] DEBUG GameApplication      - Starting new game
14:48:23.491 [JavaFX Application Thread] DEBUG Input                - Clearing active input actions
14:48:23.498 [JavaFX Application Thread] DEBUG AppStateMachine      - StartupState -> LoadingState
14:48:23.503 [FXGL Background Thread 1 ] DEBUG InitAppTask          - Clearing previous game
14:48:23.503 [FXGL Background Thread 1 ] DEBUG GameWorld            - Clearing game world
14:48:23.503 [FXGL Background Thread 1 ] DEBUG PhysicsWorld         - Clearing physics world
14:48:23.503 [FXGL Background Thread 1 ] DEBUG GameScene            - Clearing game scene
14:48:23.505 [FXGL Background Thread 1 ] DEBUG InitAppTask          - Initializing Game
14:48:23.509 [FXGL Background Thread 1 ] DEBUG InitAppTask          - Initializing Physics
14:48:23.509 [FXGL Background Thread 1 ] DEBUG InitAppTask          - Initializing UI
14:48:23.510 [FXGL Background Thread 1 ] DEBUG AssetLoader          - Loading from disk: /assets/ui/login.fxml
14:48:23.582 [FXGL Background Thread 1 ] DEBUG InitAppTask          - Initialization Complete
14:48:23.582 [FXGL Background Thread 1 ] INFO  InitAppTask          - Game initialization took: 0.079 sec
14:48:23.623 [JavaFX Application Thread] DEBUG Input                - Clearing active input actions
14:48:23.634 [JavaFX Application Thread] DEBUG AppStateMachine      - LoadingState -> PlayState
14:48:24.859 [JavaFX Application Thread] DEBUG GameApplication      - Exiting game application
14:48:24.860 [JavaFX Application Thread] DEBUG GameApplication      - Shutting down background threads
14:48:24.861 [JavaFX Application Thread] DEBUG GameApplication      - Exiting FXGL
14:48:24.861 [JavaFX Application Thread] DEBUG FXGL                 - Saving FXGL system data
14:48:24.862 [JavaFX Application Thread] DEBUG DesktopFSService     - Writing to: system/fxgl.bundle
14:48:24.865 [JavaFX Application Thread] DEBUG GameApplication      - Closing logger and exiting JavaFX
