13:01:02.715 [JavaFX Application Thread] DEBUG GameApplication      - Logger initialized
13:01:02.723 [JavaFX Application Thread] DEBUG MainWindow           - Creating a JavaFX scene
13:01:02.861 [JavaFX Application Thread] DEBUG MainWindow           - Target settings size: 860.0 x 600.0
13:01:02.861 [JavaFX Application Thread] DEBUG MainWindow           - Scaled scene size:    860.0 x 600.0
13:01:02.861 [JavaFX Application Thread] DEBUG MainWindow           - Scaled ratio: (1.0, 1.0)
13:01:02.867 [JavaFX Application Thread] DEBUG GameApplication      - Starting FXGL
13:01:02.871 [JavaFX Application Thread] INFO  FXGL                 - FXGL-0.5.3 on DESKTOP
13:01:02.872 [JavaFX Application Thread] INFO  FXGL                 - Source code and latest versions at: https://github.com/AlmasB/FXGL
13:01:02.872 [JavaFX Application Thread] INFO  FXGL                 -              Join the FXGL chat at: https://gitter.im/AlmasB/FXGL
13:01:02.878 [JavaFX Application Thread] DEBUG FS                   - Loaded DesktopFSService
13:01:02.879 [JavaFX Application Thread] DEBUG FXGL                 - Loading FXGL system data
13:01:02.884 [JavaFX Application Thread] DEBUG DesktopFSService     - Reading from: system/fxgl.bundle
13:01:02.893 [JavaFX Application Thread] DEBUG Bundle               - Logging bundle: FXGL
13:01:02.893 [JavaFX Application Thread] DEBUG Bundle               - FXGL.offline.timer.version.check=2019-03-01T19:05:40.352
13:01:02.923 [JavaFX Application Thread] DEBUG GameApplication      - FXGL started
13:01:02.924 [JavaFX Application Thread] DEBUG GameApplication      - Logging game settings
Title: Alpha
Version: 0.0
Width: 860
Height: 600
Fullscreen: false
Intro: false
Menus: false
Profiling: false
Single step:false
App Mode: DEVELOPER
Menu Key: ESCAPE
Stage Style: DECORATED
Scene Factory: class com.almasb.fxgl.scene.SceneFactory
Dialog Factory: class com.almasb.fxgl.ui.FXGLDialogFactory
UI Factory: class com.almasb.fxgl.ui.FXGLUIFactory
Notification Service: class com.almasb.fxgl.gameplay.notification.XboxNotificationView
Exception Handler: class com.almasb.fxgl.app.FXGLExceptionHandler
13:01:02.925 [JavaFX Application Thread] DEBUG GameApplication      - Configuring GameApplication
13:01:02.925 [JavaFX Application Thread] DEBUG GameApplication      - Initializing state machine and application states
13:01:02.939 [JavaFX Application Thread] DEBUG AssetLoader          - Loading from disk: /assets/ui/cursors/fxgl_default.png
13:01:02.962 [JavaFX Application Thread] DEBUG AssetLoader          - Loading from disk: /assets/ui/cursors/fxgl_default.png
13:01:02.992 [JavaFX Application Thread] DEBUG FXGLAssets           - Loading FXGLAssets
13:01:03.015 [JavaFX Application Thread] DEBUG AssetLoader          - Loading from disk: /assets/ui/fonts/VarelaRound-Regular.ttf
13:01:03.028 [JavaFX Application Thread] DEBUG AssetLoader          - Loading from disk: /assets/ui/fonts/lucida_console.ttf
13:01:03.030 [JavaFX Application Thread] DEBUG AssetLoader          - Loading from disk: /assets/ui/fonts/Courier-Prime.ttf
13:01:03.032 [JavaFX Application Thread] DEBUG AssetLoader          - Loading from disk: /assets/ui/fonts/Abel-Regular.ttf
13:01:03.034 [JavaFX Application Thread] DEBUG AssetLoader          - Loading from disk: /assets/ui/css/fxgl_dark.css
13:01:03.063 [JavaFX Application Thread] DEBUG AssetLoader          - Loading from disk: /assets/ui/cursors/fxgl_default.png
13:01:03.098 [JavaFX Application Thread] DEBUG AssetLoader          - Loading from disk: /assets/ui/cursors/fxgl_default.png
13:01:03.117 [JavaFX Application Thread] DEBUG GameScene            - Game scene initialized: 860x600
13:01:03.120 [JavaFX Application Thread] DEBUG GameWorld            - Game world initialized
13:01:03.157 [JavaFX Application Thread] DEBUG PhysicsWorld         - Physics world initialized: appHeight=600, physics.ppm=50.0
13:01:03.173 [JavaFX Application Thread] DEBUG Input                - Registered new binding: Pause - Esc
13:01:03.192 [JavaFX Application Thread] DEBUG Input                - Clearing active input actions
13:01:03.238 [JavaFX Application Thread] DEBUG AppStateMachine      - StartupState -> StartupState
13:01:03.243 [JavaFX Application Thread] INFO  GameApplication      - Game configuration took:  0.317 sec
13:01:03.245 [JavaFX Application Thread] DEBUG AssetLoader          - Loading from disk: /assets/textures/fxgl_icon.png
13:01:03.263 [JavaFX Application Thread] DEBUG MainWindow           - Opening main window
13:01:03.327 [JavaFX Application Thread] DEBUG MainWindow           - Window border size: (0.0, 0.0)
13:01:03.328 [JavaFX Application Thread] DEBUG MainWindow           - Scaled size: 860.0 x 600.0
13:01:03.328 [JavaFX Application Thread] DEBUG MainWindow           - Scaled ratio: (1.0, 1.0)
13:01:03.328 [JavaFX Application Thread] DEBUG MainWindow           - Scene size: 860.0 x 600.0
13:01:03.328 [JavaFX Application Thread] DEBUG MainWindow           - Stage size: 860.0 x 600.0
13:01:03.328 [JavaFX Application Thread] DEBUG GameApplication      - Running preInit()
13:01:03.330 [JavaFX Application Thread] DEBUG Input                - Registered new binding: Screenshot - P
13:01:03.330 [JavaFX Application Thread] DEBUG Input                - Registered new binding: Dev Options - CTRL+0
13:01:03.331 [JavaFX Application Thread] DEBUG Input                - Registered new binding: System info dump - CTRL+9
13:01:03.331 [JavaFX Application Thread] DEBUG Input                - Registered new binding: Restart - CTRL+R
13:01:03.332 [JavaFX Application Thread] DEBUG Input                - Registered new binding: Up 1 - W
13:01:03.332 [JavaFX Application Thread] DEBUG Input                - Registered new binding: Down 1 - S
13:01:03.332 [JavaFX Application Thread] DEBUG Input                - Registered new binding: Right 1 - D
13:01:03.332 [JavaFX Application Thread] DEBUG Input                - Registered new binding: Left 1 - A
13:01:03.333 [JavaFX Application Thread] DEBUG Input                - Registered new binding: Click - LMB
13:01:03.334 [JavaFX Application Thread] DEBUG Input                - Registered new binding: Rightclick - RMB
13:01:03.334 [JavaFX Application Thread] DEBUG Input                - Registered new binding: Tab - Tab
13:01:03.362 [JavaFX Application Thread] DEBUG GameApplication      - Starting main loop
13:01:03.371 [JavaFX Application Thread] DEBUG StartupState         - STARTUP
13:01:03.372 [JavaFX Application Thread] DEBUG GameApplication      - Starting new game
13:01:03.372 [JavaFX Application Thread] DEBUG Input                - Clearing active input actions
13:01:03.378 [JavaFX Application Thread] DEBUG AppStateMachine      - StartupState -> LoadingState
13:01:03.383 [FXGL Background Thread 1 ] DEBUG InitAppTask          - Clearing previous game
13:01:03.383 [FXGL Background Thread 1 ] DEBUG GameWorld            - Clearing game world
13:01:03.384 [FXGL Background Thread 1 ] DEBUG PhysicsWorld         - Clearing physics world
13:01:03.384 [FXGL Background Thread 1 ] DEBUG GameScene            - Clearing game scene
13:01:03.385 [FXGL Background Thread 1 ] DEBUG InitAppTask          - Initializing Game
13:01:03.390 [FXGL Background Thread 1 ] DEBUG InitAppTask          - Initializing Physics
13:01:03.392 [FXGL Background Thread 1 ] DEBUG InitAppTask          - Initializing UI
13:01:03.392 [FXGL Background Thread 1 ] DEBUG AssetLoader          - Loading from disk: /assets/ui/login.fxml
13:01:04.389 [FXGL Background Thread 1 ] DEBUG AssetLoader          - Loading from disk: /assets/textures/ui/box.png
13:01:04.391 [FXGL Background Thread 1 ] DEBUG AssetLoader          - Loading from disk: /assets/ui/mainpanel.fxml
13:01:04.424 [FXGL Background Thread 1 ] DEBUG AssetLoader          - Loading from disk: /assets/textures/ui/inventory_right.png
13:01:04.428 [JavaFX Application Thread] FATAL GameApplication      - Uncaught Exception:

Fatal exception occurred: java.lang.UnsupportedOperationException : null
E: java.util.AbstractList.add(AbstractList.java:148)
E: java.util.AbstractList.add(AbstractList.java:108)
E: client.AlphaClientApp.initUI(AlphaClientApp.java:78)
E: com.almasb.fxgl.app.LoadingState$InitAppTask.initUI(AppStates.kt:175)
E: com.almasb.fxgl.app.LoadingState$InitAppTask.call(AppStates.kt:137)
E: com.almasb.fxgl.app.LoadingState$InitAppTask.call(AppStates.kt:124)
E: javafx.concurrent.Task$TaskCallable.call(Task.java:1423)
E: java.util.concurrent.FutureTask.run(FutureTask.java:266)
E: java.util.concurrent.Executors$RunnableAdapter.call(Executors.java:511)
E: java.util.concurrent.FutureTask.run(FutureTask.java:266)
E: java.util.concurrent.ThreadPoolExecutor.runWorker(ThreadPoolExecutor.java:1149)
E: java.util.concurrent.ThreadPoolExecutor$Worker.run(ThreadPoolExecutor.java:624)
E: java.lang.Thread.run(Thread.java:748)

13:01:04.428 [JavaFX Application Thread] FATAL GameApplication      - Application will now exit
13:01:04.428 [JavaFX Application Thread] DEBUG GameApplication      - Stopping main loop
13:01:06.239 [JavaFX Application Thread] DEBUG GameApplication      - Exiting game application
13:01:06.239 [JavaFX Application Thread] DEBUG GameApplication      - Shutting down background threads
13:01:06.240 [JavaFX Application Thread] DEBUG GameApplication      - Exiting FXGL
13:01:06.240 [JavaFX Application Thread] DEBUG FXGL                 - Saving FXGL system data
13:01:06.242 [JavaFX Application Thread] DEBUG DesktopFSService     - Writing to: system/fxgl.bundle
13:01:06.244 [JavaFX Application Thread] DEBUG GameApplication      - Closing logger and exiting JavaFX
