00:11:24.887 [JavaFX Application Thread] DEBUG GameApplication      - Logger initialized
00:11:24.895 [JavaFX Application Thread] DEBUG MainWindow           - Creating a JavaFX scene
00:11:25.033 [JavaFX Application Thread] DEBUG MainWindow           - Target settings size: 860.0 x 600.0
00:11:25.034 [JavaFX Application Thread] DEBUG MainWindow           - Scaled scene size:    860.0 x 600.0
00:11:25.034 [JavaFX Application Thread] DEBUG MainWindow           - Scaled ratio: (1.0, 1.0)
00:11:25.040 [JavaFX Application Thread] DEBUG GameApplication      - Starting FXGL
00:11:25.046 [JavaFX Application Thread] INFO  FXGL                 - FXGL-0.5.3 on DESKTOP
00:11:25.047 [JavaFX Application Thread] INFO  FXGL                 - Source code and latest versions at: https://github.com/AlmasB/FXGL
00:11:25.047 [JavaFX Application Thread] INFO  FXGL                 -              Join the FXGL chat at: https://gitter.im/AlmasB/FXGL
00:11:25.054 [JavaFX Application Thread] DEBUG FS                   - Loaded DesktopFSService
00:11:25.054 [JavaFX Application Thread] DEBUG FXGL                 - Loading FXGL system data
00:11:25.062 [JavaFX Application Thread] DEBUG DesktopFSService     - Reading from: system/fxgl.bundle
00:11:25.072 [JavaFX Application Thread] DEBUG Bundle               - Logging bundle: FXGL
00:11:25.073 [JavaFX Application Thread] DEBUG Bundle               - FXGL.offline.timer.version.check=2019-02-21T16:31:03.317
00:11:25.105 [JavaFX Application Thread] DEBUG GameApplication      - FXGL started
00:11:25.106 [JavaFX Application Thread] DEBUG GameApplication      - Logging game settings
Title: Alpha
Version: 0.0
Width: 860
Height: 600
Fullscreen: false
Intro: false
Menus: false
Profiling: false
Single step:false
App Mode: DEVELOPER
Menu Key: ESCAPE
Stage Style: DECORATED
Scene Factory: class com.almasb.fxgl.scene.SceneFactory
Dialog Factory: class com.almasb.fxgl.ui.FXGLDialogFactory
UI Factory: class com.almasb.fxgl.ui.FXGLUIFactory
Notification Service: class com.almasb.fxgl.gameplay.notification.XboxNotificationView
Exception Handler: class com.almasb.fxgl.app.FXGLExceptionHandler
00:11:25.107 [JavaFX Application Thread] DEBUG GameApplication      - Configuring GameApplication
00:11:25.107 [JavaFX Application Thread] DEBUG GameApplication      - Initializing state machine and application states
00:11:25.123 [JavaFX Application Thread] DEBUG AssetLoader          - Loading from disk: /assets/ui/cursors/fxgl_default.png
00:11:25.146 [JavaFX Application Thread] DEBUG AssetLoader          - Loading from disk: /assets/ui/cursors/fxgl_default.png
00:11:25.176 [JavaFX Application Thread] DEBUG FXGLAssets           - Loading FXGLAssets
00:11:25.201 [JavaFX Application Thread] DEBUG AssetLoader          - Loading from disk: /assets/ui/fonts/VarelaRound-Regular.ttf
00:11:25.214 [JavaFX Application Thread] DEBUG AssetLoader          - Loading from disk: /assets/ui/fonts/lucida_console.ttf
00:11:25.216 [JavaFX Application Thread] DEBUG AssetLoader          - Loading from disk: /assets/ui/fonts/Courier-Prime.ttf
00:11:25.218 [JavaFX Application Thread] DEBUG AssetLoader          - Loading from disk: /assets/ui/fonts/Abel-Regular.ttf
00:11:25.220 [JavaFX Application Thread] DEBUG AssetLoader          - Loading from disk: /assets/ui/css/fxgl_dark.css
00:11:25.249 [JavaFX Application Thread] DEBUG AssetLoader          - Loading from disk: /assets/ui/cursors/fxgl_default.png
00:11:25.282 [JavaFX Application Thread] DEBUG AssetLoader          - Loading from disk: /assets/ui/cursors/fxgl_default.png
00:11:25.303 [JavaFX Application Thread] DEBUG GameScene            - Game scene initialized: 860x600
00:11:25.306 [JavaFX Application Thread] DEBUG GameWorld            - Game world initialized
00:11:25.347 [JavaFX Application Thread] DEBUG PhysicsWorld         - Physics world initialized: appHeight=600, physics.ppm=50.0
00:11:25.363 [JavaFX Application Thread] DEBUG Input                - Registered new binding: Pause - Esc
00:11:25.382 [JavaFX Application Thread] DEBUG Input                - Clearing active input actions
00:11:25.427 [JavaFX Application Thread] DEBUG AppStateMachine      - StartupState -> StartupState
00:11:25.430 [JavaFX Application Thread] INFO  GameApplication      - Game configuration took:  0.323 sec
00:11:25.432 [JavaFX Application Thread] DEBUG AssetLoader          - Loading from disk: /assets/textures/fxgl_icon.png
00:11:25.448 [JavaFX Application Thread] DEBUG MainWindow           - Opening main window
00:11:25.521 [JavaFX Application Thread] DEBUG MainWindow           - Window border size: (0.0, 0.0)
00:11:25.521 [JavaFX Application Thread] DEBUG MainWindow           - Scaled size: 860.0 x 600.0
00:11:25.521 [JavaFX Application Thread] DEBUG MainWindow           - Scaled ratio: (1.0, 1.0)
00:11:25.522 [JavaFX Application Thread] DEBUG MainWindow           - Scene size: 860.0 x 600.0
00:11:25.522 [JavaFX Application Thread] DEBUG MainWindow           - Stage size: 860.0 x 600.0
00:11:25.522 [JavaFX Application Thread] DEBUG GameApplication      - Running preInit()
00:11:25.524 [JavaFX Application Thread] DEBUG Input                - Registered new binding: Screenshot - P
00:11:25.525 [JavaFX Application Thread] DEBUG Input                - Registered new binding: Dev Options - CTRL+0
00:11:25.525 [JavaFX Application Thread] DEBUG Input                - Registered new binding: System info dump - CTRL+9
00:11:25.526 [JavaFX Application Thread] DEBUG Input                - Registered new binding: Restart - CTRL+R
00:11:25.526 [JavaFX Application Thread] DEBUG Input                - Registered new binding: Up 1 - W
00:11:25.526 [JavaFX Application Thread] DEBUG Input                - Registered new binding: Down 1 - S
00:11:25.526 [JavaFX Application Thread] DEBUG Input                - Registered new binding: Right 1 - D
00:11:25.527 [JavaFX Application Thread] DEBUG Input                - Registered new binding: Left 1 - A
00:11:25.527 [JavaFX Application Thread] DEBUG Input                - Registered new binding: Tab - Tab
00:11:25.554 [JavaFX Application Thread] DEBUG GameApplication      - Starting main loop
00:11:25.570 [JavaFX Application Thread] DEBUG StartupState         - STARTUP
00:11:25.571 [JavaFX Application Thread] DEBUG GameApplication      - Starting new game
00:11:25.571 [JavaFX Application Thread] DEBUG Input                - Clearing active input actions
00:11:25.577 [JavaFX Application Thread] DEBUG AppStateMachine      - StartupState -> LoadingState
00:11:25.583 [FXGL Background Thread 1 ] DEBUG InitAppTask          - Clearing previous game
00:11:25.583 [FXGL Background Thread 1 ] DEBUG GameWorld            - Clearing game world
00:11:25.583 [FXGL Background Thread 1 ] DEBUG PhysicsWorld         - Clearing physics world
00:11:25.583 [FXGL Background Thread 1 ] DEBUG GameScene            - Clearing game scene
00:11:25.585 [FXGL Background Thread 1 ] DEBUG InitAppTask          - Initializing Game
00:11:25.590 [FXGL Background Thread 1 ] DEBUG InitAppTask          - Initializing Physics
00:11:25.591 [FXGL Background Thread 1 ] DEBUG InitAppTask          - Initializing UI
00:11:25.591 [FXGL Background Thread 1 ] DEBUG AssetLoader          - Loading from disk: /assets/ui/login.fxml
00:11:26.687 [FXGL Background Thread 1 ] DEBUG AssetLoader          - Loading from disk: /assets/textures/ui/box.png
00:11:26.689 [FXGL Background Thread 1 ] DEBUG AssetLoader          - Loading from disk: /assets/ui/mainpanel.fxml
00:11:26.730 [FXGL Background Thread 1 ] DEBUG InitAppTask          - Initialization Complete
00:11:26.730 [FXGL Background Thread 1 ] INFO  InitAppTask          - Game initialization took: 1.148 sec
00:11:26.747 [JavaFX Application Thread] DEBUG Input                - Clearing active input actions
00:11:26.760 [JavaFX Application Thread] DEBUG AppStateMachine      - LoadingState -> PlayState
00:11:30.311 [JavaFX Application Thread] DEBUG GameApplication      - Exiting game application
00:11:30.312 [JavaFX Application Thread] DEBUG GameApplication      - Shutting down background threads
00:11:30.313 [JavaFX Application Thread] DEBUG GameApplication      - Exiting FXGL
00:11:30.313 [JavaFX Application Thread] DEBUG FXGL                 - Saving FXGL system data
00:11:30.316 [JavaFX Application Thread] DEBUG DesktopFSService     - Writing to: system/fxgl.bundle
00:11:30.319 [JavaFX Application Thread] DEBUG GameApplication      - Closing logger and exiting JavaFX
