14:16:49.506 [JavaFX Application Thread] DEBUG GameApplication      - Logger initialized
14:16:49.513 [JavaFX Application Thread] DEBUG MainWindow           - Creating a JavaFX scene
14:16:49.643 [JavaFX Application Thread] DEBUG MainWindow           - Target settings size: 860.0 x 600.0
14:16:49.644 [JavaFX Application Thread] DEBUG MainWindow           - Scaled scene size:    860.0 x 600.0
14:16:49.644 [JavaFX Application Thread] DEBUG MainWindow           - Scaled ratio: (1.0, 1.0)
14:16:49.650 [JavaFX Application Thread] DEBUG GameApplication      - Starting FXGL
14:16:49.654 [JavaFX Application Thread] INFO  FXGL                 - FXGL-0.5.3 on DESKTOP
14:16:49.654 [JavaFX Application Thread] INFO  FXGL                 - Source code and latest versions at: https://github.com/AlmasB/FXGL
14:16:49.654 [JavaFX Application Thread] INFO  FXGL                 -              Join the FXGL chat at: https://gitter.im/AlmasB/FXGL
14:16:49.661 [JavaFX Application Thread] DEBUG FS                   - Loaded DesktopFSService
14:16:49.661 [JavaFX Application Thread] DEBUG FXGL                 - Loading FXGL system data
14:16:49.667 [JavaFX Application Thread] DEBUG DesktopFSService     - Reading from: system/fxgl.bundle
14:16:49.676 [JavaFX Application Thread] DEBUG Bundle               - Logging bundle: FXGL
14:16:49.676 [JavaFX Application Thread] DEBUG Bundle               - FXGL.offline.timer.version.check=2019-03-09T00:08:16.144
14:16:49.706 [JavaFX Application Thread] DEBUG GameApplication      - FXGL started
14:16:49.706 [JavaFX Application Thread] DEBUG GameApplication      - Logging game settings
Title: Alpha
Version: 0.0
Width: 860
Height: 600
Fullscreen: false
Intro: false
Menus: false
Profiling: false
Single step:false
App Mode: DEVELOPER
Menu Key: ESCAPE
Stage Style: DECORATED
Scene Factory: class com.almasb.fxgl.scene.SceneFactory
Dialog Factory: class com.almasb.fxgl.ui.FXGLDialogFactory
UI Factory: class com.almasb.fxgl.ui.FXGLUIFactory
Notification Service: class com.almasb.fxgl.gameplay.notification.XboxNotificationView
Exception Handler: class com.almasb.fxgl.app.FXGLExceptionHandler
14:16:49.707 [JavaFX Application Thread] DEBUG GameApplication      - Configuring GameApplication
14:16:49.707 [JavaFX Application Thread] DEBUG GameApplication      - Initializing state machine and application states
14:16:49.720 [JavaFX Application Thread] DEBUG AssetLoader          - Loading from disk: /assets/ui/cursors/fxgl_default.png
14:16:49.743 [JavaFX Application Thread] DEBUG AssetLoader          - Loading from disk: /assets/ui/cursors/fxgl_default.png
14:16:49.773 [JavaFX Application Thread] DEBUG FXGLAssets           - Loading FXGLAssets
14:16:49.800 [JavaFX Application Thread] DEBUG AssetLoader          - Loading from disk: /assets/ui/fonts/VarelaRound-Regular.ttf
14:16:49.813 [JavaFX Application Thread] DEBUG AssetLoader          - Loading from disk: /assets/ui/fonts/lucida_console.ttf
14:16:49.815 [JavaFX Application Thread] DEBUG AssetLoader          - Loading from disk: /assets/ui/fonts/Courier-Prime.ttf
14:16:49.817 [JavaFX Application Thread] DEBUG AssetLoader          - Loading from disk: /assets/ui/fonts/Abel-Regular.ttf
14:16:49.819 [JavaFX Application Thread] DEBUG AssetLoader          - Loading from disk: /assets/ui/css/fxgl_dark.css
14:16:49.852 [JavaFX Application Thread] DEBUG AssetLoader          - Loading from disk: /assets/ui/cursors/fxgl_default.png
14:16:49.888 [JavaFX Application Thread] DEBUG AssetLoader          - Loading from disk: /assets/ui/cursors/fxgl_default.png
14:16:49.909 [JavaFX Application Thread] DEBUG GameScene            - Game scene initialized: 860x600
14:16:49.912 [JavaFX Application Thread] DEBUG GameWorld            - Game world initialized
14:16:49.951 [JavaFX Application Thread] DEBUG PhysicsWorld         - Physics world initialized: appHeight=600, physics.ppm=50.0
14:16:49.969 [JavaFX Application Thread] DEBUG Input                - Registered new binding: Pause - Esc
14:16:49.987 [JavaFX Application Thread] DEBUG Input                - Clearing active input actions
14:16:50.033 [JavaFX Application Thread] DEBUG AppStateMachine      - StartupState -> StartupState
14:16:50.037 [JavaFX Application Thread] INFO  GameApplication      - Game configuration took:  0.330 sec
14:16:50.039 [JavaFX Application Thread] DEBUG AssetLoader          - Loading from disk: /assets/textures/fxgl_icon.png
14:16:50.056 [JavaFX Application Thread] DEBUG MainWindow           - Opening main window
14:16:50.144 [JavaFX Application Thread] DEBUG MainWindow           - Window border size: (0.0, 0.0)
14:16:50.144 [JavaFX Application Thread] DEBUG MainWindow           - Scaled size: 860.0 x 600.0
14:16:50.144 [JavaFX Application Thread] DEBUG MainWindow           - Scaled ratio: (1.0, 1.0)
14:16:50.145 [JavaFX Application Thread] DEBUG MainWindow           - Scene size: 860.0 x 600.0
14:16:50.145 [JavaFX Application Thread] DEBUG MainWindow           - Stage size: 860.0 x 600.0
14:16:50.145 [JavaFX Application Thread] DEBUG GameApplication      - Running preInit()
14:16:50.147 [JavaFX Application Thread] DEBUG Input                - Registered new binding: Screenshot - P
14:16:50.148 [JavaFX Application Thread] DEBUG Input                - Registered new binding: Dev Options - CTRL+0
14:16:50.148 [JavaFX Application Thread] DEBUG Input                - Registered new binding: System info dump - CTRL+9
14:16:50.149 [JavaFX Application Thread] DEBUG Input                - Registered new binding: Restart - CTRL+R
14:16:50.149 [JavaFX Application Thread] DEBUG Input                - Registered new binding: Up 1 - W
14:16:50.149 [JavaFX Application Thread] DEBUG Input                - Registered new binding: Down 1 - S
14:16:50.149 [JavaFX Application Thread] DEBUG Input                - Registered new binding: Right 1 - D
14:16:50.149 [JavaFX Application Thread] DEBUG Input                - Registered new binding: Left 1 - A
14:16:50.150 [JavaFX Application Thread] DEBUG Input                - Registered new binding: Click - LMB
14:16:50.151 [JavaFX Application Thread] DEBUG Input                - Registered new binding: Rightclick - RMB
14:16:50.151 [JavaFX Application Thread] DEBUG Input                - Registered new binding: Tab - Tab
14:16:50.187 [JavaFX Application Thread] DEBUG GameApplication      - Starting main loop
14:16:50.205 [JavaFX Application Thread] DEBUG StartupState         - STARTUP
14:16:50.205 [JavaFX Application Thread] DEBUG GameApplication      - Starting new game
14:16:50.205 [JavaFX Application Thread] DEBUG Input                - Clearing active input actions
14:16:50.216 [JavaFX Application Thread] DEBUG AppStateMachine      - StartupState -> LoadingState
14:16:50.223 [FXGL Background Thread 1 ] DEBUG InitAppTask          - Clearing previous game
14:16:50.223 [FXGL Background Thread 1 ] DEBUG GameWorld            - Clearing game world
14:16:50.223 [FXGL Background Thread 1 ] DEBUG PhysicsWorld         - Clearing physics world
14:16:50.223 [FXGL Background Thread 1 ] DEBUG GameScene            - Clearing game scene
14:16:50.225 [FXGL Background Thread 1 ] DEBUG InitAppTask          - Initializing Game
14:16:50.231 [FXGL Background Thread 1 ] DEBUG InitAppTask          - Initializing Physics
14:16:50.232 [FXGL Background Thread 1 ] DEBUG InitAppTask          - Initializing UI
14:16:50.233 [FXGL Background Thread 1 ] DEBUG AssetLoader          - Loading from disk: /assets/ui/login.fxml
14:16:51.396 [FXGL Background Thread 1 ] DEBUG AssetLoader          - Loading from disk: /assets/textures/ui/default.png
14:16:51.398 [FXGL Background Thread 1 ] DEBUG AssetLoader          - Loading from disk: /assets/ui/mainpanel.fxml
14:16:51.444 [FXGL Background Thread 1 ] DEBUG InitAppTask          - Initialization Complete
14:16:51.444 [FXGL Background Thread 1 ] INFO  InitAppTask          - Game initialization took: 1.221 sec
14:16:51.449 [JavaFX Application Thread] DEBUG Input                - Clearing active input actions
14:16:51.461 [JavaFX Application Thread] DEBUG AppStateMachine      - LoadingState -> PlayState
14:17:37.583 [JavaFX Application Thread] DEBUG GameApplication      - Exiting game application
14:17:37.584 [JavaFX Application Thread] DEBUG GameApplication      - Shutting down background threads
14:17:37.585 [JavaFX Application Thread] DEBUG GameApplication      - Exiting FXGL
14:17:37.585 [JavaFX Application Thread] DEBUG FXGL                 - Saving FXGL system data
14:17:37.588 [JavaFX Application Thread] DEBUG DesktopFSService     - Writing to: system/fxgl.bundle
14:17:37.591 [JavaFX Application Thread] DEBUG GameApplication      - Closing logger and exiting JavaFX
