13:49:24.678 [JavaFX Application Thread] DEBUG GameApplication      - Logger initialized
13:49:24.684 [JavaFX Application Thread] DEBUG MainWindow           - Creating a JavaFX scene
13:49:24.822 [JavaFX Application Thread] DEBUG MainWindow           - Target settings size: 860.0 x 600.0
13:49:24.823 [JavaFX Application Thread] DEBUG MainWindow           - Scaled scene size:    860.0 x 600.0
13:49:24.823 [JavaFX Application Thread] DEBUG MainWindow           - Scaled ratio: (1.0, 1.0)
13:49:24.829 [JavaFX Application Thread] DEBUG GameApplication      - Starting FXGL
13:49:24.834 [JavaFX Application Thread] INFO  FXGL                 - FXGL-0.5.3 on DESKTOP
13:49:24.834 [JavaFX Application Thread] INFO  FXGL                 - Source code and latest versions at: https://github.com/AlmasB/FXGL
13:49:24.835 [JavaFX Application Thread] INFO  FXGL                 -              Join the FXGL chat at: https://gitter.im/AlmasB/FXGL
13:49:24.842 [JavaFX Application Thread] DEBUG FS                   - Loaded DesktopFSService
13:49:24.842 [JavaFX Application Thread] DEBUG FXGL                 - Loading FXGL system data
13:49:24.849 [JavaFX Application Thread] DEBUG DesktopFSService     - Reading from: system/fxgl.bundle
13:49:24.859 [JavaFX Application Thread] DEBUG Bundle               - Logging bundle: FXGL
13:49:24.860 [JavaFX Application Thread] DEBUG Bundle               - FXGL.offline.timer.version.check=2019-03-01T19:05:40.352
13:49:24.896 [JavaFX Application Thread] DEBUG GameApplication      - FXGL started
13:49:24.897 [JavaFX Application Thread] DEBUG GameApplication      - Logging game settings
Title: Alpha
Version: 0.0
Width: 860
Height: 600
Fullscreen: false
Intro: false
Menus: false
Profiling: false
Single step:false
App Mode: DEVELOPER
Menu Key: ESCAPE
Stage Style: DECORATED
Scene Factory: class com.almasb.fxgl.scene.SceneFactory
Dialog Factory: class com.almasb.fxgl.ui.FXGLDialogFactory
UI Factory: class com.almasb.fxgl.ui.FXGLUIFactory
Notification Service: class com.almasb.fxgl.gameplay.notification.XboxNotificationView
Exception Handler: class com.almasb.fxgl.app.FXGLExceptionHandler
13:49:24.898 [JavaFX Application Thread] DEBUG GameApplication      - Configuring GameApplication
13:49:24.898 [JavaFX Application Thread] DEBUG GameApplication      - Initializing state machine and application states
13:49:24.916 [JavaFX Application Thread] DEBUG AssetLoader          - Loading from disk: /assets/ui/cursors/fxgl_default.png
13:49:24.946 [JavaFX Application Thread] DEBUG AssetLoader          - Loading from disk: /assets/ui/cursors/fxgl_default.png
13:49:24.978 [JavaFX Application Thread] DEBUG FXGLAssets           - Loading FXGLAssets
13:49:25.004 [JavaFX Application Thread] DEBUG AssetLoader          - Loading from disk: /assets/ui/fonts/VarelaRound-Regular.ttf
13:49:25.017 [JavaFX Application Thread] DEBUG AssetLoader          - Loading from disk: /assets/ui/fonts/lucida_console.ttf
13:49:25.019 [JavaFX Application Thread] DEBUG AssetLoader          - Loading from disk: /assets/ui/fonts/Courier-Prime.ttf
13:49:25.021 [JavaFX Application Thread] DEBUG AssetLoader          - Loading from disk: /assets/ui/fonts/Abel-Regular.ttf
13:49:25.023 [JavaFX Application Thread] DEBUG AssetLoader          - Loading from disk: /assets/ui/css/fxgl_dark.css
13:49:25.053 [JavaFX Application Thread] DEBUG AssetLoader          - Loading from disk: /assets/ui/cursors/fxgl_default.png
13:49:25.087 [JavaFX Application Thread] DEBUG AssetLoader          - Loading from disk: /assets/ui/cursors/fxgl_default.png
13:49:25.107 [JavaFX Application Thread] DEBUG GameScene            - Game scene initialized: 860x600
13:49:25.110 [JavaFX Application Thread] DEBUG GameWorld            - Game world initialized
13:49:25.149 [JavaFX Application Thread] DEBUG PhysicsWorld         - Physics world initialized: appHeight=600, physics.ppm=50.0
13:49:25.166 [JavaFX Application Thread] DEBUG Input                - Registered new binding: Pause - Esc
13:49:25.183 [JavaFX Application Thread] DEBUG Input                - Clearing active input actions
13:49:25.230 [JavaFX Application Thread] DEBUG AppStateMachine      - StartupState -> StartupState
13:49:25.234 [JavaFX Application Thread] INFO  GameApplication      - Game configuration took:  0.335 sec
13:49:25.236 [JavaFX Application Thread] DEBUG AssetLoader          - Loading from disk: /assets/textures/fxgl_icon.png
13:49:25.251 [JavaFX Application Thread] DEBUG MainWindow           - Opening main window
13:49:25.320 [JavaFX Application Thread] DEBUG MainWindow           - Window border size: (0.0, 0.0)
13:49:25.320 [JavaFX Application Thread] DEBUG MainWindow           - Scaled size: 860.0 x 600.0
13:49:25.320 [JavaFX Application Thread] DEBUG MainWindow           - Scaled ratio: (1.0, 1.0)
13:49:25.320 [JavaFX Application Thread] DEBUG MainWindow           - Scene size: 860.0 x 600.0
13:49:25.320 [JavaFX Application Thread] DEBUG MainWindow           - Stage size: 860.0 x 600.0
13:49:25.321 [JavaFX Application Thread] DEBUG GameApplication      - Running preInit()
13:49:25.322 [JavaFX Application Thread] DEBUG Input                - Registered new binding: Screenshot - P
13:49:25.322 [JavaFX Application Thread] DEBUG Input                - Registered new binding: Dev Options - CTRL+0
13:49:25.323 [JavaFX Application Thread] DEBUG Input                - Registered new binding: System info dump - CTRL+9
13:49:25.323 [JavaFX Application Thread] DEBUG Input                - Registered new binding: Restart - CTRL+R
13:49:25.324 [JavaFX Application Thread] DEBUG Input                - Registered new binding: Up 1 - W
13:49:25.324 [JavaFX Application Thread] DEBUG Input                - Registered new binding: Down 1 - S
13:49:25.324 [JavaFX Application Thread] DEBUG Input                - Registered new binding: Right 1 - D
13:49:25.324 [JavaFX Application Thread] DEBUG Input                - Registered new binding: Left 1 - A
13:49:25.325 [JavaFX Application Thread] DEBUG Input                - Registered new binding: Click - LMB
13:49:25.326 [JavaFX Application Thread] DEBUG Input                - Registered new binding: Rightclick - RMB
13:49:25.326 [JavaFX Application Thread] DEBUG Input                - Registered new binding: Tab - Tab
13:49:25.355 [JavaFX Application Thread] DEBUG GameApplication      - Starting main loop
13:49:25.364 [JavaFX Application Thread] DEBUG StartupState         - STARTUP
13:49:25.364 [JavaFX Application Thread] DEBUG GameApplication      - Starting new game
13:49:25.364 [JavaFX Application Thread] DEBUG Input                - Clearing active input actions
13:49:25.371 [JavaFX Application Thread] DEBUG AppStateMachine      - StartupState -> LoadingState
13:49:25.376 [FXGL Background Thread 1 ] DEBUG InitAppTask          - Clearing previous game
13:49:25.376 [FXGL Background Thread 1 ] DEBUG GameWorld            - Clearing game world
13:49:25.376 [FXGL Background Thread 1 ] DEBUG PhysicsWorld         - Clearing physics world
13:49:25.376 [FXGL Background Thread 1 ] DEBUG GameScene            - Clearing game scene
13:49:25.377 [FXGL Background Thread 1 ] DEBUG InitAppTask          - Initializing Game
13:49:25.382 [FXGL Background Thread 1 ] DEBUG InitAppTask          - Initializing Physics
13:49:25.384 [FXGL Background Thread 1 ] DEBUG InitAppTask          - Initializing UI
13:49:25.385 [FXGL Background Thread 1 ] DEBUG AssetLoader          - Loading from disk: /assets/ui/login.fxml
13:49:26.453 [FXGL Background Thread 1 ] DEBUG AssetLoader          - Loading from disk: /assets/textures/ui/default.png
13:49:26.455 [FXGL Background Thread 1 ] DEBUG AssetLoader          - Loading from disk: /assets/ui/mainpanel.fxml
13:49:26.489 [FXGL Background Thread 1 ] DEBUG InitAppTask          - Initialization Complete
13:49:26.489 [FXGL Background Thread 1 ] INFO  InitAppTask          - Game initialization took: 1.114 sec
13:49:26.491 [JavaFX Application Thread] DEBUG Input                - Clearing active input actions
13:49:26.504 [JavaFX Application Thread] DEBUG AppStateMachine      - LoadingState -> PlayState
13:49:31.351 [JavaFX Application Thread] DEBUG GameApplication      - Exiting game application
13:49:31.352 [JavaFX Application Thread] DEBUG GameApplication      - Shutting down background threads
13:49:31.352 [JavaFX Application Thread] DEBUG GameApplication      - Exiting FXGL
13:49:31.352 [JavaFX Application Thread] DEBUG FXGL                 - Saving FXGL system data
13:49:31.355 [JavaFX Application Thread] DEBUG DesktopFSService     - Writing to: system/fxgl.bundle
13:49:31.360 [JavaFX Application Thread] DEBUG GameApplication      - Closing logger and exiting JavaFX
