14:07:32.163 [JavaFX Application Thread] DEBUG GameApplication      - Logger initialized
14:07:32.170 [JavaFX Application Thread] DEBUG MainWindow           - Creating a JavaFX scene
14:07:32.298 [JavaFX Application Thread] DEBUG MainWindow           - Target settings size: 860.0 x 600.0
14:07:32.299 [JavaFX Application Thread] DEBUG MainWindow           - Scaled scene size:    860.0 x 600.0
14:07:32.299 [JavaFX Application Thread] DEBUG MainWindow           - Scaled ratio: (1.0, 1.0)
14:07:32.305 [JavaFX Application Thread] DEBUG GameApplication      - Starting FXGL
14:07:32.309 [JavaFX Application Thread] INFO  FXGL                 - FXGL-0.5.3 on DESKTOP
14:07:32.310 [JavaFX Application Thread] INFO  FXGL                 - Source code and latest versions at: https://github.com/AlmasB/FXGL
14:07:32.310 [JavaFX Application Thread] INFO  FXGL                 -              Join the FXGL chat at: https://gitter.im/AlmasB/FXGL
14:07:32.319 [JavaFX Application Thread] DEBUG FS                   - Loaded DesktopFSService
14:07:32.319 [JavaFX Application Thread] DEBUG FXGL                 - Loading FXGL system data
14:07:32.327 [JavaFX Application Thread] DEBUG DesktopFSService     - Reading from: system/fxgl.bundle
14:07:32.337 [JavaFX Application Thread] DEBUG Bundle               - Logging bundle: FXGL
14:07:32.338 [JavaFX Application Thread] DEBUG Bundle               - FXGL.offline.timer.version.check=2019-03-01T19:05:40.352
14:07:32.370 [JavaFX Application Thread] DEBUG GameApplication      - FXGL started
14:07:32.370 [JavaFX Application Thread] DEBUG GameApplication      - Logging game settings
Title: Alpha
Version: 0.0
Width: 860
Height: 600
Fullscreen: false
Intro: false
Menus: false
Profiling: false
Single step:false
App Mode: DEVELOPER
Menu Key: ESCAPE
Stage Style: DECORATED
Scene Factory: class com.almasb.fxgl.scene.SceneFactory
Dialog Factory: class com.almasb.fxgl.ui.FXGLDialogFactory
UI Factory: class com.almasb.fxgl.ui.FXGLUIFactory
Notification Service: class com.almasb.fxgl.gameplay.notification.XboxNotificationView
Exception Handler: class com.almasb.fxgl.app.FXGLExceptionHandler
14:07:32.371 [JavaFX Application Thread] DEBUG GameApplication      - Configuring GameApplication
14:07:32.371 [JavaFX Application Thread] DEBUG GameApplication      - Initializing state machine and application states
14:07:32.384 [JavaFX Application Thread] DEBUG AssetLoader          - Loading from disk: /assets/ui/cursors/fxgl_default.png
14:07:32.407 [JavaFX Application Thread] DEBUG AssetLoader          - Loading from disk: /assets/ui/cursors/fxgl_default.png
14:07:32.439 [JavaFX Application Thread] DEBUG FXGLAssets           - Loading FXGLAssets
14:07:32.462 [JavaFX Application Thread] DEBUG AssetLoader          - Loading from disk: /assets/ui/fonts/VarelaRound-Regular.ttf
14:07:32.474 [JavaFX Application Thread] DEBUG AssetLoader          - Loading from disk: /assets/ui/fonts/lucida_console.ttf
14:07:32.476 [JavaFX Application Thread] DEBUG AssetLoader          - Loading from disk: /assets/ui/fonts/Courier-Prime.ttf
14:07:32.478 [JavaFX Application Thread] DEBUG AssetLoader          - Loading from disk: /assets/ui/fonts/Abel-Regular.ttf
14:07:32.480 [JavaFX Application Thread] DEBUG AssetLoader          - Loading from disk: /assets/ui/css/fxgl_dark.css
14:07:32.507 [JavaFX Application Thread] DEBUG AssetLoader          - Loading from disk: /assets/ui/cursors/fxgl_default.png
14:07:32.541 [JavaFX Application Thread] DEBUG AssetLoader          - Loading from disk: /assets/ui/cursors/fxgl_default.png
14:07:32.562 [JavaFX Application Thread] DEBUG GameScene            - Game scene initialized: 860x600
14:07:32.565 [JavaFX Application Thread] DEBUG GameWorld            - Game world initialized
14:07:32.604 [JavaFX Application Thread] DEBUG PhysicsWorld         - Physics world initialized: appHeight=600, physics.ppm=50.0
14:07:32.621 [JavaFX Application Thread] DEBUG Input                - Registered new binding: Pause - Esc
14:07:32.638 [JavaFX Application Thread] DEBUG Input                - Clearing active input actions
14:07:32.680 [JavaFX Application Thread] DEBUG AppStateMachine      - StartupState -> StartupState
14:07:32.684 [JavaFX Application Thread] INFO  GameApplication      - Game configuration took:  0.313 sec
14:07:32.685 [JavaFX Application Thread] DEBUG AssetLoader          - Loading from disk: /assets/textures/fxgl_icon.png
14:07:32.702 [JavaFX Application Thread] DEBUG MainWindow           - Opening main window
14:07:32.767 [JavaFX Application Thread] DEBUG MainWindow           - Window border size: (0.0, 0.0)
14:07:32.768 [JavaFX Application Thread] DEBUG MainWindow           - Scaled size: 860.0 x 600.0
14:07:32.768 [JavaFX Application Thread] DEBUG MainWindow           - Scaled ratio: (1.0, 1.0)
14:07:32.768 [JavaFX Application Thread] DEBUG MainWindow           - Scene size: 860.0 x 600.0
14:07:32.768 [JavaFX Application Thread] DEBUG MainWindow           - Stage size: 860.0 x 600.0
14:07:32.768 [JavaFX Application Thread] DEBUG GameApplication      - Running preInit()
14:07:32.770 [JavaFX Application Thread] DEBUG Input                - Registered new binding: Screenshot - P
14:07:32.770 [JavaFX Application Thread] DEBUG Input                - Registered new binding: Dev Options - CTRL+0
14:07:32.771 [JavaFX Application Thread] DEBUG Input                - Registered new binding: System info dump - CTRL+9
14:07:32.771 [JavaFX Application Thread] DEBUG Input                - Registered new binding: Restart - CTRL+R
14:07:32.771 [JavaFX Application Thread] DEBUG Input                - Registered new binding: Up 1 - W
14:07:32.771 [JavaFX Application Thread] DEBUG Input                - Registered new binding: Down 1 - S
14:07:32.772 [JavaFX Application Thread] DEBUG Input                - Registered new binding: Right 1 - D
14:07:32.772 [JavaFX Application Thread] DEBUG Input                - Registered new binding: Left 1 - A
14:07:32.773 [JavaFX Application Thread] DEBUG Input                - Registered new binding: Click - LMB
14:07:32.773 [JavaFX Application Thread] DEBUG Input                - Registered new binding: Rightclick - RMB
14:07:32.773 [JavaFX Application Thread] DEBUG Input                - Registered new binding: Tab - Tab
14:07:32.804 [JavaFX Application Thread] DEBUG GameApplication      - Starting main loop
14:07:32.813 [JavaFX Application Thread] DEBUG StartupState         - STARTUP
14:07:32.813 [JavaFX Application Thread] DEBUG GameApplication      - Starting new game
14:07:32.814 [JavaFX Application Thread] DEBUG Input                - Clearing active input actions
14:07:32.821 [JavaFX Application Thread] DEBUG AppStateMachine      - StartupState -> LoadingState
14:07:32.825 [FXGL Background Thread 1 ] DEBUG InitAppTask          - Clearing previous game
14:07:32.826 [FXGL Background Thread 1 ] DEBUG GameWorld            - Clearing game world
14:07:32.826 [FXGL Background Thread 1 ] DEBUG PhysicsWorld         - Clearing physics world
14:07:32.826 [FXGL Background Thread 1 ] DEBUG GameScene            - Clearing game scene
14:07:32.827 [FXGL Background Thread 1 ] DEBUG InitAppTask          - Initializing Game
14:07:32.832 [FXGL Background Thread 1 ] DEBUG InitAppTask          - Initializing Physics
14:07:32.833 [FXGL Background Thread 1 ] DEBUG InitAppTask          - Initializing UI
14:07:32.834 [FXGL Background Thread 1 ] DEBUG AssetLoader          - Loading from disk: /assets/ui/login.fxml
14:07:33.774 [JavaFX Application Thread] DEBUG GameApplication      - Exiting game application
14:07:33.775 [JavaFX Application Thread] DEBUG GameApplication      - Shutting down background threads
14:07:33.775 [JavaFX Application Thread] DEBUG GameApplication      - Exiting FXGL
14:07:33.775 [JavaFX Application Thread] DEBUG FXGL                 - Saving FXGL system data
14:07:33.778 [JavaFX Application Thread] DEBUG DesktopFSService     - Writing to: system/fxgl.bundle
14:07:33.781 [JavaFX Application Thread] DEBUG GameApplication      - Closing logger and exiting JavaFX
