14:25:42.416 [JavaFX Application Thread] DEBUG GameApplication      - Logger initialized
14:25:42.422 [JavaFX Application Thread] DEBUG MainWindow           - Creating a JavaFX scene
14:25:42.552 [JavaFX Application Thread] DEBUG MainWindow           - Target settings size: 860.0 x 600.0
14:25:42.552 [JavaFX Application Thread] DEBUG MainWindow           - Scaled scene size:    860.0 x 600.0
14:25:42.553 [JavaFX Application Thread] DEBUG MainWindow           - Scaled ratio: (1.0, 1.0)
14:25:42.559 [JavaFX Application Thread] DEBUG GameApplication      - Starting FXGL
14:25:42.564 [JavaFX Application Thread] INFO  FXGL                 - FXGL-0.5.3 on DESKTOP
14:25:42.564 [JavaFX Application Thread] INFO  FXGL                 - Source code and latest versions at: https://github.com/AlmasB/FXGL
14:25:42.565 [JavaFX Application Thread] INFO  FXGL                 -              Join the FXGL chat at: https://gitter.im/AlmasB/FXGL
14:25:42.573 [JavaFX Application Thread] DEBUG FS                   - Loaded DesktopFSService
14:25:42.573 [JavaFX Application Thread] DEBUG FXGL                 - Loading FXGL system data
14:25:42.579 [JavaFX Application Thread] DEBUG DesktopFSService     - Reading from: system/fxgl.bundle
14:25:42.587 [JavaFX Application Thread] DEBUG Bundle               - Logging bundle: FXGL
14:25:42.588 [JavaFX Application Thread] DEBUG Bundle               - FXGL.offline.timer.version.check=2019-03-09T00:08:16.144
14:25:42.618 [JavaFX Application Thread] DEBUG GameApplication      - FXGL started
14:25:42.619 [JavaFX Application Thread] DEBUG GameApplication      - Logging game settings
Title: Alpha
Version: 0.0
Width: 860
Height: 600
Fullscreen: false
Intro: false
Menus: false
Profiling: false
Single step:false
App Mode: DEVELOPER
Menu Key: ESCAPE
Stage Style: DECORATED
Scene Factory: class com.almasb.fxgl.scene.SceneFactory
Dialog Factory: class com.almasb.fxgl.ui.FXGLDialogFactory
UI Factory: class com.almasb.fxgl.ui.FXGLUIFactory
Notification Service: class com.almasb.fxgl.gameplay.notification.XboxNotificationView
Exception Handler: class com.almasb.fxgl.app.FXGLExceptionHandler
14:25:42.620 [JavaFX Application Thread] DEBUG GameApplication      - Configuring GameApplication
14:25:42.620 [JavaFX Application Thread] DEBUG GameApplication      - Initializing state machine and application states
14:25:42.633 [JavaFX Application Thread] DEBUG AssetLoader          - Loading from disk: /assets/ui/cursors/fxgl_default.png
14:25:42.657 [JavaFX Application Thread] DEBUG AssetLoader          - Loading from disk: /assets/ui/cursors/fxgl_default.png
14:25:42.688 [JavaFX Application Thread] DEBUG FXGLAssets           - Loading FXGLAssets
14:25:42.712 [JavaFX Application Thread] DEBUG AssetLoader          - Loading from disk: /assets/ui/fonts/VarelaRound-Regular.ttf
14:25:42.726 [JavaFX Application Thread] DEBUG AssetLoader          - Loading from disk: /assets/ui/fonts/lucida_console.ttf
14:25:42.728 [JavaFX Application Thread] DEBUG AssetLoader          - Loading from disk: /assets/ui/fonts/Courier-Prime.ttf
14:25:42.730 [JavaFX Application Thread] DEBUG AssetLoader          - Loading from disk: /assets/ui/fonts/Abel-Regular.ttf
14:25:42.732 [JavaFX Application Thread] DEBUG AssetLoader          - Loading from disk: /assets/ui/css/fxgl_dark.css
14:25:42.762 [JavaFX Application Thread] DEBUG AssetLoader          - Loading from disk: /assets/ui/cursors/fxgl_default.png
14:25:42.798 [JavaFX Application Thread] DEBUG AssetLoader          - Loading from disk: /assets/ui/cursors/fxgl_default.png
14:25:42.822 [JavaFX Application Thread] DEBUG GameScene            - Game scene initialized: 860x600
14:25:42.826 [JavaFX Application Thread] DEBUG GameWorld            - Game world initialized
14:25:42.868 [JavaFX Application Thread] DEBUG PhysicsWorld         - Physics world initialized: appHeight=600, physics.ppm=50.0
14:25:42.885 [JavaFX Application Thread] DEBUG Input                - Registered new binding: Pause - Esc
14:25:42.905 [JavaFX Application Thread] DEBUG Input                - Clearing active input actions
14:25:42.946 [JavaFX Application Thread] DEBUG AppStateMachine      - StartupState -> StartupState
14:25:42.949 [JavaFX Application Thread] INFO  GameApplication      - Game configuration took:  0.329 sec
14:25:42.951 [JavaFX Application Thread] DEBUG AssetLoader          - Loading from disk: /assets/textures/fxgl_icon.png
14:25:42.967 [JavaFX Application Thread] DEBUG MainWindow           - Opening main window
14:25:43.045 [JavaFX Application Thread] DEBUG MainWindow           - Window border size: (0.0, 0.0)
14:25:43.045 [JavaFX Application Thread] DEBUG MainWindow           - Scaled size: 860.0 x 600.0
14:25:43.045 [JavaFX Application Thread] DEBUG MainWindow           - Scaled ratio: (1.0, 1.0)
14:25:43.045 [JavaFX Application Thread] DEBUG MainWindow           - Scene size: 860.0 x 600.0
14:25:43.046 [JavaFX Application Thread] DEBUG MainWindow           - Stage size: 860.0 x 600.0
14:25:43.046 [JavaFX Application Thread] DEBUG GameApplication      - Running preInit()
14:25:43.048 [JavaFX Application Thread] DEBUG Input                - Registered new binding: Screenshot - P
14:25:43.048 [JavaFX Application Thread] DEBUG Input                - Registered new binding: Dev Options - CTRL+0
14:25:43.049 [JavaFX Application Thread] DEBUG Input                - Registered new binding: System info dump - CTRL+9
14:25:43.049 [JavaFX Application Thread] DEBUG Input                - Registered new binding: Restart - CTRL+R
14:25:43.050 [JavaFX Application Thread] DEBUG Input                - Registered new binding: Up 1 - W
14:25:43.050 [JavaFX Application Thread] DEBUG Input                - Registered new binding: Down 1 - S
14:25:43.050 [JavaFX Application Thread] DEBUG Input                - Registered new binding: Right 1 - D
14:25:43.050 [JavaFX Application Thread] DEBUG Input                - Registered new binding: Left 1 - A
14:25:43.051 [JavaFX Application Thread] DEBUG Input                - Registered new binding: Click - LMB
14:25:43.052 [JavaFX Application Thread] DEBUG Input                - Registered new binding: Rightclick - RMB
14:25:43.052 [JavaFX Application Thread] DEBUG Input                - Registered new binding: Tab - Tab
14:25:43.085 [JavaFX Application Thread] DEBUG GameApplication      - Starting main loop
14:25:43.097 [JavaFX Application Thread] DEBUG StartupState         - STARTUP
14:25:43.097 [JavaFX Application Thread] DEBUG GameApplication      - Starting new game
14:25:43.097 [JavaFX Application Thread] DEBUG Input                - Clearing active input actions
14:25:43.106 [JavaFX Application Thread] DEBUG AppStateMachine      - StartupState -> LoadingState
14:25:43.111 [FXGL Background Thread 1 ] DEBUG InitAppTask          - Clearing previous game
14:25:43.111 [FXGL Background Thread 1 ] DEBUG GameWorld            - Clearing game world
14:25:43.111 [FXGL Background Thread 1 ] DEBUG PhysicsWorld         - Clearing physics world
14:25:43.111 [FXGL Background Thread 1 ] DEBUG GameScene            - Clearing game scene
14:25:43.113 [FXGL Background Thread 1 ] DEBUG InitAppTask          - Initializing Game
14:25:43.117 [FXGL Background Thread 1 ] DEBUG InitAppTask          - Initializing Physics
14:25:43.118 [FXGL Background Thread 1 ] DEBUG InitAppTask          - Initializing UI
14:25:43.119 [FXGL Background Thread 1 ] DEBUG AssetLoader          - Loading from disk: /assets/ui/login.fxml
14:25:44.215 [FXGL Background Thread 1 ] DEBUG AssetLoader          - Loading from disk: /assets/textures/ui/default.png
14:25:44.216 [FXGL Background Thread 1 ] DEBUG AssetLoader          - Loading from disk: /assets/ui/mainpanel.fxml
14:25:44.229 [JavaFX Application Thread] DEBUG GameApplication      - Exiting game application
14:25:44.229 [JavaFX Application Thread] DEBUG GameApplication      - Shutting down background threads
14:25:44.229 [JavaFX Application Thread] DEBUG GameApplication      - Exiting FXGL
14:25:44.229 [JavaFX Application Thread] DEBUG FXGL                 - Saving FXGL system data
14:25:44.231 [JavaFX Application Thread] DEBUG DesktopFSService     - Writing to: system/fxgl.bundle
14:25:44.234 [JavaFX Application Thread] DEBUG GameApplication      - Closing logger and exiting JavaFX
