03:21:42.875 [JavaFX Application Thread] DEBUG GameApplication      - Logger initialized
03:21:42.881 [JavaFX Application Thread] DEBUG MainWindow           - Creating a JavaFX scene
03:21:43.006 [JavaFX Application Thread] DEBUG MainWindow           - Target settings size: 1024.0 x 860.0
03:21:43.007 [JavaFX Application Thread] DEBUG MainWindow           - Scaled scene size:    1024.0 x 860.0
03:21:43.007 [JavaFX Application Thread] DEBUG MainWindow           - Scaled ratio: (1.0, 1.0)
03:21:43.012 [JavaFX Application Thread] DEBUG GameApplication      - Starting FXGL
03:21:43.017 [JavaFX Application Thread] INFO  FXGL                 - FXGL-0.5.3 on DESKTOP
03:21:43.017 [JavaFX Application Thread] INFO  FXGL                 - Source code and latest versions at: https://github.com/AlmasB/FXGL
03:21:43.018 [JavaFX Application Thread] INFO  FXGL                 -              Join the FXGL chat at: https://gitter.im/AlmasB/FXGL
03:21:43.026 [JavaFX Application Thread] DEBUG FS                   - Loaded DesktopFSService
03:21:43.027 [JavaFX Application Thread] DEBUG FXGL                 - Loading FXGL system data
03:21:43.032 [JavaFX Application Thread] DEBUG DesktopFSService     - Reading from: system/fxgl.bundle
03:21:43.039 [JavaFX Application Thread] DEBUG Bundle               - Logging bundle: FXGL
03:21:43.040 [JavaFX Application Thread] DEBUG Bundle               - FXGL.offline.timer.version.check=2019-01-23T12:24:56.214
03:21:43.063 [JavaFX Application Thread] DEBUG GameApplication      - FXGL started
03:21:43.063 [JavaFX Application Thread] DEBUG GameApplication      - Logging game settings
Title: Basic Game App
Version: 0.0
Width: 1024
Height: 860
Fullscreen: false
Intro: false
Menus: false
Profiling: false
Single step:false
App Mode: DEVELOPER
Menu Key: ESCAPE
Stage Style: DECORATED
Scene Factory: class com.almasb.fxgl.scene.SceneFactory
Dialog Factory: class com.almasb.fxgl.ui.FXGLDialogFactory
UI Factory: class com.almasb.fxgl.ui.FXGLUIFactory
Notification Service: class com.almasb.fxgl.gameplay.notification.XboxNotificationView
Exception Handler: class com.almasb.fxgl.app.FXGLExceptionHandler
03:21:43.064 [JavaFX Application Thread] DEBUG GameApplication      - Configuring GameApplication
03:21:43.064 [JavaFX Application Thread] DEBUG GameApplication      - Initializing state machine and application states
03:21:43.084 [JavaFX Application Thread] DEBUG AssetLoader          - Loading from disk: /assets/ui/cursors/fxgl_default.png
03:21:43.107 [JavaFX Application Thread] DEBUG AssetLoader          - Loading from disk: /assets/ui/cursors/fxgl_default.png
03:21:43.140 [JavaFX Application Thread] DEBUG FXGLAssets           - Loading FXGLAssets
03:21:43.164 [JavaFX Application Thread] DEBUG AssetLoader          - Loading from disk: /assets/ui/fonts/VarelaRound-Regular.ttf
03:21:43.177 [JavaFX Application Thread] DEBUG AssetLoader          - Loading from disk: /assets/ui/fonts/lucida_console.ttf
03:21:43.180 [JavaFX Application Thread] DEBUG AssetLoader          - Loading from disk: /assets/ui/fonts/Courier-Prime.ttf
03:21:43.182 [JavaFX Application Thread] DEBUG AssetLoader          - Loading from disk: /assets/ui/fonts/Abel-Regular.ttf
03:21:43.184 [JavaFX Application Thread] DEBUG AssetLoader          - Loading from disk: /assets/ui/css/fxgl_dark.css
03:21:43.212 [JavaFX Application Thread] DEBUG AssetLoader          - Loading from disk: /assets/ui/cursors/fxgl_default.png
03:21:43.245 [JavaFX Application Thread] DEBUG AssetLoader          - Loading from disk: /assets/ui/cursors/fxgl_default.png
03:21:43.265 [JavaFX Application Thread] DEBUG GameScene            - Game scene initialized: 1024x860
03:21:43.268 [JavaFX Application Thread] DEBUG GameWorld            - Game world initialized
03:21:43.305 [JavaFX Application Thread] DEBUG PhysicsWorld         - Physics world initialized: appHeight=860, physics.ppm=50.0
03:21:43.321 [JavaFX Application Thread] DEBUG Input                - Registered new binding: Pause - Esc
03:21:43.338 [JavaFX Application Thread] DEBUG Input                - Clearing active input actions
03:21:43.380 [JavaFX Application Thread] DEBUG AppStateMachine      - StartupState -> StartupState
03:21:43.384 [JavaFX Application Thread] INFO  GameApplication      - Game configuration took:  0.320 sec
03:21:43.385 [JavaFX Application Thread] DEBUG AssetLoader          - Loading from disk: /assets/textures/fxgl_icon.png
03:21:43.401 [JavaFX Application Thread] DEBUG MainWindow           - Opening main window
03:21:43.474 [JavaFX Application Thread] DEBUG MainWindow           - Window border size: (0.0, 0.0)
03:21:43.475 [JavaFX Application Thread] DEBUG MainWindow           - Scaled size: 1024.0 x 860.0
03:21:43.475 [JavaFX Application Thread] DEBUG MainWindow           - Scaled ratio: (1.0, 1.0)
03:21:43.475 [JavaFX Application Thread] DEBUG MainWindow           - Scene size: 1024.0 x 860.0
03:21:43.475 [JavaFX Application Thread] DEBUG MainWindow           - Stage size: 1024.0 x 860.0
03:21:43.475 [JavaFX Application Thread] DEBUG GameApplication      - Running preInit()
03:21:43.477 [JavaFX Application Thread] DEBUG Input                - Registered new binding: Screenshot - P
03:21:43.477 [JavaFX Application Thread] DEBUG Input                - Registered new binding: Dev Options - CTRL+0
03:21:43.478 [JavaFX Application Thread] DEBUG Input                - Registered new binding: System info dump - CTRL+9
03:21:43.478 [JavaFX Application Thread] DEBUG Input                - Registered new binding: Restart - CTRL+R
03:21:43.478 [JavaFX Application Thread] DEBUG Input                - Registered new binding: Up 1 - W
03:21:43.479 [JavaFX Application Thread] DEBUG Input                - Registered new binding: Down 1 - S
03:21:43.479 [JavaFX Application Thread] DEBUG Input                - Registered new binding: Right 1 - D
03:21:43.479 [JavaFX Application Thread] DEBUG Input                - Registered new binding: Left 1 - A
03:21:43.508 [JavaFX Application Thread] DEBUG GameApplication      - Starting main loop
03:21:43.518 [JavaFX Application Thread] DEBUG StartupState         - STARTUP
03:21:43.518 [JavaFX Application Thread] DEBUG GameApplication      - Starting new game
03:21:43.519 [JavaFX Application Thread] DEBUG Input                - Clearing active input actions
03:21:43.526 [JavaFX Application Thread] DEBUG AppStateMachine      - StartupState -> LoadingState
03:21:43.531 [FXGL Background Thread 1 ] DEBUG InitAppTask          - Clearing previous game
03:21:43.531 [FXGL Background Thread 1 ] DEBUG GameWorld            - Clearing game world
03:21:43.531 [FXGL Background Thread 1 ] DEBUG PhysicsWorld         - Clearing physics world
03:21:43.532 [FXGL Background Thread 1 ] DEBUG GameScene            - Clearing game scene
03:21:43.533 [FXGL Background Thread 1 ] DEBUG InitAppTask          - Initializing Game
03:21:43.537 [FXGL Background Thread 1 ] DEBUG InitAppTask          - Initializing Physics
03:21:43.537 [FXGL Background Thread 1 ] DEBUG InitAppTask          - Initializing UI
03:21:43.538 [FXGL Background Thread 1 ] DEBUG AssetLoader          - Loading from disk: /assets/ui/login.fxml
03:21:43.605 [FXGL Background Thread 1 ] DEBUG InitAppTask          - Initialization Complete
03:21:43.605 [FXGL Background Thread 1 ] INFO  InitAppTask          - Game initialization took: 0.074 sec
03:21:43.631 [JavaFX Application Thread] DEBUG Input                - Clearing active input actions
03:21:43.643 [JavaFX Application Thread] DEBUG AppStateMachine      - LoadingState -> PlayState
03:21:49.698 [JavaFX Application Thread] FATAL GameApplication      - Uncaught Exception:

Fatal exception occurred: java.lang.NullPointerException : null
E: client.Screen$6.onAction(Screen.java:179)
E: com.almasb.fxgl.input.UserAction.fireAction(UserAction.java:80)
E: com.almasb.fxgl.input.Input.update(Input.kt:144)
E: com.almasb.fxgl.app.State.update(State.java:71)
E: com.almasb.fxgl.app.AppStateMachine.onUpdate(AppStateMachine.java:100)
E: com.almasb.fxgl.app.GameApplication.stepLoop(GameApplication.java:382)
E: com.almasb.fxgl.app.GameApplication$2.handle(GameApplication.java:348)
E: javafx.animation.AnimationTimer$AnimationTimerReceiver.lambda$handle$0(AnimationTimer.java:57)
E: java.security.AccessController.doPrivileged(Native Method)
E: javafx.animation.AnimationTimer$AnimationTimerReceiver.handle(AnimationTimer.java:56)
E: com.sun.scenario.animation.AbstractMasterTimer.timePulseImpl(AbstractMasterTimer.java:357)
E: com.sun.scenario.animation.AbstractMasterTimer$MainLoop.run(AbstractMasterTimer.java:267)
E: com.sun.javafx.tk.quantum.QuantumToolkit.pulse(QuantumToolkit.java:514)
E: com.sun.javafx.tk.quantum.QuantumToolkit.pulse(QuantumToolkit.java:498)
E: com.sun.javafx.tk.quantum.QuantumToolkit.pulseFromQueue(QuantumToolkit.java:491)
E: com.sun.javafx.tk.quantum.QuantumToolkit.lambda$runToolkit$11(QuantumToolkit.java:319)
E: com.sun.glass.ui.InvokeLaterDispatcher$Future.run(InvokeLaterDispatcher.java:95)
E: com.sun.glass.ui.gtk.GtkApplication._runLoop(Native Method)
E: com.sun.glass.ui.gtk.GtkApplication.lambda$null$5(GtkApplication.java:139)
E: java.lang.Thread.run(Thread.java:748)

03:21:49.699 [JavaFX Application Thread] FATAL GameApplication      - Application will now exit
03:21:49.699 [JavaFX Application Thread] DEBUG GameApplication      - Stopping main loop
03:21:51.526 [JavaFX Application Thread] DEBUG GameApplication      - Exiting game application
03:21:51.527 [JavaFX Application Thread] DEBUG GameApplication      - Shutting down background threads
03:21:51.527 [JavaFX Application Thread] DEBUG GameApplication      - Exiting FXGL
03:21:51.527 [JavaFX Application Thread] DEBUG FXGL                 - Saving FXGL system data
03:21:51.531 [JavaFX Application Thread] DEBUG DesktopFSService     - Writing to: system/fxgl.bundle
03:21:51.534 [JavaFX Application Thread] DEBUG GameApplication      - Closing logger and exiting JavaFX
