15:57:40.454 [JavaFX Application Thread] DEBUG GameApplication      - Logger initialized
15:57:40.462 [JavaFX Application Thread] DEBUG MainWindow           - Creating a JavaFX scene
15:57:40.596 [JavaFX Application Thread] DEBUG MainWindow           - Target settings size: 1024.0 x 860.0
15:57:40.597 [JavaFX Application Thread] DEBUG MainWindow           - Scaled scene size:    1024.0 x 860.0
15:57:40.597 [JavaFX Application Thread] DEBUG MainWindow           - Scaled ratio: (1.0, 1.0)
15:57:40.603 [JavaFX Application Thread] DEBUG GameApplication      - Starting FXGL
15:57:40.609 [JavaFX Application Thread] INFO  FXGL                 - FXGL-0.5.3 on DESKTOP
15:57:40.609 [JavaFX Application Thread] INFO  FXGL                 - Source code and latest versions at: https://github.com/AlmasB/FXGL
15:57:40.609 [JavaFX Application Thread] INFO  FXGL                 -              Join the FXGL chat at: https://gitter.im/AlmasB/FXGL
15:57:40.616 [JavaFX Application Thread] DEBUG FS                   - Loaded DesktopFSService
15:57:40.617 [JavaFX Application Thread] DEBUG FXGL                 - Loading FXGL system data
15:57:40.622 [JavaFX Application Thread] DEBUG DesktopFSService     - Reading from: system/fxgl.bundle
15:57:40.631 [JavaFX Application Thread] DEBUG Bundle               - Logging bundle: FXGL
15:57:40.632 [JavaFX Application Thread] DEBUG Bundle               - FXGL.offline.timer.version.check=2019-01-23T12:24:56.214
15:57:40.656 [JavaFX Application Thread] DEBUG GameApplication      - FXGL started
15:57:40.656 [JavaFX Application Thread] DEBUG GameApplication      - Logging game settings
Title: Basic Game App
Version: 0.0
Width: 1024
Height: 860
Fullscreen: false
Intro: false
Menus: false
Profiling: false
Single step:false
App Mode: DEVELOPER
Menu Key: ESCAPE
Stage Style: DECORATED
Scene Factory: class com.almasb.fxgl.scene.SceneFactory
Dialog Factory: class com.almasb.fxgl.ui.FXGLDialogFactory
UI Factory: class com.almasb.fxgl.ui.FXGLUIFactory
Notification Service: class com.almasb.fxgl.gameplay.notification.XboxNotificationView
Exception Handler: class com.almasb.fxgl.app.FXGLExceptionHandler
15:57:40.657 [JavaFX Application Thread] DEBUG GameApplication      - Configuring GameApplication
15:57:40.657 [JavaFX Application Thread] DEBUG GameApplication      - Initializing state machine and application states
15:57:40.679 [JavaFX Application Thread] DEBUG AssetLoader          - Loading from disk: /assets/ui/cursors/fxgl_default.png
15:57:40.702 [JavaFX Application Thread] DEBUG AssetLoader          - Loading from disk: /assets/ui/cursors/fxgl_default.png
15:57:40.734 [JavaFX Application Thread] DEBUG FXGLAssets           - Loading FXGLAssets
15:57:40.760 [JavaFX Application Thread] DEBUG AssetLoader          - Loading from disk: /assets/ui/fonts/VarelaRound-Regular.ttf
15:57:40.772 [JavaFX Application Thread] DEBUG AssetLoader          - Loading from disk: /assets/ui/fonts/lucida_console.ttf
15:57:40.774 [JavaFX Application Thread] DEBUG AssetLoader          - Loading from disk: /assets/ui/fonts/Courier-Prime.ttf
15:57:40.776 [JavaFX Application Thread] DEBUG AssetLoader          - Loading from disk: /assets/ui/fonts/Abel-Regular.ttf
15:57:40.778 [JavaFX Application Thread] DEBUG AssetLoader          - Loading from disk: /assets/ui/css/fxgl_dark.css
15:57:40.807 [JavaFX Application Thread] DEBUG AssetLoader          - Loading from disk: /assets/ui/cursors/fxgl_default.png
15:57:40.840 [JavaFX Application Thread] DEBUG AssetLoader          - Loading from disk: /assets/ui/cursors/fxgl_default.png
15:57:40.860 [JavaFX Application Thread] DEBUG GameScene            - Game scene initialized: 1024x860
15:57:40.863 [JavaFX Application Thread] DEBUG GameWorld            - Game world initialized
15:57:40.901 [JavaFX Application Thread] DEBUG PhysicsWorld         - Physics world initialized: appHeight=860, physics.ppm=50.0
15:57:40.917 [JavaFX Application Thread] DEBUG Input                - Registered new binding: Pause - Esc
15:57:40.934 [JavaFX Application Thread] DEBUG Input                - Clearing active input actions
15:57:40.977 [JavaFX Application Thread] DEBUG AppStateMachine      - StartupState -> StartupState
15:57:40.981 [JavaFX Application Thread] INFO  GameApplication      - Game configuration took:  0.324 sec
15:57:40.983 [JavaFX Application Thread] DEBUG AssetLoader          - Loading from disk: /assets/textures/fxgl_icon.png
15:57:41.002 [JavaFX Application Thread] DEBUG MainWindow           - Opening main window
15:57:41.076 [JavaFX Application Thread] DEBUG MainWindow           - Window border size: (0.0, 0.0)
15:57:41.076 [JavaFX Application Thread] DEBUG MainWindow           - Scaled size: 1024.0 x 860.0
15:57:41.076 [JavaFX Application Thread] DEBUG MainWindow           - Scaled ratio: (1.0, 1.0)
15:57:41.077 [JavaFX Application Thread] DEBUG MainWindow           - Scene size: 1024.0 x 860.0
15:57:41.077 [JavaFX Application Thread] DEBUG MainWindow           - Stage size: 1024.0 x 860.0
15:57:41.077 [JavaFX Application Thread] DEBUG GameApplication      - Running preInit()
15:57:41.078 [JavaFX Application Thread] DEBUG Input                - Registered new binding: Screenshot - P
15:57:41.079 [JavaFX Application Thread] DEBUG Input                - Registered new binding: Dev Options - CTRL+0
15:57:41.079 [JavaFX Application Thread] DEBUG Input                - Registered new binding: System info dump - CTRL+9
15:57:41.080 [JavaFX Application Thread] DEBUG Input                - Registered new binding: Restart - CTRL+R
15:57:41.080 [JavaFX Application Thread] DEBUG Input                - Registered new binding: Up 1 - W
15:57:41.080 [JavaFX Application Thread] DEBUG Input                - Registered new binding: Down 1 - S
15:57:41.080 [JavaFX Application Thread] DEBUG Input                - Registered new binding: Right 1 - D
15:57:41.081 [JavaFX Application Thread] DEBUG Input                - Registered new binding: Left 1 - A
15:57:41.109 [JavaFX Application Thread] DEBUG GameApplication      - Starting main loop
15:57:41.117 [JavaFX Application Thread] DEBUG StartupState         - STARTUP
15:57:41.117 [JavaFX Application Thread] DEBUG GameApplication      - Starting new game
15:57:41.117 [JavaFX Application Thread] DEBUG Input                - Clearing active input actions
15:57:41.124 [JavaFX Application Thread] DEBUG AppStateMachine      - StartupState -> LoadingState
15:57:41.128 [FXGL Background Thread 1 ] DEBUG InitAppTask          - Clearing previous game
15:57:41.128 [FXGL Background Thread 1 ] DEBUG GameWorld            - Clearing game world
15:57:41.129 [FXGL Background Thread 1 ] DEBUG PhysicsWorld         - Clearing physics world
15:57:41.129 [FXGL Background Thread 1 ] DEBUG GameScene            - Clearing game scene
15:57:41.130 [FXGL Background Thread 1 ] DEBUG InitAppTask          - Initializing Game
15:57:41.134 [FXGL Background Thread 1 ] DEBUG InitAppTask          - Initializing Physics
15:57:41.134 [FXGL Background Thread 1 ] DEBUG InitAppTask          - Initializing UI
15:57:41.135 [FXGL Background Thread 1 ] DEBUG AssetLoader          - Loading from disk: /assets/ui/login.fxml
15:57:41.208 [FXGL Background Thread 1 ] DEBUG InitAppTask          - Initialization Complete
15:57:41.209 [FXGL Background Thread 1 ] INFO  InitAppTask          - Game initialization took: 0.080 sec
15:57:41.237 [JavaFX Application Thread] DEBUG Input                - Clearing active input actions
15:57:41.250 [JavaFX Application Thread] DEBUG AppStateMachine      - LoadingState -> PlayState
15:57:45.563 [JavaFX Application Thread] DEBUG GameScene            - Creating render group for layer: DEFAULT(100000)
15:57:45.569 [JavaFX Application Thread] DEBUG AssetLoader          - Loading from disk: /assets/tmx/ult.tmx
15:57:45.575 [JavaFX Application Thread] WARN  TMXParser            - TiledMap generated from 1.2.1. Supported version: 1.1.2. Some features may not be parsed fully.
15:57:45.587 [JavaFX Application Thread] DEBUG GameWorld            - Clearing removable entities
15:57:45.589 [JavaFX Application Thread] DEBUG GameWorld            - Setting level from map
15:57:45.591 [JavaFX Application Thread] DEBUG AssetLoader          - Loading from disk: /assets/textures/grass-tiles-2-small-1.png
15:57:45.597 [JavaFX Application Thread] DEBUG AssetLoader          - Loading from cache: /assets/textures/grass-tiles-2-small-1.png
15:57:45.597 [JavaFX Application Thread] DEBUG AssetLoader          - Loading from cache: /assets/textures/grass-tiles-2-small-1.png
15:57:45.598 [JavaFX Application Thread] DEBUG AssetLoader          - Loading from cache: /assets/textures/grass-tiles-2-small-1.png
15:57:45.598 [JavaFX Application Thread] DEBUG AssetLoader          - Loading from cache: /assets/textures/grass-tiles-2-small-1.png
15:57:45.598 [JavaFX Application Thread] DEBUG AssetLoader          - Loading from cache: /assets/textures/grass-tiles-2-small-1.png
15:57:45.598 [JavaFX Application Thread] DEBUG AssetLoader          - Loading from cache: /assets/textures/grass-tiles-2-small-1.png
15:57:45.598 [JavaFX Application Thread] DEBUG AssetLoader          - Loading from cache: /assets/textures/grass-tiles-2-small-1.png
15:57:45.598 [JavaFX Application Thread] DEBUG AssetLoader          - Loading from cache: /assets/textures/grass-tiles-2-small-1.png
15:57:45.598 [JavaFX Application Thread] DEBUG AssetLoader          - Loading from cache: /assets/textures/grass-tiles-2-small-1.png
15:57:45.599 [JavaFX Application Thread] DEBUG AssetLoader          - Loading from cache: /assets/textures/grass-tiles-2-small-1.png
15:57:45.599 [JavaFX Application Thread] DEBUG AssetLoader          - Loading from cache: /assets/textures/grass-tiles-2-small-1.png
15:57:45.599 [JavaFX Application Thread] DEBUG AssetLoader          - Loading from cache: /assets/textures/grass-tiles-2-small-1.png
15:57:45.599 [JavaFX Application Thread] DEBUG AssetLoader          - Loading from cache: /assets/textures/grass-tiles-2-small-1.png
15:57:45.599 [JavaFX Application Thread] DEBUG AssetLoader          - Loading from cache: /assets/textures/grass-tiles-2-small-1.png
15:57:45.599 [JavaFX Application Thread] DEBUG AssetLoader          - Loading from cache: /assets/textures/grass-tiles-2-small-1.png
15:57:45.599 [JavaFX Application Thread] DEBUG AssetLoader          - Loading from cache: /assets/textures/grass-tiles-2-small-1.png
15:57:45.599 [JavaFX Application Thread] DEBUG AssetLoader          - Loading from cache: /assets/textures/grass-tiles-2-small-1.png
15:57:45.600 [JavaFX Application Thread] DEBUG AssetLoader          - Loading from cache: /assets/textures/grass-tiles-2-small-1.png
15:57:45.600 [JavaFX Application Thread] DEBUG AssetLoader          - Loading from cache: /assets/textures/grass-tiles-2-small-1.png
15:57:45.600 [JavaFX Application Thread] DEBUG AssetLoader          - Loading from cache: /assets/textures/grass-tiles-2-small-1.png
15:57:45.600 [JavaFX Application Thread] DEBUG AssetLoader          - Loading from cache: /assets/textures/grass-tiles-2-small-1.png
15:57:45.600 [JavaFX Application Thread] DEBUG AssetLoader          - Loading from cache: /assets/textures/grass-tiles-2-small-1.png
15:57:45.600 [JavaFX Application Thread] DEBUG AssetLoader          - Loading from cache: /assets/textures/grass-tiles-2-small-1.png
15:57:45.601 [JavaFX Application Thread] DEBUG AssetLoader          - Loading from cache: /assets/textures/grass-tiles-2-small-1.png
15:57:45.601 [JavaFX Application Thread] DEBUG AssetLoader          - Loading from cache: /assets/textures/grass-tiles-2-small-1.png
15:57:45.601 [JavaFX Application Thread] DEBUG AssetLoader          - Loading from cache: /assets/textures/grass-tiles-2-small-1.png
15:57:45.601 [JavaFX Application Thread] DEBUG AssetLoader          - Loading from cache: /assets/textures/grass-tiles-2-small-1.png
15:57:45.601 [JavaFX Application Thread] DEBUG AssetLoader          - Loading from cache: /assets/textures/grass-tiles-2-small-1.png
15:57:45.601 [JavaFX Application Thread] DEBUG AssetLoader          - Loading from cache: /assets/textures/grass-tiles-2-small-1.png
15:57:45.602 [JavaFX Application Thread] DEBUG AssetLoader          - Loading from cache: /assets/textures/grass-tiles-2-small-1.png
15:57:45.602 [JavaFX Application Thread] DEBUG AssetLoader          - Loading from cache: /assets/textures/grass-tiles-2-small-1.png
15:57:45.602 [JavaFX Application Thread] DEBUG AssetLoader          - Loading from cache: /assets/textures/grass-tiles-2-small-1.png
15:57:45.602 [JavaFX Application Thread] DEBUG AssetLoader          - Loading from cache: /assets/textures/grass-tiles-2-small-1.png
15:57:45.602 [JavaFX Application Thread] DEBUG AssetLoader          - Loading from cache: /assets/textures/grass-tiles-2-small-1.png
15:57:45.602 [JavaFX Application Thread] DEBUG AssetLoader          - Loading from cache: /assets/textures/grass-tiles-2-small-1.png
15:57:45.602 [JavaFX Application Thread] DEBUG AssetLoader          - Loading from cache: /assets/textures/grass-tiles-2-small-1.png
15:57:45.602 [JavaFX Application Thread] DEBUG AssetLoader          - Loading from cache: /assets/textures/grass-tiles-2-small-1.png
15:57:45.603 [JavaFX Application Thread] DEBUG AssetLoader          - Loading from cache: /assets/textures/grass-tiles-2-small-1.png
15:57:45.603 [JavaFX Application Thread] DEBUG AssetLoader          - Loading from cache: /assets/textures/grass-tiles-2-small-1.png
15:57:45.603 [JavaFX Application Thread] DEBUG AssetLoader          - Loading from cache: /assets/textures/grass-tiles-2-small-1.png
15:57:45.603 [JavaFX Application Thread] DEBUG AssetLoader          - Loading from cache: /assets/textures/grass-tiles-2-small-1.png
15:57:45.603 [JavaFX Application Thread] DEBUG AssetLoader          - Loading from cache: /assets/textures/grass-tiles-2-small-1.png
15:57:45.603 [JavaFX Application Thread] DEBUG AssetLoader          - Loading from cache: /assets/textures/grass-tiles-2-small-1.png
15:57:45.603 [JavaFX Application Thread] DEBUG AssetLoader          - Loading from cache: /assets/textures/grass-tiles-2-small-1.png
15:57:45.604 [JavaFX Application Thread] DEBUG AssetLoader          - Loading from cache: /assets/textures/grass-tiles-2-small-1.png
15:57:45.604 [JavaFX Application Thread] DEBUG AssetLoader          - Loading from cache: /assets/textures/grass-tiles-2-small-1.png
15:57:45.604 [JavaFX Application Thread] DEBUG AssetLoader          - Loading from cache: /assets/textures/grass-tiles-2-small-1.png
15:57:45.604 [JavaFX Application Thread] DEBUG AssetLoader          - Loading from cache: /assets/textures/grass-tiles-2-small-1.png
15:57:45.604 [JavaFX Application Thread] DEBUG AssetLoader          - Loading from cache: /assets/textures/grass-tiles-2-small-1.png
15:57:45.604 [JavaFX Application Thread] DEBUG AssetLoader          - Loading from cache: /assets/textures/grass-tiles-2-small-1.png
15:57:45.604 [JavaFX Application Thread] DEBUG AssetLoader          - Loading from cache: /assets/textures/grass-tiles-2-small-1.png
15:57:45.604 [JavaFX Application Thread] DEBUG AssetLoader          - Loading from cache: /assets/textures/grass-tiles-2-small-1.png
15:57:45.605 [JavaFX Application Thread] DEBUG AssetLoader          - Loading from cache: /assets/textures/grass-tiles-2-small-1.png
15:57:45.605 [JavaFX Application Thread] DEBUG AssetLoader          - Loading from cache: /assets/textures/grass-tiles-2-small-1.png
15:57:45.605 [JavaFX Application Thread] DEBUG AssetLoader          - Loading from cache: /assets/textures/grass-tiles-2-small-1.png
15:57:45.605 [JavaFX Application Thread] DEBUG AssetLoader          - Loading from cache: /assets/textures/grass-tiles-2-small-1.png
15:57:45.605 [JavaFX Application Thread] DEBUG AssetLoader          - Loading from cache: /assets/textures/grass-tiles-2-small-1.png
15:57:45.605 [JavaFX Application Thread] DEBUG AssetLoader          - Loading from cache: /assets/textures/grass-tiles-2-small-1.png
15:57:45.605 [JavaFX Application Thread] DEBUG AssetLoader          - Loading from cache: /assets/textures/grass-tiles-2-small-1.png
15:57:45.605 [JavaFX Application Thread] DEBUG AssetLoader          - Loading from cache: /assets/textures/grass-tiles-2-small-1.png
15:57:45.606 [JavaFX Application Thread] DEBUG AssetLoader          - Loading from cache: /assets/textures/grass-tiles-2-small-1.png
15:57:45.606 [JavaFX Application Thread] DEBUG AssetLoader          - Loading from cache: /assets/textures/grass-tiles-2-small-1.png
15:57:45.606 [JavaFX Application Thread] DEBUG AssetLoader          - Loading from cache: /assets/textures/grass-tiles-2-small-1.png
15:57:45.606 [JavaFX Application Thread] DEBUG AssetLoader          - Loading from cache: /assets/textures/grass-tiles-2-small-1.png
15:57:45.606 [JavaFX Application Thread] DEBUG AssetLoader          - Loading from cache: /assets/textures/grass-tiles-2-small-1.png
15:57:45.606 [JavaFX Application Thread] DEBUG AssetLoader          - Loading from cache: /assets/textures/grass-tiles-2-small-1.png
15:57:45.606 [JavaFX Application Thread] DEBUG AssetLoader          - Loading from cache: /assets/textures/grass-tiles-2-small-1.png
15:57:45.606 [JavaFX Application Thread] DEBUG AssetLoader          - Loading from cache: /assets/textures/grass-tiles-2-small-1.png
15:57:45.607 [JavaFX Application Thread] DEBUG AssetLoader          - Loading from cache: /assets/textures/grass-tiles-2-small-1.png
15:57:45.607 [JavaFX Application Thread] DEBUG AssetLoader          - Loading from cache: /assets/textures/grass-tiles-2-small-1.png
15:57:45.607 [JavaFX Application Thread] DEBUG AssetLoader          - Loading from cache: /assets/textures/grass-tiles-2-small-1.png
15:57:45.607 [JavaFX Application Thread] DEBUG AssetLoader          - Loading from cache: /assets/textures/grass-tiles-2-small-1.png
15:57:45.607 [JavaFX Application Thread] DEBUG AssetLoader          - Loading from cache: /assets/textures/grass-tiles-2-small-1.png
15:57:45.607 [JavaFX Application Thread] DEBUG AssetLoader          - Loading from cache: /assets/textures/grass-tiles-2-small-1.png
15:57:45.607 [JavaFX Application Thread] DEBUG AssetLoader          - Loading from cache: /assets/textures/grass-tiles-2-small-1.png
15:57:45.607 [JavaFX Application Thread] DEBUG AssetLoader          - Loading from cache: /assets/textures/grass-tiles-2-small-1.png
15:57:45.607 [JavaFX Application Thread] DEBUG AssetLoader          - Loading from cache: /assets/textures/grass-tiles-2-small-1.png
15:57:45.607 [JavaFX Application Thread] DEBUG AssetLoader          - Loading from cache: /assets/textures/grass-tiles-2-small-1.png
15:57:45.608 [JavaFX Application Thread] DEBUG AssetLoader          - Loading from cache: /assets/textures/grass-tiles-2-small-1.png
15:57:45.608 [JavaFX Application Thread] DEBUG AssetLoader          - Loading from cache: /assets/textures/grass-tiles-2-small-1.png
15:57:45.608 [JavaFX Application Thread] DEBUG AssetLoader          - Loading from cache: /assets/textures/grass-tiles-2-small-1.png
15:57:45.608 [JavaFX Application Thread] DEBUG AssetLoader          - Loading from cache: /assets/textures/grass-tiles-2-small-1.png
15:57:45.608 [JavaFX Application Thread] DEBUG AssetLoader          - Loading from cache: /assets/textures/grass-tiles-2-small-1.png
15:57:45.608 [JavaFX Application Thread] DEBUG AssetLoader          - Loading from cache: /assets/textures/grass-tiles-2-small-1.png
15:57:45.608 [JavaFX Application Thread] DEBUG AssetLoader          - Loading from cache: /assets/textures/grass-tiles-2-small-1.png
15:57:45.608 [JavaFX Application Thread] DEBUG AssetLoader          - Loading from cache: /assets/textures/grass-tiles-2-small-1.png
15:57:45.609 [JavaFX Application Thread] DEBUG AssetLoader          - Loading from cache: /assets/textures/grass-tiles-2-small-1.png
15:57:45.609 [JavaFX Application Thread] DEBUG AssetLoader          - Loading from cache: /assets/textures/grass-tiles-2-small-1.png
15:57:45.609 [JavaFX Application Thread] DEBUG AssetLoader          - Loading from cache: /assets/textures/grass-tiles-2-small-1.png
15:57:45.609 [JavaFX Application Thread] DEBUG AssetLoader          - Loading from cache: /assets/textures/grass-tiles-2-small-1.png
15:57:45.609 [JavaFX Application Thread] DEBUG AssetLoader          - Loading from cache: /assets/textures/grass-tiles-2-small-1.png
15:57:45.609 [JavaFX Application Thread] DEBUG AssetLoader          - Loading from cache: /assets/textures/grass-tiles-2-small-1.png
15:57:45.609 [JavaFX Application Thread] DEBUG AssetLoader          - Loading from cache: /assets/textures/grass-tiles-2-small-1.png
15:57:45.609 [JavaFX Application Thread] DEBUG AssetLoader          - Loading from cache: /assets/textures/grass-tiles-2-small-1.png
15:57:45.610 [JavaFX Application Thread] DEBUG AssetLoader          - Loading from cache: /assets/textures/grass-tiles-2-small-1.png
15:57:45.610 [JavaFX Application Thread] DEBUG AssetLoader          - Loading from cache: /assets/textures/grass-tiles-2-small-1.png
15:57:45.610 [JavaFX Application Thread] DEBUG AssetLoader          - Loading from cache: /assets/textures/grass-tiles-2-small-1.png
15:57:45.610 [JavaFX Application Thread] DEBUG AssetLoader          - Loading from cache: /assets/textures/grass-tiles-2-small-1.png
15:57:45.610 [JavaFX Application Thread] DEBUG AssetLoader          - Loading from cache: /assets/textures/grass-tiles-2-small-1.png
15:57:45.610 [JavaFX Application Thread] DEBUG AssetLoader          - Loading from cache: /assets/textures/grass-tiles-2-small-1.png
15:57:45.610 [JavaFX Application Thread] DEBUG AssetLoader          - Loading from cache: /assets/textures/grass-tiles-2-small-1.png
15:57:45.610 [JavaFX Application Thread] DEBUG AssetLoader          - Loading from cache: /assets/textures/grass-tiles-2-small-1.png
15:57:45.610 [JavaFX Application Thread] DEBUG AssetLoader          - Loading from cache: /assets/textures/grass-tiles-2-small-1.png
15:57:45.611 [JavaFX Application Thread] DEBUG AssetLoader          - Loading from cache: /assets/textures/grass-tiles-2-small-1.png
15:57:45.611 [JavaFX Application Thread] DEBUG AssetLoader          - Loading from cache: /assets/textures/grass-tiles-2-small-1.png
15:57:45.611 [JavaFX Application Thread] DEBUG AssetLoader          - Loading from cache: /assets/textures/grass-tiles-2-small-1.png
15:57:45.611 [JavaFX Application Thread] DEBUG AssetLoader          - Loading from cache: /assets/textures/grass-tiles-2-small-1.png
15:57:45.611 [JavaFX Application Thread] DEBUG AssetLoader          - Loading from cache: /assets/textures/grass-tiles-2-small-1.png
15:57:45.611 [JavaFX Application Thread] DEBUG AssetLoader          - Loading from cache: /assets/textures/grass-tiles-2-small-1.png
15:57:45.611 [JavaFX Application Thread] DEBUG AssetLoader          - Loading from cache: /assets/textures/grass-tiles-2-small-1.png
15:57:45.611 [JavaFX Application Thread] DEBUG AssetLoader          - Loading from cache: /assets/textures/grass-tiles-2-small-1.png
15:57:45.612 [JavaFX Application Thread] DEBUG AssetLoader          - Loading from cache: /assets/textures/grass-tiles-2-small-1.png
15:57:45.612 [JavaFX Application Thread] DEBUG AssetLoader          - Loading from cache: /assets/textures/grass-tiles-2-small-1.png
15:57:45.612 [JavaFX Application Thread] DEBUG AssetLoader          - Loading from cache: /assets/textures/grass-tiles-2-small-1.png
15:57:45.612 [JavaFX Application Thread] DEBUG AssetLoader          - Loading from cache: /assets/textures/grass-tiles-2-small-1.png
15:57:45.612 [JavaFX Application Thread] DEBUG AssetLoader          - Loading from cache: /assets/textures/grass-tiles-2-small-1.png
15:57:45.612 [JavaFX Application Thread] DEBUG AssetLoader          - Loading from cache: /assets/textures/grass-tiles-2-small-1.png
15:57:45.612 [JavaFX Application Thread] DEBUG AssetLoader          - Loading from cache: /assets/textures/grass-tiles-2-small-1.png
15:57:45.612 [JavaFX Application Thread] DEBUG AssetLoader          - Loading from cache: /assets/textures/grass-tiles-2-small-1.png
15:57:45.612 [JavaFX Application Thread] DEBUG AssetLoader          - Loading from cache: /assets/textures/grass-tiles-2-small-1.png
15:57:45.613 [JavaFX Application Thread] DEBUG AssetLoader          - Loading from cache: /assets/textures/grass-tiles-2-small-1.png
15:57:45.613 [JavaFX Application Thread] DEBUG AssetLoader          - Loading from cache: /assets/textures/grass-tiles-2-small-1.png
15:57:45.613 [JavaFX Application Thread] DEBUG AssetLoader          - Loading from cache: /assets/textures/grass-tiles-2-small-1.png
15:57:45.613 [JavaFX Application Thread] DEBUG AssetLoader          - Loading from cache: /assets/textures/grass-tiles-2-small-1.png
15:57:45.613 [JavaFX Application Thread] DEBUG AssetLoader          - Loading from cache: /assets/textures/grass-tiles-2-small-1.png
15:57:45.613 [JavaFX Application Thread] DEBUG AssetLoader          - Loading from cache: /assets/textures/grass-tiles-2-small-1.png
15:57:45.613 [JavaFX Application Thread] DEBUG AssetLoader          - Loading from cache: /assets/textures/grass-tiles-2-small-1.png
15:57:45.613 [JavaFX Application Thread] DEBUG AssetLoader          - Loading from cache: /assets/textures/grass-tiles-2-small-1.png
15:57:45.614 [JavaFX Application Thread] DEBUG AssetLoader          - Loading from cache: /assets/textures/grass-tiles-2-small-1.png
15:57:45.614 [JavaFX Application Thread] DEBUG AssetLoader          - Loading from cache: /assets/textures/grass-tiles-2-small-1.png
15:57:45.614 [JavaFX Application Thread] DEBUG AssetLoader          - Loading from cache: /assets/textures/grass-tiles-2-small-1.png
15:57:45.614 [JavaFX Application Thread] DEBUG AssetLoader          - Loading from cache: /assets/textures/grass-tiles-2-small-1.png
15:57:45.614 [JavaFX Application Thread] DEBUG AssetLoader          - Loading from cache: /assets/textures/grass-tiles-2-small-1.png
15:57:45.614 [JavaFX Application Thread] DEBUG AssetLoader          - Loading from cache: /assets/textures/grass-tiles-2-small-1.png
15:57:45.614 [JavaFX Application Thread] DEBUG AssetLoader          - Loading from cache: /assets/textures/grass-tiles-2-small-1.png
15:57:45.614 [JavaFX Application Thread] DEBUG AssetLoader          - Loading from cache: /assets/textures/grass-tiles-2-small-1.png
15:57:45.614 [JavaFX Application Thread] DEBUG AssetLoader          - Loading from cache: /assets/textures/grass-tiles-2-small-1.png
15:57:45.615 [JavaFX Application Thread] DEBUG AssetLoader          - Loading from cache: /assets/textures/grass-tiles-2-small-1.png
15:57:45.615 [JavaFX Application Thread] DEBUG AssetLoader          - Loading from cache: /assets/textures/grass-tiles-2-small-1.png
15:57:45.615 [JavaFX Application Thread] DEBUG AssetLoader          - Loading from cache: /assets/textures/grass-tiles-2-small-1.png
15:57:45.615 [JavaFX Application Thread] DEBUG AssetLoader          - Loading from cache: /assets/textures/grass-tiles-2-small-1.png
15:57:45.615 [JavaFX Application Thread] DEBUG AssetLoader          - Loading from cache: /assets/textures/grass-tiles-2-small-1.png
15:57:45.615 [JavaFX Application Thread] DEBUG AssetLoader          - Loading from cache: /assets/textures/grass-tiles-2-small-1.png
15:57:45.615 [JavaFX Application Thread] DEBUG AssetLoader          - Loading from cache: /assets/textures/grass-tiles-2-small-1.png
15:57:45.615 [JavaFX Application Thread] DEBUG AssetLoader          - Loading from cache: /assets/textures/grass-tiles-2-small-1.png
15:57:45.615 [JavaFX Application Thread] DEBUG AssetLoader          - Loading from cache: /assets/textures/grass-tiles-2-small-1.png
15:57:45.616 [JavaFX Application Thread] DEBUG AssetLoader          - Loading from cache: /assets/textures/grass-tiles-2-small-1.png
15:57:45.616 [JavaFX Application Thread] DEBUG AssetLoader          - Loading from cache: /assets/textures/grass-tiles-2-small-1.png
15:57:45.616 [JavaFX Application Thread] DEBUG AssetLoader          - Loading from cache: /assets/textures/grass-tiles-2-small-1.png
15:57:45.616 [JavaFX Application Thread] DEBUG AssetLoader          - Loading from cache: /assets/textures/grass-tiles-2-small-1.png
15:57:45.616 [JavaFX Application Thread] DEBUG AssetLoader          - Loading from cache: /assets/textures/grass-tiles-2-small-1.png
15:57:45.616 [JavaFX Application Thread] DEBUG AssetLoader          - Loading from cache: /assets/textures/grass-tiles-2-small-1.png
15:57:45.616 [JavaFX Application Thread] DEBUG AssetLoader          - Loading from cache: /assets/textures/grass-tiles-2-small-1.png
15:57:45.616 [JavaFX Application Thread] DEBUG AssetLoader          - Loading from cache: /assets/textures/grass-tiles-2-small-1.png
15:57:45.616 [JavaFX Application Thread] DEBUG AssetLoader          - Loading from cache: /assets/textures/grass-tiles-2-small-1.png
15:57:45.616 [JavaFX Application Thread] DEBUG AssetLoader          - Loading from cache: /assets/textures/grass-tiles-2-small-1.png
15:57:45.617 [JavaFX Application Thread] DEBUG AssetLoader          - Loading from cache: /assets/textures/grass-tiles-2-small-1.png
15:57:45.617 [JavaFX Application Thread] DEBUG AssetLoader          - Loading from cache: /assets/textures/grass-tiles-2-small-1.png
15:57:45.617 [JavaFX Application Thread] DEBUG AssetLoader          - Loading from cache: /assets/textures/grass-tiles-2-small-1.png
15:57:45.617 [JavaFX Application Thread] DEBUG GameScene            - Creating render group for layer: BACKGROUND(1000)
15:57:53.102 [JavaFX Application Thread] FATAL GameApplication      - Uncaught Exception:

Fatal exception occurred: java.lang.ArrayIndexOutOfBoundsException : -1
E: java.util.ArrayList.elementData(ArrayList.java:422)
E: java.util.ArrayList.get(ArrayList.java:435)
E: com.sun.javafx.collections.ObservableListWrapper.get(ObservableListWrapper.java:89)
E: com.sun.javafx.collections.VetoableListDecorator.get(VetoableListDecorator.java:306)
E: javafx.scene.Parent.updateCachedBounds(Parent.java:1591)
E: javafx.scene.Parent.recomputeBounds(Parent.java:1535)
E: javafx.scene.Parent.impl_computeGeomBounds(Parent.java:1388)
E: javafx.scene.Node.updateGeomBounds(Node.java:3579)
E: javafx.scene.Node.getGeomBounds(Node.java:3532)
E: javafx.scene.Node.impl_computeLayoutBounds(Node.java:3376)
E: javafx.scene.Group.impl_computeLayoutBounds(Group.java:165)
E: javafx.scene.Node$12.computeBounds(Node.java:3225)
E: javafx.scene.Node$LazyBoundsProperty.get(Node.java:9308)
E: javafx.scene.Node$LazyBoundsProperty.get(Node.java:9278)
E: javafx.scene.Node.getLayoutBounds(Node.java:3240)
E: javafx.scene.Parent.computePrefWidth(Parent.java:985)
E: javafx.scene.layout.Region.computePrefWidth(Region.java:1514)
E: javafx.scene.Parent.prefWidth(Parent.java:915)
E: javafx.scene.layout.Region.prefWidth(Region.java:1419)
E: javafx.scene.Node.autosize(Node.java:2888)
E: javafx.scene.Parent.layoutChildren(Parent.java:1116)
E: javafx.scene.Parent.layout(Parent.java:1087)
E: javafx.scene.Scene.doLayoutPass(Scene.java:552)
E: javafx.scene.Scene$ScenePulseListener.pulse(Scene.java:2397)
E: com.sun.javafx.tk.Toolkit.lambda$runPulse$2(Toolkit.java:398)
E: java.security.AccessController.doPrivileged(Native Method)
E: com.sun.javafx.tk.Toolkit.runPulse(Toolkit.java:397)
E: com.sun.javafx.tk.Toolkit.firePulse(Toolkit.java:424)
E: com.sun.javafx.tk.quantum.QuantumToolkit.pulse(QuantumToolkit.java:518)
E: com.sun.javafx.tk.quantum.QuantumToolkit.pulse(QuantumToolkit.java:498)
E: com.sun.javafx.tk.quantum.QuantumToolkit.pulseFromQueue(QuantumToolkit.java:491)
E: com.sun.javafx.tk.quantum.QuantumToolkit.lambda$runToolkit$11(QuantumToolkit.java:319)
E: com.sun.glass.ui.InvokeLaterDispatcher$Future.run(InvokeLaterDispatcher.java:95)
E: com.sun.glass.ui.gtk.GtkApplication._runLoop(Native Method)
E: com.sun.glass.ui.gtk.GtkApplication.lambda$null$5(GtkApplication.java:139)
E: java.lang.Thread.run(Thread.java:748)

15:57:53.102 [JavaFX Application Thread] FATAL GameApplication      - Application will now exit
15:57:53.102 [JavaFX Application Thread] DEBUG GameApplication      - Stopping main loop
15:57:56.858 [JavaFX Application Thread] DEBUG GameApplication      - Exiting game application
15:57:56.862 [JavaFX Application Thread] DEBUG GameApplication      - Shutting down background threads
15:57:56.863 [JavaFX Application Thread] DEBUG GameApplication      - Exiting FXGL
15:57:56.863 [JavaFX Application Thread] DEBUG FXGL                 - Saving FXGL system data
15:57:56.866 [JavaFX Application Thread] DEBUG DesktopFSService     - Writing to: system/fxgl.bundle
15:57:56.870 [JavaFX Application Thread] DEBUG GameApplication      - Closing logger and exiting JavaFX
