14:39:58.810 [JavaFX Application Thread] DEBUG GameApplication      - Logger initialized
14:39:58.816 [JavaFX Application Thread] DEBUG MainWindow           - Creating a JavaFX scene
14:39:58.942 [JavaFX Application Thread] DEBUG MainWindow           - Target settings size: 1024.0 x 860.0
14:39:58.942 [JavaFX Application Thread] DEBUG MainWindow           - Scaled scene size:    1024.0 x 860.0
14:39:58.943 [JavaFX Application Thread] DEBUG MainWindow           - Scaled ratio: (1.0, 1.0)
14:39:58.949 [JavaFX Application Thread] DEBUG GameApplication      - Starting FXGL
14:39:58.954 [JavaFX Application Thread] INFO  FXGL                 - FXGL-0.5.3 on DESKTOP
14:39:58.954 [JavaFX Application Thread] INFO  FXGL                 - Source code and latest versions at: https://github.com/AlmasB/FXGL
14:39:58.954 [JavaFX Application Thread] INFO  FXGL                 -              Join the FXGL chat at: https://gitter.im/AlmasB/FXGL
14:39:58.961 [JavaFX Application Thread] DEBUG FS                   - Loaded DesktopFSService
14:39:58.961 [JavaFX Application Thread] DEBUG FXGL                 - Loading FXGL system data
14:39:58.967 [JavaFX Application Thread] DEBUG DesktopFSService     - Reading from: system/fxgl.bundle
14:39:58.974 [JavaFX Application Thread] DEBUG Bundle               - Logging bundle: FXGL
14:39:58.975 [JavaFX Application Thread] DEBUG Bundle               - FXGL.offline.timer.version.check=2019-01-23T12:24:56.214
14:39:58.999 [JavaFX Application Thread] DEBUG GameApplication      - FXGL started
14:39:59.000 [JavaFX Application Thread] DEBUG GameApplication      - Logging game settings
Title: Basic Game App
Version: 0.0
Width: 1024
Height: 860
Fullscreen: false
Intro: false
Menus: false
Profiling: false
Single step:false
App Mode: DEVELOPER
Menu Key: ESCAPE
Stage Style: DECORATED
Scene Factory: class com.almasb.fxgl.scene.SceneFactory
Dialog Factory: class com.almasb.fxgl.ui.FXGLDialogFactory
UI Factory: class com.almasb.fxgl.ui.FXGLUIFactory
Notification Service: class com.almasb.fxgl.gameplay.notification.XboxNotificationView
Exception Handler: class com.almasb.fxgl.app.FXGLExceptionHandler
14:39:59.001 [JavaFX Application Thread] DEBUG GameApplication      - Configuring GameApplication
14:39:59.001 [JavaFX Application Thread] DEBUG GameApplication      - Initializing state machine and application states
14:39:59.021 [JavaFX Application Thread] DEBUG AssetLoader          - Loading from disk: /assets/ui/cursors/fxgl_default.png
14:39:59.044 [JavaFX Application Thread] DEBUG AssetLoader          - Loading from disk: /assets/ui/cursors/fxgl_default.png
14:39:59.083 [JavaFX Application Thread] DEBUG FXGLAssets           - Loading FXGLAssets
14:39:59.107 [JavaFX Application Thread] DEBUG AssetLoader          - Loading from disk: /assets/ui/fonts/VarelaRound-Regular.ttf
14:39:59.119 [JavaFX Application Thread] DEBUG AssetLoader          - Loading from disk: /assets/ui/fonts/lucida_console.ttf
14:39:59.121 [JavaFX Application Thread] DEBUG AssetLoader          - Loading from disk: /assets/ui/fonts/Courier-Prime.ttf
14:39:59.123 [JavaFX Application Thread] DEBUG AssetLoader          - Loading from disk: /assets/ui/fonts/Abel-Regular.ttf
14:39:59.125 [JavaFX Application Thread] DEBUG AssetLoader          - Loading from disk: /assets/ui/css/fxgl_dark.css
14:39:59.153 [JavaFX Application Thread] DEBUG AssetLoader          - Loading from disk: /assets/ui/cursors/fxgl_default.png
14:39:59.185 [JavaFX Application Thread] DEBUG AssetLoader          - Loading from disk: /assets/ui/cursors/fxgl_default.png
14:39:59.205 [JavaFX Application Thread] DEBUG GameScene            - Game scene initialized: 1024x860
14:39:59.208 [JavaFX Application Thread] DEBUG GameWorld            - Game world initialized
14:39:59.245 [JavaFX Application Thread] DEBUG PhysicsWorld         - Physics world initialized: appHeight=860, physics.ppm=50.0
14:39:59.262 [JavaFX Application Thread] DEBUG Input                - Registered new binding: Pause - Esc
14:39:59.278 [JavaFX Application Thread] DEBUG Input                - Clearing active input actions
14:39:59.319 [JavaFX Application Thread] DEBUG AppStateMachine      - StartupState -> StartupState
14:39:59.323 [JavaFX Application Thread] INFO  GameApplication      - Game configuration took:  0.322 sec
14:39:59.325 [JavaFX Application Thread] DEBUG AssetLoader          - Loading from disk: /assets/textures/fxgl_icon.png
14:39:59.344 [JavaFX Application Thread] DEBUG MainWindow           - Opening main window
14:39:59.413 [JavaFX Application Thread] DEBUG MainWindow           - Window border size: (0.0, 0.0)
14:39:59.414 [JavaFX Application Thread] DEBUG MainWindow           - Scaled size: 1024.0 x 860.0
14:39:59.414 [JavaFX Application Thread] DEBUG MainWindow           - Scaled ratio: (1.0, 1.0)
14:39:59.414 [JavaFX Application Thread] DEBUG MainWindow           - Scene size: 1024.0 x 860.0
14:39:59.414 [JavaFX Application Thread] DEBUG MainWindow           - Stage size: 1024.0 x 860.0
14:39:59.415 [JavaFX Application Thread] DEBUG GameApplication      - Running preInit()
14:39:59.416 [JavaFX Application Thread] DEBUG Input                - Registered new binding: Screenshot - P
14:39:59.417 [JavaFX Application Thread] DEBUG Input                - Registered new binding: Dev Options - CTRL+0
14:39:59.417 [JavaFX Application Thread] DEBUG Input                - Registered new binding: System info dump - CTRL+9
14:39:59.418 [JavaFX Application Thread] DEBUG Input                - Registered new binding: Restart - CTRL+R
14:39:59.418 [JavaFX Application Thread] DEBUG Input                - Registered new binding: Up 1 - W
14:39:59.418 [JavaFX Application Thread] DEBUG Input                - Registered new binding: Down 1 - S
14:39:59.419 [JavaFX Application Thread] DEBUG Input                - Registered new binding: Right 1 - D
14:39:59.419 [JavaFX Application Thread] DEBUG Input                - Registered new binding: Left 1 - A
14:39:59.445 [JavaFX Application Thread] DEBUG GameApplication      - Starting main loop
14:39:59.453 [JavaFX Application Thread] DEBUG StartupState         - STARTUP
14:39:59.453 [JavaFX Application Thread] DEBUG GameApplication      - Starting new game
14:39:59.454 [JavaFX Application Thread] DEBUG Input                - Clearing active input actions
14:39:59.464 [JavaFX Application Thread] DEBUG AppStateMachine      - StartupState -> LoadingState
14:39:59.470 [FXGL Background Thread 1 ] DEBUG InitAppTask          - Clearing previous game
14:39:59.470 [FXGL Background Thread 1 ] DEBUG GameWorld            - Clearing game world
14:39:59.470 [FXGL Background Thread 1 ] DEBUG PhysicsWorld         - Clearing physics world
14:39:59.470 [FXGL Background Thread 1 ] DEBUG GameScene            - Clearing game scene
14:39:59.471 [FXGL Background Thread 1 ] DEBUG InitAppTask          - Initializing Game
14:39:59.476 [FXGL Background Thread 1 ] DEBUG InitAppTask          - Initializing Physics
14:39:59.476 [FXGL Background Thread 1 ] DEBUG InitAppTask          - Initializing UI
14:39:59.477 [FXGL Background Thread 1 ] DEBUG AssetLoader          - Loading from disk: /assets/ui/login.fxml
14:39:59.555 [FXGL Background Thread 1 ] DEBUG InitAppTask          - Initialization Complete
14:39:59.555 [FXGL Background Thread 1 ] INFO  InitAppTask          - Game initialization took: 0.085 sec
14:39:59.590 [JavaFX Application Thread] DEBUG Input                - Clearing active input actions
14:39:59.601 [JavaFX Application Thread] DEBUG AppStateMachine      - LoadingState -> PlayState
14:40:05.927 [JavaFX Application Thread] DEBUG AssetLoader          - Loading from disk: /assets/json/ult.json
14:40:06.129 [JavaFX Application Thread] DEBUG GameWorld            - Clearing removable entities
14:40:06.129 [JavaFX Application Thread] DEBUG GameWorld            - Setting level from map
14:40:06.145 [JavaFX Application Thread] DEBUG AssetLoader          - Loading from disk: /assets/textures/grass.png
14:40:06.168 [JavaFX Application Thread] DEBUG AssetLoader          - Loading from cache: /assets/textures/grass.png
14:40:06.168 [JavaFX Application Thread] DEBUG AssetLoader          - Loading from cache: /assets/textures/grass.png
14:40:06.168 [JavaFX Application Thread] DEBUG AssetLoader          - Loading from cache: /assets/textures/grass.png
14:40:06.168 [JavaFX Application Thread] DEBUG AssetLoader          - Loading from cache: /assets/textures/grass.png
14:40:06.168 [JavaFX Application Thread] DEBUG AssetLoader          - Loading from cache: /assets/textures/grass.png
14:40:06.169 [JavaFX Application Thread] DEBUG AssetLoader          - Loading from cache: /assets/textures/grass.png
14:40:06.169 [JavaFX Application Thread] DEBUG AssetLoader          - Loading from cache: /assets/textures/grass.png
14:40:06.169 [JavaFX Application Thread] DEBUG AssetLoader          - Loading from cache: /assets/textures/grass.png
14:40:06.169 [JavaFX Application Thread] DEBUG AssetLoader          - Loading from cache: /assets/textures/grass.png
14:40:06.169 [JavaFX Application Thread] DEBUG AssetLoader          - Loading from cache: /assets/textures/grass.png
14:40:06.169 [JavaFX Application Thread] DEBUG AssetLoader          - Loading from cache: /assets/textures/grass.png
14:40:06.169 [JavaFX Application Thread] DEBUG AssetLoader          - Loading from cache: /assets/textures/grass.png
14:40:06.170 [JavaFX Application Thread] DEBUG AssetLoader          - Loading from cache: /assets/textures/grass.png
14:40:06.170 [JavaFX Application Thread] DEBUG AssetLoader          - Loading from cache: /assets/textures/grass.png
14:40:06.170 [JavaFX Application Thread] DEBUG AssetLoader          - Loading from cache: /assets/textures/grass.png
14:40:06.170 [JavaFX Application Thread] DEBUG AssetLoader          - Loading from cache: /assets/textures/grass.png
14:40:06.170 [JavaFX Application Thread] DEBUG AssetLoader          - Loading from cache: /assets/textures/grass.png
14:40:06.170 [JavaFX Application Thread] DEBUG AssetLoader          - Loading from cache: /assets/textures/grass.png
14:40:06.170 [JavaFX Application Thread] DEBUG AssetLoader          - Loading from cache: /assets/textures/grass.png
14:40:06.171 [JavaFX Application Thread] DEBUG AssetLoader          - Loading from cache: /assets/textures/grass.png
14:40:06.171 [JavaFX Application Thread] DEBUG AssetLoader          - Loading from cache: /assets/textures/grass.png
14:40:06.171 [JavaFX Application Thread] DEBUG AssetLoader          - Loading from cache: /assets/textures/grass.png
14:40:06.171 [JavaFX Application Thread] DEBUG AssetLoader          - Loading from cache: /assets/textures/grass.png
14:40:06.171 [JavaFX Application Thread] DEBUG AssetLoader          - Loading from cache: /assets/textures/grass.png
14:40:06.171 [JavaFX Application Thread] DEBUG AssetLoader          - Loading from cache: /assets/textures/grass.png
14:40:06.171 [JavaFX Application Thread] DEBUG AssetLoader          - Loading from cache: /assets/textures/grass.png
14:40:06.172 [JavaFX Application Thread] DEBUG AssetLoader          - Loading from cache: /assets/textures/grass.png
14:40:06.172 [JavaFX Application Thread] DEBUG AssetLoader          - Loading from cache: /assets/textures/grass.png
14:40:06.172 [JavaFX Application Thread] DEBUG AssetLoader          - Loading from cache: /assets/textures/grass.png
14:40:06.172 [JavaFX Application Thread] DEBUG AssetLoader          - Loading from cache: /assets/textures/grass.png
14:40:06.172 [JavaFX Application Thread] DEBUG AssetLoader          - Loading from cache: /assets/textures/grass.png
14:40:06.172 [JavaFX Application Thread] DEBUG AssetLoader          - Loading from cache: /assets/textures/grass.png
14:40:06.172 [JavaFX Application Thread] DEBUG AssetLoader          - Loading from cache: /assets/textures/grass.png
14:40:06.173 [JavaFX Application Thread] DEBUG AssetLoader          - Loading from cache: /assets/textures/grass.png
14:40:06.173 [JavaFX Application Thread] DEBUG AssetLoader          - Loading from cache: /assets/textures/grass.png
14:40:06.173 [JavaFX Application Thread] DEBUG AssetLoader          - Loading from cache: /assets/textures/grass.png
14:40:06.173 [JavaFX Application Thread] DEBUG AssetLoader          - Loading from cache: /assets/textures/grass.png
14:40:06.173 [JavaFX Application Thread] DEBUG AssetLoader          - Loading from cache: /assets/textures/grass.png
14:40:06.173 [JavaFX Application Thread] DEBUG AssetLoader          - Loading from cache: /assets/textures/grass.png
14:40:06.173 [JavaFX Application Thread] DEBUG AssetLoader          - Loading from cache: /assets/textures/grass.png
14:40:06.173 [JavaFX Application Thread] DEBUG AssetLoader          - Loading from cache: /assets/textures/grass.png
14:40:06.174 [JavaFX Application Thread] DEBUG AssetLoader          - Loading from cache: /assets/textures/grass.png
14:40:06.174 [JavaFX Application Thread] DEBUG AssetLoader          - Loading from cache: /assets/textures/grass.png
14:40:06.174 [JavaFX Application Thread] DEBUG AssetLoader          - Loading from cache: /assets/textures/grass.png
14:40:06.174 [JavaFX Application Thread] DEBUG AssetLoader          - Loading from cache: /assets/textures/grass.png
14:40:06.174 [JavaFX Application Thread] DEBUG AssetLoader          - Loading from cache: /assets/textures/grass.png
14:40:06.174 [JavaFX Application Thread] DEBUG AssetLoader          - Loading from cache: /assets/textures/grass.png
14:40:06.174 [JavaFX Application Thread] DEBUG AssetLoader          - Loading from cache: /assets/textures/grass.png
14:40:06.175 [JavaFX Application Thread] DEBUG AssetLoader          - Loading from cache: /assets/textures/grass.png
14:40:06.175 [JavaFX Application Thread] DEBUG AssetLoader          - Loading from cache: /assets/textures/grass.png
14:40:06.175 [JavaFX Application Thread] DEBUG AssetLoader          - Loading from cache: /assets/textures/grass.png
14:40:06.175 [JavaFX Application Thread] DEBUG AssetLoader          - Loading from cache: /assets/textures/grass.png
14:40:06.175 [JavaFX Application Thread] DEBUG AssetLoader          - Loading from cache: /assets/textures/grass.png
14:40:06.175 [JavaFX Application Thread] DEBUG AssetLoader          - Loading from cache: /assets/textures/grass.png
14:40:06.175 [JavaFX Application Thread] DEBUG AssetLoader          - Loading from cache: /assets/textures/grass.png
14:40:06.176 [JavaFX Application Thread] DEBUG AssetLoader          - Loading from cache: /assets/textures/grass.png
14:40:06.176 [JavaFX Application Thread] DEBUG AssetLoader          - Loading from cache: /assets/textures/grass.png
14:40:06.176 [JavaFX Application Thread] DEBUG AssetLoader          - Loading from cache: /assets/textures/grass.png
14:40:06.176 [JavaFX Application Thread] DEBUG AssetLoader          - Loading from cache: /assets/textures/grass.png
14:40:06.176 [JavaFX Application Thread] DEBUG AssetLoader          - Loading from cache: /assets/textures/grass.png
14:40:06.176 [JavaFX Application Thread] DEBUG AssetLoader          - Loading from cache: /assets/textures/grass.png
14:40:06.177 [JavaFX Application Thread] DEBUG AssetLoader          - Loading from cache: /assets/textures/grass.png
14:40:06.177 [JavaFX Application Thread] DEBUG AssetLoader          - Loading from cache: /assets/textures/grass.png
14:40:06.177 [JavaFX Application Thread] DEBUG AssetLoader          - Loading from cache: /assets/textures/grass.png
14:40:06.177 [JavaFX Application Thread] DEBUG AssetLoader          - Loading from cache: /assets/textures/grass.png
14:40:06.177 [JavaFX Application Thread] DEBUG AssetLoader          - Loading from cache: /assets/textures/grass.png
14:40:06.177 [JavaFX Application Thread] DEBUG AssetLoader          - Loading from disk: /assets/textures/grass-obj.png
14:40:06.185 [JavaFX Application Thread] DEBUG AssetLoader          - Loading from cache: /assets/textures/grass-obj.png
14:40:06.185 [JavaFX Application Thread] DEBUG AssetLoader          - Loading from cache: /assets/textures/grass.png
14:40:06.185 [JavaFX Application Thread] DEBUG AssetLoader          - Loading from cache: /assets/textures/grass.png
14:40:06.186 [JavaFX Application Thread] DEBUG AssetLoader          - Loading from cache: /assets/textures/grass.png
14:40:06.186 [JavaFX Application Thread] DEBUG AssetLoader          - Loading from cache: /assets/textures/grass.png
14:40:06.186 [JavaFX Application Thread] DEBUG AssetLoader          - Loading from cache: /assets/textures/grass.png
14:40:06.186 [JavaFX Application Thread] DEBUG AssetLoader          - Loading from cache: /assets/textures/grass.png
14:40:06.186 [JavaFX Application Thread] DEBUG AssetLoader          - Loading from cache: /assets/textures/grass.png
14:40:06.186 [JavaFX Application Thread] DEBUG AssetLoader          - Loading from cache: /assets/textures/grass.png
14:40:06.186 [JavaFX Application Thread] DEBUG AssetLoader          - Loading from cache: /assets/textures/grass.png
14:40:06.186 [JavaFX Application Thread] DEBUG AssetLoader          - Loading from cache: /assets/textures/grass.png
14:40:06.187 [JavaFX Application Thread] DEBUG AssetLoader          - Loading from cache: /assets/textures/grass.png
14:40:06.187 [JavaFX Application Thread] DEBUG AssetLoader          - Loading from cache: /assets/textures/grass.png
14:40:06.187 [JavaFX Application Thread] DEBUG AssetLoader          - Loading from cache: /assets/textures/grass.png
14:40:06.187 [JavaFX Application Thread] DEBUG AssetLoader          - Loading from cache: /assets/textures/grass.png
14:40:06.187 [JavaFX Application Thread] DEBUG AssetLoader          - Loading from cache: /assets/textures/grass.png
14:40:06.187 [JavaFX Application Thread] DEBUG AssetLoader          - Loading from cache: /assets/textures/grass.png
14:40:06.187 [JavaFX Application Thread] DEBUG AssetLoader          - Loading from cache: /assets/textures/grass.png
14:40:06.187 [JavaFX Application Thread] DEBUG AssetLoader          - Loading from cache: /assets/textures/grass.png
14:40:06.188 [JavaFX Application Thread] DEBUG AssetLoader          - Loading from cache: /assets/textures/grass-obj.png
14:40:06.188 [JavaFX Application Thread] DEBUG AssetLoader          - Loading from cache: /assets/textures/grass-obj.png
14:40:06.188 [JavaFX Application Thread] DEBUG AssetLoader          - Loading from cache: /assets/textures/grass.png
14:40:06.188 [JavaFX Application Thread] DEBUG AssetLoader          - Loading from cache: /assets/textures/grass.png
14:40:06.188 [JavaFX Application Thread] DEBUG AssetLoader          - Loading from cache: /assets/textures/grass.png
14:40:06.188 [JavaFX Application Thread] DEBUG AssetLoader          - Loading from cache: /assets/textures/grass.png
14:40:06.188 [JavaFX Application Thread] DEBUG AssetLoader          - Loading from cache: /assets/textures/grass.png
14:40:06.188 [JavaFX Application Thread] DEBUG AssetLoader          - Loading from cache: /assets/textures/grass.png
14:40:06.188 [JavaFX Application Thread] DEBUG AssetLoader          - Loading from cache: /assets/textures/grass.png
14:40:06.189 [JavaFX Application Thread] DEBUG AssetLoader          - Loading from cache: /assets/textures/grass.png
14:40:06.189 [JavaFX Application Thread] DEBUG AssetLoader          - Loading from cache: /assets/textures/grass.png
14:40:06.189 [JavaFX Application Thread] DEBUG AssetLoader          - Loading from cache: /assets/textures/grass.png
14:40:06.189 [JavaFX Application Thread] DEBUG AssetLoader          - Loading from cache: /assets/textures/grass.png
14:40:06.189 [JavaFX Application Thread] DEBUG AssetLoader          - Loading from cache: /assets/textures/grass.png
14:40:06.189 [JavaFX Application Thread] DEBUG AssetLoader          - Loading from cache: /assets/textures/grass.png
14:40:06.189 [JavaFX Application Thread] DEBUG AssetLoader          - Loading from cache: /assets/textures/grass.png
14:40:06.190 [JavaFX Application Thread] DEBUG AssetLoader          - Loading from cache: /assets/textures/grass.png
14:40:06.190 [JavaFX Application Thread] DEBUG AssetLoader          - Loading from cache: /assets/textures/grass.png
14:40:06.190 [JavaFX Application Thread] DEBUG AssetLoader          - Loading from cache: /assets/textures/grass.png
14:40:06.190 [JavaFX Application Thread] DEBUG AssetLoader          - Loading from cache: /assets/textures/grass.png
14:40:06.190 [JavaFX Application Thread] DEBUG AssetLoader          - Loading from cache: /assets/textures/grass.png
14:40:06.190 [JavaFX Application Thread] DEBUG AssetLoader          - Loading from cache: /assets/textures/grass.png
14:40:06.190 [JavaFX Application Thread] DEBUG AssetLoader          - Loading from cache: /assets/textures/grass.png
14:40:06.190 [JavaFX Application Thread] DEBUG AssetLoader          - Loading from cache: /assets/textures/grass.png
14:40:06.190 [JavaFX Application Thread] DEBUG AssetLoader          - Loading from cache: /assets/textures/grass.png
14:40:06.191 [JavaFX Application Thread] DEBUG AssetLoader          - Loading from cache: /assets/textures/grass.png
14:40:06.191 [JavaFX Application Thread] DEBUG AssetLoader          - Loading from cache: /assets/textures/grass.png
14:40:06.191 [JavaFX Application Thread] DEBUG AssetLoader          - Loading from cache: /assets/textures/grass.png
14:40:06.191 [JavaFX Application Thread] DEBUG AssetLoader          - Loading from cache: /assets/textures/grass.png
14:40:06.191 [JavaFX Application Thread] DEBUG AssetLoader          - Loading from cache: /assets/textures/grass.png
14:40:06.191 [JavaFX Application Thread] DEBUG AssetLoader          - Loading from cache: /assets/textures/grass.png
14:40:06.191 [JavaFX Application Thread] DEBUG AssetLoader          - Loading from cache: /assets/textures/grass.png
14:40:06.191 [JavaFX Application Thread] DEBUG AssetLoader          - Loading from cache: /assets/textures/grass.png
14:40:06.191 [JavaFX Application Thread] DEBUG AssetLoader          - Loading from cache: /assets/textures/grass.png
14:40:06.192 [JavaFX Application Thread] DEBUG AssetLoader          - Loading from cache: /assets/textures/grass.png
14:40:06.192 [JavaFX Application Thread] DEBUG AssetLoader          - Loading from cache: /assets/textures/grass.png
14:40:06.192 [JavaFX Application Thread] DEBUG AssetLoader          - Loading from cache: /assets/textures/grass.png
14:40:06.192 [JavaFX Application Thread] DEBUG AssetLoader          - Loading from cache: /assets/textures/grass.png
14:40:06.192 [JavaFX Application Thread] DEBUG AssetLoader          - Loading from cache: /assets/textures/grass.png
14:40:06.192 [JavaFX Application Thread] DEBUG AssetLoader          - Loading from cache: /assets/textures/grass.png
14:40:06.192 [JavaFX Application Thread] DEBUG AssetLoader          - Loading from cache: /assets/textures/grass.png
14:40:06.192 [JavaFX Application Thread] DEBUG AssetLoader          - Loading from cache: /assets/textures/grass.png
14:40:06.193 [JavaFX Application Thread] DEBUG AssetLoader          - Loading from cache: /assets/textures/grass.png
14:40:06.193 [JavaFX Application Thread] DEBUG AssetLoader          - Loading from cache: /assets/textures/grass.png
14:40:06.193 [JavaFX Application Thread] DEBUG AssetLoader          - Loading from cache: /assets/textures/grass.png
14:40:06.193 [JavaFX Application Thread] DEBUG AssetLoader          - Loading from cache: /assets/textures/grass.png
14:40:06.193 [JavaFX Application Thread] DEBUG AssetLoader          - Loading from cache: /assets/textures/grass.png
14:40:06.193 [JavaFX Application Thread] DEBUG AssetLoader          - Loading from cache: /assets/textures/grass.png
14:40:06.193 [JavaFX Application Thread] DEBUG AssetLoader          - Loading from cache: /assets/textures/grass.png
14:40:06.193 [JavaFX Application Thread] DEBUG AssetLoader          - Loading from cache: /assets/textures/grass.png
14:40:06.193 [JavaFX Application Thread] DEBUG AssetLoader          - Loading from cache: /assets/textures/grass.png
14:40:06.194 [JavaFX Application Thread] DEBUG AssetLoader          - Loading from cache: /assets/textures/grass.png
14:40:06.194 [JavaFX Application Thread] DEBUG AssetLoader          - Loading from cache: /assets/textures/grass.png
14:40:06.194 [JavaFX Application Thread] DEBUG AssetLoader          - Loading from cache: /assets/textures/grass.png
14:40:06.194 [JavaFX Application Thread] DEBUG AssetLoader          - Loading from cache: /assets/textures/grass.png
14:40:06.194 [JavaFX Application Thread] DEBUG AssetLoader          - Loading from cache: /assets/textures/grass.png
14:40:06.194 [JavaFX Application Thread] DEBUG AssetLoader          - Loading from cache: /assets/textures/grass.png
14:40:06.194 [JavaFX Application Thread] DEBUG AssetLoader          - Loading from cache: /assets/textures/grass.png
14:40:06.194 [JavaFX Application Thread] DEBUG AssetLoader          - Loading from cache: /assets/textures/grass.png
14:40:06.195 [JavaFX Application Thread] DEBUG AssetLoader          - Loading from cache: /assets/textures/grass.png
14:40:06.195 [JavaFX Application Thread] DEBUG AssetLoader          - Loading from cache: /assets/textures/grass.png
14:40:06.195 [JavaFX Application Thread] DEBUG AssetLoader          - Loading from cache: /assets/textures/grass.png
14:40:06.195 [JavaFX Application Thread] DEBUG AssetLoader          - Loading from cache: /assets/textures/grass.png
14:40:06.195 [JavaFX Application Thread] DEBUG AssetLoader          - Loading from cache: /assets/textures/grass.png
14:40:06.195 [JavaFX Application Thread] DEBUG AssetLoader          - Loading from cache: /assets/textures/grass.png
14:40:06.195 [JavaFX Application Thread] DEBUG AssetLoader          - Loading from cache: /assets/textures/grass.png
14:40:06.195 [JavaFX Application Thread] DEBUG AssetLoader          - Loading from cache: /assets/textures/grass.png
14:40:06.195 [JavaFX Application Thread] DEBUG AssetLoader          - Loading from cache: /assets/textures/grass.png
14:40:06.195 [JavaFX Application Thread] DEBUG AssetLoader          - Loading from cache: /assets/textures/grass.png
14:40:06.196 [JavaFX Application Thread] DEBUG AssetLoader          - Loading from cache: /assets/textures/grass.png
14:40:06.196 [JavaFX Application Thread] DEBUG AssetLoader          - Loading from cache: /assets/textures/grass.png
14:40:06.196 [JavaFX Application Thread] DEBUG AssetLoader          - Loading from cache: /assets/textures/grass.png
14:40:06.196 [JavaFX Application Thread] DEBUG AssetLoader          - Loading from cache: /assets/textures/grass.png
14:40:06.196 [JavaFX Application Thread] DEBUG AssetLoader          - Loading from cache: /assets/textures/grass.png
14:40:06.196 [JavaFX Application Thread] DEBUG AssetLoader          - Loading from cache: /assets/textures/grass.png
14:40:06.196 [JavaFX Application Thread] DEBUG AssetLoader          - Loading from cache: /assets/textures/grass.png
14:40:06.196 [JavaFX Application Thread] DEBUG AssetLoader          - Loading from cache: /assets/textures/grass.png
14:40:06.196 [JavaFX Application Thread] DEBUG AssetLoader          - Loading from cache: /assets/textures/grass.png
14:40:06.197 [JavaFX Application Thread] DEBUG AssetLoader          - Loading from cache: /assets/textures/grass.png
14:40:06.197 [JavaFX Application Thread] DEBUG AssetLoader          - Loading from cache: /assets/textures/grass.png
14:40:06.197 [JavaFX Application Thread] DEBUG AssetLoader          - Loading from cache: /assets/textures/grass.png
14:40:06.197 [JavaFX Application Thread] DEBUG AssetLoader          - Loading from cache: /assets/textures/grass.png
14:40:06.197 [JavaFX Application Thread] DEBUG AssetLoader          - Loading from cache: /assets/textures/grass.png
14:40:06.197 [JavaFX Application Thread] DEBUG AssetLoader          - Loading from cache: /assets/textures/grass.png
14:40:06.197 [JavaFX Application Thread] DEBUG AssetLoader          - Loading from cache: /assets/textures/grass.png
14:40:06.197 [JavaFX Application Thread] DEBUG AssetLoader          - Loading from cache: /assets/textures/grass.png
14:40:06.198 [JavaFX Application Thread] DEBUG AssetLoader          - Loading from cache: /assets/textures/grass.png
14:40:06.198 [JavaFX Application Thread] DEBUG AssetLoader          - Loading from cache: /assets/textures/grass.png
14:40:06.198 [JavaFX Application Thread] DEBUG AssetLoader          - Loading from cache: /assets/textures/grass.png
14:40:06.198 [JavaFX Application Thread] DEBUG AssetLoader          - Loading from cache: /assets/textures/grass.png
14:40:06.198 [JavaFX Application Thread] DEBUG AssetLoader          - Loading from cache: /assets/textures/grass.png
14:40:06.198 [JavaFX Application Thread] DEBUG AssetLoader          - Loading from cache: /assets/textures/grass.png
14:40:06.198 [JavaFX Application Thread] DEBUG AssetLoader          - Loading from cache: /assets/textures/grass.png
14:40:06.198 [JavaFX Application Thread] DEBUG AssetLoader          - Loading from cache: /assets/textures/grass.png
14:40:06.198 [JavaFX Application Thread] DEBUG AssetLoader          - Loading from cache: /assets/textures/grass.png
14:40:06.199 [JavaFX Application Thread] DEBUG AssetLoader          - Loading from cache: /assets/textures/grass.png
14:40:06.199 [JavaFX Application Thread] DEBUG AssetLoader          - Loading from cache: /assets/textures/grass.png
14:40:06.199 [JavaFX Application Thread] DEBUG AssetLoader          - Loading from cache: /assets/textures/grass.png
14:40:06.199 [JavaFX Application Thread] DEBUG AssetLoader          - Loading from cache: /assets/textures/grass.png
14:40:06.199 [JavaFX Application Thread] DEBUG AssetLoader          - Loading from cache: /assets/textures/grass.png
14:40:06.199 [JavaFX Application Thread] DEBUG AssetLoader          - Loading from cache: /assets/textures/grass.png
14:40:06.199 [JavaFX Application Thread] DEBUG AssetLoader          - Loading from cache: /assets/textures/grass.png
14:40:06.199 [JavaFX Application Thread] DEBUG AssetLoader          - Loading from cache: /assets/textures/grass.png
14:40:06.200 [JavaFX Application Thread] DEBUG AssetLoader          - Loading from cache: /assets/textures/grass.png
14:40:06.200 [JavaFX Application Thread] DEBUG AssetLoader          - Loading from cache: /assets/textures/grass.png
14:40:06.200 [JavaFX Application Thread] DEBUG AssetLoader          - Loading from cache: /assets/textures/grass.png
14:40:06.200 [JavaFX Application Thread] DEBUG AssetLoader          - Loading from cache: /assets/textures/grass.png
14:40:06.200 [JavaFX Application Thread] DEBUG AssetLoader          - Loading from cache: /assets/textures/grass.png
14:40:06.200 [JavaFX Application Thread] DEBUG AssetLoader          - Loading from cache: /assets/textures/grass.png
14:40:06.200 [JavaFX Application Thread] DEBUG AssetLoader          - Loading from cache: /assets/textures/grass.png
14:40:06.200 [JavaFX Application Thread] DEBUG AssetLoader          - Loading from cache: /assets/textures/grass.png
14:40:06.200 [JavaFX Application Thread] DEBUG AssetLoader          - Loading from cache: /assets/textures/grass.png
14:40:06.201 [JavaFX Application Thread] DEBUG AssetLoader          - Loading from cache: /assets/textures/grass.png
14:40:06.201 [JavaFX Application Thread] DEBUG AssetLoader          - Loading from cache: /assets/textures/grass.png
14:40:06.201 [JavaFX Application Thread] DEBUG AssetLoader          - Loading from cache: /assets/textures/grass.png
14:40:06.201 [JavaFX Application Thread] DEBUG AssetLoader          - Loading from cache: /assets/textures/grass.png
14:40:06.201 [JavaFX Application Thread] DEBUG AssetLoader          - Loading from cache: /assets/textures/grass.png
14:40:06.201 [JavaFX Application Thread] DEBUG AssetLoader          - Loading from cache: /assets/textures/grass.png
14:40:06.201 [JavaFX Application Thread] DEBUG AssetLoader          - Loading from cache: /assets/textures/grass.png
14:40:06.201 [JavaFX Application Thread] DEBUG AssetLoader          - Loading from cache: /assets/textures/grass.png
14:40:06.201 [JavaFX Application Thread] DEBUG AssetLoader          - Loading from cache: /assets/textures/grass.png
14:40:06.201 [JavaFX Application Thread] DEBUG AssetLoader          - Loading from cache: /assets/textures/grass.png
14:40:06.202 [JavaFX Application Thread] DEBUG AssetLoader          - Loading from cache: /assets/textures/grass.png
14:40:06.202 [JavaFX Application Thread] DEBUG AssetLoader          - Loading from cache: /assets/textures/grass.png
14:40:06.202 [JavaFX Application Thread] DEBUG AssetLoader          - Loading from cache: /assets/textures/grass.png
14:40:06.202 [JavaFX Application Thread] DEBUG AssetLoader          - Loading from cache: /assets/textures/grass.png
14:40:06.202 [JavaFX Application Thread] DEBUG AssetLoader          - Loading from cache: /assets/textures/grass.png
14:40:06.202 [JavaFX Application Thread] DEBUG AssetLoader          - Loading from cache: /assets/textures/grass.png
14:40:06.202 [JavaFX Application Thread] DEBUG AssetLoader          - Loading from cache: /assets/textures/grass.png
14:40:06.202 [JavaFX Application Thread] DEBUG AssetLoader          - Loading from cache: /assets/textures/grass.png
14:40:06.202 [JavaFX Application Thread] DEBUG AssetLoader          - Loading from cache: /assets/textures/grass.png
14:40:06.203 [JavaFX Application Thread] DEBUG AssetLoader          - Loading from cache: /assets/textures/grass.png
14:40:06.203 [JavaFX Application Thread] DEBUG AssetLoader          - Loading from cache: /assets/textures/grass.png
14:40:06.205 [JavaFX Application Thread] DEBUG GameScene            - Creating render group for layer: BACKGROUND(1000)
14:40:06.210 [JavaFX Application Thread] DEBUG GameScene            - Creating render group for layer: DEFAULT(100000)
14:40:07.938 [JavaFX Application Thread] FATAL GameApplication      - Uncaught Exception:

Fatal exception occurred: java.lang.IllegalArgumentException : Component PhysicsComponent not found!
E: com.almasb.fxgl.entity.Entity.getComponent(Entity.java:276)
E: client.Screen$3.onCollisionBegin(Screen.java:114)
E: com.almasb.fxgl.physics.CollisionPair.collisionBegin(CollisionPair.java:44)
E: com.almasb.fxgl.physics.PhysicsWorld.collisionBeginFor(PhysicsWorld.java:472)
E: com.almasb.fxgl.physics.PhysicsWorld.checkCollisions(PhysicsWorld.java:423)
E: com.almasb.fxgl.physics.PhysicsWorld.onUpdate(PhysicsWorld.java:238)
E: com.almasb.fxgl.app.PlayState.onUpdate(AppStates.kt:234)
E: com.almasb.fxgl.app.State.update(State.java:73)
E: com.almasb.fxgl.app.AppStateMachine.onUpdate(AppStateMachine.java:100)
E: com.almasb.fxgl.app.GameApplication.stepLoop(GameApplication.java:382)
E: com.almasb.fxgl.app.GameApplication$2.handle(GameApplication.java:348)
E: javafx.animation.AnimationTimer$AnimationTimerReceiver.lambda$handle$0(AnimationTimer.java:57)
E: java.security.AccessController.doPrivileged(Native Method)
E: javafx.animation.AnimationTimer$AnimationTimerReceiver.handle(AnimationTimer.java:56)
E: com.sun.scenario.animation.AbstractMasterTimer.timePulseImpl(AbstractMasterTimer.java:357)
E: com.sun.scenario.animation.AbstractMasterTimer$MainLoop.run(AbstractMasterTimer.java:267)
E: com.sun.javafx.tk.quantum.QuantumToolkit.pulse(QuantumToolkit.java:514)
E: com.sun.javafx.tk.quantum.QuantumToolkit.pulse(QuantumToolkit.java:498)
E: com.sun.javafx.tk.quantum.QuantumToolkit.pulseFromQueue(QuantumToolkit.java:491)
E: com.sun.javafx.tk.quantum.QuantumToolkit.lambda$runToolkit$11(QuantumToolkit.java:319)
E: com.sun.glass.ui.InvokeLaterDispatcher$Future.run(InvokeLaterDispatcher.java:95)
E: com.sun.glass.ui.gtk.GtkApplication._runLoop(Native Method)
E: com.sun.glass.ui.gtk.GtkApplication.lambda$null$5(GtkApplication.java:139)
E: java.lang.Thread.run(Thread.java:748)

14:40:07.938 [JavaFX Application Thread] FATAL GameApplication      - Application will now exit
14:40:07.938 [JavaFX Application Thread] DEBUG GameApplication      - Stopping main loop
14:40:15.382 [JavaFX Application Thread] DEBUG GameApplication      - Exiting game application
14:40:15.383 [JavaFX Application Thread] DEBUG GameApplication      - Shutting down background threads
14:40:15.384 [JavaFX Application Thread] DEBUG GameApplication      - Exiting FXGL
14:40:15.384 [JavaFX Application Thread] DEBUG FXGL                 - Saving FXGL system data
14:40:15.386 [JavaFX Application Thread] DEBUG DesktopFSService     - Writing to: system/fxgl.bundle
14:40:15.390 [JavaFX Application Thread] DEBUG GameApplication      - Closing logger and exiting JavaFX
