17:17:09.070 [JavaFX Application Thread] DEBUG GameApplication      - Logger initialized
17:17:09.073 [JavaFX Application Thread] DEBUG GameApplication      - Logging settings
Title: Basic Game App
Version: 0.0
Width: 1200
Height: 980
Fullscreen: false
Intro: false
Menus: false
Profiling: false
Single step:false
App Mode: DEVELOPER
Menu Key: ESCAPE
Stage Style: DECORATED
Scene Factory: class com.almasb.fxgl.scene.SceneFactory
Dialog Factory: class com.almasb.fxgl.ui.FXGLDialogFactory
UI Factory: class com.almasb.fxgl.ui.FXGLUIFactory
Notification Service: class com.almasb.fxgl.gameplay.notification.XboxNotificationView
Exception Handler: class com.almasb.fxgl.app.FXGLExceptionHandler
17:17:09.073 [JavaFX Application Thread] DEBUG GameApplication      - Starting FXGL
17:17:09.089 [JavaFX Application Thread] INFO  FXGL                 - FXGL-0.5.4 on DESKTOP
17:17:09.090 [JavaFX Application Thread] INFO  FXGL                 - Source code and latest versions at: https://github.com/AlmasB/FXGL
17:17:09.090 [JavaFX Application Thread] INFO  FXGL                 -              Join the FXGL chat at: https://gitter.im/AlmasB/FXGL
17:17:09.091 [JavaFX Application Thread] DEBUG FXGL                 - FXGL started
17:17:09.091 [JavaFX Application Thread] DEBUG FXGL                 - Initializing FXGL
17:17:09.139 [JavaFX Application Thread] DEBUG AssetLoader          - Loading from disk: /assets/ui/cursors/fxgl_default.png
17:17:09.248 [JavaFX Application Thread] DEBUG AssetLoader          - Loading from disk: /assets/ui/fonts/VarelaRound-Regular.ttf
17:17:09.308 [JavaFX Application Thread] DEBUG MainWindow           - Creating a JavaFX scene
17:17:09.351 [JavaFX Application Thread] DEBUG MainWindow           - Target settings size: 1200.0 x 980.0
17:17:09.352 [JavaFX Application Thread] DEBUG MainWindow           - Scaled scene size:    1200.0 x 980.0
17:17:09.352 [JavaFX Application Thread] DEBUG MainWindow           - Scaled ratio: (1.0, 1.0)
17:17:09.355 [JavaFX Application Thread] DEBUG AssetLoader          - Loading from disk: /assets/ui/css/fxgl_dark.css
17:17:09.358 [JavaFX Application Thread] DEBUG AssetLoader          - Loading from disk: /assets/textures/fxgl_icon.png
17:17:09.381 [JavaFX Application Thread] DEBUG MainWindow           - Opening main window
17:17:09.518 [JavaFX Application Thread] DEBUG MainWindow           - Window border size: (2.0, 29.0)
17:17:09.518 [JavaFX Application Thread] DEBUG MainWindow           - Scaled size: 1200.0 x 980.0
17:17:09.518 [JavaFX Application Thread] DEBUG MainWindow           - Scaled ratio: (1.0, 1.0)
17:17:09.518 [JavaFX Application Thread] DEBUG MainWindow           - Scene size: 1200.0 x 980.0
17:17:09.519 [JavaFX Application Thread] DEBUG MainWindow           - Stage size: 1202.0 x 1009.0
17:17:09.548 [ForkJoinPool.commonPool-worker-19] DEBUG FS                   - Loaded DesktopFSService
17:17:09.548 [ForkJoinPool.commonPool-worker-19] DEBUG FXGL                 - Loading FXGL system data
17:17:09.554 [ForkJoinPool.commonPool-worker-19] DEBUG DesktopFSService     - Reading from: system/fxgl.bundle
17:17:09.564 [ForkJoinPool.commonPool-worker-19] DEBUG Bundle               - Logging bundle: FXGL
17:17:09.565 [ForkJoinPool.commonPool-worker-19] DEBUG Bundle               - FXGL.offline.timer.version.check=2019-01-16T00:48:31.803053
17:17:09.566 [ForkJoinPool.commonPool-worker-19] DEBUG FXGL                 - Initializing state machine and application states
17:17:09.567 [ForkJoinPool.commonPool-worker-19] DEBUG AssetLoader          - Loading from disk: /assets/ui/cursors/fxgl_default.png
17:17:09.573 [ForkJoinPool.commonPool-worker-19] DEBUG AssetLoader          - Loading from disk: /assets/ui/cursors/fxgl_default.png
17:17:09.583 [ForkJoinPool.commonPool-worker-19] DEBUG AssetLoader          - Loading from cache: /assets/ui/fonts/VarelaRound-Regular.ttf
17:17:09.586 [ForkJoinPool.commonPool-worker-19] DEBUG AssetLoader          - Loading from disk: /assets/ui/cursors/fxgl_default.png
17:17:09.589 [ForkJoinPool.commonPool-worker-19] DEBUG GameScene            - Game scene initialized: 1200x980
17:17:09.593 [ForkJoinPool.commonPool-worker-19] DEBUG GameWorld            - Game world initialized
17:17:09.638 [ForkJoinPool.commonPool-worker-19] DEBUG PhysicsWorld         - Physics world initialized: appHeight=980, physics.ppm=50.0
17:17:09.658 [ForkJoinPool.commonPool-worker-19] DEBUG Input                - Registered new binding: Pause - Esc
17:17:09.702 [JavaFX Application Thread] DEBUG FXGL                 - Running preInit()
17:17:09.704 [JavaFX Application Thread] DEBUG Input                - Registered new binding: Screenshot - P
17:17:09.704 [JavaFX Application Thread] DEBUG Input                - Registered new binding: Dev Options - CTRL+0
17:17:09.704 [JavaFX Application Thread] DEBUG Input                - Registered new binding: System info dump - CTRL+9
17:17:09.705 [JavaFX Application Thread] DEBUG Input                - Registered new binding: Restart - CTRL+R
17:17:09.705 [JavaFX Application Thread] INFO  FXGL                 - FXGL initialization took: 0.614 sec
17:17:09.705 [JavaFX Application Thread] DEBUG LoopRunner           - Starting loop
17:17:09.707 [JavaFX Application Thread] DEBUG StartupState         - STARTUP
17:17:09.707 [JavaFX Application Thread] DEBUG GameApplication      - Starting new game
17:17:09.707 [JavaFX Application Thread] DEBUG Input                - Clearing active input actions
17:17:09.708 [JavaFX Application Thread] DEBUG AssetLoader          - Loading from disk: /assets/ui/css/fxgl_dark.css
17:17:09.718 [JavaFX Application Thread] DEBUG AppStateMachine      - StartupState -> LoadingState
17:17:09.724 [FXGL Background Thread 1 ] DEBUG InitAppTask          - Clearing previous game
17:17:09.725 [FXGL Background Thread 1 ] DEBUG GameWorld            - Clearing game world
17:17:09.725 [FXGL Background Thread 1 ] DEBUG PhysicsWorld         - Clearing physics world
17:17:09.725 [FXGL Background Thread 1 ] DEBUG GameScene            - Clearing game scene
17:17:09.726 [FXGL Background Thread 1 ] DEBUG InitAppTask          - Initializing Game
17:17:09.733 [FXGL Background Thread 1 ] DEBUG InitAppTask          - Initializing Physics
17:17:09.733 [FXGL Background Thread 1 ] DEBUG InitAppTask          - Initializing UI
17:17:09.733 [FXGL Background Thread 1 ] DEBUG AssetLoader          - Loading from disk: /assets/ui/login.fxml
17:17:09.818 [FXGL Background Thread 1 ] DEBUG InitAppTask          - Initialization Complete
17:17:09.818 [FXGL Background Thread 1 ] INFO  InitAppTask          - Game initialization took: 0.094 sec
17:17:09.820 [JavaFX Application Thread] DEBUG Input                - Clearing active input actions
17:17:09.821 [JavaFX Application Thread] DEBUG AssetLoader          - Loading from disk: /assets/ui/css/fxgl_dark.css
17:17:09.842 [JavaFX Application Thread] DEBUG AppStateMachine      - LoadingState -> PlayState
17:17:14.251 [JavaFX Application Thread] DEBUG FXGL                 - Exiting FXGL
17:17:14.251 [JavaFX Application Thread] DEBUG FXGL                 - Shutting down background threads
17:17:14.252 [JavaFX Application Thread] DEBUG FXGL                 - Saving FXGL system data
17:17:14.282 [JavaFX Application Thread] DEBUG DesktopFSService     - Writing to: system/fxgl.bundle
17:17:14.294 [JavaFX Application Thread] DEBUG FXGL                 - Closing logger and exiting JavaFX
