16:40:54.218 [JavaFX Application Thread] DEBUG GameApplication      - Logger initialized
16:40:54.228 [JavaFX Application Thread] DEBUG MainWindow           - Creating a JavaFX scene
16:40:54.358 [JavaFX Application Thread] DEBUG MainWindow           - Target settings size: 1024.0 x 860.0
16:40:54.359 [JavaFX Application Thread] DEBUG MainWindow           - Scaled scene size:    1024.0 x 860.0
16:40:54.359 [JavaFX Application Thread] DEBUG MainWindow           - Scaled ratio: (1.0, 1.0)
16:40:54.365 [JavaFX Application Thread] DEBUG GameApplication      - Starting FXGL
16:40:54.369 [JavaFX Application Thread] INFO  FXGL                 - FXGL-0.5.3 on DESKTOP
16:40:54.369 [JavaFX Application Thread] INFO  FXGL                 - Source code and latest versions at: https://github.com/AlmasB/FXGL
16:40:54.370 [JavaFX Application Thread] INFO  FXGL                 -              Join the FXGL chat at: https://gitter.im/AlmasB/FXGL
16:40:54.378 [JavaFX Application Thread] DEBUG FS                   - Loaded DesktopFSService
16:40:54.378 [JavaFX Application Thread] DEBUG FXGL                 - Loading FXGL system data
16:40:54.384 [JavaFX Application Thread] DEBUG DesktopFSService     - Reading from: system/fxgl.bundle
16:40:54.393 [JavaFX Application Thread] DEBUG Bundle               - Logging bundle: FXGL
16:40:54.394 [JavaFX Application Thread] DEBUG Bundle               - FXGL.offline.timer.version.check=2019-01-23T12:24:56.214
16:40:54.418 [JavaFX Application Thread] DEBUG GameApplication      - FXGL started
16:40:54.418 [JavaFX Application Thread] DEBUG GameApplication      - Logging game settings
Title: Basic Game App
Version: 0.0
Width: 1024
Height: 860
Fullscreen: false
Intro: false
Menus: false
Profiling: false
Single step:false
App Mode: DEVELOPER
Menu Key: ESCAPE
Stage Style: DECORATED
Scene Factory: class com.almasb.fxgl.scene.SceneFactory
Dialog Factory: class com.almasb.fxgl.ui.FXGLDialogFactory
UI Factory: class com.almasb.fxgl.ui.FXGLUIFactory
Notification Service: class com.almasb.fxgl.gameplay.notification.XboxNotificationView
Exception Handler: class com.almasb.fxgl.app.FXGLExceptionHandler
16:40:54.419 [JavaFX Application Thread] DEBUG GameApplication      - Configuring GameApplication
16:40:54.419 [JavaFX Application Thread] DEBUG GameApplication      - Initializing state machine and application states
16:40:54.442 [JavaFX Application Thread] DEBUG AssetLoader          - Loading from disk: /assets/ui/cursors/fxgl_default.png
16:40:54.467 [JavaFX Application Thread] DEBUG AssetLoader          - Loading from disk: /assets/ui/cursors/fxgl_default.png
16:40:54.503 [JavaFX Application Thread] DEBUG FXGLAssets           - Loading FXGLAssets
16:40:54.528 [JavaFX Application Thread] DEBUG AssetLoader          - Loading from disk: /assets/ui/fonts/VarelaRound-Regular.ttf
16:40:54.541 [JavaFX Application Thread] DEBUG AssetLoader          - Loading from disk: /assets/ui/fonts/lucida_console.ttf
16:40:54.544 [JavaFX Application Thread] DEBUG AssetLoader          - Loading from disk: /assets/ui/fonts/Courier-Prime.ttf
16:40:54.546 [JavaFX Application Thread] DEBUG AssetLoader          - Loading from disk: /assets/ui/fonts/Abel-Regular.ttf
16:40:54.547 [JavaFX Application Thread] DEBUG AssetLoader          - Loading from disk: /assets/ui/css/fxgl_dark.css
16:40:54.576 [JavaFX Application Thread] DEBUG AssetLoader          - Loading from disk: /assets/ui/cursors/fxgl_default.png
16:40:54.609 [JavaFX Application Thread] DEBUG AssetLoader          - Loading from disk: /assets/ui/cursors/fxgl_default.png
16:40:54.630 [JavaFX Application Thread] DEBUG GameScene            - Game scene initialized: 1024x860
16:40:54.633 [JavaFX Application Thread] DEBUG GameWorld            - Game world initialized
16:40:54.671 [JavaFX Application Thread] DEBUG PhysicsWorld         - Physics world initialized: appHeight=860, physics.ppm=50.0
16:40:54.688 [JavaFX Application Thread] DEBUG Input                - Registered new binding: Pause - Esc
16:40:54.705 [JavaFX Application Thread] DEBUG Input                - Clearing active input actions
16:40:54.748 [JavaFX Application Thread] DEBUG AppStateMachine      - StartupState -> StartupState
16:40:54.752 [JavaFX Application Thread] INFO  GameApplication      - Game configuration took:  0.332 sec
16:40:54.754 [JavaFX Application Thread] DEBUG AssetLoader          - Loading from disk: /assets/textures/fxgl_icon.png
16:40:54.769 [JavaFX Application Thread] DEBUG MainWindow           - Opening main window
16:40:54.834 [JavaFX Application Thread] DEBUG MainWindow           - Window border size: (0.0, 0.0)
16:40:54.834 [JavaFX Application Thread] DEBUG MainWindow           - Scaled size: 1024.0 x 860.0
16:40:54.834 [JavaFX Application Thread] DEBUG MainWindow           - Scaled ratio: (1.0, 1.0)
16:40:54.834 [JavaFX Application Thread] DEBUG MainWindow           - Scene size: 1024.0 x 860.0
16:40:54.835 [JavaFX Application Thread] DEBUG MainWindow           - Stage size: 1024.0 x 860.0
16:40:54.835 [JavaFX Application Thread] DEBUG GameApplication      - Running preInit()
16:40:54.837 [JavaFX Application Thread] DEBUG Input                - Registered new binding: Screenshot - P
16:40:54.837 [JavaFX Application Thread] DEBUG Input                - Registered new binding: Dev Options - CTRL+0
16:40:54.838 [JavaFX Application Thread] DEBUG Input                - Registered new binding: System info dump - CTRL+9
16:40:54.838 [JavaFX Application Thread] DEBUG Input                - Registered new binding: Restart - CTRL+R
16:40:54.838 [JavaFX Application Thread] DEBUG Input                - Registered new binding: Up 1 - W
16:40:54.839 [JavaFX Application Thread] DEBUG Input                - Registered new binding: Down 1 - S
16:40:54.839 [JavaFX Application Thread] DEBUG Input                - Registered new binding: Right 1 - D
16:40:54.839 [JavaFX Application Thread] DEBUG Input                - Registered new binding: Left 1 - A
16:40:54.868 [JavaFX Application Thread] DEBUG GameApplication      - Starting main loop
16:40:54.878 [JavaFX Application Thread] DEBUG StartupState         - STARTUP
16:40:54.878 [JavaFX Application Thread] DEBUG GameApplication      - Starting new game
16:40:54.878 [JavaFX Application Thread] DEBUG Input                - Clearing active input actions
16:40:54.886 [JavaFX Application Thread] DEBUG AppStateMachine      - StartupState -> LoadingState
16:40:54.890 [FXGL Background Thread 1 ] DEBUG InitAppTask          - Clearing previous game
16:40:54.890 [FXGL Background Thread 1 ] DEBUG GameWorld            - Clearing game world
16:40:54.890 [FXGL Background Thread 1 ] DEBUG PhysicsWorld         - Clearing physics world
16:40:54.891 [FXGL Background Thread 1 ] DEBUG GameScene            - Clearing game scene
16:40:54.892 [FXGL Background Thread 1 ] DEBUG InitAppTask          - Initializing Game
16:40:54.896 [FXGL Background Thread 1 ] DEBUG InitAppTask          - Initializing Physics
16:40:54.896 [FXGL Background Thread 1 ] DEBUG InitAppTask          - Initializing UI
16:40:54.896 [FXGL Background Thread 1 ] DEBUG AssetLoader          - Loading from disk: /assets/ui/login.fxml
16:40:54.969 [FXGL Background Thread 1 ] DEBUG InitAppTask          - Initialization Complete
16:40:54.969 [FXGL Background Thread 1 ] INFO  InitAppTask          - Game initialization took: 0.079 sec
16:40:55.006 [JavaFX Application Thread] DEBUG Input                - Clearing active input actions
16:40:55.016 [JavaFX Application Thread] DEBUG AppStateMachine      - LoadingState -> PlayState
16:40:57.599 [JavaFX Application Thread] DEBUG GameScene            - Creating render group for layer: DEFAULT(100000)
16:40:58.580 [JavaFX Application Thread] DEBUG GameApplication      - Exiting game application
16:40:58.581 [JavaFX Application Thread] DEBUG GameApplication      - Shutting down background threads
16:40:58.582 [JavaFX Application Thread] DEBUG GameApplication      - Exiting FXGL
16:40:58.582 [JavaFX Application Thread] DEBUG FXGL                 - Saving FXGL system data
16:40:58.585 [JavaFX Application Thread] DEBUG DesktopFSService     - Writing to: system/fxgl.bundle
16:40:58.588 [JavaFX Application Thread] DEBUG GameApplication      - Closing logger and exiting JavaFX
