23:00:58.950 [JavaFX Application Thread] DEBUG GameApplication      - Logger initialized
23:00:58.956 [JavaFX Application Thread] DEBUG MainWindow           - Creating a JavaFX scene
23:00:59.098 [JavaFX Application Thread] DEBUG MainWindow           - Target settings size: 1024.0 x 860.0
23:00:59.098 [JavaFX Application Thread] DEBUG MainWindow           - Scaled scene size:    1024.0 x 860.0
23:00:59.098 [JavaFX Application Thread] DEBUG MainWindow           - Scaled ratio: (1.0, 1.0)
23:00:59.104 [JavaFX Application Thread] DEBUG GameApplication      - Starting FXGL
23:00:59.109 [JavaFX Application Thread] INFO  FXGL                 - FXGL-0.5.3 on DESKTOP
23:00:59.109 [JavaFX Application Thread] INFO  FXGL                 - Source code and latest versions at: https://github.com/AlmasB/FXGL
23:00:59.110 [JavaFX Application Thread] INFO  FXGL                 -              Join the FXGL chat at: https://gitter.im/AlmasB/FXGL
23:00:59.119 [JavaFX Application Thread] DEBUG FS                   - Loaded DesktopFSService
23:00:59.119 [JavaFX Application Thread] DEBUG FXGL                 - Loading FXGL system data
23:00:59.126 [JavaFX Application Thread] DEBUG DesktopFSService     - Reading from: system/fxgl.bundle
23:00:59.136 [JavaFX Application Thread] DEBUG Bundle               - Logging bundle: FXGL
23:00:59.136 [JavaFX Application Thread] DEBUG Bundle               - FXGL.offline.timer.version.check=2019-01-23T12:24:56.214
23:00:59.163 [JavaFX Application Thread] DEBUG GameApplication      - FXGL started
23:00:59.163 [JavaFX Application Thread] DEBUG GameApplication      - Logging game settings
Title: Basic Game App
Version: 0.0
Width: 1024
Height: 860
Fullscreen: false
Intro: false
Menus: false
Profiling: false
Single step:false
App Mode: DEVELOPER
Menu Key: ESCAPE
Stage Style: DECORATED
Scene Factory: class com.almasb.fxgl.scene.SceneFactory
Dialog Factory: class com.almasb.fxgl.ui.FXGLDialogFactory
UI Factory: class com.almasb.fxgl.ui.FXGLUIFactory
Notification Service: class com.almasb.fxgl.gameplay.notification.XboxNotificationView
Exception Handler: class com.almasb.fxgl.app.FXGLExceptionHandler
23:00:59.164 [JavaFX Application Thread] DEBUG GameApplication      - Configuring GameApplication
23:00:59.165 [JavaFX Application Thread] DEBUG GameApplication      - Initializing state machine and application states
23:00:59.185 [JavaFX Application Thread] DEBUG AssetLoader          - Loading from disk: /assets/ui/cursors/fxgl_default.png
23:00:59.208 [JavaFX Application Thread] DEBUG AssetLoader          - Loading from disk: /assets/ui/cursors/fxgl_default.png
23:00:59.240 [JavaFX Application Thread] DEBUG FXGLAssets           - Loading FXGLAssets
23:00:59.266 [JavaFX Application Thread] DEBUG AssetLoader          - Loading from disk: /assets/ui/fonts/VarelaRound-Regular.ttf
23:00:59.279 [JavaFX Application Thread] DEBUG AssetLoader          - Loading from disk: /assets/ui/fonts/lucida_console.ttf
23:00:59.281 [JavaFX Application Thread] DEBUG AssetLoader          - Loading from disk: /assets/ui/fonts/Courier-Prime.ttf
23:00:59.283 [JavaFX Application Thread] DEBUG AssetLoader          - Loading from disk: /assets/ui/fonts/Abel-Regular.ttf
23:00:59.285 [JavaFX Application Thread] DEBUG AssetLoader          - Loading from disk: /assets/ui/css/fxgl_dark.css
23:00:59.316 [JavaFX Application Thread] DEBUG AssetLoader          - Loading from disk: /assets/ui/cursors/fxgl_default.png
23:00:59.349 [JavaFX Application Thread] DEBUG AssetLoader          - Loading from disk: /assets/ui/cursors/fxgl_default.png
23:00:59.373 [JavaFX Application Thread] DEBUG GameScene            - Game scene initialized: 1024x860
23:00:59.376 [JavaFX Application Thread] DEBUG GameWorld            - Game world initialized
23:00:59.415 [JavaFX Application Thread] DEBUG PhysicsWorld         - Physics world initialized: appHeight=860, physics.ppm=50.0
23:00:59.431 [JavaFX Application Thread] DEBUG Input                - Registered new binding: Pause - Esc
23:00:59.448 [JavaFX Application Thread] DEBUG Input                - Clearing active input actions
23:00:59.490 [JavaFX Application Thread] DEBUG AppStateMachine      - StartupState -> StartupState
23:00:59.494 [JavaFX Application Thread] INFO  GameApplication      - Game configuration took:  0.329 sec
23:00:59.496 [JavaFX Application Thread] DEBUG AssetLoader          - Loading from disk: /assets/textures/fxgl_icon.png
23:00:59.512 [JavaFX Application Thread] DEBUG MainWindow           - Opening main window
23:00:59.582 [JavaFX Application Thread] DEBUG MainWindow           - Window border size: (0.0, 0.0)
23:00:59.582 [JavaFX Application Thread] DEBUG MainWindow           - Scaled size: 1024.0 x 860.0
23:00:59.582 [JavaFX Application Thread] DEBUG MainWindow           - Scaled ratio: (1.0, 1.0)
23:00:59.583 [JavaFX Application Thread] DEBUG MainWindow           - Scene size: 1024.0 x 860.0
23:00:59.583 [JavaFX Application Thread] DEBUG MainWindow           - Stage size: 1024.0 x 860.0
23:00:59.583 [JavaFX Application Thread] DEBUG GameApplication      - Running preInit()
23:00:59.584 [JavaFX Application Thread] DEBUG Input                - Registered new binding: Screenshot - P
23:00:59.585 [JavaFX Application Thread] DEBUG Input                - Registered new binding: Dev Options - CTRL+0
23:00:59.585 [JavaFX Application Thread] DEBUG Input                - Registered new binding: System info dump - CTRL+9
23:00:59.586 [JavaFX Application Thread] DEBUG Input                - Registered new binding: Restart - CTRL+R
23:00:59.586 [JavaFX Application Thread] DEBUG Input                - Registered new binding: Up 1 - W
23:00:59.586 [JavaFX Application Thread] DEBUG Input                - Registered new binding: Down 1 - S
23:00:59.586 [JavaFX Application Thread] DEBUG Input                - Registered new binding: Right 1 - D
23:00:59.586 [JavaFX Application Thread] DEBUG Input                - Registered new binding: Left 1 - A
23:00:59.616 [JavaFX Application Thread] DEBUG GameApplication      - Starting main loop
23:00:59.634 [JavaFX Application Thread] DEBUG StartupState         - STARTUP
23:00:59.634 [JavaFX Application Thread] DEBUG GameApplication      - Starting new game
23:00:59.634 [JavaFX Application Thread] DEBUG Input                - Clearing active input actions
23:00:59.641 [JavaFX Application Thread] DEBUG AppStateMachine      - StartupState -> LoadingState
23:00:59.646 [FXGL Background Thread 1 ] DEBUG InitAppTask          - Clearing previous game
23:00:59.646 [FXGL Background Thread 1 ] DEBUG GameWorld            - Clearing game world
23:00:59.646 [FXGL Background Thread 1 ] DEBUG PhysicsWorld         - Clearing physics world
23:00:59.646 [FXGL Background Thread 1 ] DEBUG GameScene            - Clearing game scene
23:00:59.648 [FXGL Background Thread 1 ] DEBUG InitAppTask          - Initializing Game
23:00:59.652 [FXGL Background Thread 1 ] DEBUG InitAppTask          - Initializing Physics
23:00:59.653 [FXGL Background Thread 1 ] DEBUG InitAppTask          - Initializing UI
23:00:59.653 [FXGL Background Thread 1 ] DEBUG AssetLoader          - Loading from disk: /assets/ui/login.fxml
23:00:59.732 [FXGL Background Thread 1 ] DEBUG InitAppTask          - Initialization Complete
23:00:59.732 [FXGL Background Thread 1 ] INFO  InitAppTask          - Game initialization took: 0.086 sec
23:00:59.758 [JavaFX Application Thread] DEBUG Input                - Clearing active input actions
23:00:59.771 [JavaFX Application Thread] DEBUG AppStateMachine      - LoadingState -> PlayState
23:01:02.172 [JavaFX Application Thread] FATAL GameApplication      - Uncaught Exception:

Fatal exception occurred: java.lang.IllegalArgumentException : Parameter specified as non-null is null: method com.almasb.fxgl.scene.Viewport.bindToEntity, parameter entity
E: com.almasb.fxgl.scene.Viewport.bindToEntity(Viewport.kt)
E: client.Screen$2.run(Screen.java:78)
E: com.sun.javafx.application.PlatformImpl.lambda$null$5(PlatformImpl.java:295)
E: java.security.AccessController.doPrivileged(Native Method)
E: com.sun.javafx.application.PlatformImpl.lambda$runLater$6(PlatformImpl.java:294)
E: com.sun.glass.ui.InvokeLaterDispatcher$Future.run(InvokeLaterDispatcher.java:95)
E: com.sun.glass.ui.gtk.GtkApplication._runLoop(Native Method)
E: com.sun.glass.ui.gtk.GtkApplication.lambda$null$5(GtkApplication.java:139)
E: java.lang.Thread.run(Thread.java:748)

23:01:02.172 [JavaFX Application Thread] FATAL GameApplication      - Application will now exit
23:01:02.172 [JavaFX Application Thread] DEBUG GameApplication      - Stopping main loop
23:01:02.305 [JavaFX Application Thread] DEBUG AssetLoader          - Loading from disk: /assets/json/ult.json
23:01:02.506 [JavaFX Application Thread] DEBUG GameWorld            - Clearing removable entities
23:01:02.506 [JavaFX Application Thread] DEBUG GameWorld            - Setting level from map
23:01:02.521 [JavaFX Application Thread] DEBUG AssetLoader          - Loading from disk: /assets/textures/grass.png
23:01:02.541 [JavaFX Application Thread] DEBUG AssetLoader          - Loading from cache: /assets/textures/grass.png
23:01:02.541 [JavaFX Application Thread] DEBUG AssetLoader          - Loading from cache: /assets/textures/grass.png
23:01:02.541 [JavaFX Application Thread] DEBUG AssetLoader          - Loading from cache: /assets/textures/grass.png
23:01:02.541 [JavaFX Application Thread] DEBUG AssetLoader          - Loading from cache: /assets/textures/grass.png
23:01:02.542 [JavaFX Application Thread] DEBUG AssetLoader          - Loading from cache: /assets/textures/grass.png
23:01:02.542 [JavaFX Application Thread] DEBUG AssetLoader          - Loading from cache: /assets/textures/grass.png
23:01:02.542 [JavaFX Application Thread] DEBUG AssetLoader          - Loading from cache: /assets/textures/grass.png
23:01:02.542 [JavaFX Application Thread] DEBUG AssetLoader          - Loading from cache: /assets/textures/grass.png
23:01:02.542 [JavaFX Application Thread] DEBUG AssetLoader          - Loading from cache: /assets/textures/grass.png
23:01:02.542 [JavaFX Application Thread] DEBUG AssetLoader          - Loading from cache: /assets/textures/grass.png
23:01:02.542 [JavaFX Application Thread] DEBUG AssetLoader          - Loading from cache: /assets/textures/grass.png
23:01:02.543 [JavaFX Application Thread] DEBUG AssetLoader          - Loading from cache: /assets/textures/grass.png
23:01:02.543 [JavaFX Application Thread] DEBUG AssetLoader          - Loading from cache: /assets/textures/grass.png
23:01:02.543 [JavaFX Application Thread] DEBUG AssetLoader          - Loading from cache: /assets/textures/grass.png
23:01:02.543 [JavaFX Application Thread] DEBUG AssetLoader          - Loading from cache: /assets/textures/grass.png
23:01:02.543 [JavaFX Application Thread] DEBUG AssetLoader          - Loading from cache: /assets/textures/grass.png
23:01:02.543 [JavaFX Application Thread] DEBUG AssetLoader          - Loading from cache: /assets/textures/grass.png
23:01:02.543 [JavaFX Application Thread] DEBUG AssetLoader          - Loading from cache: /assets/textures/grass.png
23:01:02.543 [JavaFX Application Thread] DEBUG AssetLoader          - Loading from cache: /assets/textures/grass.png
23:01:02.544 [JavaFX Application Thread] DEBUG AssetLoader          - Loading from cache: /assets/textures/grass.png
23:01:02.544 [JavaFX Application Thread] DEBUG AssetLoader          - Loading from cache: /assets/textures/grass.png
23:01:02.544 [JavaFX Application Thread] DEBUG AssetLoader          - Loading from cache: /assets/textures/grass.png
23:01:02.544 [JavaFX Application Thread] DEBUG AssetLoader          - Loading from cache: /assets/textures/grass.png
23:01:02.544 [JavaFX Application Thread] DEBUG AssetLoader          - Loading from cache: /assets/textures/grass.png
23:01:02.544 [JavaFX Application Thread] DEBUG AssetLoader          - Loading from cache: /assets/textures/grass.png
23:01:02.545 [JavaFX Application Thread] DEBUG AssetLoader          - Loading from cache: /assets/textures/grass.png
23:01:02.545 [JavaFX Application Thread] DEBUG AssetLoader          - Loading from cache: /assets/textures/grass.png
23:01:02.545 [JavaFX Application Thread] DEBUG AssetLoader          - Loading from cache: /assets/textures/grass.png
23:01:02.545 [JavaFX Application Thread] DEBUG AssetLoader          - Loading from cache: /assets/textures/grass.png
23:01:02.545 [JavaFX Application Thread] DEBUG AssetLoader          - Loading from cache: /assets/textures/grass.png
23:01:02.545 [JavaFX Application Thread] DEBUG AssetLoader          - Loading from cache: /assets/textures/grass.png
23:01:02.545 [JavaFX Application Thread] DEBUG AssetLoader          - Loading from cache: /assets/textures/grass.png
23:01:02.545 [JavaFX Application Thread] DEBUG AssetLoader          - Loading from cache: /assets/textures/grass.png
23:01:02.546 [JavaFX Application Thread] DEBUG AssetLoader          - Loading from cache: /assets/textures/grass.png
23:01:02.546 [JavaFX Application Thread] DEBUG AssetLoader          - Loading from cache: /assets/textures/grass.png
23:01:02.546 [JavaFX Application Thread] DEBUG AssetLoader          - Loading from cache: /assets/textures/grass.png
23:01:02.546 [JavaFX Application Thread] DEBUG AssetLoader          - Loading from cache: /assets/textures/grass.png
23:01:02.546 [JavaFX Application Thread] DEBUG AssetLoader          - Loading from cache: /assets/textures/grass.png
23:01:02.546 [JavaFX Application Thread] DEBUG AssetLoader          - Loading from cache: /assets/textures/grass.png
23:01:02.547 [JavaFX Application Thread] DEBUG AssetLoader          - Loading from cache: /assets/textures/grass.png
23:01:02.547 [JavaFX Application Thread] DEBUG AssetLoader          - Loading from cache: /assets/textures/grass.png
23:01:02.547 [JavaFX Application Thread] DEBUG AssetLoader          - Loading from cache: /assets/textures/grass.png
23:01:02.547 [JavaFX Application Thread] DEBUG AssetLoader          - Loading from cache: /assets/textures/grass.png
23:01:02.547 [JavaFX Application Thread] DEBUG AssetLoader          - Loading from cache: /assets/textures/grass.png
23:01:02.547 [JavaFX Application Thread] DEBUG AssetLoader          - Loading from cache: /assets/textures/grass.png
23:01:02.548 [JavaFX Application Thread] DEBUG AssetLoader          - Loading from cache: /assets/textures/grass.png
23:01:02.548 [JavaFX Application Thread] DEBUG AssetLoader          - Loading from cache: /assets/textures/grass.png
23:01:02.548 [JavaFX Application Thread] DEBUG AssetLoader          - Loading from cache: /assets/textures/grass.png
23:01:02.548 [JavaFX Application Thread] DEBUG AssetLoader          - Loading from cache: /assets/textures/grass.png
23:01:02.548 [JavaFX Application Thread] DEBUG AssetLoader          - Loading from cache: /assets/textures/grass.png
23:01:02.548 [JavaFX Application Thread] DEBUG AssetLoader          - Loading from cache: /assets/textures/grass.png
23:01:02.549 [JavaFX Application Thread] DEBUG AssetLoader          - Loading from cache: /assets/textures/grass.png
23:01:02.549 [JavaFX Application Thread] DEBUG AssetLoader          - Loading from cache: /assets/textures/grass.png
23:01:02.549 [JavaFX Application Thread] DEBUG AssetLoader          - Loading from cache: /assets/textures/grass.png
23:01:02.549 [JavaFX Application Thread] DEBUG AssetLoader          - Loading from cache: /assets/textures/grass.png
23:01:02.549 [JavaFX Application Thread] DEBUG AssetLoader          - Loading from cache: /assets/textures/grass.png
23:01:02.549 [JavaFX Application Thread] DEBUG AssetLoader          - Loading from cache: /assets/textures/grass.png
23:01:02.550 [JavaFX Application Thread] DEBUG AssetLoader          - Loading from cache: /assets/textures/grass.png
23:01:02.550 [JavaFX Application Thread] DEBUG AssetLoader          - Loading from cache: /assets/textures/grass.png
23:01:02.550 [JavaFX Application Thread] DEBUG AssetLoader          - Loading from cache: /assets/textures/grass.png
23:01:02.550 [JavaFX Application Thread] DEBUG AssetLoader          - Loading from cache: /assets/textures/grass.png
23:01:02.550 [JavaFX Application Thread] DEBUG AssetLoader          - Loading from cache: /assets/textures/grass.png
23:01:02.550 [JavaFX Application Thread] DEBUG AssetLoader          - Loading from cache: /assets/textures/grass.png
23:01:02.550 [JavaFX Application Thread] DEBUG AssetLoader          - Loading from cache: /assets/textures/grass.png
23:01:02.550 [JavaFX Application Thread] DEBUG AssetLoader          - Loading from cache: /assets/textures/grass.png
23:01:02.551 [JavaFX Application Thread] DEBUG AssetLoader          - Loading from cache: /assets/textures/grass.png
23:01:02.551 [JavaFX Application Thread] DEBUG AssetLoader          - Loading from cache: /assets/textures/grass.png
23:01:02.551 [JavaFX Application Thread] DEBUG AssetLoader          - Loading from cache: /assets/textures/grass.png
23:01:02.551 [JavaFX Application Thread] DEBUG AssetLoader          - Loading from cache: /assets/textures/grass.png
23:01:02.551 [JavaFX Application Thread] DEBUG AssetLoader          - Loading from cache: /assets/textures/grass.png
23:01:02.551 [JavaFX Application Thread] DEBUG AssetLoader          - Loading from cache: /assets/textures/grass.png
23:01:02.551 [JavaFX Application Thread] DEBUG AssetLoader          - Loading from cache: /assets/textures/grass.png
23:01:02.552 [JavaFX Application Thread] DEBUG AssetLoader          - Loading from cache: /assets/textures/grass.png
23:01:02.552 [JavaFX Application Thread] DEBUG AssetLoader          - Loading from cache: /assets/textures/grass.png
23:01:02.552 [JavaFX Application Thread] DEBUG AssetLoader          - Loading from cache: /assets/textures/grass.png
23:01:02.552 [JavaFX Application Thread] DEBUG AssetLoader          - Loading from cache: /assets/textures/grass.png
23:01:02.552 [JavaFX Application Thread] DEBUG AssetLoader          - Loading from cache: /assets/textures/grass.png
23:01:02.552 [JavaFX Application Thread] DEBUG AssetLoader          - Loading from cache: /assets/textures/grass.png
23:01:02.553 [JavaFX Application Thread] DEBUG AssetLoader          - Loading from cache: /assets/textures/grass.png
23:01:02.553 [JavaFX Application Thread] DEBUG AssetLoader          - Loading from cache: /assets/textures/grass.png
23:01:02.553 [JavaFX Application Thread] DEBUG AssetLoader          - Loading from cache: /assets/textures/grass.png
23:01:02.553 [JavaFX Application Thread] DEBUG AssetLoader          - Loading from cache: /assets/textures/grass.png
23:01:02.553 [JavaFX Application Thread] DEBUG AssetLoader          - Loading from cache: /assets/textures/grass.png
23:01:02.553 [JavaFX Application Thread] DEBUG AssetLoader          - Loading from cache: /assets/textures/grass.png
23:01:02.553 [JavaFX Application Thread] DEBUG AssetLoader          - Loading from cache: /assets/textures/grass.png
23:01:02.553 [JavaFX Application Thread] DEBUG AssetLoader          - Loading from cache: /assets/textures/grass.png
23:01:02.553 [JavaFX Application Thread] DEBUG AssetLoader          - Loading from cache: /assets/textures/grass.png
23:01:02.554 [JavaFX Application Thread] DEBUG AssetLoader          - Loading from cache: /assets/textures/grass.png
23:01:02.554 [JavaFX Application Thread] DEBUG AssetLoader          - Loading from cache: /assets/textures/grass.png
23:01:02.554 [JavaFX Application Thread] DEBUG AssetLoader          - Loading from cache: /assets/textures/grass.png
23:01:02.554 [JavaFX Application Thread] DEBUG AssetLoader          - Loading from cache: /assets/textures/grass.png
23:01:02.554 [JavaFX Application Thread] DEBUG AssetLoader          - Loading from cache: /assets/textures/grass.png
23:01:02.554 [JavaFX Application Thread] DEBUG AssetLoader          - Loading from cache: /assets/textures/grass.png
23:01:02.554 [JavaFX Application Thread] DEBUG AssetLoader          - Loading from cache: /assets/textures/grass.png
23:01:02.554 [JavaFX Application Thread] DEBUG AssetLoader          - Loading from cache: /assets/textures/grass.png
23:01:02.554 [JavaFX Application Thread] DEBUG AssetLoader          - Loading from cache: /assets/textures/grass.png
23:01:02.555 [JavaFX Application Thread] DEBUG AssetLoader          - Loading from cache: /assets/textures/grass.png
23:01:02.555 [JavaFX Application Thread] DEBUG AssetLoader          - Loading from cache: /assets/textures/grass.png
23:01:02.555 [JavaFX Application Thread] DEBUG AssetLoader          - Loading from cache: /assets/textures/grass.png
23:01:02.555 [JavaFX Application Thread] DEBUG AssetLoader          - Loading from cache: /assets/textures/grass.png
23:01:02.555 [JavaFX Application Thread] DEBUG AssetLoader          - Loading from cache: /assets/textures/grass.png
23:01:02.555 [JavaFX Application Thread] DEBUG AssetLoader          - Loading from cache: /assets/textures/grass.png
23:01:02.555 [JavaFX Application Thread] DEBUG AssetLoader          - Loading from cache: /assets/textures/grass.png
23:01:02.555 [JavaFX Application Thread] DEBUG AssetLoader          - Loading from cache: /assets/textures/grass.png
23:01:02.556 [JavaFX Application Thread] DEBUG AssetLoader          - Loading from cache: /assets/textures/grass.png
23:01:02.556 [JavaFX Application Thread] DEBUG AssetLoader          - Loading from cache: /assets/textures/grass.png
23:01:02.556 [JavaFX Application Thread] DEBUG AssetLoader          - Loading from cache: /assets/textures/grass.png
23:01:02.556 [JavaFX Application Thread] DEBUG AssetLoader          - Loading from cache: /assets/textures/grass.png
23:01:02.556 [JavaFX Application Thread] DEBUG AssetLoader          - Loading from cache: /assets/textures/grass.png
23:01:02.556 [JavaFX Application Thread] DEBUG AssetLoader          - Loading from cache: /assets/textures/grass.png
23:01:02.557 [JavaFX Application Thread] DEBUG AssetLoader          - Loading from cache: /assets/textures/grass.png
23:01:02.557 [JavaFX Application Thread] DEBUG AssetLoader          - Loading from cache: /assets/textures/grass.png
23:01:02.557 [JavaFX Application Thread] DEBUG AssetLoader          - Loading from cache: /assets/textures/grass.png
23:01:02.557 [JavaFX Application Thread] DEBUG AssetLoader          - Loading from cache: /assets/textures/grass.png
23:01:02.557 [JavaFX Application Thread] DEBUG AssetLoader          - Loading from cache: /assets/textures/grass.png
23:01:02.557 [JavaFX Application Thread] DEBUG AssetLoader          - Loading from cache: /assets/textures/grass.png
23:01:02.558 [JavaFX Application Thread] DEBUG AssetLoader          - Loading from cache: /assets/textures/grass.png
23:01:02.558 [JavaFX Application Thread] DEBUG AssetLoader          - Loading from cache: /assets/textures/grass.png
23:01:02.558 [JavaFX Application Thread] DEBUG AssetLoader          - Loading from cache: /assets/textures/grass.png
23:01:02.558 [JavaFX Application Thread] DEBUG AssetLoader          - Loading from cache: /assets/textures/grass.png
23:01:02.558 [JavaFX Application Thread] DEBUG AssetLoader          - Loading from cache: /assets/textures/grass.png
23:01:02.558 [JavaFX Application Thread] DEBUG AssetLoader          - Loading from cache: /assets/textures/grass.png
23:01:02.558 [JavaFX Application Thread] DEBUG AssetLoader          - Loading from cache: /assets/textures/grass.png
23:01:02.559 [JavaFX Application Thread] DEBUG AssetLoader          - Loading from cache: /assets/textures/grass.png
23:01:02.559 [JavaFX Application Thread] DEBUG AssetLoader          - Loading from cache: /assets/textures/grass.png
23:01:02.559 [JavaFX Application Thread] DEBUG AssetLoader          - Loading from cache: /assets/textures/grass.png
23:01:02.559 [JavaFX Application Thread] DEBUG AssetLoader          - Loading from cache: /assets/textures/grass.png
23:01:02.559 [JavaFX Application Thread] DEBUG AssetLoader          - Loading from cache: /assets/textures/grass.png
23:01:02.559 [JavaFX Application Thread] DEBUG AssetLoader          - Loading from cache: /assets/textures/grass.png
23:01:02.560 [JavaFX Application Thread] DEBUG AssetLoader          - Loading from cache: /assets/textures/grass.png
23:01:02.560 [JavaFX Application Thread] DEBUG AssetLoader          - Loading from cache: /assets/textures/grass.png
23:01:02.560 [JavaFX Application Thread] DEBUG AssetLoader          - Loading from cache: /assets/textures/grass.png
23:01:02.560 [JavaFX Application Thread] DEBUG AssetLoader          - Loading from cache: /assets/textures/grass.png
23:01:02.560 [JavaFX Application Thread] DEBUG AssetLoader          - Loading from cache: /assets/textures/grass.png
23:01:02.560 [JavaFX Application Thread] DEBUG AssetLoader          - Loading from cache: /assets/textures/grass.png
23:01:02.560 [JavaFX Application Thread] DEBUG AssetLoader          - Loading from cache: /assets/textures/grass.png
23:01:02.561 [JavaFX Application Thread] DEBUG AssetLoader          - Loading from cache: /assets/textures/grass.png
23:01:02.561 [JavaFX Application Thread] DEBUG AssetLoader          - Loading from cache: /assets/textures/grass.png
23:01:02.561 [JavaFX Application Thread] DEBUG AssetLoader          - Loading from cache: /assets/textures/grass.png
23:01:02.561 [JavaFX Application Thread] DEBUG AssetLoader          - Loading from cache: /assets/textures/grass.png
23:01:02.561 [JavaFX Application Thread] DEBUG AssetLoader          - Loading from cache: /assets/textures/grass.png
23:01:02.561 [JavaFX Application Thread] DEBUG AssetLoader          - Loading from cache: /assets/textures/grass.png
23:01:02.562 [JavaFX Application Thread] DEBUG AssetLoader          - Loading from cache: /assets/textures/grass.png
23:01:02.562 [JavaFX Application Thread] DEBUG AssetLoader          - Loading from cache: /assets/textures/grass.png
23:01:02.562 [JavaFX Application Thread] DEBUG AssetLoader          - Loading from cache: /assets/textures/grass.png
23:01:02.562 [JavaFX Application Thread] DEBUG AssetLoader          - Loading from cache: /assets/textures/grass.png
23:01:02.562 [JavaFX Application Thread] DEBUG AssetLoader          - Loading from cache: /assets/textures/grass.png
23:01:02.562 [JavaFX Application Thread] DEBUG AssetLoader          - Loading from cache: /assets/textures/grass.png
23:01:02.562 [JavaFX Application Thread] DEBUG AssetLoader          - Loading from cache: /assets/textures/grass.png
23:01:02.563 [JavaFX Application Thread] DEBUG AssetLoader          - Loading from cache: /assets/textures/grass.png
23:01:02.563 [JavaFX Application Thread] DEBUG AssetLoader          - Loading from cache: /assets/textures/grass.png
23:01:02.563 [JavaFX Application Thread] DEBUG AssetLoader          - Loading from cache: /assets/textures/grass.png
23:01:02.563 [JavaFX Application Thread] DEBUG AssetLoader          - Loading from cache: /assets/textures/grass.png
23:01:02.563 [JavaFX Application Thread] DEBUG AssetLoader          - Loading from cache: /assets/textures/grass.png
23:01:02.563 [JavaFX Application Thread] DEBUG AssetLoader          - Loading from cache: /assets/textures/grass.png
23:01:02.563 [JavaFX Application Thread] DEBUG AssetLoader          - Loading from cache: /assets/textures/grass.png
23:01:02.564 [JavaFX Application Thread] DEBUG AssetLoader          - Loading from cache: /assets/textures/grass.png
23:01:02.564 [JavaFX Application Thread] DEBUG AssetLoader          - Loading from cache: /assets/textures/grass.png
23:01:02.564 [JavaFX Application Thread] DEBUG AssetLoader          - Loading from cache: /assets/textures/grass.png
23:01:02.564 [JavaFX Application Thread] DEBUG AssetLoader          - Loading from cache: /assets/textures/grass.png
23:01:02.564 [JavaFX Application Thread] DEBUG AssetLoader          - Loading from cache: /assets/textures/grass.png
23:01:02.564 [JavaFX Application Thread] DEBUG AssetLoader          - Loading from cache: /assets/textures/grass.png
23:01:02.564 [JavaFX Application Thread] DEBUG AssetLoader          - Loading from cache: /assets/textures/grass.png
23:01:02.565 [JavaFX Application Thread] DEBUG AssetLoader          - Loading from cache: /assets/textures/grass.png
23:01:02.565 [JavaFX Application Thread] DEBUG AssetLoader          - Loading from cache: /assets/textures/grass.png
23:01:02.565 [JavaFX Application Thread] DEBUG AssetLoader          - Loading from cache: /assets/textures/grass.png
23:01:02.565 [JavaFX Application Thread] DEBUG AssetLoader          - Loading from cache: /assets/textures/grass.png
23:01:02.565 [JavaFX Application Thread] DEBUG AssetLoader          - Loading from cache: /assets/textures/grass.png
23:01:02.565 [JavaFX Application Thread] DEBUG AssetLoader          - Loading from cache: /assets/textures/grass.png
23:01:02.565 [JavaFX Application Thread] DEBUG AssetLoader          - Loading from cache: /assets/textures/grass.png
23:01:02.566 [JavaFX Application Thread] DEBUG AssetLoader          - Loading from cache: /assets/textures/grass.png
23:01:02.566 [JavaFX Application Thread] DEBUG AssetLoader          - Loading from cache: /assets/textures/grass.png
23:01:02.566 [JavaFX Application Thread] DEBUG AssetLoader          - Loading from cache: /assets/textures/grass.png
23:01:02.566 [JavaFX Application Thread] DEBUG AssetLoader          - Loading from cache: /assets/textures/grass.png
23:01:02.566 [JavaFX Application Thread] DEBUG AssetLoader          - Loading from cache: /assets/textures/grass.png
23:01:02.566 [JavaFX Application Thread] DEBUG AssetLoader          - Loading from cache: /assets/textures/grass.png
23:01:02.566 [JavaFX Application Thread] DEBUG AssetLoader          - Loading from cache: /assets/textures/grass.png
23:01:02.567 [JavaFX Application Thread] DEBUG AssetLoader          - Loading from cache: /assets/textures/grass.png
23:01:02.567 [JavaFX Application Thread] DEBUG AssetLoader          - Loading from cache: /assets/textures/grass.png
23:01:02.567 [JavaFX Application Thread] DEBUG AssetLoader          - Loading from cache: /assets/textures/grass.png
23:01:02.567 [JavaFX Application Thread] DEBUG AssetLoader          - Loading from cache: /assets/textures/grass.png
23:01:02.567 [JavaFX Application Thread] DEBUG AssetLoader          - Loading from cache: /assets/textures/grass.png
23:01:02.567 [JavaFX Application Thread] DEBUG AssetLoader          - Loading from cache: /assets/textures/grass.png
23:01:02.567 [JavaFX Application Thread] DEBUG AssetLoader          - Loading from cache: /assets/textures/grass.png
23:01:02.568 [JavaFX Application Thread] DEBUG AssetLoader          - Loading from cache: /assets/textures/grass.png
23:01:02.568 [JavaFX Application Thread] DEBUG AssetLoader          - Loading from cache: /assets/textures/grass.png
23:01:02.568 [JavaFX Application Thread] DEBUG AssetLoader          - Loading from cache: /assets/textures/grass.png
23:01:02.568 [JavaFX Application Thread] DEBUG AssetLoader          - Loading from cache: /assets/textures/grass.png
23:01:02.568 [JavaFX Application Thread] DEBUG AssetLoader          - Loading from cache: /assets/textures/grass.png
23:01:02.568 [JavaFX Application Thread] DEBUG AssetLoader          - Loading from cache: /assets/textures/grass.png
23:01:02.569 [JavaFX Application Thread] DEBUG AssetLoader          - Loading from cache: /assets/textures/grass.png
23:01:02.569 [JavaFX Application Thread] DEBUG AssetLoader          - Loading from cache: /assets/textures/grass.png
23:01:02.569 [JavaFX Application Thread] DEBUG AssetLoader          - Loading from cache: /assets/textures/grass.png
23:01:02.569 [JavaFX Application Thread] DEBUG AssetLoader          - Loading from cache: /assets/textures/grass.png
23:01:02.569 [JavaFX Application Thread] DEBUG AssetLoader          - Loading from cache: /assets/textures/grass.png
23:01:02.569 [JavaFX Application Thread] DEBUG AssetLoader          - Loading from cache: /assets/textures/grass.png
23:01:02.569 [JavaFX Application Thread] DEBUG AssetLoader          - Loading from cache: /assets/textures/grass.png
23:01:02.569 [JavaFX Application Thread] DEBUG AssetLoader          - Loading from cache: /assets/textures/grass.png
23:01:02.569 [JavaFX Application Thread] DEBUG AssetLoader          - Loading from cache: /assets/textures/grass.png
23:01:02.569 [JavaFX Application Thread] DEBUG AssetLoader          - Loading from cache: /assets/textures/grass.png
23:01:02.570 [JavaFX Application Thread] DEBUG AssetLoader          - Loading from cache: /assets/textures/grass.png
23:01:02.570 [JavaFX Application Thread] DEBUG AssetLoader          - Loading from cache: /assets/textures/grass.png
23:01:02.570 [JavaFX Application Thread] DEBUG AssetLoader          - Loading from cache: /assets/textures/grass.png
23:01:02.570 [JavaFX Application Thread] DEBUG AssetLoader          - Loading from cache: /assets/textures/grass.png
23:01:02.570 [JavaFX Application Thread] DEBUG AssetLoader          - Loading from cache: /assets/textures/grass.png
23:01:02.570 [JavaFX Application Thread] DEBUG AssetLoader          - Loading from cache: /assets/textures/grass.png
23:01:02.570 [JavaFX Application Thread] DEBUG AssetLoader          - Loading from cache: /assets/textures/grass.png
23:01:02.570 [JavaFX Application Thread] DEBUG AssetLoader          - Loading from cache: /assets/textures/grass.png
23:01:02.570 [JavaFX Application Thread] DEBUG AssetLoader          - Loading from cache: /assets/textures/grass.png
23:01:02.570 [JavaFX Application Thread] DEBUG AssetLoader          - Loading from cache: /assets/textures/grass.png
23:01:02.571 [JavaFX Application Thread] DEBUG AssetLoader          - Loading from cache: /assets/textures/grass.png
23:01:02.571 [JavaFX Application Thread] DEBUG AssetLoader          - Loading from cache: /assets/textures/grass.png
23:01:02.571 [JavaFX Application Thread] DEBUG AssetLoader          - Loading from cache: /assets/textures/grass.png
23:01:02.571 [JavaFX Application Thread] DEBUG AssetLoader          - Loading from cache: /assets/textures/grass.png
23:01:02.571 [JavaFX Application Thread] DEBUG AssetLoader          - Loading from cache: /assets/textures/grass.png
23:01:02.571 [JavaFX Application Thread] DEBUG AssetLoader          - Loading from cache: /assets/textures/grass.png
23:01:02.571 [JavaFX Application Thread] DEBUG AssetLoader          - Loading from cache: /assets/textures/grass.png
23:01:02.571 [JavaFX Application Thread] DEBUG AssetLoader          - Loading from cache: /assets/textures/grass.png
23:01:02.571 [JavaFX Application Thread] DEBUG AssetLoader          - Loading from cache: /assets/textures/grass.png
23:01:02.572 [JavaFX Application Thread] DEBUG AssetLoader          - Loading from cache: /assets/textures/grass.png
23:01:02.572 [JavaFX Application Thread] DEBUG AssetLoader          - Loading from cache: /assets/textures/grass.png
23:01:02.572 [JavaFX Application Thread] DEBUG AssetLoader          - Loading from cache: /assets/textures/grass.png
23:01:02.572 [JavaFX Application Thread] DEBUG AssetLoader          - Loading from cache: /assets/textures/grass.png
23:01:02.572 [JavaFX Application Thread] DEBUG AssetLoader          - Loading from cache: /assets/textures/grass.png
23:01:02.572 [JavaFX Application Thread] DEBUG AssetLoader          - Loading from cache: /assets/textures/grass.png
23:01:02.572 [JavaFX Application Thread] DEBUG AssetLoader          - Loading from cache: /assets/textures/grass.png
23:01:02.572 [JavaFX Application Thread] DEBUG AssetLoader          - Loading from cache: /assets/textures/grass.png
23:01:02.572 [JavaFX Application Thread] DEBUG AssetLoader          - Loading from cache: /assets/textures/grass.png
23:01:02.574 [JavaFX Application Thread] DEBUG GameScene            - Creating render group for layer: BACKGROUND(1000)
23:01:02.576 [JavaFX Application Thread] DEBUG AssetLoader          - Loading from disk: /assets/textures/terrain_atlas.png
23:01:02.619 [JavaFX Application Thread] DEBUG AssetLoader          - Loading from cache: /assets/textures/terrain_atlas.png
23:01:02.619 [JavaFX Application Thread] DEBUG AssetLoader          - Loading from cache: /assets/textures/terrain_atlas.png
23:01:02.619 [JavaFX Application Thread] DEBUG AssetLoader          - Loading from cache: /assets/textures/terrain_atlas.png
23:01:02.624 [JavaFX Application Thread] DEBUG GameScene            - Creating render group for layer: DEFAULT(100000)
23:01:05.986 [JavaFX Application Thread] DEBUG GameApplication      - Exiting game application
23:01:05.987 [JavaFX Application Thread] DEBUG GameApplication      - Shutting down background threads
23:01:05.988 [JavaFX Application Thread] DEBUG GameApplication      - Exiting FXGL
23:01:05.988 [JavaFX Application Thread] DEBUG FXGL                 - Saving FXGL system data
23:01:05.990 [JavaFX Application Thread] DEBUG DesktopFSService     - Writing to: system/fxgl.bundle
23:01:05.993 [JavaFX Application Thread] DEBUG GameApplication      - Closing logger and exiting JavaFX
